[2025-07-22T17:00:01.262+0000] {local_task_job_runner.py:120} INFO - ::group::Pre task execution logs
[2025-07-22T17:00:01.282+0000] {taskinstance.py:2076} INFO - Dependencies all met for dep_context=non-requeueable deps ti=<TaskInstance: flight_data_pipeline.run_spark_job_container scheduled__2025-07-22T16:45:00+00:00 [queued]>
[2025-07-22T17:00:01.289+0000] {taskinstance.py:2076} INFO - Dependencies all met for dep_context=requeueable deps ti=<TaskInstance: flight_data_pipeline.run_spark_job_container scheduled__2025-07-22T16:45:00+00:00 [queued]>
[2025-07-22T17:00:01.290+0000] {taskinstance.py:2306} INFO - Starting attempt 1 of 1
[2025-07-22T17:00:01.301+0000] {taskinstance.py:2330} INFO - Executing <Task(DockerOperator): run_spark_job_container> on 2025-07-22 16:45:00+00:00
[2025-07-22T17:00:01.306+0000] {warnings.py:112} WARNING - /home/***/.local/lib/python3.12/site-packages/***/task/task_runner/standard_task_runner.py:61: DeprecationWarning: This process (pid=451) is multi-threaded, use of fork() may lead to deadlocks in the child.
  pid = os.fork()

[2025-07-22T17:00:01.307+0000] {standard_task_runner.py:63} INFO - Started process 453 to run task
[2025-07-22T17:00:01.308+0000] {standard_task_runner.py:90} INFO - Running: ['***', 'tasks', 'run', 'flight_data_pipeline', 'run_spark_job_container', 'scheduled__2025-07-22T16:45:00+00:00', '--job-id', '31', '--raw', '--subdir', 'DAGS_FOLDER/flight_pipeline_dag.py', '--cfg-path', '/tmp/tmpeiwyu3b8']
[2025-07-22T17:00:01.309+0000] {standard_task_runner.py:91} INFO - Job 31: Subtask run_spark_job_container
[2025-07-22T17:00:01.349+0000] {task_command.py:426} INFO - Running <TaskInstance: flight_data_pipeline.run_spark_job_container scheduled__2025-07-22T16:45:00+00:00 [running]> on host d77a53274a34
[2025-07-22T17:00:01.418+0000] {taskinstance.py:2648} INFO - Exporting env vars: AIRFLOW_CTX_DAG_OWNER='***' AIRFLOW_CTX_DAG_ID='flight_data_pipeline' AIRFLOW_CTX_TASK_ID='run_spark_job_container' AIRFLOW_CTX_EXECUTION_DATE='2025-07-22T16:45:00+00:00' AIRFLOW_CTX_TRY_NUMBER='1' AIRFLOW_CTX_DAG_RUN_ID='scheduled__2025-07-22T16:45:00+00:00'
[2025-07-22T17:00:01.420+0000] {taskinstance.py:430} INFO - ::endgroup::
[2025-07-22T17:00:01.435+0000] {docker.py:366} INFO - Starting docker container from image realtime-flight-pipeline/spark-job:0.1
[2025-07-22T17:00:01.438+0000] {docker.py:374} WARNING - Using remote engine or docker-in-docker and mounting temporary volume from host is not supported. Falling back to `mount_tmp_dir=False` mode. You can set `mount_tmp_dir` parameter to False to disable mounting and remove the warning
[2025-07-22T17:00:01.684+0000] {docker.py:436} INFO - [38;5;6mspark [38;5;5m17:00:01.68 [0m[38;5;2mINFO [0m ==>
[2025-07-22T17:00:01.685+0000] {docker.py:436} INFO - [38;5;6mspark [38;5;5m17:00:01.68 [0m[38;5;2mINFO [0m ==> [1mWelcome to the Bitnami spark container[0m
[2025-07-22T17:00:01.686+0000] {docker.py:436} INFO - [38;5;6mspark [38;5;5m17:00:01.68 [0m[38;5;2mINFO [0m ==> Subscribe to project updates by watching [1mhttps://github.com/bitnami/containers[0m
[2025-07-22T17:00:01.687+0000] {docker.py:436} INFO - [38;5;6mspark [38;5;5m17:00:01.68 [0m[38;5;2mINFO [0m ==> Submit issues and feature requests at [1mhttps://github.com/bitnami/containers/issues[0m
[2025-07-22T17:00:01.688+0000] {docker.py:436} INFO - [38;5;6mspark [38;5;5m17:00:01.68 [0m[38;5;2mINFO [0m ==> Upgrade to Tanzu Application Catalog for production environments to access custom-configured and pre-packaged software components. Gain enhanced features, including Software Bill of Materials (SBOM), CVE scan result reports, and VEX documents. To learn more, visit [1mhttps://bitnami.com/enterprise[0m
[2025-07-22T17:00:01.690+0000] {docker.py:436} INFO - [38;5;6mspark [38;5;5m17:00:01.68 [0m[38;5;2mINFO [0m ==>
[2025-07-22T17:00:01.698+0000] {docker.py:436} INFO - 
[2025-07-22T17:00:03.904+0000] {docker.py:436} INFO - 25/07/22 17:00:03 INFO SparkContext: Running Spark version 3.5.1
[2025-07-22T17:00:03.907+0000] {docker.py:436} INFO - 25/07/22 17:00:03 INFO SparkContext: OS info Linux, 5.15.167.4-microsoft-standard-WSL2, amd64
[2025-07-22T17:00:03.907+0000] {docker.py:436} INFO - 25/07/22 17:00:03 INFO SparkContext: Java version 17.0.12
[2025-07-22T17:00:03.931+0000] {docker.py:436} INFO - 25/07/22 17:00:03 INFO ResourceUtils: ==============================================================
[2025-07-22T17:00:03.932+0000] {docker.py:436} INFO - 25/07/22 17:00:03 INFO ResourceUtils: No custom resources configured for spark.driver.
[2025-07-22T17:00:03.932+0000] {docker.py:436} INFO - 25/07/22 17:00:03 INFO ResourceUtils: ==============================================================
[2025-07-22T17:00:03.933+0000] {docker.py:436} INFO - 25/07/22 17:00:03 INFO SparkContext: Submitted application: FlightDataProcessing
[2025-07-22T17:00:03.954+0000] {docker.py:436} INFO - 25/07/22 17:00:03 INFO ResourceProfile: Default ResourceProfile created, executor resources: Map(cores -> name: cores, amount: 1, script: , vendor: , memory -> name: memory, amount: 1024, script: , vendor: , offHeap -> name: offHeap, amount: 0, script: , vendor: ), task resources: Map(cpus -> name: cpus, amount: 1.0)
[2025-07-22T17:00:03.961+0000] {docker.py:436} INFO - 25/07/22 17:00:03 INFO ResourceProfile: Limiting resource is cpu
[2025-07-22T17:00:03.962+0000] {docker.py:436} INFO - 25/07/22 17:00:03 INFO ResourceProfileManager: Added ResourceProfile id: 0
[2025-07-22T17:00:04.004+0000] {docker.py:436} INFO - 25/07/22 17:00:04 INFO SecurityManager: Changing view acls to: spark
[2025-07-22T17:00:04.004+0000] {docker.py:436} INFO - 25/07/22 17:00:04 INFO SecurityManager: Changing modify acls to: spark
[2025-07-22T17:00:04.005+0000] {docker.py:436} INFO - 25/07/22 17:00:04 INFO SecurityManager: Changing view acls groups to:
[2025-07-22T17:00:04.005+0000] {docker.py:436} INFO - 25/07/22 17:00:04 INFO SecurityManager: Changing modify acls groups to:
[2025-07-22T17:00:04.006+0000] {docker.py:436} INFO - 25/07/22 17:00:04 INFO SecurityManager: SecurityManager: authentication disabled; ui acls disabled; users with view permissions: spark; groups with view permissions: EMPTY; users with modify permissions: spark; groups with modify permissions: EMPTY
[2025-07-22T17:00:04.056+0000] {docker.py:436} INFO - 25/07/22 17:00:04 WARN NativeCodeLoader: Unable to load native-hadoop library for your platform... using builtin-java classes where applicable
[2025-07-22T17:00:04.272+0000] {docker.py:436} INFO - 25/07/22 17:00:04 INFO Utils: Successfully started service 'sparkDriver' on port 44037.
[2025-07-22T17:00:04.300+0000] {docker.py:436} INFO - 25/07/22 17:00:04 INFO SparkEnv: Registering MapOutputTracker
[2025-07-22T17:00:04.331+0000] {docker.py:436} INFO - 25/07/22 17:00:04 INFO SparkEnv: Registering BlockManagerMaster
[2025-07-22T17:00:04.344+0000] {docker.py:436} INFO - 25/07/22 17:00:04 INFO BlockManagerMasterEndpoint: Using org.apache.spark.storage.DefaultTopologyMapper for getting topology information
[2025-07-22T17:00:04.345+0000] {docker.py:436} INFO - 25/07/22 17:00:04 INFO BlockManagerMasterEndpoint: BlockManagerMasterEndpoint up
[2025-07-22T17:00:04.350+0000] {docker.py:436} INFO - 25/07/22 17:00:04 INFO SparkEnv: Registering BlockManagerMasterHeartbeat
[2025-07-22T17:00:04.368+0000] {docker.py:436} INFO - 25/07/22 17:00:04 INFO DiskBlockManager: Created local directory at /tmp/blockmgr-fce22a4b-6011-4809-b931-37587ecbc948
[2025-07-22T17:00:04.382+0000] {docker.py:436} INFO - 25/07/22 17:00:04 INFO MemoryStore: MemoryStore started with capacity 434.4 MiB
[2025-07-22T17:00:04.399+0000] {docker.py:436} INFO - 25/07/22 17:00:04 INFO SparkEnv: Registering OutputCommitCoordinator
[2025-07-22T17:00:04.503+0000] {docker.py:436} INFO - 25/07/22 17:00:04 INFO JettyUtils: Start Jetty 0.0.0.0:4040 for SparkUI
[2025-07-22T17:00:04.547+0000] {docker.py:436} INFO - 25/07/22 17:00:04 INFO Utils: Successfully started service 'SparkUI' on port 4040.
[2025-07-22T17:00:04.648+0000] {docker.py:436} INFO - 25/07/22 17:00:04 INFO Executor: Starting executor ID driver on host d8c6739adfb7
[2025-07-22T17:00:04.649+0000] {docker.py:436} INFO - 25/07/22 17:00:04 INFO Executor: OS info Linux, 5.15.167.4-microsoft-standard-WSL2, amd64
[2025-07-22T17:00:04.650+0000] {docker.py:436} INFO - 25/07/22 17:00:04 INFO Executor: Java version 17.0.12
[2025-07-22T17:00:04.655+0000] {docker.py:436} INFO - 25/07/22 17:00:04 INFO Executor: Starting executor with user classpath (userClassPathFirst = false): ''
[2025-07-22T17:00:04.656+0000] {docker.py:436} INFO - 25/07/22 17:00:04 INFO Executor: Created or updated repl class loader org.apache.spark.util.MutableURLClassLoader@1c5f1993 for default.
[2025-07-22T17:00:04.672+0000] {docker.py:436} INFO - 25/07/22 17:00:04 INFO Utils: Successfully started service 'org.apache.spark.network.netty.NettyBlockTransferService' on port 44287.
[2025-07-22T17:00:04.673+0000] {docker.py:436} INFO - 25/07/22 17:00:04 INFO NettyBlockTransferService: Server created on d8c6739adfb7:44287
[2025-07-22T17:00:04.674+0000] {docker.py:436} INFO - 25/07/22 17:00:04 INFO BlockManager: Using org.apache.spark.storage.RandomBlockReplicationPolicy for block replication policy
[2025-07-22T17:00:04.679+0000] {docker.py:436} INFO - 25/07/22 17:00:04 INFO BlockManagerMaster: Registering BlockManager BlockManagerId(driver, d8c6739adfb7, 44287, None)
[2025-07-22T17:00:04.682+0000] {docker.py:436} INFO - 25/07/22 17:00:04 INFO BlockManagerMasterEndpoint: Registering block manager d8c6739adfb7:44287 with 434.4 MiB RAM, BlockManagerId(driver, d8c6739adfb7, 44287, None)
[2025-07-22T17:00:04.684+0000] {docker.py:436} INFO - 25/07/22 17:00:04 INFO BlockManagerMaster: Registered BlockManager BlockManagerId(driver, d8c6739adfb7, 44287, None)
[2025-07-22T17:00:04.685+0000] {docker.py:436} INFO - 25/07/22 17:00:04 INFO BlockManager: Initialized BlockManager: BlockManagerId(driver, d8c6739adfb7, 44287, None)
[2025-07-22T17:00:05.004+0000] {docker.py:436} INFO - Sessão Spark criada com sucesso!
[2025-07-22T17:00:07.719+0000] {docker.py:436} INFO - 25/07/22 17:00:07 INFO SharedState: Setting hive.metastore.warehouse.dir ('null') to the value of spark.sql.warehouse.dir.
[2025-07-22T17:00:07.724+0000] {docker.py:436} INFO - 25/07/22 17:00:07 INFO SharedState: Warehouse path is 'file:/app/spark-warehouse'.
[2025-07-22T17:00:08.591+0000] {docker.py:436} INFO - Schema do DataFrame de Voos (definido por nós):
[2025-07-22T17:00:08.604+0000] {docker.py:436} INFO - root
 |-- icao24: string (nullable = true)
 |-- callsign: string (nullable = true)
 |-- origin_country: string (nullable = true)
 |-- time_position: long (nullable = true)
 |-- last_contact: long (nullable = true)
 |-- longitude: double (nullable = true)
 |-- latitude: double (nullable = true)
 |-- baro_altitude: double (nullable = true)
 |-- on_ground: boolean (nullable = true)
 |-- velocity: double (nullable = true)
 |-- true_track: double (nullable = true)
 |-- vertical_rate: double (nullable = true)
 |-- sensors: string (nullable = true)
 |-- geo_altitude: double (nullable = true)
 |-- squawk: string (nullable = true)
 |-- spi: boolean (nullable = true)
 |-- position_source: long (nullable = true)

Alguns dados de voos recebidos (após limpeza):
[2025-07-22T17:00:09.185+0000] {docker.py:436} INFO - 25/07/22 17:00:09 INFO CodeGenerator: Code generated in 153.694272 ms
[2025-07-22T17:00:09.222+0000] {docker.py:436} INFO - 25/07/22 17:00:09 INFO SparkContext: Starting job: showString at NativeMethodAccessorImpl.java:0
[2025-07-22T17:00:09.232+0000] {docker.py:436} INFO - 25/07/22 17:00:09 INFO DAGScheduler: Got job 0 (showString at NativeMethodAccessorImpl.java:0) with 1 output partitions
[2025-07-22T17:00:09.233+0000] {docker.py:436} INFO - 25/07/22 17:00:09 INFO DAGScheduler: Final stage: ResultStage 0 (showString at NativeMethodAccessorImpl.java:0)
[2025-07-22T17:00:09.233+0000] {docker.py:436} INFO - 25/07/22 17:00:09 INFO DAGScheduler: Parents of final stage: List()
[2025-07-22T17:00:09.234+0000] {docker.py:436} INFO - 25/07/22 17:00:09 INFO DAGScheduler: Missing parents: List()
[2025-07-22T17:00:09.235+0000] {docker.py:436} INFO - 25/07/22 17:00:09 INFO DAGScheduler: Submitting ResultStage 0 (MapPartitionsRDD[6] at showString at NativeMethodAccessorImpl.java:0), which has no missing parents
[2025-07-22T17:00:09.296+0000] {docker.py:436} INFO - 25/07/22 17:00:09 INFO MemoryStore: Block broadcast_0 stored as values in memory (estimated size 18.5 KiB, free 434.4 MiB)
[2025-07-22T17:00:09.318+0000] {docker.py:436} INFO - 25/07/22 17:00:09 INFO MemoryStore: Block broadcast_0_piece0 stored as bytes in memory (estimated size 8.0 KiB, free 434.4 MiB)
[2025-07-22T17:00:09.321+0000] {docker.py:436} INFO - 25/07/22 17:00:09 INFO BlockManagerInfo: Added broadcast_0_piece0 in memory on d8c6739adfb7:44287 (size: 8.0 KiB, free: 434.4 MiB)
[2025-07-22T17:00:09.324+0000] {docker.py:436} INFO - 25/07/22 17:00:09 INFO SparkContext: Created broadcast 0 from broadcast at DAGScheduler.scala:1585
[2025-07-22T17:00:09.334+0000] {docker.py:436} INFO - 25/07/22 17:00:09 INFO DAGScheduler: Submitting 1 missing tasks from ResultStage 0 (MapPartitionsRDD[6] at showString at NativeMethodAccessorImpl.java:0) (first 15 tasks are for partitions Vector(0))
[2025-07-22T17:00:09.336+0000] {docker.py:436} INFO - 25/07/22 17:00:09 INFO TaskSchedulerImpl: Adding task set 0.0 with 1 tasks resource profile 0
[2025-07-22T17:00:09.369+0000] {docker.py:436} INFO - 25/07/22 17:00:09 INFO TaskSetManager: Starting task 0.0 in stage 0.0 (TID 0) (d8c6739adfb7, executor driver, partition 0, PROCESS_LOCAL, 122765 bytes)
[2025-07-22T17:00:09.380+0000] {docker.py:436} INFO - 25/07/22 17:00:09 INFO Executor: Running task 0.0 in stage 0.0 (TID 0)
[2025-07-22T17:00:09.947+0000] {docker.py:436} INFO - 25/07/22 17:00:09 INFO CodeGenerator: Code generated in 22.868115 ms
[2025-07-22T17:00:10.060+0000] {docker.py:436} INFO - 25/07/22 17:00:10 INFO Executor: Finished task 0.0 in stage 0.0 (TID 0). 2738 bytes result sent to driver
[2025-07-22T17:00:10.067+0000] {docker.py:436} INFO - 25/07/22 17:00:10 INFO TaskSetManager: Finished task 0.0 in stage 0.0 (TID 0) in 708 ms on d8c6739adfb7 (executor driver) (1/1)
[2025-07-22T17:00:10.068+0000] {docker.py:436} INFO - 25/07/22 17:00:10 INFO TaskSchedulerImpl: Removed TaskSet 0.0, whose tasks have all completed, from pool
[2025-07-22T17:00:10.070+0000] {docker.py:436} INFO - 25/07/22 17:00:10 INFO PythonAccumulatorV2: Connected to AccumulatorServer at host: 127.0.0.1 port: 41401
[2025-07-22T17:00:10.073+0000] {docker.py:436} INFO - 25/07/22 17:00:10 INFO DAGScheduler: ResultStage 0 (showString at NativeMethodAccessorImpl.java:0) finished in 0.830 s
[2025-07-22T17:00:10.075+0000] {docker.py:436} INFO - 25/07/22 17:00:10 INFO DAGScheduler: Job 0 is finished. Cancelling potential speculative or zombie tasks for this job
[2025-07-22T17:00:10.075+0000] {docker.py:436} INFO - 25/07/22 17:00:10 INFO TaskSchedulerImpl: Killing all running tasks in stage 0: Stage finished
[2025-07-22T17:00:10.076+0000] {docker.py:436} INFO - 25/07/22 17:00:10 INFO DAGScheduler: Job 0 finished: showString at NativeMethodAccessorImpl.java:0, took 0.854099 s
[2025-07-22T17:00:10.646+0000] {docker.py:436} INFO - 25/07/22 17:00:10 INFO BlockManagerInfo: Removed broadcast_0_piece0 on d8c6739adfb7:44287 in memory (size: 8.0 KiB, free: 434.4 MiB)
[2025-07-22T17:00:10.754+0000] {docker.py:436} INFO - 25/07/22 17:00:10 INFO CodeGenerator: Code generated in 23.831854 ms
[2025-07-22T17:00:10.764+0000] {docker.py:436} INFO - +------+--------+--------------+-------------+------------+---------+--------+-------------+---------+--------+----------+-------------+-------+------------+------+-----+---------------+
|icao24|callsign|origin_country|time_position|last_contact|longitude|latitude|baro_altitude|on_ground|velocity|true_track|vertical_rate|sensors|geo_altitude|squawk|spi  |position_source|
+------+--------+--------------+-------------+------------+---------+--------+-------------+---------+--------+----------+-------------+-------+------------+------+-----+---------------+
|39de4f|TVF8965 |France        |1753203608   |1753203609  |5.1484   |46.0528 |10858.5      |false    |206.89  |326.67    |-5.2         |NULL   |11338.56    |1000  |false|0              |
|a61867|N492K   |United States |1753203609   |1753203609  |-156.2017|58.624  |121.92       |false    |64.83   |97.29     |0.0          |NULL   |213.36      |NULL  |false|0              |
|39de4b|TVF91KJ |France        |1753203608   |1753203609  |7.9597   |45.9688 |11567.16     |false    |200.68  |299.65    |0.0          |NULL   |12085.32    |1000  |false|0              |
|39de4a|TVF3919 |France        |1753203608   |1753203608  |11.4666  |42.9385 |9258.3       |false    |220.39  |322.97    |6.5          |NULL   |9822.18     |NULL  |false|0              |
|aa9321|UAL876  |United States |1753203608   |1753203609  |-122.3164|37.5965 |220.98       |false    |72.72   |297.83    |-3.9         |NULL   |220.98      |6260  |false|0              |
+------+--------+--------------+-------------+------------+---------+--------+-------------+---------+--------+----------+-------------+-------+------------+------+-----+---------------+
only showing top 5 rows
[2025-07-22T17:00:10.800+0000] {docker.py:436} INFO - DataFrame com a coluna de tempo transformada:
[2025-07-22T17:00:10.897+0000] {docker.py:436} INFO - 25/07/22 17:00:10 INFO CodeGenerator: Code generated in 12.070635 ms
[2025-07-22T17:00:10.906+0000] {docker.py:436} INFO - 25/07/22 17:00:10 INFO SparkContext: Starting job: showString at NativeMethodAccessorImpl.java:0
[2025-07-22T17:00:10.907+0000] {docker.py:436} INFO - 25/07/22 17:00:10 INFO DAGScheduler: Got job 1 (showString at NativeMethodAccessorImpl.java:0) with 1 output partitions
25/07/22 17:00:10 INFO DAGScheduler: Final stage: ResultStage 1 (showString at NativeMethodAccessorImpl.java:0)
[2025-07-22T17:00:10.908+0000] {docker.py:436} INFO - 25/07/22 17:00:10 INFO DAGScheduler: Parents of final stage: List()
[2025-07-22T17:00:10.908+0000] {docker.py:436} INFO - 25/07/22 17:00:10 INFO DAGScheduler: Missing parents: List()
[2025-07-22T17:00:10.909+0000] {docker.py:436} INFO - 25/07/22 17:00:10 INFO DAGScheduler: Submitting ResultStage 1 (MapPartitionsRDD[8] at showString at NativeMethodAccessorImpl.java:0), which has no missing parents
[2025-07-22T17:00:10.912+0000] {docker.py:436} INFO - 25/07/22 17:00:10 INFO MemoryStore: Block broadcast_1 stored as values in memory (estimated size 15.4 KiB, free 434.4 MiB)
[2025-07-22T17:00:10.915+0000] {docker.py:436} INFO - 25/07/22 17:00:10 INFO MemoryStore: Block broadcast_1_piece0 stored as bytes in memory (estimated size 7.8 KiB, free 434.4 MiB)
[2025-07-22T17:00:10.916+0000] {docker.py:436} INFO - 25/07/22 17:00:10 INFO BlockManagerInfo: Added broadcast_1_piece0 in memory on d8c6739adfb7:44287 (size: 7.8 KiB, free: 434.4 MiB)
[2025-07-22T17:00:10.916+0000] {docker.py:436} INFO - 25/07/22 17:00:10 INFO SparkContext: Created broadcast 1 from broadcast at DAGScheduler.scala:1585
[2025-07-22T17:00:10.917+0000] {docker.py:436} INFO - 25/07/22 17:00:10 INFO DAGScheduler: Submitting 1 missing tasks from ResultStage 1 (MapPartitionsRDD[8] at showString at NativeMethodAccessorImpl.java:0) (first 15 tasks are for partitions Vector(0))
[2025-07-22T17:00:10.918+0000] {docker.py:436} INFO - 25/07/22 17:00:10 INFO TaskSchedulerImpl: Adding task set 1.0 with 1 tasks resource profile 0
[2025-07-22T17:00:10.919+0000] {docker.py:436} INFO - 25/07/22 17:00:10 INFO TaskSetManager: Starting task 0.0 in stage 1.0 (TID 1) (d8c6739adfb7, executor driver, partition 0, PROCESS_LOCAL, 122765 bytes)
[2025-07-22T17:00:10.920+0000] {docker.py:436} INFO - 25/07/22 17:00:10 INFO Executor: Running task 0.0 in stage 1.0 (TID 1)
[2025-07-22T17:00:10.944+0000] {docker.py:436} INFO - 25/07/22 17:00:10 INFO CodeGenerator: Code generated in 12.025299 ms
[2025-07-22T17:00:11.047+0000] {docker.py:436} INFO - 25/07/22 17:00:11 INFO Executor: Finished task 0.0 in stage 1.0 (TID 1). 2195 bytes result sent to driver
[2025-07-22T17:00:11.050+0000] {docker.py:436} INFO - 25/07/22 17:00:11 INFO TaskSetManager: Finished task 0.0 in stage 1.0 (TID 1) in 131 ms on d8c6739adfb7 (executor driver) (1/1)
25/07/22 17:00:11 INFO TaskSchedulerImpl: Removed TaskSet 1.0, whose tasks have all completed, from pool
[2025-07-22T17:00:11.051+0000] {docker.py:436} INFO - 25/07/22 17:00:11 INFO DAGScheduler: ResultStage 1 (showString at NativeMethodAccessorImpl.java:0) finished in 0.141 s
[2025-07-22T17:00:11.051+0000] {docker.py:436} INFO - 25/07/22 17:00:11 INFO DAGScheduler: Job 1 is finished. Cancelling potential speculative or zombie tasks for this job
[2025-07-22T17:00:11.052+0000] {docker.py:436} INFO - 25/07/22 17:00:11 INFO TaskSchedulerImpl: Killing all running tasks in stage 1: Stage finished
[2025-07-22T17:00:11.052+0000] {docker.py:436} INFO - 25/07/22 17:00:11 INFO DAGScheduler: Job 1 finished: showString at NativeMethodAccessorImpl.java:0, took 0.145322 s
[2025-07-22T17:00:11.065+0000] {docker.py:436} INFO - 25/07/22 17:00:11 INFO CodeGenerator: Code generated in 8.669485 ms
[2025-07-22T17:00:11.067+0000] {docker.py:436} INFO - +--------+--------------+---------+--------+----------------------+
|callsign|origin_country|longitude|latitude|time_position_readable|
+--------+--------------+---------+--------+----------------------+
|TVF8965 |France        |5.1484   |46.0528 |2025-07-22 17:00:08   |
|N492K   |United States |-156.2017|58.624  |2025-07-22 17:00:09   |
|TVF91KJ |France        |7.9597   |45.9688 |2025-07-22 17:00:08   |
|TVF3919 |France        |11.4666  |42.9385 |2025-07-22 17:00:08   |
|UAL876  |United States |-122.3164|37.5965 |2025-07-22 17:00:08   |
+--------+--------------+---------+--------+----------------------+
only showing top 5 rows
[2025-07-22T17:00:11.068+0000] {docker.py:436} INFO - 25/07/22 17:00:11 INFO SparkContext: SparkContext is stopping with exitCode 0.
[2025-07-22T17:00:11.077+0000] {docker.py:436} INFO - 25/07/22 17:00:11 INFO SparkUI: Stopped Spark web UI at http://d8c6739adfb7:4040
[2025-07-22T17:00:11.085+0000] {docker.py:436} INFO - 25/07/22 17:00:11 INFO MapOutputTrackerMasterEndpoint: MapOutputTrackerMasterEndpoint stopped!
[2025-07-22T17:00:11.098+0000] {docker.py:436} INFO - 25/07/22 17:00:11 INFO MemoryStore: MemoryStore cleared
[2025-07-22T17:00:11.099+0000] {docker.py:436} INFO - 25/07/22 17:00:11 INFO BlockManager: BlockManager stopped
[2025-07-22T17:00:11.101+0000] {docker.py:436} INFO - 25/07/22 17:00:11 INFO BlockManagerMaster: BlockManagerMaster stopped
[2025-07-22T17:00:11.104+0000] {docker.py:436} INFO - 25/07/22 17:00:11 INFO OutputCommitCoordinator$OutputCommitCoordinatorEndpoint: OutputCommitCoordinator stopped!
[2025-07-22T17:00:11.112+0000] {docker.py:436} INFO - 25/07/22 17:00:11 INFO SparkContext: Successfully stopped SparkContext
[2025-07-22T17:00:12.090+0000] {docker.py:436} INFO - 25/07/22 17:00:12 INFO ShutdownHookManager: Shutdown hook called
[2025-07-22T17:00:12.090+0000] {docker.py:436} INFO - 25/07/22 17:00:12 INFO ShutdownHookManager: Deleting directory /tmp/spark-53392cab-5d06-43ba-a69b-a6a869c160f9
[2025-07-22T17:00:12.093+0000] {docker.py:436} INFO - 25/07/22 17:00:12 INFO ShutdownHookManager: Deleting directory /tmp/spark-e844bf03-4ab0-4960-9d7b-9e4e0a278995/pyspark-2297f273-0294-4f88-8959-6eb21d10d15a
[2025-07-22T17:00:12.096+0000] {docker.py:436} INFO - 25/07/22 17:00:12 INFO ShutdownHookManager: Deleting directory /tmp/spark-e844bf03-4ab0-4960-9d7b-9e4e0a278995
[2025-07-22T17:00:12.475+0000] {taskinstance.py:441} INFO - ::group::Post task execution logs
[2025-07-22T17:00:12.492+0000] {taskinstance.py:1206} INFO - Marking task as SUCCESS. dag_id=flight_data_pipeline, task_id=run_spark_job_container, run_id=scheduled__2025-07-22T16:45:00+00:00, execution_date=20250722T164500, start_date=20250722T170001, end_date=20250722T170012
[2025-07-22T17:00:12.531+0000] {local_task_job_runner.py:240} INFO - Task exited with return code 0
[2025-07-22T17:00:12.542+0000] {taskinstance.py:3503} INFO - 0 downstream tasks scheduled from follow-on schedule check
[2025-07-22T17:00:12.544+0000] {local_task_job_runner.py:222} INFO - ::endgroup::
