[2025-07-22T16:15:02.025+0000] {local_task_job_runner.py:120} INFO - ::group::Pre task execution logs
[2025-07-22T16:15:02.043+0000] {taskinstance.py:2076} INFO - Dependencies all met for dep_context=non-requeueable deps ti=<TaskInstance: flight_data_pipeline.run_spark_job_container scheduled__2025-07-22T16:00:00+00:00 [queued]>
[2025-07-22T16:15:02.049+0000] {taskinstance.py:2076} INFO - Dependencies all met for dep_context=requeueable deps ti=<TaskInstance: flight_data_pipeline.run_spark_job_container scheduled__2025-07-22T16:00:00+00:00 [queued]>
[2025-07-22T16:15:02.049+0000] {taskinstance.py:2306} INFO - Starting attempt 1 of 1
[2025-07-22T16:15:02.060+0000] {taskinstance.py:2330} INFO - Executing <Task(DockerOperator): run_spark_job_container> on 2025-07-22 16:00:00+00:00
[2025-07-22T16:15:02.065+0000] {warnings.py:112} WARNING - /home/***/.local/lib/python3.12/site-packages/***/task/task_runner/standard_task_runner.py:61: DeprecationWarning: This process (pid=974) is multi-threaded, use of fork() may lead to deadlocks in the child.
  pid = os.fork()

[2025-07-22T16:15:02.067+0000] {standard_task_runner.py:63} INFO - Started process 976 to run task
[2025-07-22T16:15:02.066+0000] {standard_task_runner.py:90} INFO - Running: ['***', 'tasks', 'run', 'flight_data_pipeline', 'run_spark_job_container', 'scheduled__2025-07-22T16:00:00+00:00', '--job-id', '26', '--raw', '--subdir', 'DAGS_FOLDER/flight_pipeline_dag.py', '--cfg-path', '/tmp/tmpb3_9hvyr']
[2025-07-22T16:15:02.068+0000] {standard_task_runner.py:91} INFO - Job 26: Subtask run_spark_job_container
[2025-07-22T16:15:02.107+0000] {task_command.py:426} INFO - Running <TaskInstance: flight_data_pipeline.run_spark_job_container scheduled__2025-07-22T16:00:00+00:00 [running]> on host 2662e370c470
[2025-07-22T16:15:02.178+0000] {taskinstance.py:2648} INFO - Exporting env vars: AIRFLOW_CTX_DAG_OWNER='***' AIRFLOW_CTX_DAG_ID='flight_data_pipeline' AIRFLOW_CTX_TASK_ID='run_spark_job_container' AIRFLOW_CTX_EXECUTION_DATE='2025-07-22T16:00:00+00:00' AIRFLOW_CTX_TRY_NUMBER='1' AIRFLOW_CTX_DAG_RUN_ID='scheduled__2025-07-22T16:00:00+00:00'
[2025-07-22T16:15:02.180+0000] {taskinstance.py:430} INFO - ::endgroup::
[2025-07-22T16:15:02.197+0000] {docker.py:366} INFO - Starting docker container from image realtime-flight-pipeline/spark-job:0.1
[2025-07-22T16:15:02.201+0000] {docker.py:374} WARNING - Using remote engine or docker-in-docker and mounting temporary volume from host is not supported. Falling back to `mount_tmp_dir=False` mode. You can set `mount_tmp_dir` parameter to False to disable mounting and remove the warning
[2025-07-22T16:15:02.428+0000] {docker.py:436} INFO - [38;5;6mspark [38;5;5m16:15:02.42 [0m[38;5;2mINFO [0m ==>
[2025-07-22T16:15:02.429+0000] {docker.py:436} INFO - [38;5;6mspark [38;5;5m16:15:02.42 [0m[38;5;2mINFO [0m ==> [1mWelcome to the Bitnami spark container[0m
[2025-07-22T16:15:02.430+0000] {docker.py:436} INFO - [38;5;6mspark [38;5;5m16:15:02.43 [0m[38;5;2mINFO [0m ==> Subscribe to project updates by watching [1mhttps://github.com/bitnami/containers[0m
[2025-07-22T16:15:02.431+0000] {docker.py:436} INFO - [38;5;6mspark [38;5;5m16:15:02.43 [0m[38;5;2mINFO [0m ==> Submit issues and feature requests at [1mhttps://github.com/bitnami/containers/issues[0m
[2025-07-22T16:15:02.433+0000] {docker.py:436} INFO - [38;5;6mspark [38;5;5m16:15:02.43 [0m[38;5;2mINFO [0m ==> Upgrade to Tanzu Application Catalog for production environments to access custom-configured and pre-packaged software components. Gain enhanced features, including Software Bill of Materials (SBOM), CVE scan result reports, and VEX documents. To learn more, visit [1mhttps://bitnami.com/enterprise[0m
[2025-07-22T16:15:02.434+0000] {docker.py:436} INFO - [38;5;6mspark [38;5;5m16:15:02.43 [0m[38;5;2mINFO [0m ==>
[2025-07-22T16:15:02.441+0000] {docker.py:436} INFO - 
[2025-07-22T16:15:04.495+0000] {docker.py:436} INFO - 25/07/22 16:15:04 INFO SparkContext: Running Spark version 3.5.1
[2025-07-22T16:15:04.498+0000] {docker.py:436} INFO - 25/07/22 16:15:04 INFO SparkContext: OS info Linux, 5.15.167.4-microsoft-standard-WSL2, amd64
[2025-07-22T16:15:04.498+0000] {docker.py:436} INFO - 25/07/22 16:15:04 INFO SparkContext: Java version 17.0.12
[2025-07-22T16:15:04.525+0000] {docker.py:436} INFO - 25/07/22 16:15:04 INFO ResourceUtils: ==============================================================
[2025-07-22T16:15:04.525+0000] {docker.py:436} INFO - 25/07/22 16:15:04 INFO ResourceUtils: No custom resources configured for spark.driver.
[2025-07-22T16:15:04.526+0000] {docker.py:436} INFO - 25/07/22 16:15:04 INFO ResourceUtils: ==============================================================
[2025-07-22T16:15:04.526+0000] {docker.py:436} INFO - 25/07/22 16:15:04 INFO SparkContext: Submitted application: FlightDataProcessing
[2025-07-22T16:15:04.545+0000] {docker.py:436} INFO - 25/07/22 16:15:04 INFO ResourceProfile: Default ResourceProfile created, executor resources: Map(cores -> name: cores, amount: 1, script: , vendor: , memory -> name: memory, amount: 1024, script: , vendor: , offHeap -> name: offHeap, amount: 0, script: , vendor: ), task resources: Map(cpus -> name: cpus, amount: 1.0)
[2025-07-22T16:15:04.554+0000] {docker.py:436} INFO - 25/07/22 16:15:04 INFO ResourceProfile: Limiting resource is cpu
[2025-07-22T16:15:04.555+0000] {docker.py:436} INFO - 25/07/22 16:15:04 INFO ResourceProfileManager: Added ResourceProfile id: 0
[2025-07-22T16:15:04.593+0000] {docker.py:436} INFO - 25/07/22 16:15:04 INFO SecurityManager: Changing view acls to: spark
[2025-07-22T16:15:04.594+0000] {docker.py:436} INFO - 25/07/22 16:15:04 INFO SecurityManager: Changing modify acls to: spark
[2025-07-22T16:15:04.594+0000] {docker.py:436} INFO - 25/07/22 16:15:04 INFO SecurityManager: Changing view acls groups to:
[2025-07-22T16:15:04.594+0000] {docker.py:436} INFO - 25/07/22 16:15:04 INFO SecurityManager: Changing modify acls groups to:
[2025-07-22T16:15:04.595+0000] {docker.py:436} INFO - 25/07/22 16:15:04 INFO SecurityManager: SecurityManager: authentication disabled; ui acls disabled; users with view permissions: spark; groups with view permissions: EMPTY; users with modify permissions: spark; groups with modify permissions: EMPTY
[2025-07-22T16:15:04.637+0000] {docker.py:436} INFO - 25/07/22 16:15:04 WARN NativeCodeLoader: Unable to load native-hadoop library for your platform... using builtin-java classes where applicable
[2025-07-22T16:15:04.825+0000] {docker.py:436} INFO - 25/07/22 16:15:04 INFO Utils: Successfully started service 'sparkDriver' on port 40039.
[2025-07-22T16:15:04.848+0000] {docker.py:436} INFO - 25/07/22 16:15:04 INFO SparkEnv: Registering MapOutputTracker
[2025-07-22T16:15:04.874+0000] {docker.py:436} INFO - 25/07/22 16:15:04 INFO SparkEnv: Registering BlockManagerMaster
[2025-07-22T16:15:04.888+0000] {docker.py:436} INFO - 25/07/22 16:15:04 INFO BlockManagerMasterEndpoint: Using org.apache.spark.storage.DefaultTopologyMapper for getting topology information
[2025-07-22T16:15:04.889+0000] {docker.py:436} INFO - 25/07/22 16:15:04 INFO BlockManagerMasterEndpoint: BlockManagerMasterEndpoint up
[2025-07-22T16:15:04.891+0000] {docker.py:436} INFO - 25/07/22 16:15:04 INFO SparkEnv: Registering BlockManagerMasterHeartbeat
[2025-07-22T16:15:04.907+0000] {docker.py:436} INFO - 25/07/22 16:15:04 INFO DiskBlockManager: Created local directory at /tmp/blockmgr-b3181dc1-6755-45b8-8e6d-259317afd9f6
[2025-07-22T16:15:04.918+0000] {docker.py:436} INFO - 25/07/22 16:15:04 INFO MemoryStore: MemoryStore started with capacity 434.4 MiB
[2025-07-22T16:15:04.933+0000] {docker.py:436} INFO - 25/07/22 16:15:04 INFO SparkEnv: Registering OutputCommitCoordinator
[2025-07-22T16:15:05.031+0000] {docker.py:436} INFO - 25/07/22 16:15:05 INFO JettyUtils: Start Jetty 0.0.0.0:4040 for SparkUI
[2025-07-22T16:15:05.081+0000] {docker.py:436} INFO - 25/07/22 16:15:05 INFO Utils: Successfully started service 'SparkUI' on port 4040.
[2025-07-22T16:15:05.178+0000] {docker.py:436} INFO - 25/07/22 16:15:05 INFO Executor: Starting executor ID driver on host f940056f8492
[2025-07-22T16:15:05.179+0000] {docker.py:436} INFO - 25/07/22 16:15:05 INFO Executor: OS info Linux, 5.15.167.4-microsoft-standard-WSL2, amd64
[2025-07-22T16:15:05.180+0000] {docker.py:436} INFO - 25/07/22 16:15:05 INFO Executor: Java version 17.0.12
[2025-07-22T16:15:05.186+0000] {docker.py:436} INFO - 25/07/22 16:15:05 INFO Executor: Starting executor with user classpath (userClassPathFirst = false): ''
[2025-07-22T16:15:05.187+0000] {docker.py:436} INFO - 25/07/22 16:15:05 INFO Executor: Created or updated repl class loader org.apache.spark.util.MutableURLClassLoader@7cb3a650 for default.
[2025-07-22T16:15:05.203+0000] {docker.py:436} INFO - 25/07/22 16:15:05 INFO Utils: Successfully started service 'org.apache.spark.network.netty.NettyBlockTransferService' on port 40013.
25/07/22 16:15:05 INFO NettyBlockTransferService: Server created on f940056f8492:40013
[2025-07-22T16:15:05.205+0000] {docker.py:436} INFO - 25/07/22 16:15:05 INFO BlockManager: Using org.apache.spark.storage.RandomBlockReplicationPolicy for block replication policy
[2025-07-22T16:15:05.209+0000] {docker.py:436} INFO - 25/07/22 16:15:05 INFO BlockManagerMaster: Registering BlockManager BlockManagerId(driver, f940056f8492, 40013, None)
[2025-07-22T16:15:05.212+0000] {docker.py:436} INFO - 25/07/22 16:15:05 INFO BlockManagerMasterEndpoint: Registering block manager f940056f8492:40013 with 434.4 MiB RAM, BlockManagerId(driver, f940056f8492, 40013, None)
[2025-07-22T16:15:05.214+0000] {docker.py:436} INFO - 25/07/22 16:15:05 INFO BlockManagerMaster: Registered BlockManager BlockManagerId(driver, f940056f8492, 40013, None)
[2025-07-22T16:15:05.215+0000] {docker.py:436} INFO - 25/07/22 16:15:05 INFO BlockManager: Initialized BlockManager: BlockManagerId(driver, f940056f8492, 40013, None)
[2025-07-22T16:15:05.501+0000] {docker.py:436} INFO - Sessão Spark criada com sucesso!
[2025-07-22T16:15:07.867+0000] {docker.py:436} INFO - 25/07/22 16:15:07 INFO SharedState: Setting hive.metastore.warehouse.dir ('null') to the value of spark.sql.warehouse.dir.
[2025-07-22T16:15:07.874+0000] {docker.py:436} INFO - 25/07/22 16:15:07 INFO SharedState: Warehouse path is 'file:/app/spark-warehouse'.
[2025-07-22T16:15:08.727+0000] {docker.py:436} INFO - Schema do DataFrame de Voos (definido por nós):
[2025-07-22T16:15:08.739+0000] {docker.py:436} INFO - root
 |-- icao24: string (nullable = true)
 |-- callsign: string (nullable = true)
 |-- origin_country: string (nullable = true)
 |-- time_position: long (nullable = true)
 |-- last_contact: long (nullable = true)
 |-- longitude: double (nullable = true)
 |-- latitude: double (nullable = true)
 |-- baro_altitude: double (nullable = true)
 |-- on_ground: boolean (nullable = true)
 |-- velocity: double (nullable = true)
 |-- true_track: double (nullable = true)
 |-- vertical_rate: double (nullable = true)
 |-- sensors: string (nullable = true)
 |-- geo_altitude: double (nullable = true)
 |-- squawk: string (nullable = true)
 |-- spi: boolean (nullable = true)
 |-- position_source: long (nullable = true)

Alguns dados de voos recebidos (após limpeza):
[2025-07-22T16:15:09.342+0000] {docker.py:436} INFO - 25/07/22 16:15:09 INFO CodeGenerator: Code generated in 153.180079 ms
[2025-07-22T16:15:09.378+0000] {docker.py:436} INFO - 25/07/22 16:15:09 INFO SparkContext: Starting job: showString at NativeMethodAccessorImpl.java:0
[2025-07-22T16:15:09.388+0000] {docker.py:436} INFO - 25/07/22 16:15:09 INFO DAGScheduler: Got job 0 (showString at NativeMethodAccessorImpl.java:0) with 1 output partitions
[2025-07-22T16:15:09.389+0000] {docker.py:436} INFO - 25/07/22 16:15:09 INFO DAGScheduler: Final stage: ResultStage 0 (showString at NativeMethodAccessorImpl.java:0)
[2025-07-22T16:15:09.389+0000] {docker.py:436} INFO - 25/07/22 16:15:09 INFO DAGScheduler: Parents of final stage: List()
[2025-07-22T16:15:09.390+0000] {docker.py:436} INFO - 25/07/22 16:15:09 INFO DAGScheduler: Missing parents: List()
[2025-07-22T16:15:09.391+0000] {docker.py:436} INFO - 25/07/22 16:15:09 INFO DAGScheduler: Submitting ResultStage 0 (MapPartitionsRDD[6] at showString at NativeMethodAccessorImpl.java:0), which has no missing parents
[2025-07-22T16:15:09.450+0000] {docker.py:436} INFO - 25/07/22 16:15:09 INFO MemoryStore: Block broadcast_0 stored as values in memory (estimated size 18.5 KiB, free 434.4 MiB)
[2025-07-22T16:15:09.474+0000] {docker.py:436} INFO - 25/07/22 16:15:09 INFO MemoryStore: Block broadcast_0_piece0 stored as bytes in memory (estimated size 8.0 KiB, free 434.4 MiB)
[2025-07-22T16:15:09.477+0000] {docker.py:436} INFO - 25/07/22 16:15:09 INFO BlockManagerInfo: Added broadcast_0_piece0 in memory on f940056f8492:40013 (size: 8.0 KiB, free: 434.4 MiB)
[2025-07-22T16:15:09.480+0000] {docker.py:436} INFO - 25/07/22 16:15:09 INFO SparkContext: Created broadcast 0 from broadcast at DAGScheduler.scala:1585
[2025-07-22T16:15:09.491+0000] {docker.py:436} INFO - 25/07/22 16:15:09 INFO DAGScheduler: Submitting 1 missing tasks from ResultStage 0 (MapPartitionsRDD[6] at showString at NativeMethodAccessorImpl.java:0) (first 15 tasks are for partitions Vector(0))
[2025-07-22T16:15:09.492+0000] {docker.py:436} INFO - 25/07/22 16:15:09 INFO TaskSchedulerImpl: Adding task set 0.0 with 1 tasks resource profile 0
[2025-07-22T16:15:09.525+0000] {docker.py:436} INFO - 25/07/22 16:15:09 INFO TaskSetManager: Starting task 0.0 in stage 0.0 (TID 0) (f940056f8492, executor driver, partition 0, PROCESS_LOCAL, 123453 bytes)
[2025-07-22T16:15:09.534+0000] {docker.py:436} INFO - 25/07/22 16:15:09 INFO Executor: Running task 0.0 in stage 0.0 (TID 0)
[2025-07-22T16:15:10.172+0000] {docker.py:436} INFO - 25/07/22 16:15:10 INFO CodeGenerator: Code generated in 28.652044 ms
[2025-07-22T16:15:10.286+0000] {docker.py:436} INFO - 25/07/22 16:15:10 INFO Executor: Finished task 0.0 in stage 0.0 (TID 0). 2759 bytes result sent to driver
[2025-07-22T16:15:10.292+0000] {docker.py:436} INFO - 25/07/22 16:15:10 INFO TaskSetManager: Finished task 0.0 in stage 0.0 (TID 0) in 777 ms on f940056f8492 (executor driver) (1/1)
[2025-07-22T16:15:10.294+0000] {docker.py:436} INFO - 25/07/22 16:15:10 INFO TaskSchedulerImpl: Removed TaskSet 0.0, whose tasks have all completed, from pool
[2025-07-22T16:15:10.296+0000] {docker.py:436} INFO - 25/07/22 16:15:10 INFO PythonAccumulatorV2: Connected to AccumulatorServer at host: 127.0.0.1 port: 55755
[2025-07-22T16:15:10.299+0000] {docker.py:436} INFO - 25/07/22 16:15:10 INFO DAGScheduler: ResultStage 0 (showString at NativeMethodAccessorImpl.java:0) finished in 0.900 s
[2025-07-22T16:15:10.301+0000] {docker.py:436} INFO - 25/07/22 16:15:10 INFO DAGScheduler: Job 0 is finished. Cancelling potential speculative or zombie tasks for this job
[2025-07-22T16:15:10.302+0000] {docker.py:436} INFO - 25/07/22 16:15:10 INFO TaskSchedulerImpl: Killing all running tasks in stage 0: Stage finished
[2025-07-22T16:15:10.303+0000] {docker.py:436} INFO - 25/07/22 16:15:10 INFO DAGScheduler: Job 0 finished: showString at NativeMethodAccessorImpl.java:0, took 0.924043 s
[2025-07-22T16:15:10.863+0000] {docker.py:436} INFO - 25/07/22 16:15:10 INFO BlockManagerInfo: Removed broadcast_0_piece0 on f940056f8492:40013 in memory (size: 8.0 KiB, free: 434.4 MiB)
[2025-07-22T16:15:11.037+0000] {docker.py:436} INFO - 25/07/22 16:15:11 INFO CodeGenerator: Code generated in 23.697819 ms
[2025-07-22T16:15:11.047+0000] {docker.py:436} INFO - +------+--------+--------------+-------------+------------+---------+--------+-------------+---------+--------+----------+-------------+-------+------------+------+-----+---------------+
|icao24|callsign|origin_country|time_position|last_contact|longitude|latitude|baro_altitude|on_ground|velocity|true_track|vertical_rate|sensors|geo_altitude|squawk|spi  |position_source|
+------+--------+--------------+-------------+------------+---------+--------+-------------+---------+--------+----------+-------------+-------+------------+------+-----+---------------+
|39de4f|TVF8965 |France        |1753200909   |1753200909  |8.7353   |41.3834 |11582.4      |false    |226.44  |336.29    |0.0          |NULL   |12230.1     |NULL  |false|0              |
|a5f852|RTY484  |United States |1753200909   |1753200909  |-104.5726|40.4152 |1668.78      |false    |50.85   |281.08    |-4.55        |NULL   |1668.78     |NULL  |false|0              |
|80162c|AXB1025 |India         |1753200905   |1753200905  |84.7554  |20.3728 |8016.24      |false    |200.68  |277.22    |6.83         |NULL   |8100.06     |1440  |false|0              |
|80162a|IGO7287 |India         |1753200758   |1753200761  |78.3541  |11.8968 |3352.8       |false    |144.96  |56.14     |-0.33        |NULL   |3390.9      |NULL  |false|0              |
|801638|AXB2456 |India         |1753200909   |1753200910  |77.5993  |12.7876 |4404.36      |false    |191.74  |50.12     |-14.96       |NULL   |4549.14     |NULL  |false|0              |
+------+--------+--------------+-------------+------------+---------+--------+-------------+---------+--------+----------+-------------+-------+------------+------+-----+---------------+
only showing top 5 rows
[2025-07-22T16:15:11.090+0000] {docker.py:436} INFO - DataFrame com a coluna de tempo transformada:
[2025-07-22T16:15:11.195+0000] {docker.py:436} INFO - 25/07/22 16:15:11 INFO CodeGenerator: Code generated in 13.722917 ms
[2025-07-22T16:15:11.207+0000] {docker.py:436} INFO - 25/07/22 16:15:11 INFO SparkContext: Starting job: showString at NativeMethodAccessorImpl.java:0
[2025-07-22T16:15:11.209+0000] {docker.py:436} INFO - 25/07/22 16:15:11 INFO DAGScheduler: Got job 1 (showString at NativeMethodAccessorImpl.java:0) with 1 output partitions
[2025-07-22T16:15:11.209+0000] {docker.py:436} INFO - 25/07/22 16:15:11 INFO DAGScheduler: Final stage: ResultStage 1 (showString at NativeMethodAccessorImpl.java:0)
[2025-07-22T16:15:11.211+0000] {docker.py:436} INFO - 25/07/22 16:15:11 INFO DAGScheduler: Parents of final stage: List()
[2025-07-22T16:15:11.211+0000] {docker.py:436} INFO - 25/07/22 16:15:11 INFO DAGScheduler: Missing parents: List()
[2025-07-22T16:15:11.212+0000] {docker.py:436} INFO - 25/07/22 16:15:11 INFO DAGScheduler: Submitting ResultStage 1 (MapPartitionsRDD[8] at showString at NativeMethodAccessorImpl.java:0), which has no missing parents
[2025-07-22T16:15:11.217+0000] {docker.py:436} INFO - 25/07/22 16:15:11 INFO MemoryStore: Block broadcast_1 stored as values in memory (estimated size 15.4 KiB, free 434.4 MiB)
[2025-07-22T16:15:11.222+0000] {docker.py:436} INFO - 25/07/22 16:15:11 INFO MemoryStore: Block broadcast_1_piece0 stored as bytes in memory (estimated size 7.8 KiB, free 434.4 MiB)
[2025-07-22T16:15:11.222+0000] {docker.py:436} INFO - 25/07/22 16:15:11 INFO BlockManagerInfo: Added broadcast_1_piece0 in memory on f940056f8492:40013 (size: 7.8 KiB, free: 434.4 MiB)
[2025-07-22T16:15:11.223+0000] {docker.py:436} INFO - 25/07/22 16:15:11 INFO SparkContext: Created broadcast 1 from broadcast at DAGScheduler.scala:1585
[2025-07-22T16:15:11.224+0000] {docker.py:436} INFO - 25/07/22 16:15:11 INFO DAGScheduler: Submitting 1 missing tasks from ResultStage 1 (MapPartitionsRDD[8] at showString at NativeMethodAccessorImpl.java:0) (first 15 tasks are for partitions Vector(0))
[2025-07-22T16:15:11.224+0000] {docker.py:436} INFO - 25/07/22 16:15:11 INFO TaskSchedulerImpl: Adding task set 1.0 with 1 tasks resource profile 0
[2025-07-22T16:15:11.225+0000] {docker.py:436} INFO - 25/07/22 16:15:11 INFO TaskSetManager: Starting task 0.0 in stage 1.0 (TID 1) (f940056f8492, executor driver, partition 0, PROCESS_LOCAL, 123453 bytes)
[2025-07-22T16:15:11.226+0000] {docker.py:436} INFO - 25/07/22 16:15:11 INFO Executor: Running task 0.0 in stage 1.0 (TID 1)
[2025-07-22T16:15:11.247+0000] {docker.py:436} INFO - 25/07/22 16:15:11 INFO CodeGenerator: Code generated in 9.319434 ms
[2025-07-22T16:15:11.349+0000] {docker.py:436} INFO - 25/07/22 16:15:11 INFO Executor: Finished task 0.0 in stage 1.0 (TID 1). 2143 bytes result sent to driver
[2025-07-22T16:15:11.351+0000] {docker.py:436} INFO - 25/07/22 16:15:11 INFO TaskSetManager: Finished task 0.0 in stage 1.0 (TID 1) in 127 ms on f940056f8492 (executor driver) (1/1)
[2025-07-22T16:15:11.352+0000] {docker.py:436} INFO - 25/07/22 16:15:11 INFO TaskSchedulerImpl: Removed TaskSet 1.0, whose tasks have all completed, from pool
[2025-07-22T16:15:11.352+0000] {docker.py:436} INFO - 25/07/22 16:15:11 INFO DAGScheduler: ResultStage 1 (showString at NativeMethodAccessorImpl.java:0) finished in 0.139 s
[2025-07-22T16:15:11.353+0000] {docker.py:436} INFO - 25/07/22 16:15:11 INFO DAGScheduler: Job 1 is finished. Cancelling potential speculative or zombie tasks for this job
[2025-07-22T16:15:11.353+0000] {docker.py:436} INFO - 25/07/22 16:15:11 INFO TaskSchedulerImpl: Killing all running tasks in stage 1: Stage finished
[2025-07-22T16:15:11.354+0000] {docker.py:436} INFO - 25/07/22 16:15:11 INFO DAGScheduler: Job 1 finished: showString at NativeMethodAccessorImpl.java:0, took 0.145943 s
[2025-07-22T16:15:11.365+0000] {docker.py:436} INFO - 25/07/22 16:15:11 INFO CodeGenerator: Code generated in 8.211571 ms
[2025-07-22T16:15:11.367+0000] {docker.py:436} INFO - +--------+--------------+---------+--------+----------------------+
|callsign|origin_country|longitude|latitude|time_position_readable|
+--------+--------------+---------+--------+----------------------+
|TVF8965 |France        |8.7353   |41.3834 |2025-07-22 16:15:09   |
|RTY484  |United States |-104.5726|40.4152 |2025-07-22 16:15:09   |
|AXB1025 |India         |84.7554  |20.3728 |2025-07-22 16:15:05   |
|IGO7287 |India         |78.3541  |11.8968 |2025-07-22 16:12:38   |
|AXB2456 |India         |77.5993  |12.7876 |2025-07-22 16:15:09   |
+--------+--------------+---------+--------+----------------------+
only showing top 5 rows
[2025-07-22T16:15:11.367+0000] {docker.py:436} INFO - 25/07/22 16:15:11 INFO SparkContext: SparkContext is stopping with exitCode 0.
[2025-07-22T16:15:11.376+0000] {docker.py:436} INFO - 25/07/22 16:15:11 INFO SparkUI: Stopped Spark web UI at http://f940056f8492:4040
[2025-07-22T16:15:11.382+0000] {docker.py:436} INFO - 25/07/22 16:15:11 INFO MapOutputTrackerMasterEndpoint: MapOutputTrackerMasterEndpoint stopped!
[2025-07-22T16:15:11.393+0000] {docker.py:436} INFO - 25/07/22 16:15:11 INFO MemoryStore: MemoryStore cleared
[2025-07-22T16:15:11.393+0000] {docker.py:436} INFO - 25/07/22 16:15:11 INFO BlockManager: BlockManager stopped
[2025-07-22T16:15:11.395+0000] {docker.py:436} INFO - 25/07/22 16:15:11 INFO BlockManagerMaster: BlockManagerMaster stopped
[2025-07-22T16:15:11.397+0000] {docker.py:436} INFO - 25/07/22 16:15:11 INFO OutputCommitCoordinator$OutputCommitCoordinatorEndpoint: OutputCommitCoordinator stopped!
[2025-07-22T16:15:11.405+0000] {docker.py:436} INFO - 25/07/22 16:15:11 INFO SparkContext: Successfully stopped SparkContext
[2025-07-22T16:15:12.400+0000] {docker.py:436} INFO - 25/07/22 16:15:12 INFO ShutdownHookManager: Shutdown hook called
[2025-07-22T16:15:12.400+0000] {docker.py:436} INFO - 25/07/22 16:15:12 INFO ShutdownHookManager: Deleting directory /tmp/spark-6e6abbd1-e618-4829-8e54-5ca332523869/pyspark-1e41b718-f709-4789-ae24-e053898997ac
[2025-07-22T16:15:12.403+0000] {docker.py:436} INFO - 25/07/22 16:15:12 INFO ShutdownHookManager: Deleting directory /tmp/spark-12f336e5-7d15-458d-8d63-4aa0b22c117a
[2025-07-22T16:15:12.406+0000] {docker.py:436} INFO - 25/07/22 16:15:12 INFO ShutdownHookManager: Deleting directory /tmp/spark-6e6abbd1-e618-4829-8e54-5ca332523869
[2025-07-22T16:15:12.852+0000] {taskinstance.py:441} INFO - ::group::Post task execution logs
[2025-07-22T16:15:12.870+0000] {taskinstance.py:1206} INFO - Marking task as SUCCESS. dag_id=flight_data_pipeline, task_id=run_spark_job_container, run_id=scheduled__2025-07-22T16:00:00+00:00, execution_date=20250722T160000, start_date=20250722T161502, end_date=20250722T161512
[2025-07-22T16:15:12.891+0000] {local_task_job_runner.py:240} INFO - Task exited with return code 0
[2025-07-22T16:15:12.902+0000] {taskinstance.py:3503} INFO - 0 downstream tasks scheduled from follow-on schedule check
[2025-07-22T16:15:12.904+0000] {local_task_job_runner.py:222} INFO - ::endgroup::
