[2025-07-22T15:45:01.665+0000] {local_task_job_runner.py:120} INFO - ::group::Pre task execution logs
[2025-07-22T15:45:01.684+0000] {taskinstance.py:2076} INFO - Dependencies all met for dep_context=non-requeueable deps ti=<TaskInstance: flight_data_pipeline.run_spark_job_container scheduled__2025-07-22T15:30:00+00:00 [queued]>
[2025-07-22T15:45:01.689+0000] {taskinstance.py:2076} INFO - Dependencies all met for dep_context=requeueable deps ti=<TaskInstance: flight_data_pipeline.run_spark_job_container scheduled__2025-07-22T15:30:00+00:00 [queued]>
[2025-07-22T15:45:01.689+0000] {taskinstance.py:2306} INFO - Starting attempt 1 of 1
[2025-07-22T15:45:01.700+0000] {taskinstance.py:2330} INFO - Executing <Task(DockerOperator): run_spark_job_container> on 2025-07-22 15:30:00+00:00
[2025-07-22T15:45:01.705+0000] {warnings.py:112} WARNING - /home/***/.local/lib/python3.12/site-packages/***/task/task_runner/standard_task_runner.py:61: DeprecationWarning: This process (pid=568) is multi-threaded, use of fork() may lead to deadlocks in the child.
  pid = os.fork()

[2025-07-22T15:45:01.707+0000] {standard_task_runner.py:63} INFO - Started process 570 to run task
[2025-07-22T15:45:01.706+0000] {standard_task_runner.py:90} INFO - Running: ['***', 'tasks', 'run', 'flight_data_pipeline', 'run_spark_job_container', 'scheduled__2025-07-22T15:30:00+00:00', '--job-id', '24', '--raw', '--subdir', 'DAGS_FOLDER/flight_pipeline_dag.py', '--cfg-path', '/tmp/tmp8rfz5_tt']
[2025-07-22T15:45:01.708+0000] {standard_task_runner.py:91} INFO - Job 24: Subtask run_spark_job_container
[2025-07-22T15:45:01.743+0000] {task_command.py:426} INFO - Running <TaskInstance: flight_data_pipeline.run_spark_job_container scheduled__2025-07-22T15:30:00+00:00 [running]> on host 2662e370c470
[2025-07-22T15:45:01.812+0000] {taskinstance.py:2648} INFO - Exporting env vars: AIRFLOW_CTX_DAG_OWNER='***' AIRFLOW_CTX_DAG_ID='flight_data_pipeline' AIRFLOW_CTX_TASK_ID='run_spark_job_container' AIRFLOW_CTX_EXECUTION_DATE='2025-07-22T15:30:00+00:00' AIRFLOW_CTX_TRY_NUMBER='1' AIRFLOW_CTX_DAG_RUN_ID='scheduled__2025-07-22T15:30:00+00:00'
[2025-07-22T15:45:01.814+0000] {taskinstance.py:430} INFO - ::endgroup::
[2025-07-22T15:45:01.832+0000] {docker.py:366} INFO - Starting docker container from image realtime-flight-pipeline/spark-job:0.1
[2025-07-22T15:45:01.836+0000] {docker.py:374} WARNING - Using remote engine or docker-in-docker and mounting temporary volume from host is not supported. Falling back to `mount_tmp_dir=False` mode. You can set `mount_tmp_dir` parameter to False to disable mounting and remove the warning
[2025-07-22T15:45:02.069+0000] {docker.py:436} INFO - [38;5;6mspark [38;5;5m15:45:02.06 [0m[38;5;2mINFO [0m ==>
[2025-07-22T15:45:02.070+0000] {docker.py:436} INFO - [38;5;6mspark [38;5;5m15:45:02.07 [0m[38;5;2mINFO [0m ==> [1mWelcome to the Bitnami spark container[0m
[2025-07-22T15:45:02.071+0000] {docker.py:436} INFO - [38;5;6mspark [38;5;5m15:45:02.07 [0m[38;5;2mINFO [0m ==> Subscribe to project updates by watching [1mhttps://github.com/bitnami/containers[0m
[2025-07-22T15:45:02.072+0000] {docker.py:436} INFO - [38;5;6mspark [38;5;5m15:45:02.07 [0m[38;5;2mINFO [0m ==> Submit issues and feature requests at [1mhttps://github.com/bitnami/containers/issues[0m
[2025-07-22T15:45:02.073+0000] {docker.py:436} INFO - [38;5;6mspark [38;5;5m15:45:02.07 [0m[38;5;2mINFO [0m ==> Upgrade to Tanzu Application Catalog for production environments to access custom-configured and pre-packaged software components. Gain enhanced features, including Software Bill of Materials (SBOM), CVE scan result reports, and VEX documents. To learn more, visit [1mhttps://bitnami.com/enterprise[0m
[2025-07-22T15:45:02.074+0000] {docker.py:436} INFO - [38;5;6mspark [38;5;5m15:45:02.07 [0m[38;5;2mINFO [0m ==>
[2025-07-22T15:45:02.081+0000] {docker.py:436} INFO - 
[2025-07-22T15:45:04.099+0000] {docker.py:436} INFO - 25/07/22 15:45:04 INFO SparkContext: Running Spark version 3.5.1
[2025-07-22T15:45:04.101+0000] {docker.py:436} INFO - 25/07/22 15:45:04 INFO SparkContext: OS info Linux, 5.15.167.4-microsoft-standard-WSL2, amd64
[2025-07-22T15:45:04.102+0000] {docker.py:436} INFO - 25/07/22 15:45:04 INFO SparkContext: Java version 17.0.12
[2025-07-22T15:45:04.125+0000] {docker.py:436} INFO - 25/07/22 15:45:04 INFO ResourceUtils: ==============================================================
[2025-07-22T15:45:04.125+0000] {docker.py:436} INFO - 25/07/22 15:45:04 INFO ResourceUtils: No custom resources configured for spark.driver.
[2025-07-22T15:45:04.126+0000] {docker.py:436} INFO - 25/07/22 15:45:04 INFO ResourceUtils: ==============================================================
[2025-07-22T15:45:04.126+0000] {docker.py:436} INFO - 25/07/22 15:45:04 INFO SparkContext: Submitted application: FlightDataProcessing
[2025-07-22T15:45:04.140+0000] {docker.py:436} INFO - 25/07/22 15:45:04 INFO ResourceProfile: Default ResourceProfile created, executor resources: Map(cores -> name: cores, amount: 1, script: , vendor: , memory -> name: memory, amount: 1024, script: , vendor: , offHeap -> name: offHeap, amount: 0, script: , vendor: ), task resources: Map(cpus -> name: cpus, amount: 1.0)
[2025-07-22T15:45:04.147+0000] {docker.py:436} INFO - 25/07/22 15:45:04 INFO ResourceProfile: Limiting resource is cpu
[2025-07-22T15:45:04.147+0000] {docker.py:436} INFO - 25/07/22 15:45:04 INFO ResourceProfileManager: Added ResourceProfile id: 0
[2025-07-22T15:45:04.181+0000] {docker.py:436} INFO - 25/07/22 15:45:04 INFO SecurityManager: Changing view acls to: spark
[2025-07-22T15:45:04.182+0000] {docker.py:436} INFO - 25/07/22 15:45:04 INFO SecurityManager: Changing modify acls to: spark
[2025-07-22T15:45:04.182+0000] {docker.py:436} INFO - 25/07/22 15:45:04 INFO SecurityManager: Changing view acls groups to:
[2025-07-22T15:45:04.183+0000] {docker.py:436} INFO - 25/07/22 15:45:04 INFO SecurityManager: Changing modify acls groups to:
[2025-07-22T15:45:04.183+0000] {docker.py:436} INFO - 25/07/22 15:45:04 INFO SecurityManager: SecurityManager: authentication disabled; ui acls disabled; users with view permissions: spark; groups with view permissions: EMPTY; users with modify permissions: spark; groups with modify permissions: EMPTY
[2025-07-22T15:45:04.221+0000] {docker.py:436} INFO - 25/07/22 15:45:04 WARN NativeCodeLoader: Unable to load native-hadoop library for your platform... using builtin-java classes where applicable
[2025-07-22T15:45:04.404+0000] {docker.py:436} INFO - 25/07/22 15:45:04 INFO Utils: Successfully started service 'sparkDriver' on port 42381.
[2025-07-22T15:45:04.425+0000] {docker.py:436} INFO - 25/07/22 15:45:04 INFO SparkEnv: Registering MapOutputTracker
[2025-07-22T15:45:04.451+0000] {docker.py:436} INFO - 25/07/22 15:45:04 INFO SparkEnv: Registering BlockManagerMaster
[2025-07-22T15:45:04.463+0000] {docker.py:436} INFO - 25/07/22 15:45:04 INFO BlockManagerMasterEndpoint: Using org.apache.spark.storage.DefaultTopologyMapper for getting topology information
[2025-07-22T15:45:04.464+0000] {docker.py:436} INFO - 25/07/22 15:45:04 INFO BlockManagerMasterEndpoint: BlockManagerMasterEndpoint up
[2025-07-22T15:45:04.468+0000] {docker.py:436} INFO - 25/07/22 15:45:04 INFO SparkEnv: Registering BlockManagerMasterHeartbeat
[2025-07-22T15:45:04.481+0000] {docker.py:436} INFO - 25/07/22 15:45:04 INFO DiskBlockManager: Created local directory at /tmp/blockmgr-5a5ccd2a-b3f3-420c-ab38-e11272e8edc8
[2025-07-22T15:45:04.492+0000] {docker.py:436} INFO - 25/07/22 15:45:04 INFO MemoryStore: MemoryStore started with capacity 434.4 MiB
[2025-07-22T15:45:04.506+0000] {docker.py:436} INFO - 25/07/22 15:45:04 INFO SparkEnv: Registering OutputCommitCoordinator
[2025-07-22T15:45:04.600+0000] {docker.py:436} INFO - 25/07/22 15:45:04 INFO JettyUtils: Start Jetty 0.0.0.0:4040 for SparkUI
[2025-07-22T15:45:04.643+0000] {docker.py:436} INFO - 25/07/22 15:45:04 INFO Utils: Successfully started service 'SparkUI' on port 4040.
[2025-07-22T15:45:04.731+0000] {docker.py:436} INFO - 25/07/22 15:45:04 INFO Executor: Starting executor ID driver on host e8083ffbd3a1
[2025-07-22T15:45:04.732+0000] {docker.py:436} INFO - 25/07/22 15:45:04 INFO Executor: OS info Linux, 5.15.167.4-microsoft-standard-WSL2, amd64
[2025-07-22T15:45:04.733+0000] {docker.py:436} INFO - 25/07/22 15:45:04 INFO Executor: Java version 17.0.12
[2025-07-22T15:45:04.738+0000] {docker.py:436} INFO - 25/07/22 15:45:04 INFO Executor: Starting executor with user classpath (userClassPathFirst = false): ''
[2025-07-22T15:45:04.739+0000] {docker.py:436} INFO - 25/07/22 15:45:04 INFO Executor: Created or updated repl class loader org.apache.spark.util.MutableURLClassLoader@7cb3a650 for default.
[2025-07-22T15:45:04.753+0000] {docker.py:436} INFO - 25/07/22 15:45:04 INFO Utils: Successfully started service 'org.apache.spark.network.netty.NettyBlockTransferService' on port 34401.
[2025-07-22T15:45:04.754+0000] {docker.py:436} INFO - 25/07/22 15:45:04 INFO NettyBlockTransferService: Server created on e8083ffbd3a1:34401
[2025-07-22T15:45:04.755+0000] {docker.py:436} INFO - 25/07/22 15:45:04 INFO BlockManager: Using org.apache.spark.storage.RandomBlockReplicationPolicy for block replication policy
[2025-07-22T15:45:04.759+0000] {docker.py:436} INFO - 25/07/22 15:45:04 INFO BlockManagerMaster: Registering BlockManager BlockManagerId(driver, e8083ffbd3a1, 34401, None)
[2025-07-22T15:45:04.761+0000] {docker.py:436} INFO - 25/07/22 15:45:04 INFO BlockManagerMasterEndpoint: Registering block manager e8083ffbd3a1:34401 with 434.4 MiB RAM, BlockManagerId(driver, e8083ffbd3a1, 34401, None)
[2025-07-22T15:45:04.762+0000] {docker.py:436} INFO - 25/07/22 15:45:04 INFO BlockManagerMaster: Registered BlockManager BlockManagerId(driver, e8083ffbd3a1, 34401, None)
[2025-07-22T15:45:04.763+0000] {docker.py:436} INFO - 25/07/22 15:45:04 INFO BlockManager: Initialized BlockManager: BlockManagerId(driver, e8083ffbd3a1, 34401, None)
[2025-07-22T15:45:04.997+0000] {docker.py:436} INFO - Sessão Spark criada com sucesso!
[2025-07-22T15:45:07.551+0000] {docker.py:436} INFO - 25/07/22 15:45:07 INFO SharedState: Setting hive.metastore.warehouse.dir ('null') to the value of spark.sql.warehouse.dir.
[2025-07-22T15:45:07.556+0000] {docker.py:436} INFO - 25/07/22 15:45:07 INFO SharedState: Warehouse path is 'file:/app/spark-warehouse'.
[2025-07-22T15:45:08.383+0000] {docker.py:436} INFO - Schema do DataFrame de Voos (definido por nós):
[2025-07-22T15:45:08.395+0000] {docker.py:436} INFO - root
 |-- icao24: string (nullable = true)
 |-- callsign: string (nullable = true)
 |-- origin_country: string (nullable = true)
 |-- time_position: long (nullable = true)
 |-- last_contact: long (nullable = true)
 |-- longitude: double (nullable = true)
 |-- latitude: double (nullable = true)
 |-- baro_altitude: double (nullable = true)
 |-- on_ground: boolean (nullable = true)
 |-- velocity: double (nullable = true)
 |-- true_track: double (nullable = true)
 |-- vertical_rate: double (nullable = true)
 |-- sensors: string (nullable = true)
 |-- geo_altitude: double (nullable = true)
 |-- squawk: string (nullable = true)
 |-- spi: boolean (nullable = true)
 |-- position_source: long (nullable = true)

Alguns dados de voos recebidos (após limpeza):
[2025-07-22T15:45:08.959+0000] {docker.py:436} INFO - 25/07/22 15:45:08 INFO CodeGenerator: Code generated in 146.531765 ms
[2025-07-22T15:45:08.999+0000] {docker.py:436} INFO - 25/07/22 15:45:08 INFO SparkContext: Starting job: showString at NativeMethodAccessorImpl.java:0
[2025-07-22T15:45:09.009+0000] {docker.py:436} INFO - 25/07/22 15:45:09 INFO DAGScheduler: Got job 0 (showString at NativeMethodAccessorImpl.java:0) with 1 output partitions
[2025-07-22T15:45:09.009+0000] {docker.py:436} INFO - 25/07/22 15:45:09 INFO DAGScheduler: Final stage: ResultStage 0 (showString at NativeMethodAccessorImpl.java:0)
[2025-07-22T15:45:09.010+0000] {docker.py:436} INFO - 25/07/22 15:45:09 INFO DAGScheduler: Parents of final stage: List()
[2025-07-22T15:45:09.010+0000] {docker.py:436} INFO - 25/07/22 15:45:09 INFO DAGScheduler: Missing parents: List()
[2025-07-22T15:45:09.013+0000] {docker.py:436} INFO - 25/07/22 15:45:09 INFO DAGScheduler: Submitting ResultStage 0 (MapPartitionsRDD[6] at showString at NativeMethodAccessorImpl.java:0), which has no missing parents
[2025-07-22T15:45:09.073+0000] {docker.py:436} INFO - 25/07/22 15:45:09 INFO MemoryStore: Block broadcast_0 stored as values in memory (estimated size 18.5 KiB, free 434.4 MiB)
[2025-07-22T15:45:09.095+0000] {docker.py:436} INFO - 25/07/22 15:45:09 INFO MemoryStore: Block broadcast_0_piece0 stored as bytes in memory (estimated size 8.0 KiB, free 434.4 MiB)
[2025-07-22T15:45:09.097+0000] {docker.py:436} INFO - 25/07/22 15:45:09 INFO BlockManagerInfo: Added broadcast_0_piece0 in memory on e8083ffbd3a1:34401 (size: 8.0 KiB, free: 434.4 MiB)
[2025-07-22T15:45:09.100+0000] {docker.py:436} INFO - 25/07/22 15:45:09 INFO SparkContext: Created broadcast 0 from broadcast at DAGScheduler.scala:1585
[2025-07-22T15:45:09.110+0000] {docker.py:436} INFO - 25/07/22 15:45:09 INFO DAGScheduler: Submitting 1 missing tasks from ResultStage 0 (MapPartitionsRDD[6] at showString at NativeMethodAccessorImpl.java:0) (first 15 tasks are for partitions Vector(0))
[2025-07-22T15:45:09.111+0000] {docker.py:436} INFO - 25/07/22 15:45:09 INFO TaskSchedulerImpl: Adding task set 0.0 with 1 tasks resource profile 0
[2025-07-22T15:45:09.144+0000] {docker.py:436} INFO - 25/07/22 15:45:09 INFO TaskSetManager: Starting task 0.0 in stage 0.0 (TID 0) (e8083ffbd3a1, executor driver, partition 0, PROCESS_LOCAL, 124454 bytes)
[2025-07-22T15:45:09.154+0000] {docker.py:436} INFO - 25/07/22 15:45:09 INFO Executor: Running task 0.0 in stage 0.0 (TID 0)
[2025-07-22T15:45:09.707+0000] {docker.py:436} INFO - 25/07/22 15:45:09 INFO CodeGenerator: Code generated in 22.627112 ms
[2025-07-22T15:45:09.801+0000] {docker.py:436} INFO - 25/07/22 15:45:09 INFO Executor: Finished task 0.0 in stage 0.0 (TID 0). 2747 bytes result sent to driver
[2025-07-22T15:45:09.808+0000] {docker.py:436} INFO - 25/07/22 15:45:09 INFO TaskSetManager: Finished task 0.0 in stage 0.0 (TID 0) in 674 ms on e8083ffbd3a1 (executor driver) (1/1)
[2025-07-22T15:45:09.809+0000] {docker.py:436} INFO - 25/07/22 15:45:09 INFO TaskSchedulerImpl: Removed TaskSet 0.0, whose tasks have all completed, from pool
[2025-07-22T15:45:09.811+0000] {docker.py:436} INFO - 25/07/22 15:45:09 INFO PythonAccumulatorV2: Connected to AccumulatorServer at host: 127.0.0.1 port: 57587
[2025-07-22T15:45:09.813+0000] {docker.py:436} INFO - 25/07/22 15:45:09 INFO DAGScheduler: ResultStage 0 (showString at NativeMethodAccessorImpl.java:0) finished in 0.793 s
[2025-07-22T15:45:09.815+0000] {docker.py:436} INFO - 25/07/22 15:45:09 INFO DAGScheduler: Job 0 is finished. Cancelling potential speculative or zombie tasks for this job
[2025-07-22T15:45:09.815+0000] {docker.py:436} INFO - 25/07/22 15:45:09 INFO TaskSchedulerImpl: Killing all running tasks in stage 0: Stage finished
[2025-07-22T15:45:09.817+0000] {docker.py:436} INFO - 25/07/22 15:45:09 INFO DAGScheduler: Job 0 finished: showString at NativeMethodAccessorImpl.java:0, took 0.817603 s
[2025-07-22T15:45:10.303+0000] {docker.py:436} INFO - 25/07/22 15:45:10 INFO BlockManagerInfo: Removed broadcast_0_piece0 on e8083ffbd3a1:34401 in memory (size: 8.0 KiB, free: 434.4 MiB)
[2025-07-22T15:45:10.452+0000] {docker.py:436} INFO - 25/07/22 15:45:10 INFO CodeGenerator: Code generated in 20.004229 ms
[2025-07-22T15:45:10.462+0000] {docker.py:436} INFO - +------+--------+--------------+-------------+------------+---------+--------+-------------+---------+--------+----------+-------------+-------+------------+------+-----+---------------+
|icao24|callsign|origin_country|time_position|last_contact|longitude|latitude|baro_altitude|on_ground|velocity|true_track|vertical_rate|sensors|geo_altitude|squawk|spi  |position_source|
+------+--------+--------------+-------------+------------+---------+--------+-------------+---------+--------+----------+-------------+-------+------------+------+-----+---------------+
|39de4f|TVF8965 |France        |1753199099   |1753199100  |9.9425   |37.7702 |11582.4      |false    |232.95  |345.81    |0.0          |NULL   |12321.54    |NULL  |false|0              |
|c07d0b|CGVJE   |Canada        |1753199099   |1753199100  |-73.8592 |45.5634 |381.0        |false    |49.45   |267.02    |-0.65        |NULL   |419.1       |NULL  |false|0              |
|a5f852|RTY484  |United States |1753199100   |1753199100  |-104.6309|40.1759 |2125.98      |false    |52.26   |20.75     |0.0          |NULL   |2156.46     |NULL  |false|0              |
|aa3cbe|N759PA  |United States |1753198852   |1753198861  |-111.8539|41.7836 |NULL         |true     |2.31    |275.62    |NULL         |NULL   |NULL        |NULL  |false|0              |
|39de4d|TVF33SN |France        |1753199100   |1753199100  |2.4187   |48.7305 |175.26       |false    |60.42   |254.19    |-3.58        |NULL   |243.84      |1000  |false|0              |
+------+--------+--------------+-------------+------------+---------+--------+-------------+---------+--------+----------+-------------+-------+------------+------+-----+---------------+
only showing top 5 rows
[2025-07-22T15:45:10.497+0000] {docker.py:436} INFO - DataFrame com a coluna de tempo transformada:
[2025-07-22T15:45:10.591+0000] {docker.py:436} INFO - 25/07/22 15:45:10 INFO CodeGenerator: Code generated in 12.529591 ms
[2025-07-22T15:45:10.600+0000] {docker.py:436} INFO - 25/07/22 15:45:10 INFO SparkContext: Starting job: showString at NativeMethodAccessorImpl.java:0
[2025-07-22T15:45:10.601+0000] {docker.py:436} INFO - 25/07/22 15:45:10 INFO DAGScheduler: Got job 1 (showString at NativeMethodAccessorImpl.java:0) with 1 output partitions
25/07/22 15:45:10 INFO DAGScheduler: Final stage: ResultStage 1 (showString at NativeMethodAccessorImpl.java:0)
[2025-07-22T15:45:10.602+0000] {docker.py:436} INFO - 25/07/22 15:45:10 INFO DAGScheduler: Parents of final stage: List()
[2025-07-22T15:45:10.602+0000] {docker.py:436} INFO - 25/07/22 15:45:10 INFO DAGScheduler: Missing parents: List()
[2025-07-22T15:45:10.603+0000] {docker.py:436} INFO - 25/07/22 15:45:10 INFO DAGScheduler: Submitting ResultStage 1 (MapPartitionsRDD[8] at showString at NativeMethodAccessorImpl.java:0), which has no missing parents
[2025-07-22T15:45:10.606+0000] {docker.py:436} INFO - 25/07/22 15:45:10 INFO MemoryStore: Block broadcast_1 stored as values in memory (estimated size 15.4 KiB, free 434.4 MiB)
[2025-07-22T15:45:10.611+0000] {docker.py:436} INFO - 25/07/22 15:45:10 INFO MemoryStore: Block broadcast_1_piece0 stored as bytes in memory (estimated size 7.8 KiB, free 434.4 MiB)
[2025-07-22T15:45:10.612+0000] {docker.py:436} INFO - 25/07/22 15:45:10 INFO BlockManagerInfo: Added broadcast_1_piece0 in memory on e8083ffbd3a1:34401 (size: 7.8 KiB, free: 434.4 MiB)
[2025-07-22T15:45:10.612+0000] {docker.py:436} INFO - 25/07/22 15:45:10 INFO SparkContext: Created broadcast 1 from broadcast at DAGScheduler.scala:1585
[2025-07-22T15:45:10.613+0000] {docker.py:436} INFO - 25/07/22 15:45:10 INFO DAGScheduler: Submitting 1 missing tasks from ResultStage 1 (MapPartitionsRDD[8] at showString at NativeMethodAccessorImpl.java:0) (first 15 tasks are for partitions Vector(0))
[2025-07-22T15:45:10.613+0000] {docker.py:436} INFO - 25/07/22 15:45:10 INFO TaskSchedulerImpl: Adding task set 1.0 with 1 tasks resource profile 0
[2025-07-22T15:45:10.614+0000] {docker.py:436} INFO - 25/07/22 15:45:10 INFO TaskSetManager: Starting task 0.0 in stage 1.0 (TID 1) (e8083ffbd3a1, executor driver, partition 0, PROCESS_LOCAL, 124454 bytes)
[2025-07-22T15:45:10.615+0000] {docker.py:436} INFO - 25/07/22 15:45:10 INFO Executor: Running task 0.0 in stage 1.0 (TID 1)
[2025-07-22T15:45:10.636+0000] {docker.py:436} INFO - 25/07/22 15:45:10 INFO CodeGenerator: Code generated in 9.278762 ms
[2025-07-22T15:45:10.754+0000] {docker.py:436} INFO - 25/07/22 15:45:10 INFO Executor: Finished task 0.0 in stage 1.0 (TID 1). 2185 bytes result sent to driver
[2025-07-22T15:45:10.756+0000] {docker.py:436} INFO - 25/07/22 15:45:10 INFO TaskSetManager: Finished task 0.0 in stage 1.0 (TID 1) in 142 ms on e8083ffbd3a1 (executor driver) (1/1)
[2025-07-22T15:45:10.757+0000] {docker.py:436} INFO - 25/07/22 15:45:10 INFO TaskSchedulerImpl: Removed TaskSet 1.0, whose tasks have all completed, from pool
[2025-07-22T15:45:10.757+0000] {docker.py:436} INFO - 25/07/22 15:45:10 INFO DAGScheduler: ResultStage 1 (showString at NativeMethodAccessorImpl.java:0) finished in 0.154 s
[2025-07-22T15:45:10.758+0000] {docker.py:436} INFO - 25/07/22 15:45:10 INFO DAGScheduler: Job 1 is finished. Cancelling potential speculative or zombie tasks for this job
[2025-07-22T15:45:10.758+0000] {docker.py:436} INFO - 25/07/22 15:45:10 INFO TaskSchedulerImpl: Killing all running tasks in stage 1: Stage finished
[2025-07-22T15:45:10.759+0000] {docker.py:436} INFO - 25/07/22 15:45:10 INFO DAGScheduler: Job 1 finished: showString at NativeMethodAccessorImpl.java:0, took 0.157766 s
[2025-07-22T15:45:10.772+0000] {docker.py:436} INFO - 25/07/22 15:45:10 INFO CodeGenerator: Code generated in 8.90963 ms
[2025-07-22T15:45:10.775+0000] {docker.py:436} INFO - +--------+--------------+---------+--------+----------------------+
|callsign|origin_country|longitude|latitude|time_position_readable|
+--------+--------------+---------+--------+----------------------+
|TVF8965 |France        |9.9425   |37.7702 |2025-07-22 15:44:59   |
|CGVJE   |Canada        |-73.8592 |45.5634 |2025-07-22 15:44:59   |
|RTY484  |United States |-104.6309|40.1759 |2025-07-22 15:45:00   |
|N759PA  |United States |-111.8539|41.7836 |2025-07-22 15:40:52   |
|TVF33SN |France        |2.4187   |48.7305 |2025-07-22 15:45:00   |
+--------+--------------+---------+--------+----------------------+
only showing top 5 rows
[2025-07-22T15:45:10.775+0000] {docker.py:436} INFO - 25/07/22 15:45:10 INFO SparkContext: SparkContext is stopping with exitCode 0.
[2025-07-22T15:45:10.784+0000] {docker.py:436} INFO - 25/07/22 15:45:10 INFO SparkUI: Stopped Spark web UI at http://e8083ffbd3a1:4040
[2025-07-22T15:45:10.792+0000] {docker.py:436} INFO - 25/07/22 15:45:10 INFO MapOutputTrackerMasterEndpoint: MapOutputTrackerMasterEndpoint stopped!
[2025-07-22T15:45:10.803+0000] {docker.py:436} INFO - 25/07/22 15:45:10 INFO MemoryStore: MemoryStore cleared
[2025-07-22T15:45:10.804+0000] {docker.py:436} INFO - 25/07/22 15:45:10 INFO BlockManager: BlockManager stopped
[2025-07-22T15:45:10.806+0000] {docker.py:436} INFO - 25/07/22 15:45:10 INFO BlockManagerMaster: BlockManagerMaster stopped
[2025-07-22T15:45:10.809+0000] {docker.py:436} INFO - 25/07/22 15:45:10 INFO OutputCommitCoordinator$OutputCommitCoordinatorEndpoint: OutputCommitCoordinator stopped!
[2025-07-22T15:45:10.817+0000] {docker.py:436} INFO - 25/07/22 15:45:10 INFO SparkContext: Successfully stopped SparkContext
[2025-07-22T15:45:11.803+0000] {docker.py:436} INFO - 25/07/22 15:45:11 INFO ShutdownHookManager: Shutdown hook called
[2025-07-22T15:45:11.804+0000] {docker.py:436} INFO - 25/07/22 15:45:11 INFO ShutdownHookManager: Deleting directory /tmp/spark-e99aca8b-db4a-4448-83de-efbe2a4eaa55
[2025-07-22T15:45:11.807+0000] {docker.py:436} INFO - 25/07/22 15:45:11 INFO ShutdownHookManager: Deleting directory /tmp/spark-8ebe4b34-70cc-4c8d-aae5-e4d2422f2638
[2025-07-22T15:45:11.810+0000] {docker.py:436} INFO - 25/07/22 15:45:11 INFO ShutdownHookManager: Deleting directory /tmp/spark-8ebe4b34-70cc-4c8d-aae5-e4d2422f2638/pyspark-c8a63301-eb1d-4b52-97a6-741048f5dc09
[2025-07-22T15:45:12.261+0000] {taskinstance.py:441} INFO - ::group::Post task execution logs
[2025-07-22T15:45:12.278+0000] {taskinstance.py:1206} INFO - Marking task as SUCCESS. dag_id=flight_data_pipeline, task_id=run_spark_job_container, run_id=scheduled__2025-07-22T15:30:00+00:00, execution_date=20250722T153000, start_date=20250722T154501, end_date=20250722T154512
[2025-07-22T15:45:12.294+0000] {local_task_job_runner.py:240} INFO - Task exited with return code 0
[2025-07-22T15:45:12.306+0000] {taskinstance.py:3503} INFO - 0 downstream tasks scheduled from follow-on schedule check
[2025-07-22T15:45:12.308+0000] {local_task_job_runner.py:222} INFO - ::endgroup::
