[2025-07-22T15:30:01.209+0000] {local_task_job_runner.py:120} INFO - ::group::Pre task execution logs
[2025-07-22T15:30:01.227+0000] {taskinstance.py:2076} INFO - Dependencies all met for dep_context=non-requeueable deps ti=<TaskInstance: flight_data_pipeline.run_spark_job_container scheduled__2025-07-22T15:15:00+00:00 [queued]>
[2025-07-22T15:30:01.232+0000] {taskinstance.py:2076} INFO - Dependencies all met for dep_context=requeueable deps ti=<TaskInstance: flight_data_pipeline.run_spark_job_container scheduled__2025-07-22T15:15:00+00:00 [queued]>
[2025-07-22T15:30:01.232+0000] {taskinstance.py:2306} INFO - Starting attempt 1 of 1
[2025-07-22T15:30:01.243+0000] {taskinstance.py:2330} INFO - Executing <Task(DockerOperator): run_spark_job_container> on 2025-07-22 15:15:00+00:00
[2025-07-22T15:30:01.248+0000] {warnings.py:112} WARNING - /home/***/.local/lib/python3.12/site-packages/***/task/task_runner/standard_task_runner.py:61: DeprecationWarning: This process (pid=362) is multi-threaded, use of fork() may lead to deadlocks in the child.
  pid = os.fork()

[2025-07-22T15:30:01.250+0000] {standard_task_runner.py:63} INFO - Started process 364 to run task
[2025-07-22T15:30:01.249+0000] {standard_task_runner.py:90} INFO - Running: ['***', 'tasks', 'run', 'flight_data_pipeline', 'run_spark_job_container', 'scheduled__2025-07-22T15:15:00+00:00', '--job-id', '23', '--raw', '--subdir', 'DAGS_FOLDER/flight_pipeline_dag.py', '--cfg-path', '/tmp/tmp4t6v7zu8']
[2025-07-22T15:30:01.251+0000] {standard_task_runner.py:91} INFO - Job 23: Subtask run_spark_job_container
[2025-07-22T15:30:01.290+0000] {task_command.py:426} INFO - Running <TaskInstance: flight_data_pipeline.run_spark_job_container scheduled__2025-07-22T15:15:00+00:00 [running]> on host 2662e370c470
[2025-07-22T15:30:01.359+0000] {taskinstance.py:2648} INFO - Exporting env vars: AIRFLOW_CTX_DAG_OWNER='***' AIRFLOW_CTX_DAG_ID='flight_data_pipeline' AIRFLOW_CTX_TASK_ID='run_spark_job_container' AIRFLOW_CTX_EXECUTION_DATE='2025-07-22T15:15:00+00:00' AIRFLOW_CTX_TRY_NUMBER='1' AIRFLOW_CTX_DAG_RUN_ID='scheduled__2025-07-22T15:15:00+00:00'
[2025-07-22T15:30:01.361+0000] {taskinstance.py:430} INFO - ::endgroup::
[2025-07-22T15:30:01.377+0000] {docker.py:366} INFO - Starting docker container from image realtime-flight-pipeline/spark-job:0.1
[2025-07-22T15:30:01.380+0000] {docker.py:374} WARNING - Using remote engine or docker-in-docker and mounting temporary volume from host is not supported. Falling back to `mount_tmp_dir=False` mode. You can set `mount_tmp_dir` parameter to False to disable mounting and remove the warning
[2025-07-22T15:30:01.618+0000] {docker.py:436} INFO - [38;5;6mspark [38;5;5m15:30:01.61 [0m[38;5;2mINFO [0m ==>
[2025-07-22T15:30:01.619+0000] {docker.py:436} INFO - [38;5;6mspark [38;5;5m15:30:01.61 [0m[38;5;2mINFO [0m ==> [1mWelcome to the Bitnami spark container[0m
[2025-07-22T15:30:01.620+0000] {docker.py:436} INFO - [38;5;6mspark [38;5;5m15:30:01.62 [0m[38;5;2mINFO [0m ==> Subscribe to project updates by watching [1mhttps://github.com/bitnami/containers[0m
[2025-07-22T15:30:01.621+0000] {docker.py:436} INFO - [38;5;6mspark [38;5;5m15:30:01.62 [0m[38;5;2mINFO [0m ==> Submit issues and feature requests at [1mhttps://github.com/bitnami/containers/issues[0m
[2025-07-22T15:30:01.622+0000] {docker.py:436} INFO - [38;5;6mspark [38;5;5m15:30:01.62 [0m[38;5;2mINFO [0m ==> Upgrade to Tanzu Application Catalog for production environments to access custom-configured and pre-packaged software components. Gain enhanced features, including Software Bill of Materials (SBOM), CVE scan result reports, and VEX documents. To learn more, visit [1mhttps://bitnami.com/enterprise[0m
[2025-07-22T15:30:01.623+0000] {docker.py:436} INFO - [38;5;6mspark [38;5;5m15:30:01.62 [0m[38;5;2mINFO [0m ==>
[2025-07-22T15:30:01.630+0000] {docker.py:436} INFO - 
[2025-07-22T15:30:03.981+0000] {docker.py:436} INFO - 25/07/22 15:30:03 INFO SparkContext: Running Spark version 3.5.1
[2025-07-22T15:30:03.983+0000] {docker.py:436} INFO - 25/07/22 15:30:03 INFO SparkContext: OS info Linux, 5.15.167.4-microsoft-standard-WSL2, amd64
[2025-07-22T15:30:03.983+0000] {docker.py:436} INFO - 25/07/22 15:30:03 INFO SparkContext: Java version 17.0.12
[2025-07-22T15:30:04.006+0000] {docker.py:436} INFO - 25/07/22 15:30:04 INFO ResourceUtils: ==============================================================
[2025-07-22T15:30:04.007+0000] {docker.py:436} INFO - 25/07/22 15:30:04 INFO ResourceUtils: No custom resources configured for spark.driver.
[2025-07-22T15:30:04.007+0000] {docker.py:436} INFO - 25/07/22 15:30:04 INFO ResourceUtils: ==============================================================
[2025-07-22T15:30:04.007+0000] {docker.py:436} INFO - 25/07/22 15:30:04 INFO SparkContext: Submitted application: FlightDataProcessing
[2025-07-22T15:30:04.023+0000] {docker.py:436} INFO - 25/07/22 15:30:04 INFO ResourceProfile: Default ResourceProfile created, executor resources: Map(cores -> name: cores, amount: 1, script: , vendor: , memory -> name: memory, amount: 1024, script: , vendor: , offHeap -> name: offHeap, amount: 0, script: , vendor: ), task resources: Map(cpus -> name: cpus, amount: 1.0)
[2025-07-22T15:30:04.029+0000] {docker.py:436} INFO - 25/07/22 15:30:04 INFO ResourceProfile: Limiting resource is cpu
[2025-07-22T15:30:04.030+0000] {docker.py:436} INFO - 25/07/22 15:30:04 INFO ResourceProfileManager: Added ResourceProfile id: 0
[2025-07-22T15:30:04.065+0000] {docker.py:436} INFO - 25/07/22 15:30:04 INFO SecurityManager: Changing view acls to: spark
[2025-07-22T15:30:04.066+0000] {docker.py:436} INFO - 25/07/22 15:30:04 INFO SecurityManager: Changing modify acls to: spark
[2025-07-22T15:30:04.067+0000] {docker.py:436} INFO - 25/07/22 15:30:04 INFO SecurityManager: Changing view acls groups to:
[2025-07-22T15:30:04.067+0000] {docker.py:436} INFO - 25/07/22 15:30:04 INFO SecurityManager: Changing modify acls groups to:
[2025-07-22T15:30:04.067+0000] {docker.py:436} INFO - 25/07/22 15:30:04 INFO SecurityManager: SecurityManager: authentication disabled; ui acls disabled; users with view permissions: spark; groups with view permissions: EMPTY; users with modify permissions: spark; groups with modify permissions: EMPTY
[2025-07-22T15:30:04.110+0000] {docker.py:436} INFO - 25/07/22 15:30:04 WARN NativeCodeLoader: Unable to load native-hadoop library for your platform... using builtin-java classes where applicable
[2025-07-22T15:30:04.300+0000] {docker.py:436} INFO - 25/07/22 15:30:04 INFO Utils: Successfully started service 'sparkDriver' on port 35609.
[2025-07-22T15:30:04.320+0000] {docker.py:436} INFO - 25/07/22 15:30:04 INFO SparkEnv: Registering MapOutputTracker
[2025-07-22T15:30:04.349+0000] {docker.py:436} INFO - 25/07/22 15:30:04 INFO SparkEnv: Registering BlockManagerMaster
[2025-07-22T15:30:04.362+0000] {docker.py:436} INFO - 25/07/22 15:30:04 INFO BlockManagerMasterEndpoint: Using org.apache.spark.storage.DefaultTopologyMapper for getting topology information
[2025-07-22T15:30:04.363+0000] {docker.py:436} INFO - 25/07/22 15:30:04 INFO BlockManagerMasterEndpoint: BlockManagerMasterEndpoint up
[2025-07-22T15:30:04.366+0000] {docker.py:436} INFO - 25/07/22 15:30:04 INFO SparkEnv: Registering BlockManagerMasterHeartbeat
[2025-07-22T15:30:04.380+0000] {docker.py:436} INFO - 25/07/22 15:30:04 INFO DiskBlockManager: Created local directory at /tmp/blockmgr-d39623e8-42a6-462c-a0c9-71230e22f240
[2025-07-22T15:30:04.392+0000] {docker.py:436} INFO - 25/07/22 15:30:04 INFO MemoryStore: MemoryStore started with capacity 434.4 MiB
[2025-07-22T15:30:04.408+0000] {docker.py:436} INFO - 25/07/22 15:30:04 INFO SparkEnv: Registering OutputCommitCoordinator
[2025-07-22T15:30:04.503+0000] {docker.py:436} INFO - 25/07/22 15:30:04 INFO JettyUtils: Start Jetty 0.0.0.0:4040 for SparkUI
[2025-07-22T15:30:04.542+0000] {docker.py:436} INFO - 25/07/22 15:30:04 INFO Utils: Successfully started service 'SparkUI' on port 4040.
[2025-07-22T15:30:04.621+0000] {docker.py:436} INFO - 25/07/22 15:30:04 INFO Executor: Starting executor ID driver on host 96521be6a3bd
[2025-07-22T15:30:04.622+0000] {docker.py:436} INFO - 25/07/22 15:30:04 INFO Executor: OS info Linux, 5.15.167.4-microsoft-standard-WSL2, amd64
[2025-07-22T15:30:04.622+0000] {docker.py:436} INFO - 25/07/22 15:30:04 INFO Executor: Java version 17.0.12
[2025-07-22T15:30:04.627+0000] {docker.py:436} INFO - 25/07/22 15:30:04 INFO Executor: Starting executor with user classpath (userClassPathFirst = false): ''
[2025-07-22T15:30:04.628+0000] {docker.py:436} INFO - 25/07/22 15:30:04 INFO Executor: Created or updated repl class loader org.apache.spark.util.MutableURLClassLoader@25e00935 for default.
[2025-07-22T15:30:04.642+0000] {docker.py:436} INFO - 25/07/22 15:30:04 INFO Utils: Successfully started service 'org.apache.spark.network.netty.NettyBlockTransferService' on port 46819.
[2025-07-22T15:30:04.643+0000] {docker.py:436} INFO - 25/07/22 15:30:04 INFO NettyBlockTransferService: Server created on 96521be6a3bd:46819
[2025-07-22T15:30:04.643+0000] {docker.py:436} INFO - 25/07/22 15:30:04 INFO BlockManager: Using org.apache.spark.storage.RandomBlockReplicationPolicy for block replication policy
[2025-07-22T15:30:04.647+0000] {docker.py:436} INFO - 25/07/22 15:30:04 INFO BlockManagerMaster: Registering BlockManager BlockManagerId(driver, 96521be6a3bd, 46819, None)
[2025-07-22T15:30:04.649+0000] {docker.py:436} INFO - 25/07/22 15:30:04 INFO BlockManagerMasterEndpoint: Registering block manager 96521be6a3bd:46819 with 434.4 MiB RAM, BlockManagerId(driver, 96521be6a3bd, 46819, None)
[2025-07-22T15:30:04.651+0000] {docker.py:436} INFO - 25/07/22 15:30:04 INFO BlockManagerMaster: Registered BlockManager BlockManagerId(driver, 96521be6a3bd, 46819, None)
[2025-07-22T15:30:04.652+0000] {docker.py:436} INFO - 25/07/22 15:30:04 INFO BlockManager: Initialized BlockManager: BlockManagerId(driver, 96521be6a3bd, 46819, None)
[2025-07-22T15:30:04.885+0000] {docker.py:436} INFO - Sessão Spark criada com sucesso!
[2025-07-22T15:30:07.160+0000] {docker.py:436} INFO - 25/07/22 15:30:07 INFO SharedState: Setting hive.metastore.warehouse.dir ('null') to the value of spark.sql.warehouse.dir.
[2025-07-22T15:30:07.166+0000] {docker.py:436} INFO - 25/07/22 15:30:07 INFO SharedState: Warehouse path is 'file:/app/spark-warehouse'.
[2025-07-22T15:30:07.976+0000] {docker.py:436} INFO - Schema do DataFrame de Voos (definido por nós):
[2025-07-22T15:30:07.992+0000] {docker.py:436} INFO - root
 |-- icao24: string (nullable = true)
 |-- callsign: string (nullable = true)
 |-- origin_country: string (nullable = true)
 |-- time_position: long (nullable = true)
 |-- last_contact: long (nullable = true)
 |-- longitude: double (nullable = true)
 |-- latitude: double (nullable = true)
 |-- baro_altitude: double (nullable = true)
 |-- on_ground: boolean (nullable = true)
 |-- velocity: double (nullable = true)
 |-- true_track: double (nullable = true)
 |-- vertical_rate: double (nullable = true)
 |-- sensors: string (nullable = true)
 |-- geo_altitude: double (nullable = true)
 |-- squawk: string (nullable = true)
 |-- spi: boolean (nullable = true)
 |-- position_source: long (nullable = true)

Alguns dados de voos recebidos (após limpeza):
[2025-07-22T15:30:08.547+0000] {docker.py:436} INFO - 25/07/22 15:30:08 INFO CodeGenerator: Code generated in 143.374695 ms
[2025-07-22T15:30:08.583+0000] {docker.py:436} INFO - 25/07/22 15:30:08 INFO SparkContext: Starting job: showString at NativeMethodAccessorImpl.java:0
[2025-07-22T15:30:08.592+0000] {docker.py:436} INFO - 25/07/22 15:30:08 INFO DAGScheduler: Got job 0 (showString at NativeMethodAccessorImpl.java:0) with 1 output partitions
[2025-07-22T15:30:08.593+0000] {docker.py:436} INFO - 25/07/22 15:30:08 INFO DAGScheduler: Final stage: ResultStage 0 (showString at NativeMethodAccessorImpl.java:0)
[2025-07-22T15:30:08.593+0000] {docker.py:436} INFO - 25/07/22 15:30:08 INFO DAGScheduler: Parents of final stage: List()
[2025-07-22T15:30:08.594+0000] {docker.py:436} INFO - 25/07/22 15:30:08 INFO DAGScheduler: Missing parents: List()
[2025-07-22T15:30:08.595+0000] {docker.py:436} INFO - 25/07/22 15:30:08 INFO DAGScheduler: Submitting ResultStage 0 (MapPartitionsRDD[6] at showString at NativeMethodAccessorImpl.java:0), which has no missing parents
[2025-07-22T15:30:08.654+0000] {docker.py:436} INFO - 25/07/22 15:30:08 INFO MemoryStore: Block broadcast_0 stored as values in memory (estimated size 18.5 KiB, free 434.4 MiB)
[2025-07-22T15:30:08.677+0000] {docker.py:436} INFO - 25/07/22 15:30:08 INFO MemoryStore: Block broadcast_0_piece0 stored as bytes in memory (estimated size 8.0 KiB, free 434.4 MiB)
[2025-07-22T15:30:08.679+0000] {docker.py:436} INFO - 25/07/22 15:30:08 INFO BlockManagerInfo: Added broadcast_0_piece0 in memory on 96521be6a3bd:46819 (size: 8.0 KiB, free: 434.4 MiB)
[2025-07-22T15:30:08.682+0000] {docker.py:436} INFO - 25/07/22 15:30:08 INFO SparkContext: Created broadcast 0 from broadcast at DAGScheduler.scala:1585
[2025-07-22T15:30:08.692+0000] {docker.py:436} INFO - 25/07/22 15:30:08 INFO DAGScheduler: Submitting 1 missing tasks from ResultStage 0 (MapPartitionsRDD[6] at showString at NativeMethodAccessorImpl.java:0) (first 15 tasks are for partitions Vector(0))
[2025-07-22T15:30:08.692+0000] {docker.py:436} INFO - 25/07/22 15:30:08 INFO TaskSchedulerImpl: Adding task set 0.0 with 1 tasks resource profile 0
[2025-07-22T15:30:08.723+0000] {docker.py:436} INFO - 25/07/22 15:30:08 INFO TaskSetManager: Starting task 0.0 in stage 0.0 (TID 0) (96521be6a3bd, executor driver, partition 0, PROCESS_LOCAL, 125351 bytes)
[2025-07-22T15:30:08.733+0000] {docker.py:436} INFO - 25/07/22 15:30:08 INFO Executor: Running task 0.0 in stage 0.0 (TID 0)
[2025-07-22T15:30:09.291+0000] {docker.py:436} INFO - 25/07/22 15:30:09 INFO CodeGenerator: Code generated in 30.61097 ms
[2025-07-22T15:30:09.375+0000] {docker.py:436} INFO - 25/07/22 15:30:09 INFO Executor: Finished task 0.0 in stage 0.0 (TID 0). 2854 bytes result sent to driver
[2025-07-22T15:30:09.382+0000] {docker.py:436} INFO - 25/07/22 15:30:09 INFO TaskSetManager: Finished task 0.0 in stage 0.0 (TID 0) in 668 ms on 96521be6a3bd (executor driver) (1/1)
[2025-07-22T15:30:09.383+0000] {docker.py:436} INFO - 25/07/22 15:30:09 INFO TaskSchedulerImpl: Removed TaskSet 0.0, whose tasks have all completed, from pool
[2025-07-22T15:30:09.385+0000] {docker.py:436} INFO - 25/07/22 15:30:09 INFO PythonAccumulatorV2: Connected to AccumulatorServer at host: 127.0.0.1 port: 42845
[2025-07-22T15:30:09.388+0000] {docker.py:436} INFO - 25/07/22 15:30:09 INFO DAGScheduler: ResultStage 0 (showString at NativeMethodAccessorImpl.java:0) finished in 0.785 s
[2025-07-22T15:30:09.390+0000] {docker.py:436} INFO - 25/07/22 15:30:09 INFO DAGScheduler: Job 0 is finished. Cancelling potential speculative or zombie tasks for this job
[2025-07-22T15:30:09.390+0000] {docker.py:436} INFO - 25/07/22 15:30:09 INFO TaskSchedulerImpl: Killing all running tasks in stage 0: Stage finished
[2025-07-22T15:30:09.391+0000] {docker.py:436} INFO - 25/07/22 15:30:09 INFO DAGScheduler: Job 0 finished: showString at NativeMethodAccessorImpl.java:0, took 0.808539 s
[2025-07-22T15:30:09.919+0000] {docker.py:436} INFO - 25/07/22 15:30:09 INFO BlockManagerInfo: Removed broadcast_0_piece0 on 96521be6a3bd:46819 in memory (size: 8.0 KiB, free: 434.4 MiB)
[2025-07-22T15:30:10.057+0000] {docker.py:436} INFO - 25/07/22 15:30:10 INFO CodeGenerator: Code generated in 22.322593 ms
[2025-07-22T15:30:10.065+0000] {docker.py:436} INFO - +------+--------+--------------+-------------+------------+---------+--------+-------------+---------+--------+----------+-------------+-------+------------+------+-----+---------------+
|icao24|callsign|origin_country|time_position|last_contact|longitude|latitude|baro_altitude|on_ground|velocity|true_track|vertical_rate|sensors|geo_altitude|squawk|spi  |position_source|
+------+--------+--------------+-------------+------------+---------+--------+-------------+---------+--------+----------+-------------+-------+------------+------+-----+---------------+
|ab2972|        |United States |1753197870   |1753197870  |-88.3636 |42.5226 |609.6        |false    |77.97   |355.08    |-0.33        |NULL   |NULL        |NULL  |false|0              |
|c07d0b|CGVJE   |Canada        |1753198179   |1753198179  |-73.5977 |45.5309 |525.78       |false    |46.04   |219.56    |-1.63        |NULL   |556.26      |NULL  |false|0              |
|a5f852|RTY484  |United States |1753198179   |1753198180  |-104.9621|40.457  |2057.4       |false    |44.76   |127.53    |0.98         |NULL   |2103.12     |NULL  |false|0              |
|e8027c|LPE2405 |Chile         |1753198178   |1753198178  |-68.1479 |-16.0964|10972.8      |false    |207.28  |287.63    |0.0          |NULL   |11666.22    |NULL  |false|0              |
|aa3cbe|N759PA  |United States |1753198177   |1753198178  |-111.8779|41.8373 |1661.16      |false    |52.99   |306.31    |3.9          |NULL   |1699.26     |NULL  |false|0              |
+------+--------+--------------+-------------+------------+---------+--------+-------------+---------+--------+----------+-------------+-------+------------+------+-----+---------------+
only showing top 5 rows
[2025-07-22T15:30:10.103+0000] {docker.py:436} INFO - DataFrame com a coluna de tempo transformada:
[2025-07-22T15:30:10.197+0000] {docker.py:436} INFO - 25/07/22 15:30:10 INFO CodeGenerator: Code generated in 10.682209 ms
[2025-07-22T15:30:10.207+0000] {docker.py:436} INFO - 25/07/22 15:30:10 INFO SparkContext: Starting job: showString at NativeMethodAccessorImpl.java:0
[2025-07-22T15:30:10.208+0000] {docker.py:436} INFO - 25/07/22 15:30:10 INFO DAGScheduler: Got job 1 (showString at NativeMethodAccessorImpl.java:0) with 1 output partitions
25/07/22 15:30:10 INFO DAGScheduler: Final stage: ResultStage 1 (showString at NativeMethodAccessorImpl.java:0)
[2025-07-22T15:30:10.208+0000] {docker.py:436} INFO - 25/07/22 15:30:10 INFO DAGScheduler: Parents of final stage: List()
[2025-07-22T15:30:10.209+0000] {docker.py:436} INFO - 25/07/22 15:30:10 INFO DAGScheduler: Missing parents: List()
[2025-07-22T15:30:10.209+0000] {docker.py:436} INFO - 25/07/22 15:30:10 INFO DAGScheduler: Submitting ResultStage 1 (MapPartitionsRDD[8] at showString at NativeMethodAccessorImpl.java:0), which has no missing parents
[2025-07-22T15:30:10.213+0000] {docker.py:436} INFO - 25/07/22 15:30:10 INFO MemoryStore: Block broadcast_1 stored as values in memory (estimated size 15.4 KiB, free 434.4 MiB)
[2025-07-22T15:30:10.217+0000] {docker.py:436} INFO - 25/07/22 15:30:10 INFO MemoryStore: Block broadcast_1_piece0 stored as bytes in memory (estimated size 7.8 KiB, free 434.4 MiB)
[2025-07-22T15:30:10.218+0000] {docker.py:436} INFO - 25/07/22 15:30:10 INFO BlockManagerInfo: Added broadcast_1_piece0 in memory on 96521be6a3bd:46819 (size: 7.8 KiB, free: 434.4 MiB)
[2025-07-22T15:30:10.218+0000] {docker.py:436} INFO - 25/07/22 15:30:10 INFO SparkContext: Created broadcast 1 from broadcast at DAGScheduler.scala:1585
[2025-07-22T15:30:10.219+0000] {docker.py:436} INFO - 25/07/22 15:30:10 INFO DAGScheduler: Submitting 1 missing tasks from ResultStage 1 (MapPartitionsRDD[8] at showString at NativeMethodAccessorImpl.java:0) (first 15 tasks are for partitions Vector(0))
[2025-07-22T15:30:10.220+0000] {docker.py:436} INFO - 25/07/22 15:30:10 INFO TaskSchedulerImpl: Adding task set 1.0 with 1 tasks resource profile 0
[2025-07-22T15:30:10.221+0000] {docker.py:436} INFO - 25/07/22 15:30:10 INFO TaskSetManager: Starting task 0.0 in stage 1.0 (TID 1) (96521be6a3bd, executor driver, partition 0, PROCESS_LOCAL, 125351 bytes)
[2025-07-22T15:30:10.222+0000] {docker.py:436} INFO - 25/07/22 15:30:10 INFO Executor: Running task 0.0 in stage 1.0 (TID 1)
[2025-07-22T15:30:10.245+0000] {docker.py:436} INFO - 25/07/22 15:30:10 INFO CodeGenerator: Code generated in 11.284088 ms
[2025-07-22T15:30:10.341+0000] {docker.py:436} INFO - 25/07/22 15:30:10 INFO Executor: Finished task 0.0 in stage 1.0 (TID 1). 2155 bytes result sent to driver
[2025-07-22T15:30:10.343+0000] {docker.py:436} INFO - 25/07/22 15:30:10 INFO TaskSetManager: Finished task 0.0 in stage 1.0 (TID 1) in 122 ms on 96521be6a3bd (executor driver) (1/1)
[2025-07-22T15:30:10.343+0000] {docker.py:436} INFO - 25/07/22 15:30:10 INFO TaskSchedulerImpl: Removed TaskSet 1.0, whose tasks have all completed, from pool
[2025-07-22T15:30:10.344+0000] {docker.py:436} INFO - 25/07/22 15:30:10 INFO DAGScheduler: ResultStage 1 (showString at NativeMethodAccessorImpl.java:0) finished in 0.133 s
[2025-07-22T15:30:10.344+0000] {docker.py:436} INFO - 25/07/22 15:30:10 INFO DAGScheduler: Job 1 is finished. Cancelling potential speculative or zombie tasks for this job
[2025-07-22T15:30:10.345+0000] {docker.py:436} INFO - 25/07/22 15:30:10 INFO TaskSchedulerImpl: Killing all running tasks in stage 1: Stage finished
[2025-07-22T15:30:10.345+0000] {docker.py:436} INFO - 25/07/22 15:30:10 INFO DAGScheduler: Job 1 finished: showString at NativeMethodAccessorImpl.java:0, took 0.138177 s
[2025-07-22T15:30:10.359+0000] {docker.py:436} INFO - 25/07/22 15:30:10 INFO CodeGenerator: Code generated in 8.971268 ms
[2025-07-22T15:30:10.361+0000] {docker.py:436} INFO - +--------+--------------+---------+--------+----------------------+
|callsign|origin_country|longitude|latitude|time_position_readable|
+--------+--------------+---------+--------+----------------------+
|        |United States |-88.3636 |42.5226 |2025-07-22 15:24:30   |
|CGVJE   |Canada        |-73.5977 |45.5309 |2025-07-22 15:29:39   |
|RTY484  |United States |-104.9621|40.457  |2025-07-22 15:29:39   |
|LPE2405 |Chile         |-68.1479 |-16.0964|2025-07-22 15:29:38   |
|N759PA  |United States |-111.8779|41.8373 |2025-07-22 15:29:37   |
+--------+--------------+---------+--------+----------------------+
only showing top 5 rows
[2025-07-22T15:30:10.361+0000] {docker.py:436} INFO - 25/07/22 15:30:10 INFO SparkContext: SparkContext is stopping with exitCode 0.
[2025-07-22T15:30:10.371+0000] {docker.py:436} INFO - 25/07/22 15:30:10 INFO SparkUI: Stopped Spark web UI at http://96521be6a3bd:4040
[2025-07-22T15:30:10.380+0000] {docker.py:436} INFO - 25/07/22 15:30:10 INFO MapOutputTrackerMasterEndpoint: MapOutputTrackerMasterEndpoint stopped!
[2025-07-22T15:30:10.394+0000] {docker.py:436} INFO - 25/07/22 15:30:10 INFO MemoryStore: MemoryStore cleared
[2025-07-22T15:30:10.395+0000] {docker.py:436} INFO - 25/07/22 15:30:10 INFO BlockManager: BlockManager stopped
[2025-07-22T15:30:10.397+0000] {docker.py:436} INFO - 25/07/22 15:30:10 INFO BlockManagerMaster: BlockManagerMaster stopped
[2025-07-22T15:30:10.399+0000] {docker.py:436} INFO - 25/07/22 15:30:10 INFO OutputCommitCoordinator$OutputCommitCoordinatorEndpoint: OutputCommitCoordinator stopped!
[2025-07-22T15:30:10.409+0000] {docker.py:436} INFO - 25/07/22 15:30:10 INFO SparkContext: Successfully stopped SparkContext
[2025-07-22T15:30:11.383+0000] {docker.py:436} INFO - 25/07/22 15:30:11 INFO ShutdownHookManager: Shutdown hook called
[2025-07-22T15:30:11.383+0000] {docker.py:436} INFO - 25/07/22 15:30:11 INFO ShutdownHookManager: Deleting directory /tmp/spark-101d134c-640e-4e76-95dc-a24209a96dfd/pyspark-37be4606-b06a-49f6-8240-f76fa588556d
[2025-07-22T15:30:11.386+0000] {docker.py:436} INFO - 25/07/22 15:30:11 INFO ShutdownHookManager: Deleting directory /tmp/spark-101d134c-640e-4e76-95dc-a24209a96dfd
[2025-07-22T15:30:11.389+0000] {docker.py:436} INFO - 25/07/22 15:30:11 INFO ShutdownHookManager: Deleting directory /tmp/spark-566f078f-320d-4f3d-b138-491de5121539
[2025-07-22T15:30:11.861+0000] {taskinstance.py:441} INFO - ::group::Post task execution logs
[2025-07-22T15:30:11.878+0000] {taskinstance.py:1206} INFO - Marking task as SUCCESS. dag_id=flight_data_pipeline, task_id=run_spark_job_container, run_id=scheduled__2025-07-22T15:15:00+00:00, execution_date=20250722T151500, start_date=20250722T153001, end_date=20250722T153011
[2025-07-22T15:30:11.910+0000] {local_task_job_runner.py:240} INFO - Task exited with return code 0
[2025-07-22T15:30:11.921+0000] {taskinstance.py:3503} INFO - 0 downstream tasks scheduled from follow-on schedule check
[2025-07-22T15:30:11.923+0000] {local_task_job_runner.py:222} INFO - ::endgroup::
