[2025-07-22T20:00:02.146+0000] {local_task_job_runner.py:120} INFO - ::group::Pre task execution logs
[2025-07-22T20:00:02.163+0000] {taskinstance.py:2076} INFO - Dependencies all met for dep_context=non-requeueable deps ti=<TaskInstance: flight_data_pipeline.run_spark_job_container scheduled__2025-07-22T19:45:00+00:00 [queued]>
[2025-07-22T20:00:02.168+0000] {taskinstance.py:2076} INFO - Dependencies all met for dep_context=requeueable deps ti=<TaskInstance: flight_data_pipeline.run_spark_job_container scheduled__2025-07-22T19:45:00+00:00 [queued]>
[2025-07-22T20:00:02.168+0000] {taskinstance.py:2306} INFO - Starting attempt 1 of 1
[2025-07-22T20:00:02.178+0000] {taskinstance.py:2330} INFO - Executing <Task(DockerOperator): run_spark_job_container> on 2025-07-22 19:45:00+00:00
[2025-07-22T20:00:02.183+0000] {warnings.py:112} WARNING - /home/***/.local/lib/python3.12/site-packages/***/task/task_runner/standard_task_runner.py:61: DeprecationWarning: This process (pid=2898) is multi-threaded, use of fork() may lead to deadlocks in the child.
  pid = os.fork()

[2025-07-22T20:00:02.184+0000] {standard_task_runner.py:63} INFO - Started process 2900 to run task
[2025-07-22T20:00:02.184+0000] {standard_task_runner.py:90} INFO - Running: ['***', 'tasks', 'run', 'flight_data_pipeline', 'run_spark_job_container', 'scheduled__2025-07-22T19:45:00+00:00', '--job-id', '50', '--raw', '--subdir', 'DAGS_FOLDER/flight_pipeline_dag.py', '--cfg-path', '/tmp/tmp0hgbbseb']
[2025-07-22T20:00:02.186+0000] {standard_task_runner.py:91} INFO - Job 50: Subtask run_spark_job_container
[2025-07-22T20:00:02.220+0000] {task_command.py:426} INFO - Running <TaskInstance: flight_data_pipeline.run_spark_job_container scheduled__2025-07-22T19:45:00+00:00 [running]> on host d77a53274a34
[2025-07-22T20:00:02.289+0000] {taskinstance.py:2648} INFO - Exporting env vars: AIRFLOW_CTX_DAG_OWNER='***' AIRFLOW_CTX_DAG_ID='flight_data_pipeline' AIRFLOW_CTX_TASK_ID='run_spark_job_container' AIRFLOW_CTX_EXECUTION_DATE='2025-07-22T19:45:00+00:00' AIRFLOW_CTX_TRY_NUMBER='1' AIRFLOW_CTX_DAG_RUN_ID='scheduled__2025-07-22T19:45:00+00:00'
[2025-07-22T20:00:02.290+0000] {taskinstance.py:430} INFO - ::endgroup::
[2025-07-22T20:00:02.304+0000] {docker.py:366} INFO - Starting docker container from image realtime-flight-pipeline/spark-job:0.6
[2025-07-22T20:00:02.307+0000] {docker.py:374} WARNING - Using remote engine or docker-in-docker and mounting temporary volume from host is not supported. Falling back to `mount_tmp_dir=False` mode. You can set `mount_tmp_dir` parameter to False to disable mounting and remove the warning
[2025-07-22T20:00:02.558+0000] {docker.py:436} INFO - [38;5;6mspark [38;5;5m20:00:02.55 [0m[38;5;2mINFO [0m ==>
[2025-07-22T20:00:02.560+0000] {docker.py:436} INFO - [38;5;6mspark [38;5;5m20:00:02.55 [0m[38;5;2mINFO [0m ==> [1mWelcome to the Bitnami spark container[0m
[2025-07-22T20:00:02.561+0000] {docker.py:436} INFO - [38;5;6mspark [38;5;5m20:00:02.56 [0m[38;5;2mINFO [0m ==> Subscribe to project updates by watching [1mhttps://github.com/bitnami/containers[0m
[2025-07-22T20:00:02.562+0000] {docker.py:436} INFO - [38;5;6mspark [38;5;5m20:00:02.56 [0m[38;5;2mINFO [0m ==> Submit issues and feature requests at [1mhttps://github.com/bitnami/containers/issues[0m
[2025-07-22T20:00:02.563+0000] {docker.py:436} INFO - [38;5;6mspark [38;5;5m20:00:02.56 [0m[38;5;2mINFO [0m ==> Upgrade to Tanzu Application Catalog for production environments to access custom-configured and pre-packaged software components. Gain enhanced features, including Software Bill of Materials (SBOM), CVE scan result reports, and VEX documents. To learn more, visit [1mhttps://bitnami.com/enterprise[0m
[2025-07-22T20:00:02.564+0000] {docker.py:436} INFO - [38;5;6mspark [38;5;5m20:00:02.56 [0m[38;5;2mINFO [0m ==>
[2025-07-22T20:00:02.566+0000] {docker.py:436} INFO - 
[2025-07-22T20:00:04.712+0000] {docker.py:436} INFO - 25/07/22 20:00:04 INFO SparkContext: Running Spark version 3.5.1
[2025-07-22T20:00:04.713+0000] {docker.py:436} INFO - 25/07/22 20:00:04 INFO SparkContext: OS info Linux, 5.15.167.4-microsoft-standard-WSL2, amd64
[2025-07-22T20:00:04.714+0000] {docker.py:436} INFO - 25/07/22 20:00:04 INFO SparkContext: Java version 17.0.12
[2025-07-22T20:00:04.733+0000] {docker.py:436} INFO - 25/07/22 20:00:04 INFO ResourceUtils: ==============================================================
[2025-07-22T20:00:04.734+0000] {docker.py:436} INFO - 25/07/22 20:00:04 INFO ResourceUtils: No custom resources configured for spark.driver.
[2025-07-22T20:00:04.734+0000] {docker.py:436} INFO - 25/07/22 20:00:04 INFO ResourceUtils: ==============================================================
[2025-07-22T20:00:04.734+0000] {docker.py:436} INFO - 25/07/22 20:00:04 INFO SparkContext: Submitted application: FlightDataProcessing
[2025-07-22T20:00:04.748+0000] {docker.py:436} INFO - 25/07/22 20:00:04 INFO ResourceProfile: Default ResourceProfile created, executor resources: Map(cores -> name: cores, amount: 1, script: , vendor: , memory -> name: memory, amount: 1024, script: , vendor: , offHeap -> name: offHeap, amount: 0, script: , vendor: ), task resources: Map(cpus -> name: cpus, amount: 1.0)
[2025-07-22T20:00:04.754+0000] {docker.py:436} INFO - 25/07/22 20:00:04 INFO ResourceProfile: Limiting resource is cpu
[2025-07-22T20:00:04.755+0000] {docker.py:436} INFO - 25/07/22 20:00:04 INFO ResourceProfileManager: Added ResourceProfile id: 0
[2025-07-22T20:00:04.787+0000] {docker.py:436} INFO - 25/07/22 20:00:04 INFO SecurityManager: Changing view acls to: root,spark
[2025-07-22T20:00:04.787+0000] {docker.py:436} INFO - 25/07/22 20:00:04 INFO SecurityManager: Changing modify acls to: root,spark
[2025-07-22T20:00:04.788+0000] {docker.py:436} INFO - 25/07/22 20:00:04 INFO SecurityManager: Changing view acls groups to:
[2025-07-22T20:00:04.788+0000] {docker.py:436} INFO - 25/07/22 20:00:04 INFO SecurityManager: Changing modify acls groups to:
[2025-07-22T20:00:04.788+0000] {docker.py:436} INFO - 25/07/22 20:00:04 INFO SecurityManager: SecurityManager: authentication disabled; ui acls disabled; users with view permissions: root, spark; groups with view permissions: EMPTY; users with modify permissions: root, spark; groups with modify permissions: EMPTY
[2025-07-22T20:00:04.826+0000] {docker.py:436} INFO - 25/07/22 20:00:04 WARN NativeCodeLoader: Unable to load native-hadoop library for your platform... using builtin-java classes where applicable
[2025-07-22T20:00:05.015+0000] {docker.py:436} INFO - 25/07/22 20:00:05 INFO Utils: Successfully started service 'sparkDriver' on port 40019.
[2025-07-22T20:00:05.036+0000] {docker.py:436} INFO - 25/07/22 20:00:05 INFO SparkEnv: Registering MapOutputTracker
[2025-07-22T20:00:05.064+0000] {docker.py:436} INFO - 25/07/22 20:00:05 INFO SparkEnv: Registering BlockManagerMaster
[2025-07-22T20:00:05.078+0000] {docker.py:436} INFO - 25/07/22 20:00:05 INFO BlockManagerMasterEndpoint: Using org.apache.spark.storage.DefaultTopologyMapper for getting topology information
[2025-07-22T20:00:05.079+0000] {docker.py:436} INFO - 25/07/22 20:00:05 INFO BlockManagerMasterEndpoint: BlockManagerMasterEndpoint up
[2025-07-22T20:00:05.082+0000] {docker.py:436} INFO - 25/07/22 20:00:05 INFO SparkEnv: Registering BlockManagerMasterHeartbeat
[2025-07-22T20:00:05.098+0000] {docker.py:436} INFO - 25/07/22 20:00:05 INFO DiskBlockManager: Created local directory at /tmp/blockmgr-e95af4ad-37ea-4875-9717-2cb6a1410ba2
[2025-07-22T20:00:05.110+0000] {docker.py:436} INFO - 25/07/22 20:00:05 INFO MemoryStore: MemoryStore started with capacity 434.4 MiB
[2025-07-22T20:00:05.123+0000] {docker.py:436} INFO - 25/07/22 20:00:05 INFO SparkEnv: Registering OutputCommitCoordinator
[2025-07-22T20:00:05.213+0000] {docker.py:436} INFO - 25/07/22 20:00:05 INFO JettyUtils: Start Jetty 0.0.0.0:4040 for SparkUI
[2025-07-22T20:00:05.255+0000] {docker.py:436} INFO - 25/07/22 20:00:05 INFO Utils: Successfully started service 'SparkUI' on port 4040.
[2025-07-22T20:00:05.337+0000] {docker.py:436} INFO - 25/07/22 20:00:05 INFO Executor: Starting executor ID driver on host 4d0db9969fbb
[2025-07-22T20:00:05.337+0000] {docker.py:436} INFO - 25/07/22 20:00:05 INFO Executor: OS info Linux, 5.15.167.4-microsoft-standard-WSL2, amd64
[2025-07-22T20:00:05.338+0000] {docker.py:436} INFO - 25/07/22 20:00:05 INFO Executor: Java version 17.0.12
[2025-07-22T20:00:05.343+0000] {docker.py:436} INFO - 25/07/22 20:00:05 INFO Executor: Starting executor with user classpath (userClassPathFirst = false): ''
[2025-07-22T20:00:05.343+0000] {docker.py:436} INFO - 25/07/22 20:00:05 INFO Executor: Created or updated repl class loader org.apache.spark.util.MutableURLClassLoader@2926c692 for default.
[2025-07-22T20:00:05.358+0000] {docker.py:436} INFO - 25/07/22 20:00:05 INFO Utils: Successfully started service 'org.apache.spark.network.netty.NettyBlockTransferService' on port 38747.
25/07/22 20:00:05 INFO NettyBlockTransferService: Server created on 4d0db9969fbb:38747
[2025-07-22T20:00:05.360+0000] {docker.py:436} INFO - 25/07/22 20:00:05 INFO BlockManager: Using org.apache.spark.storage.RandomBlockReplicationPolicy for block replication policy
[2025-07-22T20:00:05.364+0000] {docker.py:436} INFO - 25/07/22 20:00:05 INFO BlockManagerMaster: Registering BlockManager BlockManagerId(driver, 4d0db9969fbb, 38747, None)
[2025-07-22T20:00:05.366+0000] {docker.py:436} INFO - 25/07/22 20:00:05 INFO BlockManagerMasterEndpoint: Registering block manager 4d0db9969fbb:38747 with 434.4 MiB RAM, BlockManagerId(driver, 4d0db9969fbb, 38747, None)
[2025-07-22T20:00:05.368+0000] {docker.py:436} INFO - 25/07/22 20:00:05 INFO BlockManagerMaster: Registered BlockManager BlockManagerId(driver, 4d0db9969fbb, 38747, None)
[2025-07-22T20:00:05.369+0000] {docker.py:436} INFO - 25/07/22 20:00:05 INFO BlockManager: Initialized BlockManager: BlockManagerId(driver, 4d0db9969fbb, 38747, None)
[2025-07-22T20:00:05.624+0000] {docker.py:436} INFO - Sessão Spark criada com sucesso!
[2025-07-22T20:00:08.206+0000] {docker.py:436} INFO - 25/07/22 20:00:08 INFO SharedState: Setting hive.metastore.warehouse.dir ('null') to the value of spark.sql.warehouse.dir.
[2025-07-22T20:00:08.212+0000] {docker.py:436} INFO - 25/07/22 20:00:08 INFO SharedState: Warehouse path is 'file:/app/spark-warehouse'.
[2025-07-22T20:00:09.158+0000] {docker.py:436} INFO - Iniciando escrita dos dados no PostgreSQL...
[2025-07-22T20:00:09.713+0000] {docker.py:436} INFO - 25/07/22 20:00:09 WARN SparkStringUtils: Truncated the string representation of a plan since it was too large. This behavior can be adjusted by setting 'spark.sql.debug.maxToStringFields'.
[2025-07-22T20:00:09.930+0000] {docker.py:436} INFO - 25/07/22 20:00:09 INFO CodeGenerator: Code generated in 134.907967 ms
[2025-07-22T20:00:10.017+0000] {docker.py:436} INFO - 25/07/22 20:00:10 INFO SparkContext: Starting job: jdbc at NativeMethodAccessorImpl.java:0
[2025-07-22T20:00:10.028+0000] {docker.py:436} INFO - 25/07/22 20:00:10 INFO DAGScheduler: Got job 0 (jdbc at NativeMethodAccessorImpl.java:0) with 12 output partitions
[2025-07-22T20:00:10.029+0000] {docker.py:436} INFO - 25/07/22 20:00:10 INFO DAGScheduler: Final stage: ResultStage 0 (jdbc at NativeMethodAccessorImpl.java:0)
[2025-07-22T20:00:10.029+0000] {docker.py:436} INFO - 25/07/22 20:00:10 INFO DAGScheduler: Parents of final stage: List()
[2025-07-22T20:00:10.030+0000] {docker.py:436} INFO - 25/07/22 20:00:10 INFO DAGScheduler: Missing parents: List()
[2025-07-22T20:00:10.032+0000] {docker.py:436} INFO - 25/07/22 20:00:10 INFO DAGScheduler: Submitting ResultStage 0 (MapPartitionsRDD[8] at jdbc at NativeMethodAccessorImpl.java:0), which has no missing parents
[2025-07-22T20:00:10.114+0000] {docker.py:436} INFO - 25/07/22 20:00:10 INFO MemoryStore: Block broadcast_0 stored as values in memory (estimated size 39.3 KiB, free 434.4 MiB)
[2025-07-22T20:00:10.136+0000] {docker.py:436} INFO - 25/07/22 20:00:10 INFO MemoryStore: Block broadcast_0_piece0 stored as bytes in memory (estimated size 17.9 KiB, free 434.3 MiB)
[2025-07-22T20:00:10.139+0000] {docker.py:436} INFO - 25/07/22 20:00:10 INFO BlockManagerInfo: Added broadcast_0_piece0 in memory on 4d0db9969fbb:38747 (size: 17.9 KiB, free: 434.4 MiB)
[2025-07-22T20:00:10.141+0000] {docker.py:436} INFO - 25/07/22 20:00:10 INFO SparkContext: Created broadcast 0 from broadcast at DAGScheduler.scala:1585
[2025-07-22T20:00:10.152+0000] {docker.py:436} INFO - 25/07/22 20:00:10 INFO DAGScheduler: Submitting 12 missing tasks from ResultStage 0 (MapPartitionsRDD[8] at jdbc at NativeMethodAccessorImpl.java:0) (first 15 tasks are for partitions Vector(0, 1, 2, 3, 4, 5, 6, 7, 8, 9, 10, 11))
[2025-07-22T20:00:10.153+0000] {docker.py:436} INFO - 25/07/22 20:00:10 INFO TaskSchedulerImpl: Adding task set 0.0 with 12 tasks resource profile 0
[2025-07-22T20:00:10.187+0000] {docker.py:436} INFO - 25/07/22 20:00:10 INFO TaskSetManager: Starting task 0.0 in stage 0.0 (TID 0) (4d0db9969fbb, executor driver, partition 0, PROCESS_LOCAL, 112757 bytes)
[2025-07-22T20:00:10.190+0000] {docker.py:436} INFO - 25/07/22 20:00:10 INFO TaskSetManager: Starting task 1.0 in stage 0.0 (TID 1) (4d0db9969fbb, executor driver, partition 1, PROCESS_LOCAL, 113875 bytes)
[2025-07-22T20:00:10.191+0000] {docker.py:436} INFO - 25/07/22 20:00:10 INFO TaskSetManager: Starting task 2.0 in stage 0.0 (TID 2) (4d0db9969fbb, executor driver, partition 2, PROCESS_LOCAL, 114292 bytes)
[2025-07-22T20:00:10.191+0000] {docker.py:436} INFO - 25/07/22 20:00:10 INFO TaskSetManager: Starting task 3.0 in stage 0.0 (TID 3) (4d0db9969fbb, executor driver, partition 3, PROCESS_LOCAL, 113319 bytes)
[2025-07-22T20:00:10.191+0000] {docker.py:436} INFO - 25/07/22 20:00:10 INFO TaskSetManager: Starting task 4.0 in stage 0.0 (TID 4) (4d0db9969fbb, executor driver, partition 4, PROCESS_LOCAL, 113136 bytes)
[2025-07-22T20:00:10.192+0000] {docker.py:436} INFO - 25/07/22 20:00:10 INFO TaskSetManager: Starting task 5.0 in stage 0.0 (TID 5) (4d0db9969fbb, executor driver, partition 5, PROCESS_LOCAL, 113156 bytes)
[2025-07-22T20:00:10.192+0000] {docker.py:436} INFO - 25/07/22 20:00:10 INFO TaskSetManager: Starting task 6.0 in stage 0.0 (TID 6) (4d0db9969fbb, executor driver, partition 6, PROCESS_LOCAL, 113419 bytes)
[2025-07-22T20:00:10.193+0000] {docker.py:436} INFO - 25/07/22 20:00:10 INFO TaskSetManager: Starting task 7.0 in stage 0.0 (TID 7) (4d0db9969fbb, executor driver, partition 7, PROCESS_LOCAL, 113946 bytes)
[2025-07-22T20:00:10.193+0000] {docker.py:436} INFO - 25/07/22 20:00:10 INFO TaskSetManager: Starting task 8.0 in stage 0.0 (TID 8) (4d0db9969fbb, executor driver, partition 8, PROCESS_LOCAL, 113916 bytes)
[2025-07-22T20:00:10.194+0000] {docker.py:436} INFO - 25/07/22 20:00:10 INFO TaskSetManager: Starting task 9.0 in stage 0.0 (TID 9) (4d0db9969fbb, executor driver, partition 9, PROCESS_LOCAL, 113826 bytes)
[2025-07-22T20:00:10.194+0000] {docker.py:436} INFO - 25/07/22 20:00:10 INFO TaskSetManager: Starting task 10.0 in stage 0.0 (TID 10) (4d0db9969fbb, executor driver, partition 10, PROCESS_LOCAL, 113388 bytes)
[2025-07-22T20:00:10.195+0000] {docker.py:436} INFO - 25/07/22 20:00:10 INFO TaskSetManager: Starting task 11.0 in stage 0.0 (TID 11) (4d0db9969fbb, executor driver, partition 11, PROCESS_LOCAL, 113916 bytes)
[2025-07-22T20:00:10.205+0000] {docker.py:436} INFO - 25/07/22 20:00:10 INFO Executor: Running task 4.0 in stage 0.0 (TID 4)
25/07/22 20:00:10 INFO Executor: Running task 9.0 in stage 0.0 (TID 9)
25/07/22 20:00:10 INFO Executor: Running task 8.0 in stage 0.0 (TID 8)
25/07/22 20:00:10 INFO Executor: Running task 11.0 in stage 0.0 (TID 11)
25/07/22 20:00:10 INFO Executor: Running task 7.0 in stage 0.0 (TID 7)
25/07/22 20:00:10 INFO Executor: Running task 1.0 in stage 0.0 (TID 1)
[2025-07-22T20:00:10.206+0000] {docker.py:436} INFO - 25/07/22 20:00:10 INFO Executor: Running task 5.0 in stage 0.0 (TID 5)
[2025-07-22T20:00:10.207+0000] {docker.py:436} INFO - 25/07/22 20:00:10 INFO Executor: Running task 0.0 in stage 0.0 (TID 0)
25/07/22 20:00:10 INFO Executor: Running task 3.0 in stage 0.0 (TID 3)
25/07/22 20:00:10 INFO Executor: Running task 2.0 in stage 0.0 (TID 2)
[2025-07-22T20:00:10.208+0000] {docker.py:436} INFO - 25/07/22 20:00:10 INFO Executor: Running task 10.0 in stage 0.0 (TID 10)
25/07/22 20:00:10 INFO Executor: Running task 6.0 in stage 0.0 (TID 6)
[2025-07-22T20:00:10.902+0000] {docker.py:436} INFO - 25/07/22 20:00:10 INFO CodeGenerator: Code generated in 34.396124 ms
[2025-07-22T20:00:11.754+0000] {docker.py:436} INFO - 25/07/22 20:00:11 INFO CodeGenerator: Code generated in 32.774862 ms
[2025-07-22T20:00:11.925+0000] {docker.py:436} INFO - 25/07/22 20:00:11 INFO PythonRunner: Times: total = 665, boot = 486, init = 176, finish = 3
[2025-07-22T20:00:11.934+0000] {docker.py:436} INFO - 25/07/22 20:00:11 INFO PythonRunner: Times: total = 765, boot = 547, init = 216, finish = 2
[2025-07-22T20:00:11.939+0000] {docker.py:436} INFO - 25/07/22 20:00:11 INFO PythonRunner: Times: total = 771, boot = 537, init = 232, finish = 2
[2025-07-22T20:00:11.950+0000] {docker.py:436} INFO - 25/07/22 20:00:11 INFO PythonRunner: Times: total = 687, boot = 494, init = 191, finish = 2
[2025-07-22T20:00:11.951+0000] {docker.py:436} INFO - 25/07/22 20:00:11 INFO PythonRunner: Times: total = 656, boot = 473, init = 180, finish = 3
[2025-07-22T20:00:11.952+0000] {docker.py:436} INFO - 25/07/22 20:00:11 INFO PythonRunner: Times: total = 766, boot = 525, init = 239, finish = 2
[2025-07-22T20:00:11.968+0000] {docker.py:436} INFO - 25/07/22 20:00:11 INFO PythonRunner: Times: total = 693, boot = 482, init = 208, finish = 3
[2025-07-22T20:00:11.972+0000] {docker.py:436} INFO - 25/07/22 20:00:11 INFO PythonRunner: Times: total = 794, boot = 556, init = 236, finish = 2
25/07/22 20:00:11 INFO PythonRunner: Times: total = 693, boot = 475, init = 215, finish = 3
[2025-07-22T20:00:11.978+0000] {docker.py:436} INFO - 25/07/22 20:00:11 INFO PythonRunner: Times: total = 693, boot = 489, init = 201, finish = 3
[2025-07-22T20:00:11.983+0000] {docker.py:436} INFO - 25/07/22 20:00:11 INFO PythonRunner: Times: total = 740, boot = 479, init = 259, finish = 2
[2025-07-22T20:00:12.007+0000] {docker.py:436} INFO - 25/07/22 20:00:11 INFO PythonRunner: Times: total = 687, boot = 499, init = 184, finish = 4
[2025-07-22T20:00:12.038+0000] {docker.py:436} INFO - 25/07/22 20:00:12 INFO Executor: Finished task 4.0 in stage 0.0 (TID 4). 1806 bytes result sent to driver
25/07/22 20:00:12 INFO Executor: Finished task 5.0 in stage 0.0 (TID 5). 1763 bytes result sent to driver
[2025-07-22T20:00:12.039+0000] {docker.py:436} INFO - 25/07/22 20:00:12 INFO Executor: Finished task 0.0 in stage 0.0 (TID 0). 1763 bytes result sent to driver
25/07/22 20:00:12 INFO Executor: Finished task 2.0 in stage 0.0 (TID 2). 1763 bytes result sent to driver
[2025-07-22T20:00:12.039+0000] {docker.py:436} INFO - 25/07/22 20:00:12 INFO Executor: Finished task 9.0 in stage 0.0 (TID 9). 1806 bytes result sent to driver
25/07/22 20:00:12 INFO Executor: Finished task 8.0 in stage 0.0 (TID 8). 1763 bytes result sent to driver
25/07/22 20:00:12 INFO Executor: Finished task 7.0 in stage 0.0 (TID 7). 1806 bytes result sent to driver
[2025-07-22T20:00:12.042+0000] {docker.py:436} INFO - 25/07/22 20:00:12 INFO Executor: Finished task 10.0 in stage 0.0 (TID 10). 1763 bytes result sent to driver
[2025-07-22T20:00:12.043+0000] {docker.py:436} INFO - 25/07/22 20:00:12 INFO Executor: Finished task 1.0 in stage 0.0 (TID 1). 1763 bytes result sent to driver
[2025-07-22T20:00:12.044+0000] {docker.py:436} INFO - 25/07/22 20:00:12 INFO Executor: Finished task 6.0 in stage 0.0 (TID 6). 1763 bytes result sent to driver
25/07/22 20:00:12 INFO Executor: Finished task 3.0 in stage 0.0 (TID 3). 1763 bytes result sent to driver
[2025-07-22T20:00:12.049+0000] {docker.py:436} INFO - 25/07/22 20:00:12 INFO Executor: Finished task 11.0 in stage 0.0 (TID 11). 1763 bytes result sent to driver
[2025-07-22T20:00:12.051+0000] {docker.py:436} INFO - 25/07/22 20:00:12 INFO TaskSetManager: Finished task 8.0 in stage 0.0 (TID 8) in 1856 ms on 4d0db9969fbb (executor driver) (1/12)
[2025-07-22T20:00:12.053+0000] {docker.py:436} INFO - 25/07/22 20:00:12 INFO TaskSetManager: Finished task 4.0 in stage 0.0 (TID 4) in 1861 ms on 4d0db9969fbb (executor driver) (2/12)
[2025-07-22T20:00:12.054+0000] {docker.py:436} INFO - 25/07/22 20:00:12 INFO TaskSetManager: Finished task 5.0 in stage 0.0 (TID 5) in 1862 ms on 4d0db9969fbb (executor driver) (3/12)
[2025-07-22T20:00:12.055+0000] {docker.py:436} INFO - 25/07/22 20:00:12 INFO TaskSetManager: Finished task 2.0 in stage 0.0 (TID 2) in 1864 ms on 4d0db9969fbb (executor driver) (4/12)
[2025-07-22T20:00:12.056+0000] {docker.py:436} INFO - 25/07/22 20:00:12 INFO TaskSetManager: Finished task 9.0 in stage 0.0 (TID 9) in 1861 ms on 4d0db9969fbb (executor driver) (5/12)
[2025-07-22T20:00:12.056+0000] {docker.py:436} INFO - 25/07/22 20:00:12 INFO TaskSetManager: Finished task 10.0 in stage 0.0 (TID 10) in 1860 ms on 4d0db9969fbb (executor driver) (6/12)
[2025-07-22T20:00:12.057+0000] {docker.py:436} INFO - 25/07/22 20:00:12 INFO TaskSetManager: Finished task 7.0 in stage 0.0 (TID 7) in 1863 ms on 4d0db9969fbb (executor driver) (7/12)
25/07/22 20:00:12 INFO PythonAccumulatorV2: Connected to AccumulatorServer at host: 127.0.0.1 port: 56013
[2025-07-22T20:00:12.058+0000] {docker.py:436} INFO - 25/07/22 20:00:12 INFO TaskSetManager: Finished task 1.0 in stage 0.0 (TID 1) in 1866 ms on 4d0db9969fbb (executor driver) (8/12)
[2025-07-22T20:00:12.058+0000] {docker.py:436} INFO - 25/07/22 20:00:12 INFO TaskSetManager: Finished task 11.0 in stage 0.0 (TID 11) in 1862 ms on 4d0db9969fbb (executor driver) (9/12)
[2025-07-22T20:00:12.059+0000] {docker.py:436} INFO - 25/07/22 20:00:12 INFO TaskSetManager: Finished task 0.0 in stage 0.0 (TID 0) in 1880 ms on 4d0db9969fbb (executor driver) (10/12)
[2025-07-22T20:00:12.060+0000] {docker.py:436} INFO - 25/07/22 20:00:12 INFO TaskSetManager: Finished task 3.0 in stage 0.0 (TID 3) in 1869 ms on 4d0db9969fbb (executor driver) (11/12)
[2025-07-22T20:00:12.061+0000] {docker.py:436} INFO - 25/07/22 20:00:12 INFO TaskSetManager: Finished task 6.0 in stage 0.0 (TID 6) in 1868 ms on 4d0db9969fbb (executor driver) (12/12)
[2025-07-22T20:00:12.062+0000] {docker.py:436} INFO - 25/07/22 20:00:12 INFO TaskSchedulerImpl: Removed TaskSet 0.0, whose tasks have all completed, from pool
[2025-07-22T20:00:12.073+0000] {docker.py:436} INFO - 25/07/22 20:00:12 INFO DAGScheduler: ResultStage 0 (jdbc at NativeMethodAccessorImpl.java:0) finished in 2.032 s
[2025-07-22T20:00:12.076+0000] {docker.py:436} INFO - 25/07/22 20:00:12 INFO DAGScheduler: Job 0 is finished. Cancelling potential speculative or zombie tasks for this job
[2025-07-22T20:00:12.077+0000] {docker.py:436} INFO - 25/07/22 20:00:12 INFO TaskSchedulerImpl: Killing all running tasks in stage 0: Stage finished
[2025-07-22T20:00:12.078+0000] {docker.py:436} INFO - 25/07/22 20:00:12 INFO DAGScheduler: Job 0 finished: jdbc at NativeMethodAccessorImpl.java:0, took 2.060904 s
[2025-07-22T20:00:12.289+0000] {docker.py:436} INFO - 25/07/22 20:00:12 INFO CodeGenerator: Code generated in 13.460008 ms
[2025-07-22T20:00:12.306+0000] {docker.py:436} INFO - 25/07/22 20:00:12 INFO DAGScheduler: Registering RDD 10 (count at NativeMethodAccessorImpl.java:0) as input to shuffle 0
[2025-07-22T20:00:12.309+0000] {docker.py:436} INFO - 25/07/22 20:00:12 INFO DAGScheduler: Got map stage job 1 (count at NativeMethodAccessorImpl.java:0) with 12 output partitions
[2025-07-22T20:00:12.310+0000] {docker.py:436} INFO - 25/07/22 20:00:12 INFO DAGScheduler: Final stage: ShuffleMapStage 1 (count at NativeMethodAccessorImpl.java:0)
[2025-07-22T20:00:12.310+0000] {docker.py:436} INFO - 25/07/22 20:00:12 INFO DAGScheduler: Parents of final stage: List()
[2025-07-22T20:00:12.311+0000] {docker.py:436} INFO - 25/07/22 20:00:12 INFO DAGScheduler: Missing parents: List()
[2025-07-22T20:00:12.313+0000] {docker.py:436} INFO - 25/07/22 20:00:12 INFO DAGScheduler: Submitting ShuffleMapStage 1 (MapPartitionsRDD[10] at count at NativeMethodAccessorImpl.java:0), which has no missing parents
[2025-07-22T20:00:12.327+0000] {docker.py:436} INFO - 25/07/22 20:00:12 INFO MemoryStore: Block broadcast_1 stored as values in memory (estimated size 17.1 KiB, free 434.3 MiB)
[2025-07-22T20:00:12.329+0000] {docker.py:436} INFO - 25/07/22 20:00:12 INFO MemoryStore: Block broadcast_1_piece0 stored as bytes in memory (estimated size 8.8 KiB, free 434.3 MiB)
[2025-07-22T20:00:12.329+0000] {docker.py:436} INFO - 25/07/22 20:00:12 INFO BlockManagerInfo: Added broadcast_1_piece0 in memory on 4d0db9969fbb:38747 (size: 8.8 KiB, free: 434.4 MiB)
[2025-07-22T20:00:12.330+0000] {docker.py:436} INFO - 25/07/22 20:00:12 INFO SparkContext: Created broadcast 1 from broadcast at DAGScheduler.scala:1585
[2025-07-22T20:00:12.332+0000] {docker.py:436} INFO - 25/07/22 20:00:12 INFO DAGScheduler: Submitting 12 missing tasks from ShuffleMapStage 1 (MapPartitionsRDD[10] at count at NativeMethodAccessorImpl.java:0) (first 15 tasks are for partitions Vector(0, 1, 2, 3, 4, 5, 6, 7, 8, 9, 10, 11))
[2025-07-22T20:00:12.334+0000] {docker.py:436} INFO - 25/07/22 20:00:12 INFO TaskSchedulerImpl: Adding task set 1.0 with 12 tasks resource profile 0
[2025-07-22T20:00:12.337+0000] {docker.py:436} INFO - 25/07/22 20:00:12 INFO TaskSetManager: Starting task 0.0 in stage 1.0 (TID 12) (4d0db9969fbb, executor driver, partition 0, PROCESS_LOCAL, 112746 bytes)
[2025-07-22T20:00:12.338+0000] {docker.py:436} INFO - 25/07/22 20:00:12 INFO TaskSetManager: Starting task 1.0 in stage 1.0 (TID 13) (4d0db9969fbb, executor driver, partition 1, PROCESS_LOCAL, 113864 bytes)
[2025-07-22T20:00:12.339+0000] {docker.py:436} INFO - 25/07/22 20:00:12 INFO TaskSetManager: Starting task 2.0 in stage 1.0 (TID 14) (4d0db9969fbb, executor driver, partition 2, PROCESS_LOCAL, 114281 bytes)
[2025-07-22T20:00:12.339+0000] {docker.py:436} INFO - 25/07/22 20:00:12 INFO TaskSetManager: Starting task 3.0 in stage 1.0 (TID 15) (4d0db9969fbb, executor driver, partition 3, PROCESS_LOCAL, 113308 bytes)
[2025-07-22T20:00:12.340+0000] {docker.py:436} INFO - 25/07/22 20:00:12 INFO TaskSetManager: Starting task 4.0 in stage 1.0 (TID 16) (4d0db9969fbb, executor driver, partition 4, PROCESS_LOCAL, 113125 bytes)
[2025-07-22T20:00:12.342+0000] {docker.py:436} INFO - 25/07/22 20:00:12 INFO TaskSetManager: Starting task 5.0 in stage 1.0 (TID 17) (4d0db9969fbb, executor driver, partition 5, PROCESS_LOCAL, 113145 bytes)
[2025-07-22T20:00:12.343+0000] {docker.py:436} INFO - 25/07/22 20:00:12 INFO TaskSetManager: Starting task 6.0 in stage 1.0 (TID 18) (4d0db9969fbb, executor driver, partition 6, PROCESS_LOCAL, 113408 bytes)
[2025-07-22T20:00:12.343+0000] {docker.py:436} INFO - 25/07/22 20:00:12 INFO TaskSetManager: Starting task 7.0 in stage 1.0 (TID 19) (4d0db9969fbb, executor driver, partition 7, PROCESS_LOCAL, 113935 bytes)
[2025-07-22T20:00:12.344+0000] {docker.py:436} INFO - 25/07/22 20:00:12 INFO TaskSetManager: Starting task 8.0 in stage 1.0 (TID 20) (4d0db9969fbb, executor driver, partition 8, PROCESS_LOCAL, 113905 bytes)
[2025-07-22T20:00:12.344+0000] {docker.py:436} INFO - 25/07/22 20:00:12 INFO TaskSetManager: Starting task 9.0 in stage 1.0 (TID 21) (4d0db9969fbb, executor driver, partition 9, PROCESS_LOCAL, 113815 bytes)
[2025-07-22T20:00:12.345+0000] {docker.py:436} INFO - 25/07/22 20:00:12 INFO TaskSetManager: Starting task 10.0 in stage 1.0 (TID 22) (4d0db9969fbb, executor driver, partition 10, PROCESS_LOCAL, 113377 bytes)
[2025-07-22T20:00:12.345+0000] {docker.py:436} INFO - 25/07/22 20:00:12 INFO TaskSetManager: Starting task 11.0 in stage 1.0 (TID 23) (4d0db9969fbb, executor driver, partition 11, PROCESS_LOCAL, 113905 bytes)
[2025-07-22T20:00:12.346+0000] {docker.py:436} INFO - 25/07/22 20:00:12 INFO Executor: Running task 0.0 in stage 1.0 (TID 12)
25/07/22 20:00:12 INFO Executor: Running task 1.0 in stage 1.0 (TID 13)
25/07/22 20:00:12 INFO Executor: Running task 2.0 in stage 1.0 (TID 14)
25/07/22 20:00:12 INFO Executor: Running task 3.0 in stage 1.0 (TID 15)
[2025-07-22T20:00:12.346+0000] {docker.py:436} INFO - 25/07/22 20:00:12 INFO Executor: Running task 4.0 in stage 1.0 (TID 16)
[2025-07-22T20:00:12.347+0000] {docker.py:436} INFO - 25/07/22 20:00:12 INFO Executor: Running task 6.0 in stage 1.0 (TID 18)
25/07/22 20:00:12 INFO Executor: Running task 7.0 in stage 1.0 (TID 19)
[2025-07-22T20:00:12.348+0000] {docker.py:436} INFO - 25/07/22 20:00:12 INFO Executor: Running task 5.0 in stage 1.0 (TID 17)
[2025-07-22T20:00:12.355+0000] {docker.py:436} INFO - 25/07/22 20:00:12 INFO Executor: Running task 11.0 in stage 1.0 (TID 23)
[2025-07-22T20:00:12.357+0000] {docker.py:436} INFO - 25/07/22 20:00:12 INFO Executor: Running task 9.0 in stage 1.0 (TID 21)
[2025-07-22T20:00:12.358+0000] {docker.py:436} INFO - 25/07/22 20:00:12 INFO Executor: Running task 8.0 in stage 1.0 (TID 20)
[2025-07-22T20:00:12.360+0000] {docker.py:436} INFO - 25/07/22 20:00:12 INFO Executor: Running task 10.0 in stage 1.0 (TID 22)
[2025-07-22T20:00:12.396+0000] {docker.py:436} INFO - 25/07/22 20:00:12 INFO CodeGenerator: Code generated in 13.610137 ms
[2025-07-22T20:00:12.505+0000] {docker.py:436} INFO - 25/07/22 20:00:12 INFO PythonRunner: Times: total = 137, boot = -1196, init = 1323, finish = 10
[2025-07-22T20:00:12.511+0000] {docker.py:436} INFO - 25/07/22 20:00:12 INFO PythonRunner: Times: total = 139, boot = -1262, init = 1390, finish = 11
[2025-07-22T20:00:12.550+0000] {docker.py:436} INFO - 25/07/22 20:00:12 INFO PythonRunner: Times: total = 167, boot = -1256, init = 1419, finish = 4
[2025-07-22T20:00:12.553+0000] {docker.py:436} INFO - 25/07/22 20:00:12 INFO PythonRunner: Times: total = 176, boot = -1191, init = 1363, finish = 4
[2025-07-22T20:00:12.560+0000] {docker.py:436} INFO - 25/07/22 20:00:12 INFO PythonRunner: Times: total = 192, boot = -1298, init = 1481, finish = 9
[2025-07-22T20:00:12.568+0000] {docker.py:436} INFO - 25/07/22 20:00:12 INFO PythonRunner: Times: total = 201, boot = -1290, init = 1468, finish = 23
[2025-07-22T20:00:12.572+0000] {docker.py:436} INFO - 25/07/22 20:00:12 INFO PythonRunner: Times: total = 151, boot = -1264, init = 1411, finish = 4
[2025-07-22T20:00:12.583+0000] {docker.py:436} INFO - 25/07/22 20:00:12 INFO Executor: Finished task 7.0 in stage 1.0 (TID 19). 2375 bytes result sent to driver
[2025-07-22T20:00:12.587+0000] {docker.py:436} INFO - 25/07/22 20:00:12 INFO Executor: Finished task 10.0 in stage 1.0 (TID 22). 2332 bytes result sent to driver
[2025-07-22T20:00:12.588+0000] {docker.py:436} INFO - 25/07/22 20:00:12 INFO Executor: Finished task 4.0 in stage 1.0 (TID 16). 2332 bytes result sent to driver
[2025-07-22T20:00:12.589+0000] {docker.py:436} INFO - 25/07/22 20:00:12 INFO Executor: Finished task 1.0 in stage 1.0 (TID 13). 2332 bytes result sent to driver
[2025-07-22T20:00:12.589+0000] {docker.py:436} INFO - 25/07/22 20:00:12 INFO Executor: Finished task 5.0 in stage 1.0 (TID 17). 2332 bytes result sent to driver
[2025-07-22T20:00:12.590+0000] {docker.py:436} INFO - 25/07/22 20:00:12 INFO Executor: Finished task 2.0 in stage 1.0 (TID 14). 2332 bytes result sent to driver
[2025-07-22T20:00:12.591+0000] {docker.py:436} INFO - 25/07/22 20:00:12 INFO PythonRunner: Times: total = 219, boot = -1266, init = 1477, finish = 8
[2025-07-22T20:00:12.591+0000] {docker.py:436} INFO - 25/07/22 20:00:12 INFO TaskSetManager: Finished task 4.0 in stage 1.0 (TID 16) in 251 ms on 4d0db9969fbb (executor driver) (1/12)
[2025-07-22T20:00:12.592+0000] {docker.py:436} INFO - 25/07/22 20:00:12 INFO Executor: Finished task 6.0 in stage 1.0 (TID 18). 2332 bytes result sent to driver
[2025-07-22T20:00:12.592+0000] {docker.py:436} INFO - 25/07/22 20:00:12 INFO TaskSetManager: Finished task 5.0 in stage 1.0 (TID 17) in 251 ms on 4d0db9969fbb (executor driver) (2/12)
[2025-07-22T20:00:12.592+0000] {docker.py:436} INFO - 25/07/22 20:00:12 INFO TaskSetManager: Finished task 10.0 in stage 1.0 (TID 22) in 248 ms on 4d0db9969fbb (executor driver) (3/12)
[2025-07-22T20:00:12.593+0000] {docker.py:436} INFO - 25/07/22 20:00:12 INFO TaskSetManager: Finished task 7.0 in stage 1.0 (TID 19) in 250 ms on 4d0db9969fbb (executor driver) (4/12)
[2025-07-22T20:00:12.594+0000] {docker.py:436} INFO - 25/07/22 20:00:12 INFO TaskSetManager: Finished task 6.0 in stage 1.0 (TID 18) in 251 ms on 4d0db9969fbb (executor driver) (5/12)
[2025-07-22T20:00:12.596+0000] {docker.py:436} INFO - 25/07/22 20:00:12 INFO TaskSetManager: Finished task 2.0 in stage 1.0 (TID 14) in 256 ms on 4d0db9969fbb (executor driver) (6/12)
[2025-07-22T20:00:12.597+0000] {docker.py:436} INFO - 25/07/22 20:00:12 INFO TaskSetManager: Finished task 1.0 in stage 1.0 (TID 13) in 258 ms on 4d0db9969fbb (executor driver) (7/12)
[2025-07-22T20:00:12.599+0000] {docker.py:436} INFO - 25/07/22 20:00:12 INFO Executor: Finished task 8.0 in stage 1.0 (TID 20). 2332 bytes result sent to driver
[2025-07-22T20:00:12.601+0000] {docker.py:436} INFO - 25/07/22 20:00:12 INFO TaskSetManager: Finished task 8.0 in stage 1.0 (TID 20) in 257 ms on 4d0db9969fbb (executor driver) (8/12)
[2025-07-22T20:00:12.612+0000] {docker.py:436} INFO - 25/07/22 20:00:12 INFO PythonRunner: Times: total = 241, boot = -1172, init = 1395, finish = 18
[2025-07-22T20:00:12.616+0000] {docker.py:436} INFO - 25/07/22 20:00:12 INFO PythonRunner: Times: total = 249, boot = -1226, init = 1466, finish = 9
[2025-07-22T20:00:12.619+0000] {docker.py:436} INFO - 25/07/22 20:00:12 INFO Executor: Finished task 9.0 in stage 1.0 (TID 21). 2332 bytes result sent to driver
[2025-07-22T20:00:12.621+0000] {docker.py:436} INFO - 25/07/22 20:00:12 INFO TaskSetManager: Finished task 9.0 in stage 1.0 (TID 21) in 278 ms on 4d0db9969fbb (executor driver) (9/12)
25/07/22 20:00:12 INFO Executor: Finished task 3.0 in stage 1.0 (TID 15). 2332 bytes result sent to driver
[2025-07-22T20:00:12.624+0000] {docker.py:436} INFO - 25/07/22 20:00:12 INFO TaskSetManager: Finished task 3.0 in stage 1.0 (TID 15) in 285 ms on 4d0db9969fbb (executor driver) (10/12)
[2025-07-22T20:00:12.649+0000] {docker.py:436} INFO - 25/07/22 20:00:12 INFO PythonRunner: Times: total = 283, boot = -1195, init = 1475, finish = 3
[2025-07-22T20:00:12.654+0000] {docker.py:436} INFO - 25/07/22 20:00:12 INFO Executor: Finished task 11.0 in stage 1.0 (TID 23). 2332 bytes result sent to driver
[2025-07-22T20:00:12.656+0000] {docker.py:436} INFO - 25/07/22 20:00:12 INFO TaskSetManager: Finished task 11.0 in stage 1.0 (TID 23) in 310 ms on 4d0db9969fbb (executor driver) (11/12)
[2025-07-22T20:00:12.665+0000] {docker.py:436} INFO - 25/07/22 20:00:12 INFO PythonRunner: Times: total = 296, boot = -1265, init = 1556, finish = 5
[2025-07-22T20:00:12.670+0000] {docker.py:436} INFO - 25/07/22 20:00:12 INFO Executor: Finished task 0.0 in stage 1.0 (TID 12). 2332 bytes result sent to driver
[2025-07-22T20:00:12.671+0000] {docker.py:436} INFO - 25/07/22 20:00:12 INFO TaskSetManager: Finished task 0.0 in stage 1.0 (TID 12) in 335 ms on 4d0db9969fbb (executor driver) (12/12)
[2025-07-22T20:00:12.672+0000] {docker.py:436} INFO - 25/07/22 20:00:12 INFO TaskSchedulerImpl: Removed TaskSet 1.0, whose tasks have all completed, from pool
[2025-07-22T20:00:12.672+0000] {docker.py:436} INFO - 25/07/22 20:00:12 INFO DAGScheduler: ShuffleMapStage 1 (count at NativeMethodAccessorImpl.java:0) finished in 0.356 s
[2025-07-22T20:00:12.673+0000] {docker.py:436} INFO - 25/07/22 20:00:12 INFO DAGScheduler: looking for newly runnable stages
[2025-07-22T20:00:12.674+0000] {docker.py:436} INFO - 25/07/22 20:00:12 INFO DAGScheduler: running: Set()
[2025-07-22T20:00:12.674+0000] {docker.py:436} INFO - 25/07/22 20:00:12 INFO DAGScheduler: waiting: Set()
[2025-07-22T20:00:12.675+0000] {docker.py:436} INFO - 25/07/22 20:00:12 INFO DAGScheduler: failed: Set()
[2025-07-22T20:00:12.714+0000] {docker.py:436} INFO - 25/07/22 20:00:12 INFO CodeGenerator: Code generated in 11.136908 ms
[2025-07-22T20:00:12.740+0000] {docker.py:436} INFO - 25/07/22 20:00:12 INFO SparkContext: Starting job: count at NativeMethodAccessorImpl.java:0
[2025-07-22T20:00:12.742+0000] {docker.py:436} INFO - 25/07/22 20:00:12 INFO DAGScheduler: Got job 2 (count at NativeMethodAccessorImpl.java:0) with 1 output partitions
25/07/22 20:00:12 INFO DAGScheduler: Final stage: ResultStage 3 (count at NativeMethodAccessorImpl.java:0)
[2025-07-22T20:00:12.742+0000] {docker.py:436} INFO - 25/07/22 20:00:12 INFO DAGScheduler: Parents of final stage: List(ShuffleMapStage 2)
[2025-07-22T20:00:12.743+0000] {docker.py:436} INFO - 25/07/22 20:00:12 INFO DAGScheduler: Missing parents: List()
[2025-07-22T20:00:12.743+0000] {docker.py:436} INFO - 25/07/22 20:00:12 INFO DAGScheduler: Submitting ResultStage 3 (MapPartitionsRDD[13] at count at NativeMethodAccessorImpl.java:0), which has no missing parents
[2025-07-22T20:00:12.749+0000] {docker.py:436} INFO - 25/07/22 20:00:12 INFO MemoryStore: Block broadcast_2 stored as values in memory (estimated size 12.5 KiB, free 434.3 MiB)
[2025-07-22T20:00:12.750+0000] {docker.py:436} INFO - 25/07/22 20:00:12 INFO MemoryStore: Block broadcast_2_piece0 stored as bytes in memory (estimated size 5.9 KiB, free 434.3 MiB)
[2025-07-22T20:00:12.751+0000] {docker.py:436} INFO - 25/07/22 20:00:12 INFO BlockManagerInfo: Added broadcast_2_piece0 in memory on 4d0db9969fbb:38747 (size: 5.9 KiB, free: 434.4 MiB)
[2025-07-22T20:00:12.752+0000] {docker.py:436} INFO - 25/07/22 20:00:12 INFO SparkContext: Created broadcast 2 from broadcast at DAGScheduler.scala:1585
[2025-07-22T20:00:12.752+0000] {docker.py:436} INFO - 25/07/22 20:00:12 INFO DAGScheduler: Submitting 1 missing tasks from ResultStage 3 (MapPartitionsRDD[13] at count at NativeMethodAccessorImpl.java:0) (first 15 tasks are for partitions Vector(0))
25/07/22 20:00:12 INFO TaskSchedulerImpl: Adding task set 3.0 with 1 tasks resource profile 0
[2025-07-22T20:00:12.757+0000] {docker.py:436} INFO - 25/07/22 20:00:12 INFO TaskSetManager: Starting task 0.0 in stage 3.0 (TID 24) (4d0db9969fbb, executor driver, partition 0, NODE_LOCAL, 7615 bytes)
[2025-07-22T20:00:12.758+0000] {docker.py:436} INFO - 25/07/22 20:00:12 INFO Executor: Running task 0.0 in stage 3.0 (TID 24)
[2025-07-22T20:00:12.786+0000] {docker.py:436} INFO - 25/07/22 20:00:12 INFO ShuffleBlockFetcherIterator: Getting 12 (720.0 B) non-empty blocks including 12 (720.0 B) local and 0 (0.0 B) host-local and 0 (0.0 B) push-merged-local and 0 (0.0 B) remote blocks
[2025-07-22T20:00:12.788+0000] {docker.py:436} INFO - 25/07/22 20:00:12 INFO ShuffleBlockFetcherIterator: Started 0 remote fetches in 9 ms
[2025-07-22T20:00:12.800+0000] {docker.py:436} INFO - 25/07/22 20:00:12 INFO CodeGenerator: Code generated in 8.081464 ms
[2025-07-22T20:00:12.814+0000] {docker.py:436} INFO - 25/07/22 20:00:12 INFO Executor: Finished task 0.0 in stage 3.0 (TID 24). 4038 bytes result sent to driver
[2025-07-22T20:00:12.816+0000] {docker.py:436} INFO - 25/07/22 20:00:12 INFO TaskSetManager: Finished task 0.0 in stage 3.0 (TID 24) in 61 ms on 4d0db9969fbb (executor driver) (1/1)
[2025-07-22T20:00:12.816+0000] {docker.py:436} INFO - 25/07/22 20:00:12 INFO TaskSchedulerImpl: Removed TaskSet 3.0, whose tasks have all completed, from pool
[2025-07-22T20:00:12.817+0000] {docker.py:436} INFO - 25/07/22 20:00:12 INFO DAGScheduler: ResultStage 3 (count at NativeMethodAccessorImpl.java:0) finished in 0.069 s
[2025-07-22T20:00:12.818+0000] {docker.py:436} INFO - 25/07/22 20:00:12 INFO DAGScheduler: Job 2 is finished. Cancelling potential speculative or zombie tasks for this job
[2025-07-22T20:00:12.818+0000] {docker.py:436} INFO - 25/07/22 20:00:12 INFO TaskSchedulerImpl: Killing all running tasks in stage 3: Stage finished
[2025-07-22T20:00:12.818+0000] {docker.py:436} INFO - 25/07/22 20:00:12 INFO DAGScheduler: Job 2 finished: count at NativeMethodAccessorImpl.java:0, took 0.077797 s
[2025-07-22T20:00:12.823+0000] {docker.py:436} INFO - 10880 registros de voos escritos com sucesso na tabela 'flight_data_live'!
[2025-07-22T20:00:12.824+0000] {docker.py:436} INFO - 25/07/22 20:00:12 INFO SparkContext: SparkContext is stopping with exitCode 0.
[2025-07-22T20:00:12.834+0000] {docker.py:436} INFO - 25/07/22 20:00:12 INFO SparkUI: Stopped Spark web UI at http://4d0db9969fbb:4040
[2025-07-22T20:00:12.854+0000] {docker.py:436} INFO - 25/07/22 20:00:12 INFO MapOutputTrackerMasterEndpoint: MapOutputTrackerMasterEndpoint stopped!
[2025-07-22T20:00:12.874+0000] {docker.py:436} INFO - 25/07/22 20:00:12 INFO MemoryStore: MemoryStore cleared
[2025-07-22T20:00:12.875+0000] {docker.py:436} INFO - 25/07/22 20:00:12 INFO BlockManager: BlockManager stopped
[2025-07-22T20:00:12.879+0000] {docker.py:436} INFO - 25/07/22 20:00:12 INFO BlockManagerMaster: BlockManagerMaster stopped
[2025-07-22T20:00:12.881+0000] {docker.py:436} INFO - 25/07/22 20:00:12 INFO OutputCommitCoordinator$OutputCommitCoordinatorEndpoint: OutputCommitCoordinator stopped!
[2025-07-22T20:00:12.891+0000] {docker.py:436} INFO - 25/07/22 20:00:12 INFO SparkContext: Successfully stopped SparkContext
[2025-07-22T20:00:13.719+0000] {docker.py:436} INFO - 25/07/22 20:00:13 INFO ShutdownHookManager: Shutdown hook called
[2025-07-22T20:00:13.720+0000] {docker.py:436} INFO - 25/07/22 20:00:13 INFO ShutdownHookManager: Deleting directory /tmp/spark-afc0cd69-b645-4e1d-a33e-3c7b04ff355b
[2025-07-22T20:00:13.723+0000] {docker.py:436} INFO - 25/07/22 20:00:13 INFO ShutdownHookManager: Deleting directory /tmp/spark-94fc882e-51ae-45c4-9a5b-cb4ef80c1138
[2025-07-22T20:00:13.728+0000] {docker.py:436} INFO - 25/07/22 20:00:13 INFO ShutdownHookManager: Deleting directory /tmp/spark-afc0cd69-b645-4e1d-a33e-3c7b04ff355b/pyspark-570ba16c-f828-4ef7-b17f-c460e17319d7
[2025-07-22T20:00:14.152+0000] {taskinstance.py:441} INFO - ::group::Post task execution logs
[2025-07-22T20:00:14.168+0000] {taskinstance.py:1206} INFO - Marking task as SUCCESS. dag_id=flight_data_pipeline, task_id=run_spark_job_container, run_id=scheduled__2025-07-22T19:45:00+00:00, execution_date=20250722T194500, start_date=20250722T200002, end_date=20250722T200014
[2025-07-22T20:00:14.217+0000] {local_task_job_runner.py:240} INFO - Task exited with return code 0
[2025-07-22T20:00:14.229+0000] {taskinstance.py:3503} INFO - 0 downstream tasks scheduled from follow-on schedule check
[2025-07-22T20:00:14.230+0000] {local_task_job_runner.py:222} INFO - ::endgroup::
