[2025-07-22T17:45:01.556+0000] {local_task_job_runner.py:120} INFO - ::group::Pre task execution logs
[2025-07-22T17:45:01.578+0000] {taskinstance.py:2076} INFO - Dependencies all met for dep_context=non-requeueable deps ti=<TaskInstance: flight_data_pipeline.run_spark_job_container scheduled__2025-07-22T17:30:00+00:00 [queued]>
[2025-07-22T17:45:01.584+0000] {taskinstance.py:2076} INFO - Dependencies all met for dep_context=requeueable deps ti=<TaskInstance: flight_data_pipeline.run_spark_job_container scheduled__2025-07-22T17:30:00+00:00 [queued]>
[2025-07-22T17:45:01.584+0000] {taskinstance.py:2306} INFO - Starting attempt 1 of 1
[2025-07-22T17:45:01.595+0000] {taskinstance.py:2330} INFO - Executing <Task(DockerOperator): run_spark_job_container> on 2025-07-22 17:30:00+00:00
[2025-07-22T17:45:01.602+0000] {warnings.py:112} WARNING - /home/***/.local/lib/python3.12/site-packages/***/task/task_runner/standard_task_runner.py:61: DeprecationWarning: This process (pid=1058) is multi-threaded, use of fork() may lead to deadlocks in the child.
  pid = os.fork()

[2025-07-22T17:45:01.604+0000] {standard_task_runner.py:63} INFO - Started process 1060 to run task
[2025-07-22T17:45:01.603+0000] {standard_task_runner.py:90} INFO - Running: ['***', 'tasks', 'run', 'flight_data_pipeline', 'run_spark_job_container', 'scheduled__2025-07-22T17:30:00+00:00', '--job-id', '35', '--raw', '--subdir', 'DAGS_FOLDER/flight_pipeline_dag.py', '--cfg-path', '/tmp/tmp2uxfc17h']
[2025-07-22T17:45:01.606+0000] {standard_task_runner.py:91} INFO - Job 35: Subtask run_spark_job_container
[2025-07-22T17:45:01.649+0000] {task_command.py:426} INFO - Running <TaskInstance: flight_data_pipeline.run_spark_job_container scheduled__2025-07-22T17:30:00+00:00 [running]> on host d77a53274a34
[2025-07-22T17:45:01.726+0000] {taskinstance.py:2648} INFO - Exporting env vars: AIRFLOW_CTX_DAG_OWNER='***' AIRFLOW_CTX_DAG_ID='flight_data_pipeline' AIRFLOW_CTX_TASK_ID='run_spark_job_container' AIRFLOW_CTX_EXECUTION_DATE='2025-07-22T17:30:00+00:00' AIRFLOW_CTX_TRY_NUMBER='1' AIRFLOW_CTX_DAG_RUN_ID='scheduled__2025-07-22T17:30:00+00:00'
[2025-07-22T17:45:01.729+0000] {taskinstance.py:430} INFO - ::endgroup::
[2025-07-22T17:45:01.748+0000] {docker.py:366} INFO - Starting docker container from image realtime-flight-pipeline/spark-job:0.3
[2025-07-22T17:45:01.751+0000] {docker.py:374} WARNING - Using remote engine or docker-in-docker and mounting temporary volume from host is not supported. Falling back to `mount_tmp_dir=False` mode. You can set `mount_tmp_dir` parameter to False to disable mounting and remove the warning
[2025-07-22T17:45:01.984+0000] {docker.py:436} INFO - [38;5;6mspark [38;5;5m17:45:01.98 [0m[38;5;2mINFO [0m ==>
[2025-07-22T17:45:01.986+0000] {docker.py:436} INFO - [38;5;6mspark [38;5;5m17:45:01.98 [0m[38;5;2mINFO [0m ==> [1mWelcome to the Bitnami spark container[0m
[2025-07-22T17:45:01.987+0000] {docker.py:436} INFO - [38;5;6mspark [38;5;5m17:45:01.98 [0m[38;5;2mINFO [0m ==> Subscribe to project updates by watching [1mhttps://github.com/bitnami/containers[0m
[2025-07-22T17:45:01.988+0000] {docker.py:436} INFO - [38;5;6mspark [38;5;5m17:45:01.98 [0m[38;5;2mINFO [0m ==> Submit issues and feature requests at [1mhttps://github.com/bitnami/containers/issues[0m
[2025-07-22T17:45:01.989+0000] {docker.py:436} INFO - [38;5;6mspark [38;5;5m17:45:01.98 [0m[38;5;2mINFO [0m ==> Upgrade to Tanzu Application Catalog for production environments to access custom-configured and pre-packaged software components. Gain enhanced features, including Software Bill of Materials (SBOM), CVE scan result reports, and VEX documents. To learn more, visit [1mhttps://bitnami.com/enterprise[0m
[2025-07-22T17:45:01.991+0000] {docker.py:436} INFO - [38;5;6mspark [38;5;5m17:45:01.99 [0m[38;5;2mINFO [0m ==>
[2025-07-22T17:45:02.000+0000] {docker.py:436} INFO - 
[2025-07-22T17:45:04.120+0000] {docker.py:436} INFO - 25/07/22 17:45:04 INFO SparkContext: Running Spark version 3.5.1
[2025-07-22T17:45:04.121+0000] {docker.py:436} INFO - 25/07/22 17:45:04 INFO SparkContext: OS info Linux, 5.15.167.4-microsoft-standard-WSL2, amd64
[2025-07-22T17:45:04.122+0000] {docker.py:436} INFO - 25/07/22 17:45:04 INFO SparkContext: Java version 17.0.12
[2025-07-22T17:45:04.145+0000] {docker.py:436} INFO - 25/07/22 17:45:04 INFO ResourceUtils: ==============================================================
[2025-07-22T17:45:04.146+0000] {docker.py:436} INFO - 25/07/22 17:45:04 INFO ResourceUtils: No custom resources configured for spark.driver.
[2025-07-22T17:45:04.146+0000] {docker.py:436} INFO - 25/07/22 17:45:04 INFO ResourceUtils: ==============================================================
[2025-07-22T17:45:04.147+0000] {docker.py:436} INFO - 25/07/22 17:45:04 INFO SparkContext: Submitted application: FlightDataProcessing
[2025-07-22T17:45:04.164+0000] {docker.py:436} INFO - 25/07/22 17:45:04 INFO ResourceProfile: Default ResourceProfile created, executor resources: Map(cores -> name: cores, amount: 1, script: , vendor: , memory -> name: memory, amount: 1024, script: , vendor: , offHeap -> name: offHeap, amount: 0, script: , vendor: ), task resources: Map(cpus -> name: cpus, amount: 1.0)
[2025-07-22T17:45:04.170+0000] {docker.py:436} INFO - 25/07/22 17:45:04 INFO ResourceProfile: Limiting resource is cpu
[2025-07-22T17:45:04.171+0000] {docker.py:436} INFO - 25/07/22 17:45:04 INFO ResourceProfileManager: Added ResourceProfile id: 0
[2025-07-22T17:45:04.212+0000] {docker.py:436} INFO - 25/07/22 17:45:04 INFO SecurityManager: Changing view acls to: spark
[2025-07-22T17:45:04.213+0000] {docker.py:436} INFO - 25/07/22 17:45:04 INFO SecurityManager: Changing modify acls to: spark
[2025-07-22T17:45:04.213+0000] {docker.py:436} INFO - 25/07/22 17:45:04 INFO SecurityManager: Changing view acls groups to:
[2025-07-22T17:45:04.214+0000] {docker.py:436} INFO - 25/07/22 17:45:04 INFO SecurityManager: Changing modify acls groups to:
[2025-07-22T17:45:04.214+0000] {docker.py:436} INFO - 25/07/22 17:45:04 INFO SecurityManager: SecurityManager: authentication disabled; ui acls disabled; users with view permissions: spark; groups with view permissions: EMPTY; users with modify permissions: spark; groups with modify permissions: EMPTY
[2025-07-22T17:45:04.260+0000] {docker.py:436} INFO - 25/07/22 17:45:04 WARN NativeCodeLoader: Unable to load native-hadoop library for your platform... using builtin-java classes where applicable
[2025-07-22T17:45:04.453+0000] {docker.py:436} INFO - 25/07/22 17:45:04 INFO Utils: Successfully started service 'sparkDriver' on port 43025.
[2025-07-22T17:45:04.475+0000] {docker.py:436} INFO - 25/07/22 17:45:04 INFO SparkEnv: Registering MapOutputTracker
[2025-07-22T17:45:04.498+0000] {docker.py:436} INFO - 25/07/22 17:45:04 INFO SparkEnv: Registering BlockManagerMaster
[2025-07-22T17:45:04.511+0000] {docker.py:436} INFO - 25/07/22 17:45:04 INFO BlockManagerMasterEndpoint: Using org.apache.spark.storage.DefaultTopologyMapper for getting topology information
[2025-07-22T17:45:04.512+0000] {docker.py:436} INFO - 25/07/22 17:45:04 INFO BlockManagerMasterEndpoint: BlockManagerMasterEndpoint up
[2025-07-22T17:45:04.515+0000] {docker.py:436} INFO - 25/07/22 17:45:04 INFO SparkEnv: Registering BlockManagerMasterHeartbeat
[2025-07-22T17:45:04.528+0000] {docker.py:436} INFO - 25/07/22 17:45:04 INFO DiskBlockManager: Created local directory at /tmp/blockmgr-e4df4d44-082c-4bee-a054-8a9da2541418
[2025-07-22T17:45:04.540+0000] {docker.py:436} INFO - 25/07/22 17:45:04 INFO MemoryStore: MemoryStore started with capacity 434.4 MiB
[2025-07-22T17:45:04.553+0000] {docker.py:436} INFO - 25/07/22 17:45:04 INFO SparkEnv: Registering OutputCommitCoordinator
[2025-07-22T17:45:04.644+0000] {docker.py:436} INFO - 25/07/22 17:45:04 INFO JettyUtils: Start Jetty 0.0.0.0:4040 for SparkUI
[2025-07-22T17:45:04.687+0000] {docker.py:436} INFO - 25/07/22 17:45:04 INFO Utils: Successfully started service 'SparkUI' on port 4040.
[2025-07-22T17:45:04.769+0000] {docker.py:436} INFO - 25/07/22 17:45:04 INFO Executor: Starting executor ID driver on host 03251fcc13f0
[2025-07-22T17:45:04.770+0000] {docker.py:436} INFO - 25/07/22 17:45:04 INFO Executor: OS info Linux, 5.15.167.4-microsoft-standard-WSL2, amd64
[2025-07-22T17:45:04.770+0000] {docker.py:436} INFO - 25/07/22 17:45:04 INFO Executor: Java version 17.0.12
[2025-07-22T17:45:04.775+0000] {docker.py:436} INFO - 25/07/22 17:45:04 INFO Executor: Starting executor with user classpath (userClassPathFirst = false): ''
[2025-07-22T17:45:04.775+0000] {docker.py:436} INFO - 25/07/22 17:45:04 INFO Executor: Created or updated repl class loader org.apache.spark.util.MutableURLClassLoader@2926c692 for default.
[2025-07-22T17:45:04.791+0000] {docker.py:436} INFO - 25/07/22 17:45:04 INFO Utils: Successfully started service 'org.apache.spark.network.netty.NettyBlockTransferService' on port 40281.
25/07/22 17:45:04 INFO NettyBlockTransferService: Server created on 03251fcc13f0:40281
[2025-07-22T17:45:04.792+0000] {docker.py:436} INFO - 25/07/22 17:45:04 INFO BlockManager: Using org.apache.spark.storage.RandomBlockReplicationPolicy for block replication policy
[2025-07-22T17:45:04.796+0000] {docker.py:436} INFO - 25/07/22 17:45:04 INFO BlockManagerMaster: Registering BlockManager BlockManagerId(driver, 03251fcc13f0, 40281, None)
[2025-07-22T17:45:04.799+0000] {docker.py:436} INFO - 25/07/22 17:45:04 INFO BlockManagerMasterEndpoint: Registering block manager 03251fcc13f0:40281 with 434.4 MiB RAM, BlockManagerId(driver, 03251fcc13f0, 40281, None)
[2025-07-22T17:45:04.800+0000] {docker.py:436} INFO - 25/07/22 17:45:04 INFO BlockManagerMaster: Registered BlockManager BlockManagerId(driver, 03251fcc13f0, 40281, None)
[2025-07-22T17:45:04.801+0000] {docker.py:436} INFO - 25/07/22 17:45:04 INFO BlockManager: Initialized BlockManager: BlockManagerId(driver, 03251fcc13f0, 40281, None)
[2025-07-22T17:45:05.040+0000] {docker.py:436} INFO - Sessão Spark criada com sucesso!
[2025-07-22T17:45:07.022+0000] {docker.py:436} INFO - 25/07/22 17:45:07 INFO SharedState: Setting hive.metastore.warehouse.dir ('null') to the value of spark.sql.warehouse.dir.
[2025-07-22T17:45:07.028+0000] {docker.py:436} INFO - 25/07/22 17:45:07 INFO SharedState: Warehouse path is 'file:/app/spark-warehouse'.
[2025-07-22T17:45:07.944+0000] {docker.py:436} INFO - Iniciando escrita dos dados no PostgreSQL...
[2025-07-22T17:45:08.277+0000] {docker.py:436} INFO - Traceback (most recent call last):
  File "/app/process_flights.py", line 135, in <module>
    main()
  File "/app/process_flights.py", line 118, in main
[2025-07-22T17:45:08.278+0000] {docker.py:436} INFO - df_to_write.write.jdbc(
  File "/opt/bitnami/spark/python/lib/pyspark.zip/pyspark/sql/readwriter.py", line 1984, in jdbc
[2025-07-22T17:45:08.278+0000] {docker.py:436} INFO - File "/opt/bitnami/spark/python/lib/py4j-0.10.9.7-src.zip/py4j/java_gateway.py", line 1322, in __call__
[2025-07-22T17:45:08.278+0000] {docker.py:436} INFO - File "/opt/bitnami/spark/python/lib/pyspark.zip/pyspark/errors/exceptions/captured.py", line 179, in deco
[2025-07-22T17:45:08.279+0000] {docker.py:436} INFO - File "/opt/bitnami/spark/python/lib/py4j-0.10.9.7-src.zip/py4j/protocol.py", line 326, in get_return_value
[2025-07-22T17:45:08.279+0000] {docker.py:436} INFO - py4j.protocol.Py4JJavaError
[2025-07-22T17:45:08.280+0000] {docker.py:436} INFO - : An error occurred while calling o70.jdbc.
: java.lang.ClassNotFoundException: org.postgresql.Driver
	at java.base/java.net.URLClassLoader.findClass(URLClassLoader.java:445)
	at java.base/java.lang.ClassLoader.loadClass(ClassLoader.java:592)
	at java.base/java.lang.ClassLoader.loadClass(ClassLoader.java:525)
	at org.apache.spark.sql.execution.datasources.jdbc.DriverRegistry$.register(DriverRegistry.scala:46)
	at org.apache.spark.sql.execution.datasources.jdbc.JDBCOptions.$anonfun$driverClass$1(JDBCOptions.scala:103)
	at org.apache.spark.sql.execution.datasources.jdbc.JDBCOptions.$anonfun$driverClass$1$adapted(JDBCOptions.scala:103)
	at scala.Option.foreach(Option.scala:407)
	at org.apache.spark.sql.execution.datasources.jdbc.JDBCOptions.<init>(JDBCOptions.scala:103)
	at org.apache.spark.sql.execution.datasources.jdbc.JdbcOptionsInWrite.<init>(JDBCOptions.scala:254)
	at org.apache.spark.sql.execution.datasources.jdbc.JdbcOptionsInWrite.<init>(JDBCOptions.scala:258)
	at org.apache.spark.sql.execution.datasources.jdbc.JdbcRelationProvider.createRelation(JdbcRelationProvider.scala:47)
	at org.apache.spark.sql.execution.datasources.SaveIntoDataSourceCommand.run(SaveIntoDataSourceCommand.scala:48)
	at org.apache.spark.sql.execution.command.ExecutedCommandExec.sideEffectResult$lzycompute(commands.scala:75)
	at org.apache.spark.sql.execution.command.ExecutedCommandExec.sideEffectResult(commands.scala:73)
	at org.apache.spark.sql.execution.command.ExecutedCommandExec.executeCollect(commands.scala:84)
	at org.apache.spark.sql.execution.QueryExecution$$anonfun$eagerlyExecuteCommands$1.$anonfun$applyOrElse$1(QueryExecution.scala:107)
	at org.apache.spark.sql.execution.SQLExecution$.$anonfun$withNewExecutionId$6(SQLExecution.scala:125)
	at org.apache.spark.sql.execution.SQLExecution$.withSQLConfPropagated(SQLExecution.scala:201)
	at org.apache.spark.sql.execution.SQLExecution$.$anonfun$withNewExecutionId$1(SQLExecution.scala:108)
	at org.apache.spark.sql.SparkSession.withActive(SparkSession.scala:900)
	at org.apache.spark.sql.execution.SQLExecution$.withNewExecutionId(SQLExecution.scala:66)
	at org.apache.spark.sql.execution.QueryExecution$$anonfun$eagerlyExecuteCommands$1.applyOrElse(QueryExecution.scala:107)
	at org.apache.spark.sql.execution.QueryExecution$$anonfun$eagerlyExecuteCommands$1.applyOrElse(QueryExecution.scala:98)
	at org.apache.spark.sql.catalyst.trees.TreeNode.$anonfun$transformDownWithPruning$1(TreeNode.scala:461)
	at org.apache.spark.sql.catalyst.trees.CurrentOrigin$.withOrigin(origin.scala:76)
	at org.apache.spark.sql.catalyst.trees.TreeNode.transformDownWithPruning(TreeNode.scala:461)
	at org.apache.spark.sql.catalyst.plans.logical.LogicalPlan.org$apache$spark$sql$catalyst$plans$logical$AnalysisHelper$$super$transformDownWithPruning(LogicalPlan.scala:32)
	at org.apache.spark.sql.catalyst.plans.logical.AnalysisHelper.transformDownWithPruning(AnalysisHelper.scala:267)
	at org.apache.spark.sql.catalyst.plans.logical.AnalysisHelper.transformDownWithPruning$(AnalysisHelper.scala:263)
	at org.apache.spark.sql.catalyst.plans.logical.LogicalPlan.transformDownWithPruning(LogicalPlan.scala:32)
	at org.apache.spark.sql.catalyst.plans.logical.LogicalPlan.transformDownWithPruning(LogicalPlan.scala:32)
	at org.apache.spark.sql.catalyst.trees.TreeNode.transformDown(TreeNode.scala:437)
	at org.apache.spark.sql.execution.QueryExecution.eagerlyExecuteCommands(QueryExecution.scala:98)
	at org.apache.spark.sql.execution.QueryExecution.commandExecuted$lzycompute(QueryExecution.scala:85)
	at org.apache.spark.sql.execution.QueryExecution.commandExecuted(QueryExecution.scala:83)
	at org.apache.spark.sql.execution.QueryExecution.assertCommandExecuted(QueryExecution.scala:142)
	at org.apache.spark.sql.DataFrameWriter.runCommand(DataFrameWriter.scala:859)
	at org.apache.spark.sql.DataFrameWriter.saveToV1Source(DataFrameWriter.scala:388)
	at org.apache.spark.sql.DataFrameWriter.saveInternal(DataFrameWriter.scala:361)
	at org.apache.spark.sql.DataFrameWriter.save(DataFrameWriter.scala:248)
	at org.apache.spark.sql.DataFrameWriter.jdbc(DataFrameWriter.scala:756)
	at java.base/jdk.internal.reflect.NativeMethodAccessorImpl.invoke0(Native Method)
	at java.base/jdk.internal.reflect.NativeMethodAccessorImpl.invoke(NativeMethodAccessorImpl.java:77)
	at java.base/jdk.internal.reflect.DelegatingMethodAccessorImpl.invoke(DelegatingMethodAccessorImpl.java:43)
	at java.base/java.lang.reflect.Method.invoke(Method.java:569)
	at py4j.reflection.MethodInvoker.invoke(MethodInvoker.java:244)
	at py4j.reflection.ReflectionEngine.invoke(ReflectionEngine.java:374)
	at py4j.Gateway.invoke(Gateway.java:282)
	at py4j.commands.AbstractCommand.invokeMethod(AbstractCommand.java:132)
	at py4j.commands.CallCommand.execute(CallCommand.java:79)
	at py4j.ClientServerConnection.waitForCommands(ClientServerConnection.java:182)
	at py4j.ClientServerConnection.run(ClientServerConnection.java:106)
	at java.base/java.lang.Thread.run(Thread.java:840)
[2025-07-22T17:45:08.323+0000] {docker.py:436} INFO - 25/07/22 17:45:08 INFO SparkContext: Invoking stop() from shutdown hook
[2025-07-22T17:45:08.323+0000] {docker.py:436} INFO - 25/07/22 17:45:08 INFO SparkContext: SparkContext is stopping with exitCode 0.
[2025-07-22T17:45:08.332+0000] {docker.py:436} INFO - 25/07/22 17:45:08 INFO SparkUI: Stopped Spark web UI at http://03251fcc13f0:4040
[2025-07-22T17:45:08.339+0000] {docker.py:436} INFO - 25/07/22 17:45:08 INFO MapOutputTrackerMasterEndpoint: MapOutputTrackerMasterEndpoint stopped!
[2025-07-22T17:45:08.349+0000] {docker.py:436} INFO - 25/07/22 17:45:08 INFO MemoryStore: MemoryStore cleared
[2025-07-22T17:45:08.349+0000] {docker.py:436} INFO - 25/07/22 17:45:08 INFO BlockManager: BlockManager stopped
[2025-07-22T17:45:08.353+0000] {docker.py:436} INFO - 25/07/22 17:45:08 INFO BlockManagerMaster: BlockManagerMaster stopped
[2025-07-22T17:45:08.355+0000] {docker.py:436} INFO - 25/07/22 17:45:08 INFO OutputCommitCoordinator$OutputCommitCoordinatorEndpoint: OutputCommitCoordinator stopped!
[2025-07-22T17:45:08.363+0000] {docker.py:436} INFO - 25/07/22 17:45:08 INFO SparkContext: Successfully stopped SparkContext
[2025-07-22T17:45:08.364+0000] {docker.py:436} INFO - 25/07/22 17:45:08 INFO ShutdownHookManager: Shutdown hook called
[2025-07-22T17:45:08.364+0000] {docker.py:436} INFO - 25/07/22 17:45:08 INFO ShutdownHookManager: Deleting directory /tmp/spark-30f892ca-b286-4bc9-b275-72f21abc5b33
[2025-07-22T17:45:08.368+0000] {docker.py:436} INFO - 25/07/22 17:45:08 INFO ShutdownHookManager: Deleting directory /tmp/spark-aa46cbf2-f3cd-41d0-8d9a-babd073d84f7/pyspark-99daada9-1ae1-43e3-abb9-5aee13da1d28
[2025-07-22T17:45:08.371+0000] {docker.py:436} INFO - 25/07/22 17:45:08 INFO ShutdownHookManager: Deleting directory /tmp/spark-aa46cbf2-f3cd-41d0-8d9a-babd073d84f7
[2025-07-22T17:45:08.771+0000] {taskinstance.py:441} INFO - ::group::Post task execution logs
[2025-07-22T17:45:08.778+0000] {taskinstance.py:2905} ERROR - Task failed with exception
Traceback (most recent call last):
  File "/home/airflow/.local/lib/python3.12/site-packages/docker/api/client.py", line 275, in _raise_for_status
    response.raise_for_status()
  File "/home/airflow/.local/lib/python3.12/site-packages/requests/models.py", line 1021, in raise_for_status
    raise HTTPError(http_error_msg, response=self)
requests.exceptions.HTTPError: 400 Client Error: Bad Request for url: http+docker://localhost/v1.49/containers/create

The above exception was the direct cause of the following exception:

Traceback (most recent call last):
  File "/home/airflow/.local/lib/python3.12/site-packages/airflow/providers/docker/operators/docker.py", line 371, in _run_image
    return self._run_image_with_mounts([*self.mounts, tmp_mount], add_tmp_variable=True)
           ^^^^^^^^^^^^^^^^^^^^^^^^^^^^^^^^^^^^^^^^^^^^^^^^^^^^^^^^^^^^^^^^^^^^^^^^^^^^^
  File "/home/airflow/.local/lib/python3.12/site-packages/airflow/providers/docker/operators/docker.py", line 398, in _run_image_with_mounts
    self.container = self.cli.create_container(
                     ^^^^^^^^^^^^^^^^^^^^^^^^^^
  File "/home/airflow/.local/lib/python3.12/site-packages/docker/api/container.py", line 440, in create_container
    return self.create_container_from_config(config, name, platform)
           ^^^^^^^^^^^^^^^^^^^^^^^^^^^^^^^^^^^^^^^^^^^^^^^^^^^^^^^^^
  File "/home/airflow/.local/lib/python3.12/site-packages/docker/api/container.py", line 457, in create_container_from_config
    return self._result(res, True)
           ^^^^^^^^^^^^^^^^^^^^^^^
  File "/home/airflow/.local/lib/python3.12/site-packages/docker/api/client.py", line 281, in _result
    self._raise_for_status(response)
  File "/home/airflow/.local/lib/python3.12/site-packages/docker/api/client.py", line 277, in _raise_for_status
    raise create_api_error_from_http_exception(e) from e
          ^^^^^^^^^^^^^^^^^^^^^^^^^^^^^^^^^^^^^^^
  File "/home/airflow/.local/lib/python3.12/site-packages/docker/errors.py", line 39, in create_api_error_from_http_exception
    raise cls(e, response=response, explanation=explanation) from e
docker.errors.APIError: 400 Client Error for http+docker://localhost/v1.49/containers/create: Bad Request ("invalid mount config for type "bind": bind source path does not exist: /tmp/airflowtmpkygzwm1d")

During handling of the above exception, another exception occurred:

Traceback (most recent call last):
  File "/home/airflow/.local/lib/python3.12/site-packages/airflow/models/taskinstance.py", line 465, in _execute_task
    result = _execute_callable(context=context, **execute_callable_kwargs)
             ^^^^^^^^^^^^^^^^^^^^^^^^^^^^^^^^^^^^^^^^^^^^^^^^^^^^^^^^^^^^^
  File "/home/airflow/.local/lib/python3.12/site-packages/airflow/models/taskinstance.py", line 432, in _execute_callable
    return execute_callable(context=context, **execute_callable_kwargs)
           ^^^^^^^^^^^^^^^^^^^^^^^^^^^^^^^^^^^^^^^^^^^^^^^^^^^^^^^^^^^^
  File "/home/airflow/.local/lib/python3.12/site-packages/airflow/models/baseoperator.py", line 401, in wrapper
    return func(self, *args, **kwargs)
           ^^^^^^^^^^^^^^^^^^^^^^^^^^^
  File "/home/airflow/.local/lib/python3.12/site-packages/airflow/providers/docker/operators/docker.py", line 509, in execute
    return self._run_image()
           ^^^^^^^^^^^^^^^^^
  File "/home/airflow/.local/lib/python3.12/site-packages/airflow/providers/docker/operators/docker.py", line 380, in _run_image
    return self._run_image_with_mounts(self.mounts, add_tmp_variable=False)
           ^^^^^^^^^^^^^^^^^^^^^^^^^^^^^^^^^^^^^^^^^^^^^^^^^^^^^^^^^^^^^^^^
  File "/home/airflow/.local/lib/python3.12/site-packages/airflow/providers/docker/operators/docker.py", line 444, in _run_image_with_mounts
    raise DockerContainerFailedException(f"Docker container failed: {result!r}", logs=log_lines)
airflow.providers.docker.exceptions.DockerContainerFailedException: Docker container failed: {'StatusCode': 1}
[2025-07-22T17:45:08.782+0000] {taskinstance.py:1206} INFO - Marking task as FAILED. dag_id=flight_data_pipeline, task_id=run_spark_job_container, run_id=scheduled__2025-07-22T17:30:00+00:00, execution_date=20250722T173000, start_date=20250722T174501, end_date=20250722T174508
[2025-07-22T17:45:08.791+0000] {standard_task_runner.py:110} ERROR - Failed to execute job 35 for task run_spark_job_container (Docker container failed: {'StatusCode': 1}; 1060)
[2025-07-22T17:45:08.829+0000] {local_task_job_runner.py:240} INFO - Task exited with return code 1
[2025-07-22T17:45:08.840+0000] {taskinstance.py:3503} INFO - 0 downstream tasks scheduled from follow-on schedule check
[2025-07-22T17:45:08.842+0000] {local_task_job_runner.py:222} INFO - ::endgroup::
