[2025-07-22T16:31:30.701+0000] {local_task_job_runner.py:120} INFO - ::group::Pre task execution logs
[2025-07-22T16:31:30.719+0000] {taskinstance.py:2076} INFO - Dependencies all met for dep_context=non-requeueable deps ti=<TaskInstance: flight_data_pipeline.run_spark_job_container scheduled__2025-07-22T16:15:00+00:00 [queued]>
[2025-07-22T16:31:30.725+0000] {taskinstance.py:2076} INFO - Dependencies all met for dep_context=requeueable deps ti=<TaskInstance: flight_data_pipeline.run_spark_job_container scheduled__2025-07-22T16:15:00+00:00 [queued]>
[2025-07-22T16:31:30.726+0000] {taskinstance.py:2306} INFO - Starting attempt 1 of 1
[2025-07-22T16:31:30.736+0000] {taskinstance.py:2330} INFO - Executing <Task(DockerOperator): run_spark_job_container> on 2025-07-22 16:15:00+00:00
[2025-07-22T16:31:30.744+0000] {warnings.py:112} WARNING - /home/***/.local/lib/python3.12/site-packages/***/task/task_runner/standard_task_runner.py:61: DeprecationWarning: This process (pid=67) is multi-threaded, use of fork() may lead to deadlocks in the child.
  pid = os.fork()

[2025-07-22T16:31:30.746+0000] {standard_task_runner.py:63} INFO - Started process 69 to run task
[2025-07-22T16:31:30.746+0000] {standard_task_runner.py:90} INFO - Running: ['***', 'tasks', 'run', 'flight_data_pipeline', 'run_spark_job_container', 'scheduled__2025-07-22T16:15:00+00:00', '--job-id', '29', '--raw', '--subdir', 'DAGS_FOLDER/flight_pipeline_dag.py', '--cfg-path', '/tmp/tmp4sb54907']
[2025-07-22T16:31:30.748+0000] {standard_task_runner.py:91} INFO - Job 29: Subtask run_spark_job_container
[2025-07-22T16:31:30.789+0000] {task_command.py:426} INFO - Running <TaskInstance: flight_data_pipeline.run_spark_job_container scheduled__2025-07-22T16:15:00+00:00 [running]> on host d77a53274a34
[2025-07-22T16:31:30.864+0000] {taskinstance.py:2648} INFO - Exporting env vars: AIRFLOW_CTX_DAG_OWNER='***' AIRFLOW_CTX_DAG_ID='flight_data_pipeline' AIRFLOW_CTX_TASK_ID='run_spark_job_container' AIRFLOW_CTX_EXECUTION_DATE='2025-07-22T16:15:00+00:00' AIRFLOW_CTX_TRY_NUMBER='1' AIRFLOW_CTX_DAG_RUN_ID='scheduled__2025-07-22T16:15:00+00:00'
[2025-07-22T16:31:30.866+0000] {taskinstance.py:430} INFO - ::endgroup::
[2025-07-22T16:31:30.884+0000] {docker.py:366} INFO - Starting docker container from image realtime-flight-pipeline/spark-job:0.1
[2025-07-22T16:31:30.888+0000] {docker.py:374} WARNING - Using remote engine or docker-in-docker and mounting temporary volume from host is not supported. Falling back to `mount_tmp_dir=False` mode. You can set `mount_tmp_dir` parameter to False to disable mounting and remove the warning
[2025-07-22T16:31:31.533+0000] {docker.py:436} INFO - [38;5;6mspark [38;5;5m16:31:31.53 [0m[38;5;2mINFO [0m ==>
[2025-07-22T16:31:31.533+0000] {docker.py:436} INFO - [38;5;6mspark [38;5;5m16:31:31.53 [0m[38;5;2mINFO [0m ==> [1mWelcome to the Bitnami spark container[0m
[2025-07-22T16:31:31.535+0000] {docker.py:436} INFO - [38;5;6mspark [38;5;5m16:31:31.53 [0m[38;5;2mINFO [0m ==> Subscribe to project updates by watching [1mhttps://github.com/bitnami/containers[0m
[2025-07-22T16:31:31.536+0000] {docker.py:436} INFO - [38;5;6mspark [38;5;5m16:31:31.53 [0m[38;5;2mINFO [0m ==> Submit issues and feature requests at [1mhttps://github.com/bitnami/containers/issues[0m
[2025-07-22T16:31:31.537+0000] {docker.py:436} INFO - [38;5;6mspark [38;5;5m16:31:31.53 [0m[38;5;2mINFO [0m ==> Upgrade to Tanzu Application Catalog for production environments to access custom-configured and pre-packaged software components. Gain enhanced features, including Software Bill of Materials (SBOM), CVE scan result reports, and VEX documents. To learn more, visit [1mhttps://bitnami.com/enterprise[0m
[2025-07-22T16:31:31.538+0000] {docker.py:436} INFO - [38;5;6mspark [38;5;5m16:31:31.53 [0m[38;5;2mINFO [0m ==>
[2025-07-22T16:31:31.545+0000] {docker.py:436} INFO - 
[2025-07-22T16:31:33.973+0000] {docker.py:436} INFO - 25/07/22 16:31:33 INFO SparkContext: Running Spark version 3.5.1
[2025-07-22T16:31:33.975+0000] {docker.py:436} INFO - 25/07/22 16:31:33 INFO SparkContext: OS info Linux, 5.15.167.4-microsoft-standard-WSL2, amd64
[2025-07-22T16:31:33.975+0000] {docker.py:436} INFO - 25/07/22 16:31:33 INFO SparkContext: Java version 17.0.12
[2025-07-22T16:31:34.002+0000] {docker.py:436} INFO - 25/07/22 16:31:34 INFO ResourceUtils: ==============================================================
[2025-07-22T16:31:34.003+0000] {docker.py:436} INFO - 25/07/22 16:31:34 INFO ResourceUtils: No custom resources configured for spark.driver.
[2025-07-22T16:31:34.003+0000] {docker.py:436} INFO - 25/07/22 16:31:34 INFO ResourceUtils: ==============================================================
[2025-07-22T16:31:34.003+0000] {docker.py:436} INFO - 25/07/22 16:31:34 INFO SparkContext: Submitted application: FlightDataProcessing
[2025-07-22T16:31:34.021+0000] {docker.py:436} INFO - 25/07/22 16:31:34 INFO ResourceProfile: Default ResourceProfile created, executor resources: Map(cores -> name: cores, amount: 1, script: , vendor: , memory -> name: memory, amount: 1024, script: , vendor: , offHeap -> name: offHeap, amount: 0, script: , vendor: ), task resources: Map(cpus -> name: cpus, amount: 1.0)
[2025-07-22T16:31:34.028+0000] {docker.py:436} INFO - 25/07/22 16:31:34 INFO ResourceProfile: Limiting resource is cpu
[2025-07-22T16:31:34.029+0000] {docker.py:436} INFO - 25/07/22 16:31:34 INFO ResourceProfileManager: Added ResourceProfile id: 0
[2025-07-22T16:31:34.067+0000] {docker.py:436} INFO - 25/07/22 16:31:34 INFO SecurityManager: Changing view acls to: spark
[2025-07-22T16:31:34.068+0000] {docker.py:436} INFO - 25/07/22 16:31:34 INFO SecurityManager: Changing modify acls to: spark
[2025-07-22T16:31:34.069+0000] {docker.py:436} INFO - 25/07/22 16:31:34 INFO SecurityManager: Changing view acls groups to:
[2025-07-22T16:31:34.070+0000] {docker.py:436} INFO - 25/07/22 16:31:34 INFO SecurityManager: Changing modify acls groups to:
[2025-07-22T16:31:34.071+0000] {docker.py:436} INFO - 25/07/22 16:31:34 INFO SecurityManager: SecurityManager: authentication disabled; ui acls disabled; users with view permissions: spark; groups with view permissions: EMPTY; users with modify permissions: spark; groups with modify permissions: EMPTY
[2025-07-22T16:31:34.122+0000] {docker.py:436} INFO - 25/07/22 16:31:34 WARN NativeCodeLoader: Unable to load native-hadoop library for your platform... using builtin-java classes where applicable
[2025-07-22T16:31:34.349+0000] {docker.py:436} INFO - 25/07/22 16:31:34 INFO Utils: Successfully started service 'sparkDriver' on port 33649.
[2025-07-22T16:31:34.371+0000] {docker.py:436} INFO - 25/07/22 16:31:34 INFO SparkEnv: Registering MapOutputTracker
[2025-07-22T16:31:34.399+0000] {docker.py:436} INFO - 25/07/22 16:31:34 INFO SparkEnv: Registering BlockManagerMaster
[2025-07-22T16:31:34.412+0000] {docker.py:436} INFO - 25/07/22 16:31:34 INFO BlockManagerMasterEndpoint: Using org.apache.spark.storage.DefaultTopologyMapper for getting topology information
[2025-07-22T16:31:34.413+0000] {docker.py:436} INFO - 25/07/22 16:31:34 INFO BlockManagerMasterEndpoint: BlockManagerMasterEndpoint up
[2025-07-22T16:31:34.416+0000] {docker.py:436} INFO - 25/07/22 16:31:34 INFO SparkEnv: Registering BlockManagerMasterHeartbeat
[2025-07-22T16:31:34.437+0000] {docker.py:436} INFO - 25/07/22 16:31:34 INFO DiskBlockManager: Created local directory at /tmp/blockmgr-846f9f54-fde2-4fa0-a14f-2d1b62686ab9
[2025-07-22T16:31:34.448+0000] {docker.py:436} INFO - 25/07/22 16:31:34 INFO MemoryStore: MemoryStore started with capacity 434.4 MiB
[2025-07-22T16:31:34.464+0000] {docker.py:436} INFO - 25/07/22 16:31:34 INFO SparkEnv: Registering OutputCommitCoordinator
[2025-07-22T16:31:34.593+0000] {docker.py:436} INFO - 25/07/22 16:31:34 INFO JettyUtils: Start Jetty 0.0.0.0:4040 for SparkUI
[2025-07-22T16:31:34.686+0000] {docker.py:436} INFO - 25/07/22 16:31:34 INFO Utils: Successfully started service 'SparkUI' on port 4040.
[2025-07-22T16:31:34.851+0000] {docker.py:436} INFO - 25/07/22 16:31:34 INFO Executor: Starting executor ID driver on host 3db536a11155
[2025-07-22T16:31:34.852+0000] {docker.py:436} INFO - 25/07/22 16:31:34 INFO Executor: OS info Linux, 5.15.167.4-microsoft-standard-WSL2, amd64
[2025-07-22T16:31:34.852+0000] {docker.py:436} INFO - 25/07/22 16:31:34 INFO Executor: Java version 17.0.12
[2025-07-22T16:31:34.860+0000] {docker.py:436} INFO - 25/07/22 16:31:34 INFO Executor: Starting executor with user classpath (userClassPathFirst = false): ''
[2025-07-22T16:31:34.860+0000] {docker.py:436} INFO - 25/07/22 16:31:34 INFO Executor: Created or updated repl class loader org.apache.spark.util.MutableURLClassLoader@25e00935 for default.
[2025-07-22T16:31:34.881+0000] {docker.py:436} INFO - 25/07/22 16:31:34 INFO Utils: Successfully started service 'org.apache.spark.network.netty.NettyBlockTransferService' on port 37845.
[2025-07-22T16:31:34.881+0000] {docker.py:436} INFO - 25/07/22 16:31:34 INFO NettyBlockTransferService: Server created on 3db536a11155:37845
[2025-07-22T16:31:34.883+0000] {docker.py:436} INFO - 25/07/22 16:31:34 INFO BlockManager: Using org.apache.spark.storage.RandomBlockReplicationPolicy for block replication policy
[2025-07-22T16:31:34.888+0000] {docker.py:436} INFO - 25/07/22 16:31:34 INFO BlockManagerMaster: Registering BlockManager BlockManagerId(driver, 3db536a11155, 37845, None)
[2025-07-22T16:31:34.891+0000] {docker.py:436} INFO - 25/07/22 16:31:34 INFO BlockManagerMasterEndpoint: Registering block manager 3db536a11155:37845 with 434.4 MiB RAM, BlockManagerId(driver, 3db536a11155, 37845, None)
[2025-07-22T16:31:34.892+0000] {docker.py:436} INFO - 25/07/22 16:31:34 INFO BlockManagerMaster: Registered BlockManager BlockManagerId(driver, 3db536a11155, 37845, None)
[2025-07-22T16:31:34.895+0000] {docker.py:436} INFO - 25/07/22 16:31:34 INFO BlockManager: Initialized BlockManager: BlockManagerId(driver, 3db536a11155, 37845, None)
[2025-07-22T16:31:35.199+0000] {docker.py:436} INFO - Sessão Spark criada com sucesso!
[2025-07-22T16:31:37.283+0000] {docker.py:436} INFO - 25/07/22 16:31:37 INFO SharedState: Setting hive.metastore.warehouse.dir ('null') to the value of spark.sql.warehouse.dir.
[2025-07-22T16:31:37.288+0000] {docker.py:436} INFO - 25/07/22 16:31:37 INFO SharedState: Warehouse path is 'file:/app/spark-warehouse'.
[2025-07-22T16:31:38.123+0000] {docker.py:436} INFO - Schema do DataFrame de Voos (definido por nós):
[2025-07-22T16:31:38.136+0000] {docker.py:436} INFO - root
 |-- icao24: string (nullable = true)
 |-- callsign: string (nullable = true)
 |-- origin_country: string (nullable = true)
 |-- time_position: long (nullable = true)
 |-- last_contact: long (nullable = true)
 |-- longitude: double (nullable = true)
 |-- latitude: double (nullable = true)
 |-- baro_altitude: double (nullable = true)
 |-- on_ground: boolean (nullable = true)
 |-- velocity: double (nullable = true)
 |-- true_track: double (nullable = true)
 |-- vertical_rate: double (nullable = true)
 |-- sensors: string (nullable = true)
 |-- geo_altitude: double (nullable = true)
 |-- squawk: string (nullable = true)
 |-- spi: boolean (nullable = true)
 |-- position_source: long (nullable = true)

Alguns dados de voos recebidos (após limpeza):
[2025-07-22T16:31:38.686+0000] {docker.py:436} INFO - 25/07/22 16:31:38 INFO CodeGenerator: Code generated in 143.349685 ms
[2025-07-22T16:31:38.721+0000] {docker.py:436} INFO - 25/07/22 16:31:38 INFO SparkContext: Starting job: showString at NativeMethodAccessorImpl.java:0
[2025-07-22T16:31:38.731+0000] {docker.py:436} INFO - 25/07/22 16:31:38 INFO DAGScheduler: Got job 0 (showString at NativeMethodAccessorImpl.java:0) with 1 output partitions
[2025-07-22T16:31:38.731+0000] {docker.py:436} INFO - 25/07/22 16:31:38 INFO DAGScheduler: Final stage: ResultStage 0 (showString at NativeMethodAccessorImpl.java:0)
[2025-07-22T16:31:38.732+0000] {docker.py:436} INFO - 25/07/22 16:31:38 INFO DAGScheduler: Parents of final stage: List()
[2025-07-22T16:31:38.732+0000] {docker.py:436} INFO - 25/07/22 16:31:38 INFO DAGScheduler: Missing parents: List()
[2025-07-22T16:31:38.734+0000] {docker.py:436} INFO - 25/07/22 16:31:38 INFO DAGScheduler: Submitting ResultStage 0 (MapPartitionsRDD[6] at showString at NativeMethodAccessorImpl.java:0), which has no missing parents
[2025-07-22T16:31:38.792+0000] {docker.py:436} INFO - 25/07/22 16:31:38 INFO MemoryStore: Block broadcast_0 stored as values in memory (estimated size 18.5 KiB, free 434.4 MiB)
[2025-07-22T16:31:38.816+0000] {docker.py:436} INFO - 25/07/22 16:31:38 INFO MemoryStore: Block broadcast_0_piece0 stored as bytes in memory (estimated size 8.0 KiB, free 434.4 MiB)
[2025-07-22T16:31:38.819+0000] {docker.py:436} INFO - 25/07/22 16:31:38 INFO BlockManagerInfo: Added broadcast_0_piece0 in memory on 3db536a11155:37845 (size: 8.0 KiB, free: 434.4 MiB)
[2025-07-22T16:31:38.823+0000] {docker.py:436} INFO - 25/07/22 16:31:38 INFO SparkContext: Created broadcast 0 from broadcast at DAGScheduler.scala:1585
[2025-07-22T16:31:38.834+0000] {docker.py:436} INFO - 25/07/22 16:31:38 INFO DAGScheduler: Submitting 1 missing tasks from ResultStage 0 (MapPartitionsRDD[6] at showString at NativeMethodAccessorImpl.java:0) (first 15 tasks are for partitions Vector(0))
[2025-07-22T16:31:38.835+0000] {docker.py:436} INFO - 25/07/22 16:31:38 INFO TaskSchedulerImpl: Adding task set 0.0 with 1 tasks resource profile 0
[2025-07-22T16:31:38.870+0000] {docker.py:436} INFO - 25/07/22 16:31:38 INFO TaskSetManager: Starting task 0.0 in stage 0.0 (TID 0) (3db536a11155, executor driver, partition 0, PROCESS_LOCAL, 123012 bytes)
[2025-07-22T16:31:38.881+0000] {docker.py:436} INFO - 25/07/22 16:31:38 INFO Executor: Running task 0.0 in stage 0.0 (TID 0)
[2025-07-22T16:31:39.453+0000] {docker.py:436} INFO - 25/07/22 16:31:39 INFO CodeGenerator: Code generated in 24.467292 ms
[2025-07-22T16:31:39.545+0000] {docker.py:436} INFO - 25/07/22 16:31:39 INFO Executor: Finished task 0.0 in stage 0.0 (TID 0). 2716 bytes result sent to driver
[2025-07-22T16:31:39.551+0000] {docker.py:436} INFO - 25/07/22 16:31:39 INFO TaskSetManager: Finished task 0.0 in stage 0.0 (TID 0) in 690 ms on 3db536a11155 (executor driver) (1/1)
[2025-07-22T16:31:39.553+0000] {docker.py:436} INFO - 25/07/22 16:31:39 INFO TaskSchedulerImpl: Removed TaskSet 0.0, whose tasks have all completed, from pool
[2025-07-22T16:31:39.555+0000] {docker.py:436} INFO - 25/07/22 16:31:39 INFO PythonAccumulatorV2: Connected to AccumulatorServer at host: 127.0.0.1 port: 36793
[2025-07-22T16:31:39.564+0000] {docker.py:436} INFO - 25/07/22 16:31:39 INFO DAGScheduler: ResultStage 0 (showString at NativeMethodAccessorImpl.java:0) finished in 0.822 s
[2025-07-22T16:31:39.566+0000] {docker.py:436} INFO - 25/07/22 16:31:39 INFO DAGScheduler: Job 0 is finished. Cancelling potential speculative or zombie tasks for this job
[2025-07-22T16:31:39.567+0000] {docker.py:436} INFO - 25/07/22 16:31:39 INFO TaskSchedulerImpl: Killing all running tasks in stage 0: Stage finished
[2025-07-22T16:31:39.568+0000] {docker.py:436} INFO - 25/07/22 16:31:39 INFO DAGScheduler: Job 0 finished: showString at NativeMethodAccessorImpl.java:0, took 0.846628 s
[2025-07-22T16:31:40.093+0000] {docker.py:436} INFO - 25/07/22 16:31:40 INFO BlockManagerInfo: Removed broadcast_0_piece0 on 3db536a11155:37845 in memory (size: 8.0 KiB, free: 434.4 MiB)
[2025-07-22T16:31:40.247+0000] {docker.py:436} INFO - 25/07/22 16:31:40 INFO CodeGenerator: Code generated in 21.025904 ms
[2025-07-22T16:31:40.258+0000] {docker.py:436} INFO - +------+--------+--------------+-------------+------------+---------+--------+-------------+---------+--------+----------+-------------+-------+------------+------+-----+---------------+
|icao24|callsign|origin_country|time_position|last_contact|longitude|latitude|baro_altitude|on_ground|velocity|true_track|vertical_rate|sensors|geo_altitude|squawk|spi  |position_source|
+------+--------+--------------+-------------+------------+---------+--------+-------------+---------+--------+----------+-------------+-------+------------+------+-----+---------------+
|39de4f|TVF8965 |France        |1753201895   |1753201895  |7.6306   |43.21   |11582.4      |false    |225.14  |335.43    |0.0          |NULL   |12176.76    |1000  |false|0              |
|a5f852|RTY484  |United States |1753201895   |1753201895  |-104.8666|40.3434 |2103.12      |false    |54.24   |215.35    |0.0          |NULL   |2141.22     |0467  |false|0              |
|801638|AXB2456 |India         |1753201654   |1753201660  |77.7616  |13.1891 |1120.14      |false    |70.48   |270.42    |-3.25        |NULL   |1036.32     |NULL  |false|0              |
|39de4b|TVF91KJ |France        |1753201895   |1753201895  |12.0094  |44.8348 |11582.4      |false    |197.09  |291.27    |0.33         |NULL   |12131.04    |1000  |false|0              |
|aa9321|UAL876  |United States |1753201895   |1753201895  |-122.6901|38.0976 |5074.92      |false    |165.97  |176.45    |-6.18        |NULL   |5273.04     |6260  |false|0              |
+------+--------+--------------+-------------+------------+---------+--------+-------------+---------+--------+----------+-------------+-------+------------+------+-----+---------------+
only showing top 5 rows
[2025-07-22T16:31:40.300+0000] {docker.py:436} INFO - DataFrame com a coluna de tempo transformada:
[2025-07-22T16:31:40.408+0000] {docker.py:436} INFO - 25/07/22 16:31:40 INFO CodeGenerator: Code generated in 12.608215 ms
[2025-07-22T16:31:40.419+0000] {docker.py:436} INFO - 25/07/22 16:31:40 INFO SparkContext: Starting job: showString at NativeMethodAccessorImpl.java:0
[2025-07-22T16:31:40.420+0000] {docker.py:436} INFO - 25/07/22 16:31:40 INFO DAGScheduler: Got job 1 (showString at NativeMethodAccessorImpl.java:0) with 1 output partitions
25/07/22 16:31:40 INFO DAGScheduler: Final stage: ResultStage 1 (showString at NativeMethodAccessorImpl.java:0)
[2025-07-22T16:31:40.420+0000] {docker.py:436} INFO - 25/07/22 16:31:40 INFO DAGScheduler: Parents of final stage: List()
[2025-07-22T16:31:40.421+0000] {docker.py:436} INFO - 25/07/22 16:31:40 INFO DAGScheduler: Missing parents: List()
[2025-07-22T16:31:40.421+0000] {docker.py:436} INFO - 25/07/22 16:31:40 INFO DAGScheduler: Submitting ResultStage 1 (MapPartitionsRDD[8] at showString at NativeMethodAccessorImpl.java:0), which has no missing parents
[2025-07-22T16:31:40.424+0000] {docker.py:436} INFO - 25/07/22 16:31:40 INFO MemoryStore: Block broadcast_1 stored as values in memory (estimated size 15.4 KiB, free 434.4 MiB)
[2025-07-22T16:31:40.430+0000] {docker.py:436} INFO - 25/07/22 16:31:40 INFO MemoryStore: Block broadcast_1_piece0 stored as bytes in memory (estimated size 7.8 KiB, free 434.4 MiB)
[2025-07-22T16:31:40.431+0000] {docker.py:436} INFO - 25/07/22 16:31:40 INFO BlockManagerInfo: Added broadcast_1_piece0 in memory on 3db536a11155:37845 (size: 7.8 KiB, free: 434.4 MiB)
[2025-07-22T16:31:40.431+0000] {docker.py:436} INFO - 25/07/22 16:31:40 INFO SparkContext: Created broadcast 1 from broadcast at DAGScheduler.scala:1585
[2025-07-22T16:31:40.432+0000] {docker.py:436} INFO - 25/07/22 16:31:40 INFO DAGScheduler: Submitting 1 missing tasks from ResultStage 1 (MapPartitionsRDD[8] at showString at NativeMethodAccessorImpl.java:0) (first 15 tasks are for partitions Vector(0))
[2025-07-22T16:31:40.432+0000] {docker.py:436} INFO - 25/07/22 16:31:40 INFO TaskSchedulerImpl: Adding task set 1.0 with 1 tasks resource profile 0
[2025-07-22T16:31:40.434+0000] {docker.py:436} INFO - 25/07/22 16:31:40 INFO TaskSetManager: Starting task 0.0 in stage 1.0 (TID 1) (3db536a11155, executor driver, partition 0, PROCESS_LOCAL, 123012 bytes)
[2025-07-22T16:31:40.435+0000] {docker.py:436} INFO - 25/07/22 16:31:40 INFO Executor: Running task 0.0 in stage 1.0 (TID 1)
[2025-07-22T16:31:40.456+0000] {docker.py:436} INFO - 25/07/22 16:31:40 INFO CodeGenerator: Code generated in 9.195293 ms
[2025-07-22T16:31:40.563+0000] {docker.py:436} INFO - 25/07/22 16:31:40 INFO Executor: Finished task 0.0 in stage 1.0 (TID 1). 2125 bytes result sent to driver
[2025-07-22T16:31:40.565+0000] {docker.py:436} INFO - 25/07/22 16:31:40 INFO TaskSetManager: Finished task 0.0 in stage 1.0 (TID 1) in 132 ms on 3db536a11155 (executor driver) (1/1)
[2025-07-22T16:31:40.566+0000] {docker.py:436} INFO - 25/07/22 16:31:40 INFO TaskSchedulerImpl: Removed TaskSet 1.0, whose tasks have all completed, from pool
[2025-07-22T16:31:40.567+0000] {docker.py:436} INFO - 25/07/22 16:31:40 INFO DAGScheduler: ResultStage 1 (showString at NativeMethodAccessorImpl.java:0) finished in 0.144 s
[2025-07-22T16:31:40.567+0000] {docker.py:436} INFO - 25/07/22 16:31:40 INFO DAGScheduler: Job 1 is finished. Cancelling potential speculative or zombie tasks for this job
[2025-07-22T16:31:40.568+0000] {docker.py:436} INFO - 25/07/22 16:31:40 INFO TaskSchedulerImpl: Killing all running tasks in stage 1: Stage finished
[2025-07-22T16:31:40.568+0000] {docker.py:436} INFO - 25/07/22 16:31:40 INFO DAGScheduler: Job 1 finished: showString at NativeMethodAccessorImpl.java:0, took 0.148765 s
[2025-07-22T16:31:40.581+0000] {docker.py:436} INFO - 25/07/22 16:31:40 INFO CodeGenerator: Code generated in 8.604392 ms
[2025-07-22T16:31:40.583+0000] {docker.py:436} INFO - +--------+--------------+---------+--------+----------------------+
|callsign|origin_country|longitude|latitude|time_position_readable|
+--------+--------------+---------+--------+----------------------+
|TVF8965 |France        |7.6306   |43.21   |2025-07-22 16:31:35   |
|RTY484  |United States |-104.8666|40.3434 |2025-07-22 16:31:35   |
|AXB2456 |India         |77.7616  |13.1891 |2025-07-22 16:27:34   |
|TVF91KJ |France        |12.0094  |44.8348 |2025-07-22 16:31:35   |
|UAL876  |United States |-122.6901|38.0976 |2025-07-22 16:31:35   |
+--------+--------------+---------+--------+----------------------+
only showing top 5 rows
[2025-07-22T16:31:40.584+0000] {docker.py:436} INFO - 25/07/22 16:31:40 INFO SparkContext: SparkContext is stopping with exitCode 0.
[2025-07-22T16:31:40.592+0000] {docker.py:436} INFO - 25/07/22 16:31:40 INFO SparkUI: Stopped Spark web UI at http://3db536a11155:4040
[2025-07-22T16:31:40.599+0000] {docker.py:436} INFO - 25/07/22 16:31:40 INFO MapOutputTrackerMasterEndpoint: MapOutputTrackerMasterEndpoint stopped!
[2025-07-22T16:31:40.610+0000] {docker.py:436} INFO - 25/07/22 16:31:40 INFO MemoryStore: MemoryStore cleared
[2025-07-22T16:31:40.610+0000] {docker.py:436} INFO - 25/07/22 16:31:40 INFO BlockManager: BlockManager stopped
[2025-07-22T16:31:40.612+0000] {docker.py:436} INFO - 25/07/22 16:31:40 INFO BlockManagerMaster: BlockManagerMaster stopped
[2025-07-22T16:31:40.613+0000] {docker.py:436} INFO - 25/07/22 16:31:40 INFO OutputCommitCoordinator$OutputCommitCoordinatorEndpoint: OutputCommitCoordinator stopped!
[2025-07-22T16:31:40.621+0000] {docker.py:436} INFO - 25/07/22 16:31:40 INFO SparkContext: Successfully stopped SparkContext
[2025-07-22T16:31:41.625+0000] {docker.py:436} INFO - 25/07/22 16:31:41 INFO ShutdownHookManager: Shutdown hook called
[2025-07-22T16:31:41.625+0000] {docker.py:436} INFO - 25/07/22 16:31:41 INFO ShutdownHookManager: Deleting directory /tmp/spark-602afedb-e431-432c-86b8-dc021a8cc9f4/pyspark-b37009ef-47a8-4759-8fe8-19c785be2e44
[2025-07-22T16:31:41.628+0000] {docker.py:436} INFO - 25/07/22 16:31:41 INFO ShutdownHookManager: Deleting directory /tmp/spark-823a464e-e68e-442e-a534-f7de1fcbe789
[2025-07-22T16:31:41.632+0000] {docker.py:436} INFO - 25/07/22 16:31:41 INFO ShutdownHookManager: Deleting directory /tmp/spark-602afedb-e431-432c-86b8-dc021a8cc9f4
[2025-07-22T16:31:42.111+0000] {taskinstance.py:441} INFO - ::group::Post task execution logs
[2025-07-22T16:31:42.128+0000] {taskinstance.py:1206} INFO - Marking task as SUCCESS. dag_id=flight_data_pipeline, task_id=run_spark_job_container, run_id=scheduled__2025-07-22T16:15:00+00:00, execution_date=20250722T161500, start_date=20250722T163130, end_date=20250722T163142
[2025-07-22T16:31:42.171+0000] {local_task_job_runner.py:240} INFO - Task exited with return code 0
[2025-07-22T16:31:42.183+0000] {taskinstance.py:3503} INFO - 0 downstream tasks scheduled from follow-on schedule check
[2025-07-22T16:31:42.185+0000] {local_task_job_runner.py:222} INFO - ::endgroup::
