[2025-07-22T15:08:35.073+0000] {local_task_job_runner.py:120} INFO - ::group::Pre task execution logs
[2025-07-22T15:08:35.094+0000] {taskinstance.py:2076} INFO - Dependencies all met for dep_context=non-requeueable deps ti=<TaskInstance: flight_data_pipeline.run_spark_job_container manual__2025-07-22T15:08:31.746183+00:00 [queued]>
[2025-07-22T15:08:35.099+0000] {taskinstance.py:2076} INFO - Dependencies all met for dep_context=requeueable deps ti=<TaskInstance: flight_data_pipeline.run_spark_job_container manual__2025-07-22T15:08:31.746183+00:00 [queued]>
[2025-07-22T15:08:35.100+0000] {taskinstance.py:2306} INFO - Starting attempt 1 of 1
[2025-07-22T15:08:35.111+0000] {taskinstance.py:2330} INFO - Executing <Task(DockerOperator): run_spark_job_container> on 2025-07-22 15:08:31.746183+00:00
[2025-07-22T15:08:35.116+0000] {warnings.py:112} WARNING - /home/***/.local/lib/python3.12/site-packages/***/task/task_runner/standard_task_runner.py:61: DeprecationWarning: This process (pid=75) is multi-threaded, use of fork() may lead to deadlocks in the child.
  pid = os.fork()

[2025-07-22T15:08:35.118+0000] {standard_task_runner.py:63} INFO - Started process 77 to run task
[2025-07-22T15:08:35.118+0000] {standard_task_runner.py:90} INFO - Running: ['***', 'tasks', 'run', 'flight_data_pipeline', 'run_spark_job_container', 'manual__2025-07-22T15:08:31.746183+00:00', '--job-id', '21', '--raw', '--subdir', 'DAGS_FOLDER/flight_pipeline_dag.py', '--cfg-path', '/tmp/tmpi21c0z02']
[2025-07-22T15:08:35.120+0000] {standard_task_runner.py:91} INFO - Job 21: Subtask run_spark_job_container
[2025-07-22T15:08:35.165+0000] {task_command.py:426} INFO - Running <TaskInstance: flight_data_pipeline.run_spark_job_container manual__2025-07-22T15:08:31.746183+00:00 [running]> on host 2662e370c470
[2025-07-22T15:08:35.237+0000] {taskinstance.py:2648} INFO - Exporting env vars: AIRFLOW_CTX_DAG_OWNER='***' AIRFLOW_CTX_DAG_ID='flight_data_pipeline' AIRFLOW_CTX_TASK_ID='run_spark_job_container' AIRFLOW_CTX_EXECUTION_DATE='2025-07-22T15:08:31.746183+00:00' AIRFLOW_CTX_TRY_NUMBER='1' AIRFLOW_CTX_DAG_RUN_ID='manual__2025-07-22T15:08:31.746183+00:00'
[2025-07-22T15:08:35.239+0000] {taskinstance.py:430} INFO - ::endgroup::
[2025-07-22T15:08:35.257+0000] {docker.py:366} INFO - Starting docker container from image realtime-flight-pipeline/spark-job:0.1
[2025-07-22T15:08:35.260+0000] {docker.py:374} WARNING - Using remote engine or docker-in-docker and mounting temporary volume from host is not supported. Falling back to `mount_tmp_dir=False` mode. You can set `mount_tmp_dir` parameter to False to disable mounting and remove the warning
[2025-07-22T15:08:35.513+0000] {docker.py:436} INFO - [38;5;6mspark [38;5;5m15:08:35.51 [0m[38;5;2mINFO [0m ==>
[2025-07-22T15:08:35.514+0000] {docker.py:436} INFO - [38;5;6mspark [38;5;5m15:08:35.51 [0m[38;5;2mINFO [0m ==> [1mWelcome to the Bitnami spark container[0m
[2025-07-22T15:08:35.516+0000] {docker.py:436} INFO - [38;5;6mspark [38;5;5m15:08:35.51 [0m[38;5;2mINFO [0m ==> Subscribe to project updates by watching [1mhttps://github.com/bitnami/containers[0m
[2025-07-22T15:08:35.517+0000] {docker.py:436} INFO - [38;5;6mspark [38;5;5m15:08:35.51 [0m[38;5;2mINFO [0m ==> Submit issues and feature requests at [1mhttps://github.com/bitnami/containers/issues[0m
[2025-07-22T15:08:35.518+0000] {docker.py:436} INFO - [38;5;6mspark [38;5;5m15:08:35.51 [0m[38;5;2mINFO [0m ==> Upgrade to Tanzu Application Catalog for production environments to access custom-configured and pre-packaged software components. Gain enhanced features, including Software Bill of Materials (SBOM), CVE scan result reports, and VEX documents. To learn more, visit [1mhttps://bitnami.com/enterprise[0m
[2025-07-22T15:08:35.519+0000] {docker.py:436} INFO - [38;5;6mspark [38;5;5m15:08:35.51 [0m[38;5;2mINFO [0m ==>
[2025-07-22T15:08:35.526+0000] {docker.py:436} INFO - 
[2025-07-22T15:08:37.636+0000] {docker.py:436} INFO - 25/07/22 15:08:37 INFO SparkContext: Running Spark version 3.5.1
[2025-07-22T15:08:37.638+0000] {docker.py:436} INFO - 25/07/22 15:08:37 INFO SparkContext: OS info Linux, 5.15.167.4-microsoft-standard-WSL2, amd64
[2025-07-22T15:08:37.639+0000] {docker.py:436} INFO - 25/07/22 15:08:37 INFO SparkContext: Java version 17.0.12
[2025-07-22T15:08:37.662+0000] {docker.py:436} INFO - 25/07/22 15:08:37 INFO ResourceUtils: ==============================================================
[2025-07-22T15:08:37.663+0000] {docker.py:436} INFO - 25/07/22 15:08:37 INFO ResourceUtils: No custom resources configured for spark.driver.
[2025-07-22T15:08:37.663+0000] {docker.py:436} INFO - 25/07/22 15:08:37 INFO ResourceUtils: ==============================================================
[2025-07-22T15:08:37.663+0000] {docker.py:436} INFO - 25/07/22 15:08:37 INFO SparkContext: Submitted application: FlightDataProcessing
[2025-07-22T15:08:37.679+0000] {docker.py:436} INFO - 25/07/22 15:08:37 INFO ResourceProfile: Default ResourceProfile created, executor resources: Map(cores -> name: cores, amount: 1, script: , vendor: , memory -> name: memory, amount: 1024, script: , vendor: , offHeap -> name: offHeap, amount: 0, script: , vendor: ), task resources: Map(cpus -> name: cpus, amount: 1.0)
[2025-07-22T15:08:37.684+0000] {docker.py:436} INFO - 25/07/22 15:08:37 INFO ResourceProfile: Limiting resource is cpu
[2025-07-22T15:08:37.685+0000] {docker.py:436} INFO - 25/07/22 15:08:37 INFO ResourceProfileManager: Added ResourceProfile id: 0
[2025-07-22T15:08:37.720+0000] {docker.py:436} INFO - 25/07/22 15:08:37 INFO SecurityManager: Changing view acls to: spark
[2025-07-22T15:08:37.721+0000] {docker.py:436} INFO - 25/07/22 15:08:37 INFO SecurityManager: Changing modify acls to: spark
[2025-07-22T15:08:37.722+0000] {docker.py:436} INFO - 25/07/22 15:08:37 INFO SecurityManager: Changing view acls groups to:
[2025-07-22T15:08:37.722+0000] {docker.py:436} INFO - 25/07/22 15:08:37 INFO SecurityManager: Changing modify acls groups to:
[2025-07-22T15:08:37.723+0000] {docker.py:436} INFO - 25/07/22 15:08:37 INFO SecurityManager: SecurityManager: authentication disabled; ui acls disabled; users with view permissions: spark; groups with view permissions: EMPTY; users with modify permissions: spark; groups with modify permissions: EMPTY
[2025-07-22T15:08:37.762+0000] {docker.py:436} INFO - 25/07/22 15:08:37 WARN NativeCodeLoader: Unable to load native-hadoop library for your platform... using builtin-java classes where applicable
[2025-07-22T15:08:37.956+0000] {docker.py:436} INFO - 25/07/22 15:08:37 INFO Utils: Successfully started service 'sparkDriver' on port 41567.
[2025-07-22T15:08:37.977+0000] {docker.py:436} INFO - 25/07/22 15:08:37 INFO SparkEnv: Registering MapOutputTracker
[2025-07-22T15:08:38.004+0000] {docker.py:436} INFO - 25/07/22 15:08:38 INFO SparkEnv: Registering BlockManagerMaster
[2025-07-22T15:08:38.019+0000] {docker.py:436} INFO - 25/07/22 15:08:38 INFO BlockManagerMasterEndpoint: Using org.apache.spark.storage.DefaultTopologyMapper for getting topology information
[2025-07-22T15:08:38.020+0000] {docker.py:436} INFO - 25/07/22 15:08:38 INFO BlockManagerMasterEndpoint: BlockManagerMasterEndpoint up
[2025-07-22T15:08:38.024+0000] {docker.py:436} INFO - 25/07/22 15:08:38 INFO SparkEnv: Registering BlockManagerMasterHeartbeat
[2025-07-22T15:08:38.038+0000] {docker.py:436} INFO - 25/07/22 15:08:38 INFO DiskBlockManager: Created local directory at /tmp/blockmgr-aa16c20d-be39-468e-b9f3-1a9ed22e6307
[2025-07-22T15:08:38.049+0000] {docker.py:436} INFO - 25/07/22 15:08:38 INFO MemoryStore: MemoryStore started with capacity 434.4 MiB
[2025-07-22T15:08:38.065+0000] {docker.py:436} INFO - 25/07/22 15:08:38 INFO SparkEnv: Registering OutputCommitCoordinator
[2025-07-22T15:08:38.176+0000] {docker.py:436} INFO - 25/07/22 15:08:38 INFO JettyUtils: Start Jetty 0.0.0.0:4040 for SparkUI
[2025-07-22T15:08:38.222+0000] {docker.py:436} INFO - 25/07/22 15:08:38 INFO Utils: Successfully started service 'SparkUI' on port 4040.
[2025-07-22T15:08:38.314+0000] {docker.py:436} INFO - 25/07/22 15:08:38 INFO Executor: Starting executor ID driver on host 67eb9b865298
[2025-07-22T15:08:38.314+0000] {docker.py:436} INFO - 25/07/22 15:08:38 INFO Executor: OS info Linux, 5.15.167.4-microsoft-standard-WSL2, amd64
[2025-07-22T15:08:38.315+0000] {docker.py:436} INFO - 25/07/22 15:08:38 INFO Executor: Java version 17.0.12
[2025-07-22T15:08:38.320+0000] {docker.py:436} INFO - 25/07/22 15:08:38 INFO Executor: Starting executor with user classpath (userClassPathFirst = false): ''
[2025-07-22T15:08:38.321+0000] {docker.py:436} INFO - 25/07/22 15:08:38 INFO Executor: Created or updated repl class loader org.apache.spark.util.MutableURLClassLoader@175bb9ab for default.
[2025-07-22T15:08:38.340+0000] {docker.py:436} INFO - 25/07/22 15:08:38 INFO Utils: Successfully started service 'org.apache.spark.network.netty.NettyBlockTransferService' on port 41153.
[2025-07-22T15:08:38.341+0000] {docker.py:436} INFO - 25/07/22 15:08:38 INFO NettyBlockTransferService: Server created on 67eb9b865298:41153
[2025-07-22T15:08:38.342+0000] {docker.py:436} INFO - 25/07/22 15:08:38 INFO BlockManager: Using org.apache.spark.storage.RandomBlockReplicationPolicy for block replication policy
[2025-07-22T15:08:38.346+0000] {docker.py:436} INFO - 25/07/22 15:08:38 INFO BlockManagerMaster: Registering BlockManager BlockManagerId(driver, 67eb9b865298, 41153, None)
[2025-07-22T15:08:38.349+0000] {docker.py:436} INFO - 25/07/22 15:08:38 INFO BlockManagerMasterEndpoint: Registering block manager 67eb9b865298:41153 with 434.4 MiB RAM, BlockManagerId(driver, 67eb9b865298, 41153, None)
[2025-07-22T15:08:38.351+0000] {docker.py:436} INFO - 25/07/22 15:08:38 INFO BlockManagerMaster: Registered BlockManager BlockManagerId(driver, 67eb9b865298, 41153, None)
[2025-07-22T15:08:38.352+0000] {docker.py:436} INFO - 25/07/22 15:08:38 INFO BlockManager: Initialized BlockManager: BlockManagerId(driver, 67eb9b865298, 41153, None)
[2025-07-22T15:08:38.610+0000] {docker.py:436} INFO - Sessão Spark criada com sucesso!
[2025-07-22T15:08:40.812+0000] {docker.py:436} INFO - 25/07/22 15:08:40 INFO SharedState: Setting hive.metastore.warehouse.dir ('null') to the value of spark.sql.warehouse.dir.
[2025-07-22T15:08:40.819+0000] {docker.py:436} INFO - 25/07/22 15:08:40 INFO SharedState: Warehouse path is 'file:/app/spark-warehouse'.
[2025-07-22T15:08:42.028+0000] {docker.py:436} INFO - Schema do DataFrame de Voos (definido por nós):
[2025-07-22T15:08:42.045+0000] {docker.py:436} INFO - root
 |-- icao24: string (nullable = true)
 |-- callsign: string (nullable = true)
 |-- origin_country: string (nullable = true)
 |-- time_position: long (nullable = true)
 |-- last_contact: long (nullable = true)
 |-- longitude: double (nullable = true)
 |-- latitude: double (nullable = true)
 |-- baro_altitude: double (nullable = true)
 |-- on_ground: boolean (nullable = true)
 |-- velocity: double (nullable = true)
 |-- true_track: double (nullable = true)
 |-- vertical_rate: double (nullable = true)
 |-- sensors: string (nullable = true)
 |-- geo_altitude: double (nullable = true)
 |-- squawk: string (nullable = true)
 |-- spi: boolean (nullable = true)
 |-- position_source: long (nullable = true)

Alguns dados de voos recebidos (após limpeza):
[2025-07-22T15:08:42.770+0000] {docker.py:436} INFO - 25/07/22 15:08:42 INFO CodeGenerator: Code generated in 172.998494 ms
[2025-07-22T15:08:42.813+0000] {docker.py:436} INFO - 25/07/22 15:08:42 INFO SparkContext: Starting job: showString at NativeMethodAccessorImpl.java:0
[2025-07-22T15:08:42.825+0000] {docker.py:436} INFO - 25/07/22 15:08:42 INFO DAGScheduler: Got job 0 (showString at NativeMethodAccessorImpl.java:0) with 1 output partitions
[2025-07-22T15:08:42.825+0000] {docker.py:436} INFO - 25/07/22 15:08:42 INFO DAGScheduler: Final stage: ResultStage 0 (showString at NativeMethodAccessorImpl.java:0)
[2025-07-22T15:08:42.825+0000] {docker.py:436} INFO - 25/07/22 15:08:42 INFO DAGScheduler: Parents of final stage: List()
[2025-07-22T15:08:42.826+0000] {docker.py:436} INFO - 25/07/22 15:08:42 INFO DAGScheduler: Missing parents: List()
[2025-07-22T15:08:42.828+0000] {docker.py:436} INFO - 25/07/22 15:08:42 INFO DAGScheduler: Submitting ResultStage 0 (MapPartitionsRDD[6] at showString at NativeMethodAccessorImpl.java:0), which has no missing parents
[2025-07-22T15:08:42.899+0000] {docker.py:436} INFO - 25/07/22 15:08:42 INFO MemoryStore: Block broadcast_0 stored as values in memory (estimated size 18.5 KiB, free 434.4 MiB)
[2025-07-22T15:08:42.934+0000] {docker.py:436} INFO - 25/07/22 15:08:42 INFO MemoryStore: Block broadcast_0_piece0 stored as bytes in memory (estimated size 8.0 KiB, free 434.4 MiB)
[2025-07-22T15:08:42.938+0000] {docker.py:436} INFO - 25/07/22 15:08:42 INFO BlockManagerInfo: Added broadcast_0_piece0 in memory on 67eb9b865298:41153 (size: 8.0 KiB, free: 434.4 MiB)
[2025-07-22T15:08:42.942+0000] {docker.py:436} INFO - 25/07/22 15:08:42 INFO SparkContext: Created broadcast 0 from broadcast at DAGScheduler.scala:1585
[2025-07-22T15:08:42.955+0000] {docker.py:436} INFO - 25/07/22 15:08:42 INFO DAGScheduler: Submitting 1 missing tasks from ResultStage 0 (MapPartitionsRDD[6] at showString at NativeMethodAccessorImpl.java:0) (first 15 tasks are for partitions Vector(0))
[2025-07-22T15:08:42.956+0000] {docker.py:436} INFO - 25/07/22 15:08:42 INFO TaskSchedulerImpl: Adding task set 0.0 with 1 tasks resource profile 0
[2025-07-22T15:08:42.995+0000] {docker.py:436} INFO - 25/07/22 15:08:42 INFO TaskSetManager: Starting task 0.0 in stage 0.0 (TID 0) (67eb9b865298, executor driver, partition 0, PROCESS_LOCAL, 125477 bytes)
[2025-07-22T15:08:43.007+0000] {docker.py:436} INFO - 25/07/22 15:08:43 INFO Executor: Running task 0.0 in stage 0.0 (TID 0)
[2025-07-22T15:08:43.632+0000] {docker.py:436} INFO - 25/07/22 15:08:43 INFO CodeGenerator: Code generated in 37.840599 ms
[2025-07-22T15:08:43.741+0000] {docker.py:436} INFO - 25/07/22 15:08:43 INFO Executor: Finished task 0.0 in stage 0.0 (TID 0). 2878 bytes result sent to driver
[2025-07-22T15:08:43.749+0000] {docker.py:436} INFO - 25/07/22 15:08:43 INFO TaskSetManager: Finished task 0.0 in stage 0.0 (TID 0) in 764 ms on 67eb9b865298 (executor driver) (1/1)
[2025-07-22T15:08:43.750+0000] {docker.py:436} INFO - 25/07/22 15:08:43 INFO TaskSchedulerImpl: Removed TaskSet 0.0, whose tasks have all completed, from pool
[2025-07-22T15:08:43.752+0000] {docker.py:436} INFO - 25/07/22 15:08:43 INFO PythonAccumulatorV2: Connected to AccumulatorServer at host: 127.0.0.1 port: 59639
[2025-07-22T15:08:43.756+0000] {docker.py:436} INFO - 25/07/22 15:08:43 INFO DAGScheduler: ResultStage 0 (showString at NativeMethodAccessorImpl.java:0) finished in 0.921 s
[2025-07-22T15:08:43.758+0000] {docker.py:436} INFO - 25/07/22 15:08:43 INFO DAGScheduler: Job 0 is finished. Cancelling potential speculative or zombie tasks for this job
[2025-07-22T15:08:43.758+0000] {docker.py:436} INFO - 25/07/22 15:08:43 INFO TaskSchedulerImpl: Killing all running tasks in stage 0: Stage finished
[2025-07-22T15:08:43.760+0000] {docker.py:436} INFO - 25/07/22 15:08:43 INFO DAGScheduler: Job 0 finished: showString at NativeMethodAccessorImpl.java:0, took 0.946594 s
[2025-07-22T15:08:44.350+0000] {docker.py:436} INFO - 25/07/22 15:08:44 INFO BlockManagerInfo: Removed broadcast_0_piece0 on 67eb9b865298:41153 in memory (size: 8.0 KiB, free: 434.4 MiB)
[2025-07-22T15:08:44.519+0000] {docker.py:436} INFO - 25/07/22 15:08:44 INFO CodeGenerator: Code generated in 20.535614 ms
[2025-07-22T15:08:44.529+0000] {docker.py:436} INFO - +------+--------+--------------+-------------+------------+---------+--------+-------------+---------+--------+----------+-------------+-------+------------+------+-----+---------------+
|icao24|callsign|origin_country|time_position|last_contact|longitude|latitude|baro_altitude|on_ground|velocity|true_track|vertical_rate|sensors|geo_altitude|squawk|spi  |position_source|
+------+--------+--------------+-------------+------------+---------+--------+-------------+---------+--------+----------+-------------+-------+------------+------+-----+---------------+
|c07d0b|CGVJE   |Canada        |1753196918   |1753196918  |-74.0747 |45.5328 |701.04       |false    |57.11   |88.97     |-1.95        |NULL   |731.52      |NULL  |false|0              |
|a5f852|RTY484  |United States |1753196895   |1753196895  |-105.0087|40.4536 |NULL         |true     |7.72    |250.31    |NULL         |NULL   |NULL        |NULL  |false|0              |
|ab1644|UAL2464 |United States |1753196918   |1753196918  |-95.4525 |30.0929 |2354.58      |false    |139.94  |89.16     |-6.18        |NULL   |2522.22     |2177  |false|0              |
|aa3cbe|N759PA  |United States |1753196915   |1753196915  |-111.8489|41.8296 |1630.68      |false    |45.83   |357.43    |2.93         |NULL   |1668.78     |NULL  |false|0              |
|39de4d|TVF33SN |France        |1753196918   |1753196918  |0.5517   |46.7136 |8618.22      |false    |214.07  |23.36     |-4.88        |NULL   |9029.7      |1000  |false|0              |
+------+--------+--------------+-------------+------------+---------+--------+-------------+---------+--------+----------+-------------+-------+------------+------+-----+---------------+
only showing top 5 rows
[2025-07-22T15:08:44.569+0000] {docker.py:436} INFO - DataFrame com a coluna de tempo transformada:
[2025-07-22T15:08:44.680+0000] {docker.py:436} INFO - 25/07/22 15:08:44 INFO CodeGenerator: Code generated in 14.605241 ms
[2025-07-22T15:08:44.691+0000] {docker.py:436} INFO - 25/07/22 15:08:44 INFO SparkContext: Starting job: showString at NativeMethodAccessorImpl.java:0
[2025-07-22T15:08:44.692+0000] {docker.py:436} INFO - 25/07/22 15:08:44 INFO DAGScheduler: Got job 1 (showString at NativeMethodAccessorImpl.java:0) with 1 output partitions
[2025-07-22T15:08:44.693+0000] {docker.py:436} INFO - 25/07/22 15:08:44 INFO DAGScheduler: Final stage: ResultStage 1 (showString at NativeMethodAccessorImpl.java:0)
[2025-07-22T15:08:44.693+0000] {docker.py:436} INFO - 25/07/22 15:08:44 INFO DAGScheduler: Parents of final stage: List()
[2025-07-22T15:08:44.694+0000] {docker.py:436} INFO - 25/07/22 15:08:44 INFO DAGScheduler: Missing parents: List()
[2025-07-22T15:08:44.694+0000] {docker.py:436} INFO - 25/07/22 15:08:44 INFO DAGScheduler: Submitting ResultStage 1 (MapPartitionsRDD[8] at showString at NativeMethodAccessorImpl.java:0), which has no missing parents
[2025-07-22T15:08:44.697+0000] {docker.py:436} INFO - 25/07/22 15:08:44 INFO MemoryStore: Block broadcast_1 stored as values in memory (estimated size 15.4 KiB, free 434.4 MiB)
[2025-07-22T15:08:44.702+0000] {docker.py:436} INFO - 25/07/22 15:08:44 INFO MemoryStore: Block broadcast_1_piece0 stored as bytes in memory (estimated size 7.8 KiB, free 434.4 MiB)
[2025-07-22T15:08:44.703+0000] {docker.py:436} INFO - 25/07/22 15:08:44 INFO BlockManagerInfo: Added broadcast_1_piece0 in memory on 67eb9b865298:41153 (size: 7.8 KiB, free: 434.4 MiB)
[2025-07-22T15:08:44.703+0000] {docker.py:436} INFO - 25/07/22 15:08:44 INFO SparkContext: Created broadcast 1 from broadcast at DAGScheduler.scala:1585
[2025-07-22T15:08:44.704+0000] {docker.py:436} INFO - 25/07/22 15:08:44 INFO DAGScheduler: Submitting 1 missing tasks from ResultStage 1 (MapPartitionsRDD[8] at showString at NativeMethodAccessorImpl.java:0) (first 15 tasks are for partitions Vector(0))
[2025-07-22T15:08:44.704+0000] {docker.py:436} INFO - 25/07/22 15:08:44 INFO TaskSchedulerImpl: Adding task set 1.0 with 1 tasks resource profile 0
[2025-07-22T15:08:44.706+0000] {docker.py:436} INFO - 25/07/22 15:08:44 INFO TaskSetManager: Starting task 0.0 in stage 1.0 (TID 1) (67eb9b865298, executor driver, partition 0, PROCESS_LOCAL, 125477 bytes)
[2025-07-22T15:08:44.707+0000] {docker.py:436} INFO - 25/07/22 15:08:44 INFO Executor: Running task 0.0 in stage 1.0 (TID 1)
[2025-07-22T15:08:44.732+0000] {docker.py:436} INFO - 25/07/22 15:08:44 INFO CodeGenerator: Code generated in 10.386168 ms
[2025-07-22T15:08:44.847+0000] {docker.py:436} INFO - 25/07/22 15:08:44 INFO Executor: Finished task 0.0 in stage 1.0 (TID 1). 2133 bytes result sent to driver
[2025-07-22T15:08:44.850+0000] {docker.py:436} INFO - 25/07/22 15:08:44 INFO TaskSetManager: Finished task 0.0 in stage 1.0 (TID 1) in 144 ms on 67eb9b865298 (executor driver) (1/1)
[2025-07-22T15:08:44.851+0000] {docker.py:436} INFO - 25/07/22 15:08:44 INFO TaskSchedulerImpl: Removed TaskSet 1.0, whose tasks have all completed, from pool
[2025-07-22T15:08:44.851+0000] {docker.py:436} INFO - 25/07/22 15:08:44 INFO DAGScheduler: ResultStage 1 (showString at NativeMethodAccessorImpl.java:0) finished in 0.156 s
[2025-07-22T15:08:44.851+0000] {docker.py:436} INFO - 25/07/22 15:08:44 INFO DAGScheduler: Job 1 is finished. Cancelling potential speculative or zombie tasks for this job
25/07/22 15:08:44 INFO TaskSchedulerImpl: Killing all running tasks in stage 1: Stage finished
[2025-07-22T15:08:44.852+0000] {docker.py:436} INFO - 25/07/22 15:08:44 INFO DAGScheduler: Job 1 finished: showString at NativeMethodAccessorImpl.java:0, took 0.160803 s
[2025-07-22T15:08:44.867+0000] {docker.py:436} INFO - 25/07/22 15:08:44 INFO CodeGenerator: Code generated in 10.029762 ms
[2025-07-22T15:08:44.869+0000] {docker.py:436} INFO - +--------+--------------+---------+--------+----------------------+
|callsign|origin_country|longitude|latitude|time_position_readable|
+--------+--------------+---------+--------+----------------------+
|CGVJE   |Canada        |-74.0747 |45.5328 |2025-07-22 15:08:38   |
|RTY484  |United States |-105.0087|40.4536 |2025-07-22 15:08:15   |
|UAL2464 |United States |-95.4525 |30.0929 |2025-07-22 15:08:38   |
|N759PA  |United States |-111.8489|41.8296 |2025-07-22 15:08:35   |
|TVF33SN |France        |0.5517   |46.7136 |2025-07-22 15:08:38   |
+--------+--------------+---------+--------+----------------------+
only showing top 5 rows
[2025-07-22T15:08:44.870+0000] {docker.py:436} INFO - 25/07/22 15:08:44 INFO SparkContext: SparkContext is stopping with exitCode 0.
[2025-07-22T15:08:44.879+0000] {docker.py:436} INFO - 25/07/22 15:08:44 INFO SparkUI: Stopped Spark web UI at http://67eb9b865298:4040
[2025-07-22T15:08:44.887+0000] {docker.py:436} INFO - 25/07/22 15:08:44 INFO MapOutputTrackerMasterEndpoint: MapOutputTrackerMasterEndpoint stopped!
[2025-07-22T15:08:44.897+0000] {docker.py:436} INFO - 25/07/22 15:08:44 INFO MemoryStore: MemoryStore cleared
[2025-07-22T15:08:44.898+0000] {docker.py:436} INFO - 25/07/22 15:08:44 INFO BlockManager: BlockManager stopped
[2025-07-22T15:08:44.900+0000] {docker.py:436} INFO - 25/07/22 15:08:44 INFO BlockManagerMaster: BlockManagerMaster stopped
[2025-07-22T15:08:44.902+0000] {docker.py:436} INFO - 25/07/22 15:08:44 INFO OutputCommitCoordinator$OutputCommitCoordinatorEndpoint: OutputCommitCoordinator stopped!
[2025-07-22T15:08:44.909+0000] {docker.py:436} INFO - 25/07/22 15:08:44 INFO SparkContext: Successfully stopped SparkContext
[2025-07-22T15:08:45.914+0000] {docker.py:436} INFO - 25/07/22 15:08:45 INFO ShutdownHookManager: Shutdown hook called
[2025-07-22T15:08:45.915+0000] {docker.py:436} INFO - 25/07/22 15:08:45 INFO ShutdownHookManager: Deleting directory /tmp/spark-98653f36-530e-40ce-b539-fc82377ab621/pyspark-211cf470-4581-46fd-9d72-f9bc5751737f
[2025-07-22T15:08:45.918+0000] {docker.py:436} INFO - 25/07/22 15:08:45 INFO ShutdownHookManager: Deleting directory /tmp/spark-98653f36-530e-40ce-b539-fc82377ab621
[2025-07-22T15:08:45.921+0000] {docker.py:436} INFO - 25/07/22 15:08:45 INFO ShutdownHookManager: Deleting directory /tmp/spark-b936bfc3-b3f5-4ac3-b3c8-afd1ee20eef1
[2025-07-22T15:08:46.392+0000] {taskinstance.py:441} INFO - ::group::Post task execution logs
[2025-07-22T15:08:46.410+0000] {taskinstance.py:1206} INFO - Marking task as SUCCESS. dag_id=flight_data_pipeline, task_id=run_spark_job_container, run_id=manual__2025-07-22T15:08:31.746183+00:00, execution_date=20250722T150831, start_date=20250722T150835, end_date=20250722T150846
[2025-07-22T15:08:46.465+0000] {local_task_job_runner.py:240} INFO - Task exited with return code 0
[2025-07-22T15:08:46.477+0000] {taskinstance.py:3503} INFO - 0 downstream tasks scheduled from follow-on schedule check
[2025-07-22T15:08:46.478+0000] {local_task_job_runner.py:222} INFO - ::endgroup::
