[2025-07-22T18:15:01.352+0000] {local_task_job_runner.py:120} INFO - ::group::Pre task execution logs
[2025-07-22T18:15:01.373+0000] {taskinstance.py:2076} INFO - Dependencies all met for dep_context=non-requeueable deps ti=<TaskInstance: flight_data_pipeline.run_spark_job_container scheduled__2025-07-22T18:00:00+00:00 [queued]>
[2025-07-22T18:15:01.380+0000] {taskinstance.py:2076} INFO - Dependencies all met for dep_context=requeueable deps ti=<TaskInstance: flight_data_pipeline.run_spark_job_container scheduled__2025-07-22T18:00:00+00:00 [queued]>
[2025-07-22T18:15:01.381+0000] {taskinstance.py:2306} INFO - Starting attempt 1 of 1
[2025-07-22T18:15:01.392+0000] {taskinstance.py:2330} INFO - Executing <Task(DockerOperator): run_spark_job_container> on 2025-07-22 18:00:00+00:00
[2025-07-22T18:15:01.398+0000] {warnings.py:112} WARNING - /home/***/.local/lib/python3.12/site-packages/***/task/task_runner/standard_task_runner.py:61: DeprecationWarning: This process (pid=1481) is multi-threaded, use of fork() may lead to deadlocks in the child.
  pid = os.fork()

[2025-07-22T18:15:01.399+0000] {standard_task_runner.py:63} INFO - Started process 1483 to run task
[2025-07-22T18:15:01.399+0000] {standard_task_runner.py:90} INFO - Running: ['***', 'tasks', 'run', 'flight_data_pipeline', 'run_spark_job_container', 'scheduled__2025-07-22T18:00:00+00:00', '--job-id', '43', '--raw', '--subdir', 'DAGS_FOLDER/flight_pipeline_dag.py', '--cfg-path', '/tmp/tmpb8wl5v9h']
[2025-07-22T18:15:01.401+0000] {standard_task_runner.py:91} INFO - Job 43: Subtask run_spark_job_container
[2025-07-22T18:15:01.447+0000] {task_command.py:426} INFO - Running <TaskInstance: flight_data_pipeline.run_spark_job_container scheduled__2025-07-22T18:00:00+00:00 [running]> on host d77a53274a34
[2025-07-22T18:15:01.530+0000] {taskinstance.py:2648} INFO - Exporting env vars: AIRFLOW_CTX_DAG_OWNER='***' AIRFLOW_CTX_DAG_ID='flight_data_pipeline' AIRFLOW_CTX_TASK_ID='run_spark_job_container' AIRFLOW_CTX_EXECUTION_DATE='2025-07-22T18:00:00+00:00' AIRFLOW_CTX_TRY_NUMBER='1' AIRFLOW_CTX_DAG_RUN_ID='scheduled__2025-07-22T18:00:00+00:00'
[2025-07-22T18:15:01.531+0000] {taskinstance.py:430} INFO - ::endgroup::
[2025-07-22T18:15:01.549+0000] {docker.py:366} INFO - Starting docker container from image realtime-flight-pipeline/spark-job:0.6
[2025-07-22T18:15:01.553+0000] {docker.py:374} WARNING - Using remote engine or docker-in-docker and mounting temporary volume from host is not supported. Falling back to `mount_tmp_dir=False` mode. You can set `mount_tmp_dir` parameter to False to disable mounting and remove the warning
[2025-07-22T18:15:01.819+0000] {docker.py:436} INFO - [38;5;6mspark [38;5;5m18:15:01.81 [0m[38;5;2mINFO [0m ==>
[2025-07-22T18:15:01.820+0000] {docker.py:436} INFO - [38;5;6mspark [38;5;5m18:15:01.82 [0m[38;5;2mINFO [0m ==> [1mWelcome to the Bitnami spark container[0m
[2025-07-22T18:15:01.822+0000] {docker.py:436} INFO - [38;5;6mspark [38;5;5m18:15:01.82 [0m[38;5;2mINFO [0m ==> Subscribe to project updates by watching [1mhttps://github.com/bitnami/containers[0m
[2025-07-22T18:15:01.823+0000] {docker.py:436} INFO - [38;5;6mspark [38;5;5m18:15:01.82 [0m[38;5;2mINFO [0m ==> Submit issues and feature requests at [1mhttps://github.com/bitnami/containers/issues[0m
[2025-07-22T18:15:01.824+0000] {docker.py:436} INFO - [38;5;6mspark [38;5;5m18:15:01.82 [0m[38;5;2mINFO [0m ==> Upgrade to Tanzu Application Catalog for production environments to access custom-configured and pre-packaged software components. Gain enhanced features, including Software Bill of Materials (SBOM), CVE scan result reports, and VEX documents. To learn more, visit [1mhttps://bitnami.com/enterprise[0m
[2025-07-22T18:15:01.825+0000] {docker.py:436} INFO - [38;5;6mspark [38;5;5m18:15:01.82 [0m[38;5;2mINFO [0m ==>
[2025-07-22T18:15:01.827+0000] {docker.py:436} INFO - 
[2025-07-22T18:15:03.908+0000] {docker.py:436} INFO - 25/07/22 18:15:03 INFO SparkContext: Running Spark version 3.5.1
[2025-07-22T18:15:03.910+0000] {docker.py:436} INFO - 25/07/22 18:15:03 INFO SparkContext: OS info Linux, 5.15.167.4-microsoft-standard-WSL2, amd64
[2025-07-22T18:15:03.910+0000] {docker.py:436} INFO - 25/07/22 18:15:03 INFO SparkContext: Java version 17.0.12
[2025-07-22T18:15:03.931+0000] {docker.py:436} INFO - 25/07/22 18:15:03 INFO ResourceUtils: ==============================================================
[2025-07-22T18:15:03.932+0000] {docker.py:436} INFO - 25/07/22 18:15:03 INFO ResourceUtils: No custom resources configured for spark.driver.
[2025-07-22T18:15:03.932+0000] {docker.py:436} INFO - 25/07/22 18:15:03 INFO ResourceUtils: ==============================================================
[2025-07-22T18:15:03.932+0000] {docker.py:436} INFO - 25/07/22 18:15:03 INFO SparkContext: Submitted application: FlightDataProcessing
[2025-07-22T18:15:03.947+0000] {docker.py:436} INFO - 25/07/22 18:15:03 INFO ResourceProfile: Default ResourceProfile created, executor resources: Map(cores -> name: cores, amount: 1, script: , vendor: , memory -> name: memory, amount: 1024, script: , vendor: , offHeap -> name: offHeap, amount: 0, script: , vendor: ), task resources: Map(cpus -> name: cpus, amount: 1.0)
[2025-07-22T18:15:03.953+0000] {docker.py:436} INFO - 25/07/22 18:15:03 INFO ResourceProfile: Limiting resource is cpu
[2025-07-22T18:15:03.954+0000] {docker.py:436} INFO - 25/07/22 18:15:03 INFO ResourceProfileManager: Added ResourceProfile id: 0
[2025-07-22T18:15:03.987+0000] {docker.py:436} INFO - 25/07/22 18:15:03 INFO SecurityManager: Changing view acls to: root,spark
[2025-07-22T18:15:03.987+0000] {docker.py:436} INFO - 25/07/22 18:15:03 INFO SecurityManager: Changing modify acls to: root,spark
[2025-07-22T18:15:03.988+0000] {docker.py:436} INFO - 25/07/22 18:15:03 INFO SecurityManager: Changing view acls groups to:
[2025-07-22T18:15:03.988+0000] {docker.py:436} INFO - 25/07/22 18:15:03 INFO SecurityManager: Changing modify acls groups to:
[2025-07-22T18:15:03.989+0000] {docker.py:436} INFO - 25/07/22 18:15:03 INFO SecurityManager: SecurityManager: authentication disabled; ui acls disabled; users with view permissions: root, spark; groups with view permissions: EMPTY; users with modify permissions: root, spark; groups with modify permissions: EMPTY
[2025-07-22T18:15:04.029+0000] {docker.py:436} INFO - 25/07/22 18:15:04 WARN NativeCodeLoader: Unable to load native-hadoop library for your platform... using builtin-java classes where applicable
[2025-07-22T18:15:04.245+0000] {docker.py:436} INFO - 25/07/22 18:15:04 INFO Utils: Successfully started service 'sparkDriver' on port 39143.
[2025-07-22T18:15:04.264+0000] {docker.py:436} INFO - 25/07/22 18:15:04 INFO SparkEnv: Registering MapOutputTracker
[2025-07-22T18:15:04.288+0000] {docker.py:436} INFO - 25/07/22 18:15:04 INFO SparkEnv: Registering BlockManagerMaster
[2025-07-22T18:15:04.300+0000] {docker.py:436} INFO - 25/07/22 18:15:04 INFO BlockManagerMasterEndpoint: Using org.apache.spark.storage.DefaultTopologyMapper for getting topology information
[2025-07-22T18:15:04.300+0000] {docker.py:436} INFO - 25/07/22 18:15:04 INFO BlockManagerMasterEndpoint: BlockManagerMasterEndpoint up
[2025-07-22T18:15:04.303+0000] {docker.py:436} INFO - 25/07/22 18:15:04 INFO SparkEnv: Registering BlockManagerMasterHeartbeat
[2025-07-22T18:15:04.318+0000] {docker.py:436} INFO - 25/07/22 18:15:04 INFO DiskBlockManager: Created local directory at /tmp/blockmgr-2145aaa4-6c24-4e18-ae4c-8e26b27d1647
[2025-07-22T18:15:04.329+0000] {docker.py:436} INFO - 25/07/22 18:15:04 INFO MemoryStore: MemoryStore started with capacity 434.4 MiB
[2025-07-22T18:15:04.342+0000] {docker.py:436} INFO - 25/07/22 18:15:04 INFO SparkEnv: Registering OutputCommitCoordinator
[2025-07-22T18:15:04.428+0000] {docker.py:436} INFO - 25/07/22 18:15:04 INFO JettyUtils: Start Jetty 0.0.0.0:4040 for SparkUI
[2025-07-22T18:15:04.468+0000] {docker.py:436} INFO - 25/07/22 18:15:04 INFO Utils: Successfully started service 'SparkUI' on port 4040.
[2025-07-22T18:15:04.549+0000] {docker.py:436} INFO - 25/07/22 18:15:04 INFO Executor: Starting executor ID driver on host 003762e67e8c
[2025-07-22T18:15:04.550+0000] {docker.py:436} INFO - 25/07/22 18:15:04 INFO Executor: OS info Linux, 5.15.167.4-microsoft-standard-WSL2, amd64
[2025-07-22T18:15:04.550+0000] {docker.py:436} INFO - 25/07/22 18:15:04 INFO Executor: Java version 17.0.12
[2025-07-22T18:15:04.555+0000] {docker.py:436} INFO - 25/07/22 18:15:04 INFO Executor: Starting executor with user classpath (userClassPathFirst = false): ''
[2025-07-22T18:15:04.556+0000] {docker.py:436} INFO - 25/07/22 18:15:04 INFO Executor: Created or updated repl class loader org.apache.spark.util.MutableURLClassLoader@25e00935 for default.
[2025-07-22T18:15:04.571+0000] {docker.py:436} INFO - 25/07/22 18:15:04 INFO Utils: Successfully started service 'org.apache.spark.network.netty.NettyBlockTransferService' on port 44935.
25/07/22 18:15:04 INFO NettyBlockTransferService: Server created on 003762e67e8c:44935
[2025-07-22T18:15:04.572+0000] {docker.py:436} INFO - 25/07/22 18:15:04 INFO BlockManager: Using org.apache.spark.storage.RandomBlockReplicationPolicy for block replication policy
[2025-07-22T18:15:04.577+0000] {docker.py:436} INFO - 25/07/22 18:15:04 INFO BlockManagerMaster: Registering BlockManager BlockManagerId(driver, 003762e67e8c, 44935, None)
[2025-07-22T18:15:04.579+0000] {docker.py:436} INFO - 25/07/22 18:15:04 INFO BlockManagerMasterEndpoint: Registering block manager 003762e67e8c:44935 with 434.4 MiB RAM, BlockManagerId(driver, 003762e67e8c, 44935, None)
[2025-07-22T18:15:04.581+0000] {docker.py:436} INFO - 25/07/22 18:15:04 INFO BlockManagerMaster: Registered BlockManager BlockManagerId(driver, 003762e67e8c, 44935, None)
[2025-07-22T18:15:04.582+0000] {docker.py:436} INFO - 25/07/22 18:15:04 INFO BlockManager: Initialized BlockManager: BlockManagerId(driver, 003762e67e8c, 44935, None)
[2025-07-22T18:15:04.815+0000] {docker.py:436} INFO - Sessão Spark criada com sucesso!
[2025-07-22T18:15:06.738+0000] {docker.py:436} INFO - 25/07/22 18:15:06 INFO SharedState: Setting hive.metastore.warehouse.dir ('null') to the value of spark.sql.warehouse.dir.
[2025-07-22T18:15:06.747+0000] {docker.py:436} INFO - 25/07/22 18:15:06 INFO SharedState: Warehouse path is 'file:/app/spark-warehouse'.
[2025-07-22T18:15:07.762+0000] {docker.py:436} INFO - Iniciando escrita dos dados no PostgreSQL...
[2025-07-22T18:15:08.349+0000] {docker.py:436} INFO - 25/07/22 18:15:08 WARN SparkStringUtils: Truncated the string representation of a plan since it was too large. This behavior can be adjusted by setting 'spark.sql.debug.maxToStringFields'.
[2025-07-22T18:15:08.560+0000] {docker.py:436} INFO - 25/07/22 18:15:08 INFO CodeGenerator: Code generated in 132.202432 ms
[2025-07-22T18:15:08.642+0000] {docker.py:436} INFO - 25/07/22 18:15:08 INFO SparkContext: Starting job: jdbc at NativeMethodAccessorImpl.java:0
[2025-07-22T18:15:08.653+0000] {docker.py:436} INFO - 25/07/22 18:15:08 INFO DAGScheduler: Got job 0 (jdbc at NativeMethodAccessorImpl.java:0) with 12 output partitions
[2025-07-22T18:15:08.654+0000] {docker.py:436} INFO - 25/07/22 18:15:08 INFO DAGScheduler: Final stage: ResultStage 0 (jdbc at NativeMethodAccessorImpl.java:0)
[2025-07-22T18:15:08.654+0000] {docker.py:436} INFO - 25/07/22 18:15:08 INFO DAGScheduler: Parents of final stage: List()
[2025-07-22T18:15:08.654+0000] {docker.py:436} INFO - 25/07/22 18:15:08 INFO DAGScheduler: Missing parents: List()
[2025-07-22T18:15:08.657+0000] {docker.py:436} INFO - 25/07/22 18:15:08 INFO DAGScheduler: Submitting ResultStage 0 (MapPartitionsRDD[8] at jdbc at NativeMethodAccessorImpl.java:0), which has no missing parents
[2025-07-22T18:15:08.783+0000] {docker.py:436} INFO - 25/07/22 18:15:08 INFO MemoryStore: Block broadcast_0 stored as values in memory (estimated size 39.3 KiB, free 434.4 MiB)
[2025-07-22T18:15:08.836+0000] {docker.py:436} INFO - 25/07/22 18:15:08 INFO MemoryStore: Block broadcast_0_piece0 stored as bytes in memory (estimated size 17.9 KiB, free 434.3 MiB)
[2025-07-22T18:15:08.839+0000] {docker.py:436} INFO - 25/07/22 18:15:08 INFO BlockManagerInfo: Added broadcast_0_piece0 in memory on 003762e67e8c:44935 (size: 17.9 KiB, free: 434.4 MiB)
[2025-07-22T18:15:08.844+0000] {docker.py:436} INFO - 25/07/22 18:15:08 INFO SparkContext: Created broadcast 0 from broadcast at DAGScheduler.scala:1585
[2025-07-22T18:15:08.866+0000] {docker.py:436} INFO - 25/07/22 18:15:08 INFO DAGScheduler: Submitting 12 missing tasks from ResultStage 0 (MapPartitionsRDD[8] at jdbc at NativeMethodAccessorImpl.java:0) (first 15 tasks are for partitions Vector(0, 1, 2, 3, 4, 5, 6, 7, 8, 9, 10, 11))
[2025-07-22T18:15:08.867+0000] {docker.py:436} INFO - 25/07/22 18:15:08 INFO TaskSchedulerImpl: Adding task set 0.0 with 12 tasks resource profile 0
[2025-07-22T18:15:08.910+0000] {docker.py:436} INFO - 25/07/22 18:15:08 INFO TaskSetManager: Starting task 0.0 in stage 0.0 (TID 0) (003762e67e8c, executor driver, partition 0, PROCESS_LOCAL, 118474 bytes)
[2025-07-22T18:15:08.914+0000] {docker.py:436} INFO - 25/07/22 18:15:08 INFO TaskSetManager: Starting task 1.0 in stage 0.0 (TID 1) (003762e67e8c, executor driver, partition 1, PROCESS_LOCAL, 119466 bytes)
[2025-07-22T18:15:08.915+0000] {docker.py:436} INFO - 25/07/22 18:15:08 INFO TaskSetManager: Starting task 2.0 in stage 0.0 (TID 2) (003762e67e8c, executor driver, partition 2, PROCESS_LOCAL, 120891 bytes)
[2025-07-22T18:15:08.916+0000] {docker.py:436} INFO - 25/07/22 18:15:08 INFO TaskSetManager: Starting task 3.0 in stage 0.0 (TID 3) (003762e67e8c, executor driver, partition 3, PROCESS_LOCAL, 119556 bytes)
[2025-07-22T18:15:08.917+0000] {docker.py:436} INFO - 25/07/22 18:15:08 INFO TaskSetManager: Starting task 4.0 in stage 0.0 (TID 4) (003762e67e8c, executor driver, partition 4, PROCESS_LOCAL, 119024 bytes)
[2025-07-22T18:15:08.919+0000] {docker.py:436} INFO - 25/07/22 18:15:08 INFO TaskSetManager: Starting task 5.0 in stage 0.0 (TID 5) (003762e67e8c, executor driver, partition 5, PROCESS_LOCAL, 119219 bytes)
[2025-07-22T18:15:08.920+0000] {docker.py:436} INFO - 25/07/22 18:15:08 INFO TaskSetManager: Starting task 6.0 in stage 0.0 (TID 6) (003762e67e8c, executor driver, partition 6, PROCESS_LOCAL, 119937 bytes)
[2025-07-22T18:15:08.922+0000] {docker.py:436} INFO - 25/07/22 18:15:08 INFO TaskSetManager: Starting task 7.0 in stage 0.0 (TID 7) (003762e67e8c, executor driver, partition 7, PROCESS_LOCAL, 119591 bytes)
[2025-07-22T18:15:08.923+0000] {docker.py:436} INFO - 25/07/22 18:15:08 INFO TaskSetManager: Starting task 8.0 in stage 0.0 (TID 8) (003762e67e8c, executor driver, partition 8, PROCESS_LOCAL, 119581 bytes)
[2025-07-22T18:15:08.923+0000] {docker.py:436} INFO - 25/07/22 18:15:08 INFO TaskSetManager: Starting task 9.0 in stage 0.0 (TID 9) (003762e67e8c, executor driver, partition 9, PROCESS_LOCAL, 119763 bytes)
[2025-07-22T18:15:08.925+0000] {docker.py:436} INFO - 25/07/22 18:15:08 INFO TaskSetManager: Starting task 10.0 in stage 0.0 (TID 10) (003762e67e8c, executor driver, partition 10, PROCESS_LOCAL, 120009 bytes)
[2025-07-22T18:15:08.926+0000] {docker.py:436} INFO - 25/07/22 18:15:08 INFO TaskSetManager: Starting task 11.0 in stage 0.0 (TID 11) (003762e67e8c, executor driver, partition 11, PROCESS_LOCAL, 119794 bytes)
[2025-07-22T18:15:08.938+0000] {docker.py:436} INFO - 25/07/22 18:15:08 INFO Executor: Running task 1.0 in stage 0.0 (TID 1)
25/07/22 18:15:08 INFO Executor: Running task 7.0 in stage 0.0 (TID 7)
25/07/22 18:15:08 INFO Executor: Running task 9.0 in stage 0.0 (TID 9)
25/07/22 18:15:08 INFO Executor: Running task 5.0 in stage 0.0 (TID 5)
25/07/22 18:15:08 INFO Executor: Running task 2.0 in stage 0.0 (TID 2)
25/07/22 18:15:08 INFO Executor: Running task 4.0 in stage 0.0 (TID 4)
[2025-07-22T18:15:08.939+0000] {docker.py:436} INFO - 25/07/22 18:15:08 INFO Executor: Running task 8.0 in stage 0.0 (TID 8)
[2025-07-22T18:15:08.939+0000] {docker.py:436} INFO - 25/07/22 18:15:08 INFO Executor: Running task 3.0 in stage 0.0 (TID 3)
25/07/22 18:15:08 INFO Executor: Running task 10.0 in stage 0.0 (TID 10)
25/07/22 18:15:08 INFO Executor: Running task 0.0 in stage 0.0 (TID 0)
[2025-07-22T18:15:08.940+0000] {docker.py:436} INFO - 25/07/22 18:15:08 INFO Executor: Running task 11.0 in stage 0.0 (TID 11)
[2025-07-22T18:15:08.941+0000] {docker.py:436} INFO - 25/07/22 18:15:08 INFO Executor: Running task 6.0 in stage 0.0 (TID 6)
[2025-07-22T18:15:09.743+0000] {docker.py:436} INFO - 25/07/22 18:15:09 INFO CodeGenerator: Code generated in 33.304076 ms
[2025-07-22T18:15:10.885+0000] {docker.py:436} INFO - 25/07/22 18:15:10 INFO CodeGenerator: Code generated in 42.793397 ms
[2025-07-22T18:15:11.077+0000] {docker.py:436} INFO - 25/07/22 18:15:11 INFO PythonRunner: Times: total = 788, boot = 585, init = 197, finish = 6
25/07/22 18:15:11 INFO PythonRunner: Times: total = 909, boot = 628, init = 278, finish = 3
[2025-07-22T18:15:11.090+0000] {docker.py:436} INFO - 25/07/22 18:15:11 INFO PythonRunner: Times: total = 942, boot = 632, init = 306, finish = 4
[2025-07-22T18:15:11.096+0000] {docker.py:436} INFO - 25/07/22 18:15:11 INFO PythonRunner: Times: total = 991, boot = 686, init = 303, finish = 2
[2025-07-22T18:15:11.097+0000] {docker.py:436} INFO - 25/07/22 18:15:11 INFO PythonRunner: Times: total = 859, boot = 582, init = 272, finish = 5
[2025-07-22T18:15:11.103+0000] {docker.py:436} INFO - 25/07/22 18:15:11 INFO PythonRunner: Times: total = 771, boot = 577, init = 191, finish = 3
[2025-07-22T18:15:11.104+0000] {docker.py:436} INFO - 25/07/22 18:15:11 INFO PythonRunner: Times: total = 771, boot = 579, init = 189, finish = 3
[2025-07-22T18:15:11.105+0000] {docker.py:436} INFO - 25/07/22 18:15:11 INFO PythonRunner: Times: total = 932, boot = 662, init = 266, finish = 4
[2025-07-22T18:15:11.108+0000] {docker.py:436} INFO - 25/07/22 18:15:11 INFO PythonRunner: Times: total = 889, boot = 635, init = 247, finish = 7
[2025-07-22T18:15:11.117+0000] {docker.py:436} INFO - 25/07/22 18:15:11 INFO PythonRunner: Times: total = 791, boot = 593, init = 195, finish = 3
[2025-07-22T18:15:11.118+0000] {docker.py:436} INFO - 25/07/22 18:15:11 INFO PythonRunner: Times: total = 931, boot = 615, init = 313, finish = 3
[2025-07-22T18:15:11.122+0000] {docker.py:436} INFO - 25/07/22 18:15:11 INFO PythonRunner: Times: total = 857, boot = 622, init = 231, finish = 4
[2025-07-22T18:15:11.244+0000] {docker.py:436} INFO - 25/07/22 18:15:11 INFO Executor: Finished task 11.0 in stage 0.0 (TID 11). 1806 bytes result sent to driver
25/07/22 18:15:11 INFO Executor: Finished task 2.0 in stage 0.0 (TID 2). 1806 bytes result sent to driver
[2025-07-22T18:15:11.245+0000] {docker.py:436} INFO - 25/07/22 18:15:11 INFO Executor: Finished task 7.0 in stage 0.0 (TID 7). 1806 bytes result sent to driver
25/07/22 18:15:11 INFO Executor: Finished task 5.0 in stage 0.0 (TID 5). 1806 bytes result sent to driver
25/07/22 18:15:11 INFO Executor: Finished task 0.0 in stage 0.0 (TID 0). 1806 bytes result sent to driver
25/07/22 18:15:11 INFO Executor: Finished task 10.0 in stage 0.0 (TID 10). 1806 bytes result sent to driver
25/07/22 18:15:11 INFO Executor: Finished task 6.0 in stage 0.0 (TID 6). 1806 bytes result sent to driver
[2025-07-22T18:15:11.247+0000] {docker.py:436} INFO - 25/07/22 18:15:11 INFO Executor: Finished task 1.0 in stage 0.0 (TID 1). 1806 bytes result sent to driver
[2025-07-22T18:15:11.249+0000] {docker.py:436} INFO - 25/07/22 18:15:11 INFO Executor: Finished task 9.0 in stage 0.0 (TID 9). 1806 bytes result sent to driver
[2025-07-22T18:15:11.250+0000] {docker.py:436} INFO - 25/07/22 18:15:11 INFO Executor: Finished task 3.0 in stage 0.0 (TID 3). 1806 bytes result sent to driver
[2025-07-22T18:15:11.251+0000] {docker.py:436} INFO - 25/07/22 18:15:11 INFO Executor: Finished task 4.0 in stage 0.0 (TID 4). 1806 bytes result sent to driver
[2025-07-22T18:15:11.251+0000] {docker.py:436} INFO - 25/07/22 18:15:11 INFO Executor: Finished task 8.0 in stage 0.0 (TID 8). 1806 bytes result sent to driver
[2025-07-22T18:15:11.257+0000] {docker.py:436} INFO - 25/07/22 18:15:11 INFO TaskSetManager: Finished task 0.0 in stage 0.0 (TID 0) in 2359 ms on 003762e67e8c (executor driver) (1/12)
[2025-07-22T18:15:11.259+0000] {docker.py:436} INFO - 25/07/22 18:15:11 INFO TaskSetManager: Finished task 9.0 in stage 0.0 (TID 9) in 2335 ms on 003762e67e8c (executor driver) (2/12)
[2025-07-22T18:15:11.260+0000] {docker.py:436} INFO - 25/07/22 18:15:11 INFO TaskSetManager: Finished task 1.0 in stage 0.0 (TID 1) in 2346 ms on 003762e67e8c (executor driver) (3/12)
[2025-07-22T18:15:11.262+0000] {docker.py:436} INFO - 25/07/22 18:15:11 INFO TaskSetManager: Finished task 10.0 in stage 0.0 (TID 10) in 2338 ms on 003762e67e8c (executor driver) (4/12)
[2025-07-22T18:15:11.265+0000] {docker.py:436} INFO - 25/07/22 18:15:11 INFO TaskSetManager: Finished task 6.0 in stage 0.0 (TID 6) in 2343 ms on 003762e67e8c (executor driver) (5/12)
25/07/22 18:15:11 INFO TaskSetManager: Finished task 11.0 in stage 0.0 (TID 11) in 2338 ms on 003762e67e8c (executor driver) (6/12)
25/07/22 18:15:11 INFO TaskSetManager: Finished task 2.0 in stage 0.0 (TID 2) in 2349 ms on 003762e67e8c (executor driver) (7/12)
[2025-07-22T18:15:11.266+0000] {docker.py:436} INFO - 25/07/22 18:15:11 INFO PythonAccumulatorV2: Connected to AccumulatorServer at host: 127.0.0.1 port: 46031
25/07/22 18:15:11 INFO TaskSetManager: Finished task 7.0 in stage 0.0 (TID 7) in 2344 ms on 003762e67e8c (executor driver) (8/12)
[2025-07-22T18:15:11.267+0000] {docker.py:436} INFO - 25/07/22 18:15:11 INFO TaskSetManager: Finished task 5.0 in stage 0.0 (TID 5) in 2349 ms on 003762e67e8c (executor driver) (9/12)
[2025-07-22T18:15:11.267+0000] {docker.py:436} INFO - 25/07/22 18:15:11 INFO TaskSetManager: Finished task 4.0 in stage 0.0 (TID 4) in 2350 ms on 003762e67e8c (executor driver) (10/12)
[2025-07-22T18:15:11.268+0000] {docker.py:436} INFO - 25/07/22 18:15:11 INFO TaskSetManager: Finished task 3.0 in stage 0.0 (TID 3) in 2352 ms on 003762e67e8c (executor driver) (11/12)
[2025-07-22T18:15:11.269+0000] {docker.py:436} INFO - 25/07/22 18:15:11 INFO TaskSetManager: Finished task 8.0 in stage 0.0 (TID 8) in 2345 ms on 003762e67e8c (executor driver) (12/12)
[2025-07-22T18:15:11.269+0000] {docker.py:436} INFO - 25/07/22 18:15:11 INFO TaskSchedulerImpl: Removed TaskSet 0.0, whose tasks have all completed, from pool
[2025-07-22T18:15:11.283+0000] {docker.py:436} INFO - 25/07/22 18:15:11 INFO DAGScheduler: ResultStage 0 (jdbc at NativeMethodAccessorImpl.java:0) finished in 2.617 s
[2025-07-22T18:15:11.286+0000] {docker.py:436} INFO - 25/07/22 18:15:11 INFO DAGScheduler: Job 0 is finished. Cancelling potential speculative or zombie tasks for this job
[2025-07-22T18:15:11.287+0000] {docker.py:436} INFO - 25/07/22 18:15:11 INFO TaskSchedulerImpl: Killing all running tasks in stage 0: Stage finished
[2025-07-22T18:15:11.290+0000] {docker.py:436} INFO - 25/07/22 18:15:11 INFO DAGScheduler: Job 0 finished: jdbc at NativeMethodAccessorImpl.java:0, took 2.647761 s
[2025-07-22T18:15:11.520+0000] {docker.py:436} INFO - 25/07/22 18:15:11 INFO CodeGenerator: Code generated in 11.269154 ms
[2025-07-22T18:15:11.538+0000] {docker.py:436} INFO - 25/07/22 18:15:11 INFO DAGScheduler: Registering RDD 10 (count at NativeMethodAccessorImpl.java:0) as input to shuffle 0
[2025-07-22T18:15:11.542+0000] {docker.py:436} INFO - 25/07/22 18:15:11 INFO DAGScheduler: Got map stage job 1 (count at NativeMethodAccessorImpl.java:0) with 12 output partitions
[2025-07-22T18:15:11.544+0000] {docker.py:436} INFO - 25/07/22 18:15:11 INFO DAGScheduler: Final stage: ShuffleMapStage 1 (count at NativeMethodAccessorImpl.java:0)
[2025-07-22T18:15:11.544+0000] {docker.py:436} INFO - 25/07/22 18:15:11 INFO DAGScheduler: Parents of final stage: List()
[2025-07-22T18:15:11.545+0000] {docker.py:436} INFO - 25/07/22 18:15:11 INFO DAGScheduler: Missing parents: List()
[2025-07-22T18:15:11.546+0000] {docker.py:436} INFO - 25/07/22 18:15:11 INFO DAGScheduler: Submitting ShuffleMapStage 1 (MapPartitionsRDD[10] at count at NativeMethodAccessorImpl.java:0), which has no missing parents
[2025-07-22T18:15:11.561+0000] {docker.py:436} INFO - 25/07/22 18:15:11 INFO MemoryStore: Block broadcast_1 stored as values in memory (estimated size 17.1 KiB, free 434.3 MiB)
[2025-07-22T18:15:11.569+0000] {docker.py:436} INFO - 25/07/22 18:15:11 INFO MemoryStore: Block broadcast_1_piece0 stored as bytes in memory (estimated size 8.8 KiB, free 434.3 MiB)
[2025-07-22T18:15:11.570+0000] {docker.py:436} INFO - 25/07/22 18:15:11 INFO BlockManagerInfo: Added broadcast_1_piece0 in memory on 003762e67e8c:44935 (size: 8.8 KiB, free: 434.4 MiB)
[2025-07-22T18:15:11.571+0000] {docker.py:436} INFO - 25/07/22 18:15:11 INFO SparkContext: Created broadcast 1 from broadcast at DAGScheduler.scala:1585
[2025-07-22T18:15:11.573+0000] {docker.py:436} INFO - 25/07/22 18:15:11 INFO DAGScheduler: Submitting 12 missing tasks from ShuffleMapStage 1 (MapPartitionsRDD[10] at count at NativeMethodAccessorImpl.java:0) (first 15 tasks are for partitions Vector(0, 1, 2, 3, 4, 5, 6, 7, 8, 9, 10, 11))
25/07/22 18:15:11 INFO TaskSchedulerImpl: Adding task set 1.0 with 12 tasks resource profile 0
[2025-07-22T18:15:11.577+0000] {docker.py:436} INFO - 25/07/22 18:15:11 INFO TaskSetManager: Starting task 0.0 in stage 1.0 (TID 12) (003762e67e8c, executor driver, partition 0, PROCESS_LOCAL, 118463 bytes)
[2025-07-22T18:15:11.578+0000] {docker.py:436} INFO - 25/07/22 18:15:11 INFO TaskSetManager: Starting task 1.0 in stage 1.0 (TID 13) (003762e67e8c, executor driver, partition 1, PROCESS_LOCAL, 119455 bytes)
[2025-07-22T18:15:11.579+0000] {docker.py:436} INFO - 25/07/22 18:15:11 INFO TaskSetManager: Starting task 2.0 in stage 1.0 (TID 14) (003762e67e8c, executor driver, partition 2, PROCESS_LOCAL, 120880 bytes)
[2025-07-22T18:15:11.580+0000] {docker.py:436} INFO - 25/07/22 18:15:11 INFO TaskSetManager: Starting task 3.0 in stage 1.0 (TID 15) (003762e67e8c, executor driver, partition 3, PROCESS_LOCAL, 119545 bytes)
[2025-07-22T18:15:11.581+0000] {docker.py:436} INFO - 25/07/22 18:15:11 INFO TaskSetManager: Starting task 4.0 in stage 1.0 (TID 16) (003762e67e8c, executor driver, partition 4, PROCESS_LOCAL, 119013 bytes)
[2025-07-22T18:15:11.582+0000] {docker.py:436} INFO - 25/07/22 18:15:11 INFO TaskSetManager: Starting task 5.0 in stage 1.0 (TID 17) (003762e67e8c, executor driver, partition 5, PROCESS_LOCAL, 119208 bytes)
[2025-07-22T18:15:11.582+0000] {docker.py:436} INFO - 25/07/22 18:15:11 INFO TaskSetManager: Starting task 6.0 in stage 1.0 (TID 18) (003762e67e8c, executor driver, partition 6, PROCESS_LOCAL, 119926 bytes)
[2025-07-22T18:15:11.583+0000] {docker.py:436} INFO - 25/07/22 18:15:11 INFO TaskSetManager: Starting task 7.0 in stage 1.0 (TID 19) (003762e67e8c, executor driver, partition 7, PROCESS_LOCAL, 119580 bytes)
[2025-07-22T18:15:11.584+0000] {docker.py:436} INFO - 25/07/22 18:15:11 INFO TaskSetManager: Starting task 8.0 in stage 1.0 (TID 20) (003762e67e8c, executor driver, partition 8, PROCESS_LOCAL, 119570 bytes)
[2025-07-22T18:15:11.584+0000] {docker.py:436} INFO - 25/07/22 18:15:11 INFO TaskSetManager: Starting task 9.0 in stage 1.0 (TID 21) (003762e67e8c, executor driver, partition 9, PROCESS_LOCAL, 119752 bytes)
[2025-07-22T18:15:11.585+0000] {docker.py:436} INFO - 25/07/22 18:15:11 INFO TaskSetManager: Starting task 10.0 in stage 1.0 (TID 22) (003762e67e8c, executor driver, partition 10, PROCESS_LOCAL, 119998 bytes)
[2025-07-22T18:15:11.585+0000] {docker.py:436} INFO - 25/07/22 18:15:11 INFO TaskSetManager: Starting task 11.0 in stage 1.0 (TID 23) (003762e67e8c, executor driver, partition 11, PROCESS_LOCAL, 119783 bytes)
[2025-07-22T18:15:11.586+0000] {docker.py:436} INFO - 25/07/22 18:15:11 INFO Executor: Running task 0.0 in stage 1.0 (TID 12)
25/07/22 18:15:11 INFO Executor: Running task 2.0 in stage 1.0 (TID 14)
[2025-07-22T18:15:11.589+0000] {docker.py:436} INFO - 25/07/22 18:15:11 INFO Executor: Running task 1.0 in stage 1.0 (TID 13)
[2025-07-22T18:15:11.589+0000] {docker.py:436} INFO - 25/07/22 18:15:11 INFO Executor: Running task 3.0 in stage 1.0 (TID 15)
[2025-07-22T18:15:11.590+0000] {docker.py:436} INFO - 25/07/22 18:15:11 INFO Executor: Running task 4.0 in stage 1.0 (TID 16)
[2025-07-22T18:15:11.590+0000] {docker.py:436} INFO - 25/07/22 18:15:11 INFO Executor: Running task 5.0 in stage 1.0 (TID 17)
[2025-07-22T18:15:11.591+0000] {docker.py:436} INFO - 25/07/22 18:15:11 INFO Executor: Running task 6.0 in stage 1.0 (TID 18)
[2025-07-22T18:15:11.591+0000] {docker.py:436} INFO - 25/07/22 18:15:11 INFO Executor: Running task 7.0 in stage 1.0 (TID 19)
[2025-07-22T18:15:11.591+0000] {docker.py:436} INFO - 25/07/22 18:15:11 INFO Executor: Running task 8.0 in stage 1.0 (TID 20)
[2025-07-22T18:15:11.593+0000] {docker.py:436} INFO - 25/07/22 18:15:11 INFO Executor: Running task 10.0 in stage 1.0 (TID 22)
[2025-07-22T18:15:11.597+0000] {docker.py:436} INFO - 25/07/22 18:15:11 INFO Executor: Running task 9.0 in stage 1.0 (TID 21)
[2025-07-22T18:15:11.599+0000] {docker.py:436} INFO - 25/07/22 18:15:11 INFO Executor: Running task 11.0 in stage 1.0 (TID 23)
[2025-07-22T18:15:11.736+0000] {docker.py:436} INFO - 25/07/22 18:15:11 INFO CodeGenerator: Code generated in 55.440776 ms
[2025-07-22T18:15:11.818+0000] {docker.py:436} INFO - 25/07/22 18:15:11 INFO PythonRunner: Times: total = 205, boot = -1560, init = 1754, finish = 11
[2025-07-22T18:15:11.836+0000] {docker.py:436} INFO - 25/07/22 18:15:11 INFO PythonRunner: Times: total = 226, boot = -1601, init = 1816, finish = 11
[2025-07-22T18:15:11.851+0000] {docker.py:436} INFO - 25/07/22 18:15:11 INFO PythonRunner: Times: total = 240, boot = -1529, init = 1763, finish = 6
[2025-07-22T18:15:11.853+0000] {docker.py:436} INFO - 25/07/22 18:15:11 INFO PythonRunner: Times: total = 243, boot = -1520, init = 1729, finish = 34
[2025-07-22T18:15:11.855+0000] {docker.py:436} INFO - 25/07/22 18:15:11 INFO PythonRunner: Times: total = 244, boot = -1683, init = 1919, finish = 8
[2025-07-22T18:15:11.858+0000] {docker.py:436} INFO - 25/07/22 18:15:11 INFO PythonRunner: Times: total = 247, boot = -1696, init = 1933, finish = 10
[2025-07-22T18:15:11.872+0000] {docker.py:436} INFO - 25/07/22 18:15:11 INFO PythonRunner: Times: total = 261, boot = -1680, init = 1931, finish = 10
[2025-07-22T18:15:11.888+0000] {docker.py:436} INFO - 25/07/22 18:15:11 INFO Executor: Finished task 3.0 in stage 1.0 (TID 15). 2418 bytes result sent to driver
[2025-07-22T18:15:11.889+0000] {docker.py:436} INFO - 25/07/22 18:15:11 INFO Executor: Finished task 4.0 in stage 1.0 (TID 16). 2375 bytes result sent to driver
[2025-07-22T18:15:11.890+0000] {docker.py:436} INFO - 25/07/22 18:15:11 INFO Executor: Finished task 6.0 in stage 1.0 (TID 18). 2375 bytes result sent to driver
[2025-07-22T18:15:11.891+0000] {docker.py:436} INFO - 25/07/22 18:15:11 INFO TaskSetManager: Finished task 4.0 in stage 1.0 (TID 16) in 310 ms on 003762e67e8c (executor driver) (1/12)
[2025-07-22T18:15:11.891+0000] {docker.py:436} INFO - 25/07/22 18:15:11 INFO TaskSetManager: Finished task 6.0 in stage 1.0 (TID 18) in 309 ms on 003762e67e8c (executor driver) (2/12)
[2025-07-22T18:15:11.892+0000] {docker.py:436} INFO - 25/07/22 18:15:11 INFO Executor: Finished task 11.0 in stage 1.0 (TID 23). 2375 bytes result sent to driver
[2025-07-22T18:15:11.892+0000] {docker.py:436} INFO - 25/07/22 18:15:11 INFO Executor: Finished task 2.0 in stage 1.0 (TID 14). 2375 bytes result sent to driver
[2025-07-22T18:15:11.895+0000] {docker.py:436} INFO - 25/07/22 18:15:11 INFO PythonRunner: Times: total = 285, boot = -1484, init = 1760, finish = 9
25/07/22 18:15:11 INFO PythonRunner: Times: total = 285, boot = -1597, init = 1875, finish = 7
[2025-07-22T18:15:11.898+0000] {docker.py:436} INFO - 25/07/22 18:15:11 INFO TaskSetManager: Finished task 3.0 in stage 1.0 (TID 15) in 319 ms on 003762e67e8c (executor driver) (3/12)
[2025-07-22T18:15:11.899+0000] {docker.py:436} INFO - 25/07/22 18:15:11 INFO TaskSetManager: Finished task 11.0 in stage 1.0 (TID 23) in 314 ms on 003762e67e8c (executor driver) (4/12)
[2025-07-22T18:15:11.906+0000] {docker.py:436} INFO - 25/07/22 18:15:11 INFO TaskSetManager: Finished task 2.0 in stage 1.0 (TID 14) in 325 ms on 003762e67e8c (executor driver) (5/12)
[2025-07-22T18:15:11.908+0000] {docker.py:436} INFO - 25/07/22 18:15:11 INFO Executor: Finished task 8.0 in stage 1.0 (TID 20). 2418 bytes result sent to driver
25/07/22 18:15:11 INFO Executor: Finished task 0.0 in stage 1.0 (TID 12). 2375 bytes result sent to driver
[2025-07-22T18:15:11.909+0000] {docker.py:436} INFO - 25/07/22 18:15:11 INFO Executor: Finished task 10.0 in stage 1.0 (TID 22). 2375 bytes result sent to driver
[2025-07-22T18:15:11.910+0000] {docker.py:436} INFO - 25/07/22 18:15:11 INFO Executor: Finished task 7.0 in stage 1.0 (TID 19). 2375 bytes result sent to driver
[2025-07-22T18:15:11.912+0000] {docker.py:436} INFO - 25/07/22 18:15:11 INFO TaskSetManager: Finished task 8.0 in stage 1.0 (TID 20) in 328 ms on 003762e67e8c (executor driver) (6/12)
[2025-07-22T18:15:11.913+0000] {docker.py:436} INFO - 25/07/22 18:15:11 INFO TaskSetManager: Finished task 7.0 in stage 1.0 (TID 19) in 329 ms on 003762e67e8c (executor driver) (7/12)
[2025-07-22T18:15:11.915+0000] {docker.py:436} INFO - 25/07/22 18:15:11 INFO TaskSetManager: Finished task 0.0 in stage 1.0 (TID 12) in 337 ms on 003762e67e8c (executor driver) (8/12)
25/07/22 18:15:11 INFO TaskSetManager: Finished task 10.0 in stage 1.0 (TID 22) in 328 ms on 003762e67e8c (executor driver) (9/12)
[2025-07-22T18:15:11.925+0000] {docker.py:436} INFO - 25/07/22 18:15:11 INFO PythonRunner: Times: total = 311, boot = -1699, init = 2007, finish = 3
[2025-07-22T18:15:11.930+0000] {docker.py:436} INFO - 25/07/22 18:15:11 INFO Executor: Finished task 1.0 in stage 1.0 (TID 13). 2375 bytes result sent to driver
[2025-07-22T18:15:11.940+0000] {docker.py:436} INFO - 25/07/22 18:15:11 INFO TaskSetManager: Finished task 1.0 in stage 1.0 (TID 13) in 362 ms on 003762e67e8c (executor driver) (10/12)
[2025-07-22T18:15:11.960+0000] {docker.py:436} INFO - 25/07/22 18:15:11 INFO PythonRunner: Times: total = 331, boot = -1529, init = 1856, finish = 4
[2025-07-22T18:15:11.964+0000] {docker.py:436} INFO - 25/07/22 18:15:11 INFO Executor: Finished task 9.0 in stage 1.0 (TID 21). 2375 bytes result sent to driver
[2025-07-22T18:15:11.966+0000] {docker.py:436} INFO - 25/07/22 18:15:11 INFO TaskSetManager: Finished task 9.0 in stage 1.0 (TID 21) in 382 ms on 003762e67e8c (executor driver) (11/12)
[2025-07-22T18:15:11.970+0000] {docker.py:436} INFO - 25/07/22 18:15:11 INFO PythonRunner: Times: total = 354, boot = -1580, init = 1929, finish = 5
[2025-07-22T18:15:11.974+0000] {docker.py:436} INFO - 25/07/22 18:15:11 INFO Executor: Finished task 5.0 in stage 1.0 (TID 17). 2375 bytes result sent to driver
[2025-07-22T18:15:11.976+0000] {docker.py:436} INFO - 25/07/22 18:15:11 INFO TaskSetManager: Finished task 5.0 in stage 1.0 (TID 17) in 395 ms on 003762e67e8c (executor driver) (12/12)
[2025-07-22T18:15:11.976+0000] {docker.py:436} INFO - 25/07/22 18:15:11 INFO TaskSchedulerImpl: Removed TaskSet 1.0, whose tasks have all completed, from pool
[2025-07-22T18:15:11.978+0000] {docker.py:436} INFO - 25/07/22 18:15:11 INFO DAGScheduler: ShuffleMapStage 1 (count at NativeMethodAccessorImpl.java:0) finished in 0.427 s
[2025-07-22T18:15:11.978+0000] {docker.py:436} INFO - 25/07/22 18:15:11 INFO DAGScheduler: looking for newly runnable stages
[2025-07-22T18:15:11.979+0000] {docker.py:436} INFO - 25/07/22 18:15:11 INFO DAGScheduler: running: Set()
[2025-07-22T18:15:11.979+0000] {docker.py:436} INFO - 25/07/22 18:15:11 INFO DAGScheduler: waiting: Set()
[2025-07-22T18:15:11.980+0000] {docker.py:436} INFO - 25/07/22 18:15:11 INFO DAGScheduler: failed: Set()
[2025-07-22T18:15:11.990+0000] {docker.py:436} INFO - 25/07/22 18:15:11 INFO BlockManagerInfo: Removed broadcast_0_piece0 on 003762e67e8c:44935 in memory (size: 17.9 KiB, free: 434.4 MiB)
[2025-07-22T18:15:12.013+0000] {docker.py:436} INFO - 25/07/22 18:15:12 INFO CodeGenerator: Code generated in 9.77631 ms
[2025-07-22T18:15:12.044+0000] {docker.py:436} INFO - 25/07/22 18:15:12 INFO SparkContext: Starting job: count at NativeMethodAccessorImpl.java:0
[2025-07-22T18:15:12.046+0000] {docker.py:436} INFO - 25/07/22 18:15:12 INFO DAGScheduler: Got job 2 (count at NativeMethodAccessorImpl.java:0) with 1 output partitions
25/07/22 18:15:12 INFO DAGScheduler: Final stage: ResultStage 3 (count at NativeMethodAccessorImpl.java:0)
[2025-07-22T18:15:12.047+0000] {docker.py:436} INFO - 25/07/22 18:15:12 INFO DAGScheduler: Parents of final stage: List(ShuffleMapStage 2)
[2025-07-22T18:15:12.047+0000] {docker.py:436} INFO - 25/07/22 18:15:12 INFO DAGScheduler: Missing parents: List()
[2025-07-22T18:15:12.048+0000] {docker.py:436} INFO - 25/07/22 18:15:12 INFO DAGScheduler: Submitting ResultStage 3 (MapPartitionsRDD[13] at count at NativeMethodAccessorImpl.java:0), which has no missing parents
[2025-07-22T18:15:12.055+0000] {docker.py:436} INFO - 25/07/22 18:15:12 INFO MemoryStore: Block broadcast_2 stored as values in memory (estimated size 12.5 KiB, free 434.4 MiB)
[2025-07-22T18:15:12.057+0000] {docker.py:436} INFO - 25/07/22 18:15:12 INFO MemoryStore: Block broadcast_2_piece0 stored as bytes in memory (estimated size 5.9 KiB, free 434.4 MiB)
[2025-07-22T18:15:12.058+0000] {docker.py:436} INFO - 25/07/22 18:15:12 INFO BlockManagerInfo: Added broadcast_2_piece0 in memory on 003762e67e8c:44935 (size: 5.9 KiB, free: 434.4 MiB)
[2025-07-22T18:15:12.059+0000] {docker.py:436} INFO - 25/07/22 18:15:12 INFO SparkContext: Created broadcast 2 from broadcast at DAGScheduler.scala:1585
[2025-07-22T18:15:12.059+0000] {docker.py:436} INFO - 25/07/22 18:15:12 INFO DAGScheduler: Submitting 1 missing tasks from ResultStage 3 (MapPartitionsRDD[13] at count at NativeMethodAccessorImpl.java:0) (first 15 tasks are for partitions Vector(0))
[2025-07-22T18:15:12.060+0000] {docker.py:436} INFO - 25/07/22 18:15:12 INFO TaskSchedulerImpl: Adding task set 3.0 with 1 tasks resource profile 0
[2025-07-22T18:15:12.065+0000] {docker.py:436} INFO - 25/07/22 18:15:12 INFO TaskSetManager: Starting task 0.0 in stage 3.0 (TID 24) (003762e67e8c, executor driver, partition 0, NODE_LOCAL, 7615 bytes)
[2025-07-22T18:15:12.066+0000] {docker.py:436} INFO - 25/07/22 18:15:12 INFO Executor: Running task 0.0 in stage 3.0 (TID 24)
[2025-07-22T18:15:12.098+0000] {docker.py:436} INFO - 25/07/22 18:15:12 INFO ShuffleBlockFetcherIterator: Getting 12 (720.0 B) non-empty blocks including 12 (720.0 B) local and 0 (0.0 B) host-local and 0 (0.0 B) push-merged-local and 0 (0.0 B) remote blocks
[2025-07-22T18:15:12.100+0000] {docker.py:436} INFO - 25/07/22 18:15:12 INFO ShuffleBlockFetcherIterator: Started 0 remote fetches in 8 ms
[2025-07-22T18:15:12.116+0000] {docker.py:436} INFO - 25/07/22 18:15:12 INFO CodeGenerator: Code generated in 11.336211 ms
[2025-07-22T18:15:12.133+0000] {docker.py:436} INFO - 25/07/22 18:15:12 INFO Executor: Finished task 0.0 in stage 3.0 (TID 24). 4038 bytes result sent to driver
[2025-07-22T18:15:12.134+0000] {docker.py:436} INFO - 25/07/22 18:15:12 INFO TaskSetManager: Finished task 0.0 in stage 3.0 (TID 24) in 71 ms on 003762e67e8c (executor driver) (1/1)
[2025-07-22T18:15:12.135+0000] {docker.py:436} INFO - 25/07/22 18:15:12 INFO TaskSchedulerImpl: Removed TaskSet 3.0, whose tasks have all completed, from pool
[2025-07-22T18:15:12.136+0000] {docker.py:436} INFO - 25/07/22 18:15:12 INFO DAGScheduler: ResultStage 3 (count at NativeMethodAccessorImpl.java:0) finished in 0.082 s
[2025-07-22T18:15:12.136+0000] {docker.py:436} INFO - 25/07/22 18:15:12 INFO DAGScheduler: Job 2 is finished. Cancelling potential speculative or zombie tasks for this job
[2025-07-22T18:15:12.137+0000] {docker.py:436} INFO - 25/07/22 18:15:12 INFO TaskSchedulerImpl: Killing all running tasks in stage 3: Stage finished
[2025-07-22T18:15:12.137+0000] {docker.py:436} INFO - 25/07/22 18:15:12 INFO DAGScheduler: Job 2 finished: count at NativeMethodAccessorImpl.java:0, took 0.092660 s
[2025-07-22T18:15:12.143+0000] {docker.py:436} INFO - 11486 registros de voos escritos com sucesso na tabela 'flight_data_live'!
[2025-07-22T18:15:12.144+0000] {docker.py:436} INFO - 25/07/22 18:15:12 INFO SparkContext: SparkContext is stopping with exitCode 0.
[2025-07-22T18:15:12.157+0000] {docker.py:436} INFO - 25/07/22 18:15:12 INFO SparkUI: Stopped Spark web UI at http://003762e67e8c:4040
[2025-07-22T18:15:12.179+0000] {docker.py:436} INFO - 25/07/22 18:15:12 INFO MapOutputTrackerMasterEndpoint: MapOutputTrackerMasterEndpoint stopped!
[2025-07-22T18:15:12.196+0000] {docker.py:436} INFO - 25/07/22 18:15:12 INFO MemoryStore: MemoryStore cleared
[2025-07-22T18:15:12.196+0000] {docker.py:436} INFO - 25/07/22 18:15:12 INFO BlockManager: BlockManager stopped
[2025-07-22T18:15:12.198+0000] {docker.py:436} INFO - 25/07/22 18:15:12 INFO BlockManagerMaster: BlockManagerMaster stopped
[2025-07-22T18:15:12.200+0000] {docker.py:436} INFO - 25/07/22 18:15:12 INFO OutputCommitCoordinator$OutputCommitCoordinatorEndpoint: OutputCommitCoordinator stopped!
[2025-07-22T18:15:12.211+0000] {docker.py:436} INFO - 25/07/22 18:15:12 INFO SparkContext: Successfully stopped SparkContext
[2025-07-22T18:15:13.020+0000] {docker.py:436} INFO - 25/07/22 18:15:13 INFO ShutdownHookManager: Shutdown hook called
[2025-07-22T18:15:13.021+0000] {docker.py:436} INFO - 25/07/22 18:15:13 INFO ShutdownHookManager: Deleting directory /tmp/spark-f401bef2-6784-4f6b-bfb3-5d69906092fd/pyspark-eb5d121c-8d2e-442c-ada2-711593106447
[2025-07-22T18:15:13.024+0000] {docker.py:436} INFO - 25/07/22 18:15:13 INFO ShutdownHookManager: Deleting directory /tmp/spark-f401bef2-6784-4f6b-bfb3-5d69906092fd
[2025-07-22T18:15:13.027+0000] {docker.py:436} INFO - 25/07/22 18:15:13 INFO ShutdownHookManager: Deleting directory /tmp/spark-ec1631ac-5325-4031-9645-d18efba71dcb
[2025-07-22T18:15:13.487+0000] {taskinstance.py:441} INFO - ::group::Post task execution logs
[2025-07-22T18:15:13.508+0000] {taskinstance.py:1206} INFO - Marking task as SUCCESS. dag_id=flight_data_pipeline, task_id=run_spark_job_container, run_id=scheduled__2025-07-22T18:00:00+00:00, execution_date=20250722T180000, start_date=20250722T181501, end_date=20250722T181513
[2025-07-22T18:15:13.540+0000] {local_task_job_runner.py:240} INFO - Task exited with return code 0
[2025-07-22T18:15:13.554+0000] {taskinstance.py:3503} INFO - 0 downstream tasks scheduled from follow-on schedule check
[2025-07-22T18:15:13.557+0000] {local_task_job_runner.py:222} INFO - ::endgroup::
