[2025-07-22T19:45:01.773+0000] {local_task_job_runner.py:120} INFO - ::group::Pre task execution logs
[2025-07-22T19:45:01.792+0000] {taskinstance.py:2076} INFO - Dependencies all met for dep_context=non-requeueable deps ti=<TaskInstance: flight_data_pipeline.run_spark_job_container scheduled__2025-07-22T19:30:00+00:00 [queued]>
[2025-07-22T19:45:01.798+0000] {taskinstance.py:2076} INFO - Dependencies all met for dep_context=requeueable deps ti=<TaskInstance: flight_data_pipeline.run_spark_job_container scheduled__2025-07-22T19:30:00+00:00 [queued]>
[2025-07-22T19:45:01.799+0000] {taskinstance.py:2306} INFO - Starting attempt 1 of 1
[2025-07-22T19:45:01.811+0000] {taskinstance.py:2330} INFO - Executing <Task(DockerOperator): run_spark_job_container> on 2025-07-22 19:30:00+00:00
[2025-07-22T19:45:01.817+0000] {warnings.py:112} WARNING - /home/***/.local/lib/python3.12/site-packages/***/task/task_runner/standard_task_runner.py:61: DeprecationWarning: This process (pid=2692) is multi-threaded, use of fork() may lead to deadlocks in the child.
  pid = os.fork()

[2025-07-22T19:45:01.819+0000] {standard_task_runner.py:63} INFO - Started process 2694 to run task
[2025-07-22T19:45:01.819+0000] {standard_task_runner.py:90} INFO - Running: ['***', 'tasks', 'run', 'flight_data_pipeline', 'run_spark_job_container', 'scheduled__2025-07-22T19:30:00+00:00', '--job-id', '49', '--raw', '--subdir', 'DAGS_FOLDER/flight_pipeline_dag.py', '--cfg-path', '/tmp/tmpw0najxfp']
[2025-07-22T19:45:01.821+0000] {standard_task_runner.py:91} INFO - Job 49: Subtask run_spark_job_container
[2025-07-22T19:45:01.867+0000] {task_command.py:426} INFO - Running <TaskInstance: flight_data_pipeline.run_spark_job_container scheduled__2025-07-22T19:30:00+00:00 [running]> on host d77a53274a34
[2025-07-22T19:45:01.954+0000] {taskinstance.py:2648} INFO - Exporting env vars: AIRFLOW_CTX_DAG_OWNER='***' AIRFLOW_CTX_DAG_ID='flight_data_pipeline' AIRFLOW_CTX_TASK_ID='run_spark_job_container' AIRFLOW_CTX_EXECUTION_DATE='2025-07-22T19:30:00+00:00' AIRFLOW_CTX_TRY_NUMBER='1' AIRFLOW_CTX_DAG_RUN_ID='scheduled__2025-07-22T19:30:00+00:00'
[2025-07-22T19:45:01.956+0000] {taskinstance.py:430} INFO - ::endgroup::
[2025-07-22T19:45:01.973+0000] {docker.py:366} INFO - Starting docker container from image realtime-flight-pipeline/spark-job:0.6
[2025-07-22T19:45:01.977+0000] {docker.py:374} WARNING - Using remote engine or docker-in-docker and mounting temporary volume from host is not supported. Falling back to `mount_tmp_dir=False` mode. You can set `mount_tmp_dir` parameter to False to disable mounting and remove the warning
[2025-07-22T19:45:02.249+0000] {docker.py:436} INFO - [38;5;6mspark [38;5;5m19:45:02.24 [0m[38;5;2mINFO [0m ==>
[2025-07-22T19:45:02.250+0000] {docker.py:436} INFO - [38;5;6mspark [38;5;5m19:45:02.24 [0m[38;5;2mINFO [0m ==> [1mWelcome to the Bitnami spark container[0m
[2025-07-22T19:45:02.251+0000] {docker.py:436} INFO - [38;5;6mspark [38;5;5m19:45:02.25 [0m[38;5;2mINFO [0m ==> Subscribe to project updates by watching [1mhttps://github.com/bitnami/containers[0m
[2025-07-22T19:45:02.252+0000] {docker.py:436} INFO - [38;5;6mspark [38;5;5m19:45:02.25 [0m[38;5;2mINFO [0m ==> Submit issues and feature requests at [1mhttps://github.com/bitnami/containers/issues[0m
[2025-07-22T19:45:02.253+0000] {docker.py:436} INFO - [38;5;6mspark [38;5;5m19:45:02.25 [0m[38;5;2mINFO [0m ==> Upgrade to Tanzu Application Catalog for production environments to access custom-configured and pre-packaged software components. Gain enhanced features, including Software Bill of Materials (SBOM), CVE scan result reports, and VEX documents. To learn more, visit [1mhttps://bitnami.com/enterprise[0m
[2025-07-22T19:45:02.254+0000] {docker.py:436} INFO - [38;5;6mspark [38;5;5m19:45:02.25 [0m[38;5;2mINFO [0m ==>
[2025-07-22T19:45:02.257+0000] {docker.py:436} INFO - 
[2025-07-22T19:45:04.404+0000] {docker.py:436} INFO - 25/07/22 19:45:04 INFO SparkContext: Running Spark version 3.5.1
[2025-07-22T19:45:04.406+0000] {docker.py:436} INFO - 25/07/22 19:45:04 INFO SparkContext: OS info Linux, 5.15.167.4-microsoft-standard-WSL2, amd64
[2025-07-22T19:45:04.406+0000] {docker.py:436} INFO - 25/07/22 19:45:04 INFO SparkContext: Java version 17.0.12
[2025-07-22T19:45:04.427+0000] {docker.py:436} INFO - 25/07/22 19:45:04 INFO ResourceUtils: ==============================================================
[2025-07-22T19:45:04.428+0000] {docker.py:436} INFO - 25/07/22 19:45:04 INFO ResourceUtils: No custom resources configured for spark.driver.
[2025-07-22T19:45:04.428+0000] {docker.py:436} INFO - 25/07/22 19:45:04 INFO ResourceUtils: ==============================================================
[2025-07-22T19:45:04.429+0000] {docker.py:436} INFO - 25/07/22 19:45:04 INFO SparkContext: Submitted application: FlightDataProcessing
[2025-07-22T19:45:04.443+0000] {docker.py:436} INFO - 25/07/22 19:45:04 INFO ResourceProfile: Default ResourceProfile created, executor resources: Map(cores -> name: cores, amount: 1, script: , vendor: , memory -> name: memory, amount: 1024, script: , vendor: , offHeap -> name: offHeap, amount: 0, script: , vendor: ), task resources: Map(cpus -> name: cpus, amount: 1.0)
[2025-07-22T19:45:04.450+0000] {docker.py:436} INFO - 25/07/22 19:45:04 INFO ResourceProfile: Limiting resource is cpu
[2025-07-22T19:45:04.450+0000] {docker.py:436} INFO - 25/07/22 19:45:04 INFO ResourceProfileManager: Added ResourceProfile id: 0
[2025-07-22T19:45:04.486+0000] {docker.py:436} INFO - 25/07/22 19:45:04 INFO SecurityManager: Changing view acls to: root,spark
[2025-07-22T19:45:04.487+0000] {docker.py:436} INFO - 25/07/22 19:45:04 INFO SecurityManager: Changing modify acls to: root,spark
[2025-07-22T19:45:04.487+0000] {docker.py:436} INFO - 25/07/22 19:45:04 INFO SecurityManager: Changing view acls groups to:
[2025-07-22T19:45:04.488+0000] {docker.py:436} INFO - 25/07/22 19:45:04 INFO SecurityManager: Changing modify acls groups to:
[2025-07-22T19:45:04.488+0000] {docker.py:436} INFO - 25/07/22 19:45:04 INFO SecurityManager: SecurityManager: authentication disabled; ui acls disabled; users with view permissions: root, spark; groups with view permissions: EMPTY; users with modify permissions: root, spark; groups with modify permissions: EMPTY
[2025-07-22T19:45:04.530+0000] {docker.py:436} INFO - 25/07/22 19:45:04 WARN NativeCodeLoader: Unable to load native-hadoop library for your platform... using builtin-java classes where applicable
[2025-07-22T19:45:04.718+0000] {docker.py:436} INFO - 25/07/22 19:45:04 INFO Utils: Successfully started service 'sparkDriver' on port 44589.
[2025-07-22T19:45:04.740+0000] {docker.py:436} INFO - 25/07/22 19:45:04 INFO SparkEnv: Registering MapOutputTracker
[2025-07-22T19:45:04.768+0000] {docker.py:436} INFO - 25/07/22 19:45:04 INFO SparkEnv: Registering BlockManagerMaster
[2025-07-22T19:45:04.785+0000] {docker.py:436} INFO - 25/07/22 19:45:04 INFO BlockManagerMasterEndpoint: Using org.apache.spark.storage.DefaultTopologyMapper for getting topology information
[2025-07-22T19:45:04.786+0000] {docker.py:436} INFO - 25/07/22 19:45:04 INFO BlockManagerMasterEndpoint: BlockManagerMasterEndpoint up
[2025-07-22T19:45:04.790+0000] {docker.py:436} INFO - 25/07/22 19:45:04 INFO SparkEnv: Registering BlockManagerMasterHeartbeat
[2025-07-22T19:45:04.807+0000] {docker.py:436} INFO - 25/07/22 19:45:04 INFO DiskBlockManager: Created local directory at /tmp/blockmgr-0f2ab081-baa7-405a-951d-9d18abf74d54
[2025-07-22T19:45:04.820+0000] {docker.py:436} INFO - 25/07/22 19:45:04 INFO MemoryStore: MemoryStore started with capacity 434.4 MiB
[2025-07-22T19:45:04.836+0000] {docker.py:436} INFO - 25/07/22 19:45:04 INFO SparkEnv: Registering OutputCommitCoordinator
[2025-07-22T19:45:04.938+0000] {docker.py:436} INFO - 25/07/22 19:45:04 INFO JettyUtils: Start Jetty 0.0.0.0:4040 for SparkUI
[2025-07-22T19:45:04.980+0000] {docker.py:436} INFO - 25/07/22 19:45:04 INFO Utils: Successfully started service 'SparkUI' on port 4040.
[2025-07-22T19:45:05.061+0000] {docker.py:436} INFO - 25/07/22 19:45:05 INFO Executor: Starting executor ID driver on host 41c73eee851c
[2025-07-22T19:45:05.062+0000] {docker.py:436} INFO - 25/07/22 19:45:05 INFO Executor: OS info Linux, 5.15.167.4-microsoft-standard-WSL2, amd64
[2025-07-22T19:45:05.063+0000] {docker.py:436} INFO - 25/07/22 19:45:05 INFO Executor: Java version 17.0.12
[2025-07-22T19:45:05.069+0000] {docker.py:436} INFO - 25/07/22 19:45:05 INFO Executor: Starting executor with user classpath (userClassPathFirst = false): ''
[2025-07-22T19:45:05.069+0000] {docker.py:436} INFO - 25/07/22 19:45:05 INFO Executor: Created or updated repl class loader org.apache.spark.util.MutableURLClassLoader@25e00935 for default.
[2025-07-22T19:45:05.085+0000] {docker.py:436} INFO - 25/07/22 19:45:05 INFO Utils: Successfully started service 'org.apache.spark.network.netty.NettyBlockTransferService' on port 38435.
25/07/22 19:45:05 INFO NettyBlockTransferService: Server created on 41c73eee851c:38435
[2025-07-22T19:45:05.087+0000] {docker.py:436} INFO - 25/07/22 19:45:05 INFO BlockManager: Using org.apache.spark.storage.RandomBlockReplicationPolicy for block replication policy
[2025-07-22T19:45:05.091+0000] {docker.py:436} INFO - 25/07/22 19:45:05 INFO BlockManagerMaster: Registering BlockManager BlockManagerId(driver, 41c73eee851c, 38435, None)
[2025-07-22T19:45:05.093+0000] {docker.py:436} INFO - 25/07/22 19:45:05 INFO BlockManagerMasterEndpoint: Registering block manager 41c73eee851c:38435 with 434.4 MiB RAM, BlockManagerId(driver, 41c73eee851c, 38435, None)
[2025-07-22T19:45:05.095+0000] {docker.py:436} INFO - 25/07/22 19:45:05 INFO BlockManagerMaster: Registered BlockManager BlockManagerId(driver, 41c73eee851c, 38435, None)
[2025-07-22T19:45:05.096+0000] {docker.py:436} INFO - 25/07/22 19:45:05 INFO BlockManager: Initialized BlockManager: BlockManagerId(driver, 41c73eee851c, 38435, None)
[2025-07-22T19:45:05.381+0000] {docker.py:436} INFO - Sessão Spark criada com sucesso!
[2025-07-22T19:45:10.526+0000] {docker.py:436} INFO - 25/07/22 19:45:10 INFO SharedState: Setting hive.metastore.warehouse.dir ('null') to the value of spark.sql.warehouse.dir.
[2025-07-22T19:45:10.532+0000] {docker.py:436} INFO - 25/07/22 19:45:10 INFO SharedState: Warehouse path is 'file:/app/spark-warehouse'.
[2025-07-22T19:45:11.583+0000] {docker.py:436} INFO - Iniciando escrita dos dados no PostgreSQL...
[2025-07-22T19:45:12.191+0000] {docker.py:436} INFO - 25/07/22 19:45:12 WARN SparkStringUtils: Truncated the string representation of a plan since it was too large. This behavior can be adjusted by setting 'spark.sql.debug.maxToStringFields'.
[2025-07-22T19:45:12.402+0000] {docker.py:436} INFO - 25/07/22 19:45:12 INFO CodeGenerator: Code generated in 129.161398 ms
[2025-07-22T19:45:12.514+0000] {docker.py:436} INFO - 25/07/22 19:45:12 INFO SparkContext: Starting job: jdbc at NativeMethodAccessorImpl.java:0
[2025-07-22T19:45:12.532+0000] {docker.py:436} INFO - 25/07/22 19:45:12 INFO DAGScheduler: Got job 0 (jdbc at NativeMethodAccessorImpl.java:0) with 12 output partitions
[2025-07-22T19:45:12.533+0000] {docker.py:436} INFO - 25/07/22 19:45:12 INFO DAGScheduler: Final stage: ResultStage 0 (jdbc at NativeMethodAccessorImpl.java:0)
[2025-07-22T19:45:12.533+0000] {docker.py:436} INFO - 25/07/22 19:45:12 INFO DAGScheduler: Parents of final stage: List()
[2025-07-22T19:45:12.535+0000] {docker.py:436} INFO - 25/07/22 19:45:12 INFO DAGScheduler: Missing parents: List()
[2025-07-22T19:45:12.537+0000] {docker.py:436} INFO - 25/07/22 19:45:12 INFO DAGScheduler: Submitting ResultStage 0 (MapPartitionsRDD[8] at jdbc at NativeMethodAccessorImpl.java:0), which has no missing parents
[2025-07-22T19:45:12.645+0000] {docker.py:436} INFO - 25/07/22 19:45:12 INFO MemoryStore: Block broadcast_0 stored as values in memory (estimated size 39.3 KiB, free 434.4 MiB)
[2025-07-22T19:45:12.670+0000] {docker.py:436} INFO - 25/07/22 19:45:12 INFO MemoryStore: Block broadcast_0_piece0 stored as bytes in memory (estimated size 17.9 KiB, free 434.3 MiB)
[2025-07-22T19:45:12.673+0000] {docker.py:436} INFO - 25/07/22 19:45:12 INFO BlockManagerInfo: Added broadcast_0_piece0 in memory on 41c73eee851c:38435 (size: 17.9 KiB, free: 434.4 MiB)
[2025-07-22T19:45:12.676+0000] {docker.py:436} INFO - 25/07/22 19:45:12 INFO SparkContext: Created broadcast 0 from broadcast at DAGScheduler.scala:1585
[2025-07-22T19:45:12.686+0000] {docker.py:436} INFO - 25/07/22 19:45:12 INFO DAGScheduler: Submitting 12 missing tasks from ResultStage 0 (MapPartitionsRDD[8] at jdbc at NativeMethodAccessorImpl.java:0) (first 15 tasks are for partitions Vector(0, 1, 2, 3, 4, 5, 6, 7, 8, 9, 10, 11))
[2025-07-22T19:45:12.687+0000] {docker.py:436} INFO - 25/07/22 19:45:12 INFO TaskSchedulerImpl: Adding task set 0.0 with 12 tasks resource profile 0
[2025-07-22T19:45:12.722+0000] {docker.py:436} INFO - 25/07/22 19:45:12 INFO TaskSetManager: Starting task 0.0 in stage 0.0 (TID 0) (41c73eee851c, executor driver, partition 0, PROCESS_LOCAL, 116691 bytes)
[2025-07-22T19:45:12.726+0000] {docker.py:436} INFO - 25/07/22 19:45:12 INFO TaskSetManager: Starting task 1.0 in stage 0.0 (TID 1) (41c73eee851c, executor driver, partition 1, PROCESS_LOCAL, 117429 bytes)
[2025-07-22T19:45:12.727+0000] {docker.py:436} INFO - 25/07/22 19:45:12 INFO TaskSetManager: Starting task 2.0 in stage 0.0 (TID 2) (41c73eee851c, executor driver, partition 2, PROCESS_LOCAL, 117635 bytes)
[2025-07-22T19:45:12.728+0000] {docker.py:436} INFO - 25/07/22 19:45:12 INFO TaskSetManager: Starting task 3.0 in stage 0.0 (TID 3) (41c73eee851c, executor driver, partition 3, PROCESS_LOCAL, 117192 bytes)
[2025-07-22T19:45:12.729+0000] {docker.py:436} INFO - 25/07/22 19:45:12 INFO TaskSetManager: Starting task 4.0 in stage 0.0 (TID 4) (41c73eee851c, executor driver, partition 4, PROCESS_LOCAL, 117235 bytes)
[2025-07-22T19:45:12.729+0000] {docker.py:436} INFO - 25/07/22 19:45:12 INFO TaskSetManager: Starting task 5.0 in stage 0.0 (TID 5) (41c73eee851c, executor driver, partition 5, PROCESS_LOCAL, 117141 bytes)
[2025-07-22T19:45:12.730+0000] {docker.py:436} INFO - 25/07/22 19:45:12 INFO TaskSetManager: Starting task 6.0 in stage 0.0 (TID 6) (41c73eee851c, executor driver, partition 6, PROCESS_LOCAL, 117226 bytes)
[2025-07-22T19:45:12.730+0000] {docker.py:436} INFO - 25/07/22 19:45:12 INFO TaskSetManager: Starting task 7.0 in stage 0.0 (TID 7) (41c73eee851c, executor driver, partition 7, PROCESS_LOCAL, 117363 bytes)
[2025-07-22T19:45:12.730+0000] {docker.py:436} INFO - 25/07/22 19:45:12 INFO TaskSetManager: Starting task 8.0 in stage 0.0 (TID 8) (41c73eee851c, executor driver, partition 8, PROCESS_LOCAL, 117328 bytes)
[2025-07-22T19:45:12.731+0000] {docker.py:436} INFO - 25/07/22 19:45:12 INFO TaskSetManager: Starting task 9.0 in stage 0.0 (TID 9) (41c73eee851c, executor driver, partition 9, PROCESS_LOCAL, 117160 bytes)
[2025-07-22T19:45:12.732+0000] {docker.py:436} INFO - 25/07/22 19:45:12 INFO TaskSetManager: Starting task 10.0 in stage 0.0 (TID 10) (41c73eee851c, executor driver, partition 10, PROCESS_LOCAL, 116884 bytes)
[2025-07-22T19:45:12.733+0000] {docker.py:436} INFO - 25/07/22 19:45:12 INFO TaskSetManager: Starting task 11.0 in stage 0.0 (TID 11) (41c73eee851c, executor driver, partition 11, PROCESS_LOCAL, 117784 bytes)
[2025-07-22T19:45:12.742+0000] {docker.py:436} INFO - 25/07/22 19:45:12 INFO Executor: Running task 1.0 in stage 0.0 (TID 1)
25/07/22 19:45:12 INFO Executor: Running task 0.0 in stage 0.0 (TID 0)
25/07/22 19:45:12 INFO Executor: Running task 3.0 in stage 0.0 (TID 3)
25/07/22 19:45:12 INFO Executor: Running task 6.0 in stage 0.0 (TID 6)
25/07/22 19:45:12 INFO Executor: Running task 10.0 in stage 0.0 (TID 10)
[2025-07-22T19:45:12.744+0000] {docker.py:436} INFO - 25/07/22 19:45:12 INFO Executor: Running task 2.0 in stage 0.0 (TID 2)
25/07/22 19:45:12 INFO Executor: Running task 5.0 in stage 0.0 (TID 5)
[2025-07-22T19:45:12.745+0000] {docker.py:436} INFO - 25/07/22 19:45:12 INFO Executor: Running task 7.0 in stage 0.0 (TID 7)
[2025-07-22T19:45:12.746+0000] {docker.py:436} INFO - 25/07/22 19:45:12 INFO Executor: Running task 8.0 in stage 0.0 (TID 8)
25/07/22 19:45:12 INFO Executor: Running task 9.0 in stage 0.0 (TID 9)
25/07/22 19:45:12 INFO Executor: Running task 11.0 in stage 0.0 (TID 11)
[2025-07-22T19:45:12.747+0000] {docker.py:436} INFO - 25/07/22 19:45:12 INFO Executor: Running task 4.0 in stage 0.0 (TID 4)
[2025-07-22T19:45:13.458+0000] {docker.py:436} INFO - 25/07/22 19:45:13 INFO CodeGenerator: Code generated in 36.699007 ms
[2025-07-22T19:45:14.451+0000] {docker.py:436} INFO - 25/07/22 19:45:14 INFO CodeGenerator: Code generated in 34.026629 ms
[2025-07-22T19:45:14.638+0000] {docker.py:436} INFO - 25/07/22 19:45:14 INFO PythonRunner: Times: total = 720, boot = 484, init = 232, finish = 4
[2025-07-22T19:45:14.639+0000] {docker.py:436} INFO - 25/07/22 19:45:14 INFO PythonRunner: Times: total = 715, boot = 468, init = 233, finish = 14
[2025-07-22T19:45:14.642+0000] {docker.py:436} INFO - 25/07/22 19:45:14 INFO PythonRunner: Times: total = 700, boot = 479, init = 214, finish = 7
[2025-07-22T19:45:14.645+0000] {docker.py:436} INFO - 25/07/22 19:45:14 INFO PythonRunner: Times: total = 692, boot = 466, init = 221, finish = 5
[2025-07-22T19:45:14.649+0000] {docker.py:436} INFO - 25/07/22 19:45:14 INFO PythonRunner: Times: total = 788, boot = 510, init = 274, finish = 4
25/07/22 19:45:14 INFO PythonRunner: Times: total = 854, boot = 543, init = 308, finish = 3
[2025-07-22T19:45:14.674+0000] {docker.py:436} INFO - 25/07/22 19:45:14 INFO PythonRunner: Times: total = 704, boot = 493, init = 205, finish = 6
[2025-07-22T19:45:14.677+0000] {docker.py:436} INFO - 25/07/22 19:45:14 INFO PythonRunner: Times: total = 849, boot = 521, init = 325, finish = 3
[2025-07-22T19:45:14.679+0000] {docker.py:436} INFO - 25/07/22 19:45:14 INFO PythonRunner: Times: total = 821, boot = 514, init = 303, finish = 4
[2025-07-22T19:45:14.682+0000] {docker.py:436} INFO - 25/07/22 19:45:14 INFO PythonRunner: Times: total = 691, boot = 472, init = 215, finish = 4
[2025-07-22T19:45:14.684+0000] {docker.py:436} INFO - 25/07/22 19:45:14 INFO PythonRunner: Times: total = 765, boot = 475, init = 287, finish = 3
[2025-07-22T19:45:14.689+0000] {docker.py:436} INFO - 25/07/22 19:45:14 INFO PythonRunner: Times: total = 808, boot = 499, init = 306, finish = 3
[2025-07-22T19:45:14.741+0000] {docker.py:436} INFO - 25/07/22 19:45:14 INFO Executor: Finished task 8.0 in stage 0.0 (TID 8). 1806 bytes result sent to driver
25/07/22 19:45:14 INFO Executor: Finished task 6.0 in stage 0.0 (TID 6). 1806 bytes result sent to driver
25/07/22 19:45:14 INFO Executor: Finished task 7.0 in stage 0.0 (TID 7). 1806 bytes result sent to driver
[2025-07-22T19:45:14.742+0000] {docker.py:436} INFO - 25/07/22 19:45:14 INFO Executor: Finished task 0.0 in stage 0.0 (TID 0). 1806 bytes result sent to driver
25/07/22 19:45:14 INFO Executor: Finished task 3.0 in stage 0.0 (TID 3). 1763 bytes result sent to driver
25/07/22 19:45:14 INFO Executor: Finished task 11.0 in stage 0.0 (TID 11). 1763 bytes result sent to driver
25/07/22 19:45:14 INFO Executor: Finished task 10.0 in stage 0.0 (TID 10). 1806 bytes result sent to driver
[2025-07-22T19:45:14.742+0000] {docker.py:436} INFO - 25/07/22 19:45:14 INFO Executor: Finished task 1.0 in stage 0.0 (TID 1). 1763 bytes result sent to driver
[2025-07-22T19:45:14.743+0000] {docker.py:436} INFO - 25/07/22 19:45:14 INFO Executor: Finished task 2.0 in stage 0.0 (TID 2). 1763 bytes result sent to driver
[2025-07-22T19:45:14.744+0000] {docker.py:436} INFO - 25/07/22 19:45:14 INFO Executor: Finished task 4.0 in stage 0.0 (TID 4). 1806 bytes result sent to driver
[2025-07-22T19:45:14.744+0000] {docker.py:436} INFO - 25/07/22 19:45:14 INFO Executor: Finished task 9.0 in stage 0.0 (TID 9). 1806 bytes result sent to driver
[2025-07-22T19:45:14.745+0000] {docker.py:436} INFO - 25/07/22 19:45:14 INFO Executor: Finished task 5.0 in stage 0.0 (TID 5). 1806 bytes result sent to driver
[2025-07-22T19:45:14.751+0000] {docker.py:436} INFO - 25/07/22 19:45:14 INFO TaskSetManager: Finished task 4.0 in stage 0.0 (TID 4) in 2022 ms on 41c73eee851c (executor driver) (1/12)
[2025-07-22T19:45:14.753+0000] {docker.py:436} INFO - 25/07/22 19:45:14 INFO TaskSetManager: Finished task 1.0 in stage 0.0 (TID 1) in 2027 ms on 41c73eee851c (executor driver) (2/12)
[2025-07-22T19:45:14.753+0000] {docker.py:436} INFO - 25/07/22 19:45:14 INFO TaskSetManager: Finished task 10.0 in stage 0.0 (TID 10) in 2021 ms on 41c73eee851c (executor driver) (3/12)
[2025-07-22T19:45:14.754+0000] {docker.py:436} INFO - 25/07/22 19:45:14 INFO TaskSetManager: Finished task 8.0 in stage 0.0 (TID 8) in 2023 ms on 41c73eee851c (executor driver) (4/12)
[2025-07-22T19:45:14.755+0000] {docker.py:436} INFO - 25/07/22 19:45:14 INFO TaskSetManager: Finished task 11.0 in stage 0.0 (TID 11) in 2022 ms on 41c73eee851c (executor driver) (5/12)
[2025-07-22T19:45:14.755+0000] {docker.py:436} INFO - 25/07/22 19:45:14 INFO TaskSetManager: Finished task 3.0 in stage 0.0 (TID 3) in 2027 ms on 41c73eee851c (executor driver) (6/12)
[2025-07-22T19:45:14.755+0000] {docker.py:436} INFO - 25/07/22 19:45:14 INFO TaskSetManager: Finished task 7.0 in stage 0.0 (TID 7) in 2026 ms on 41c73eee851c (executor driver) (7/12)
[2025-07-22T19:45:14.756+0000] {docker.py:436} INFO - 25/07/22 19:45:14 INFO TaskSetManager: Finished task 6.0 in stage 0.0 (TID 6) in 2026 ms on 41c73eee851c (executor driver) (8/12)
[2025-07-22T19:45:14.756+0000] {docker.py:436} INFO - 25/07/22 19:45:14 INFO TaskSetManager: Finished task 0.0 in stage 0.0 (TID 0) in 2045 ms on 41c73eee851c (executor driver) (9/12)
[2025-07-22T19:45:14.757+0000] {docker.py:436} INFO - 25/07/22 19:45:14 INFO TaskSetManager: Finished task 9.0 in stage 0.0 (TID 9) in 2025 ms on 41c73eee851c (executor driver) (10/12)
[2025-07-22T19:45:14.758+0000] {docker.py:436} INFO - 25/07/22 19:45:14 INFO PythonAccumulatorV2: Connected to AccumulatorServer at host: 127.0.0.1 port: 39415
[2025-07-22T19:45:14.758+0000] {docker.py:436} INFO - 25/07/22 19:45:14 INFO TaskSetManager: Finished task 2.0 in stage 0.0 (TID 2) in 2030 ms on 41c73eee851c (executor driver) (11/12)
[2025-07-22T19:45:14.759+0000] {docker.py:436} INFO - 25/07/22 19:45:14 INFO TaskSetManager: Finished task 5.0 in stage 0.0 (TID 5) in 2029 ms on 41c73eee851c (executor driver) (12/12)
[2025-07-22T19:45:14.759+0000] {docker.py:436} INFO - 25/07/22 19:45:14 INFO TaskSchedulerImpl: Removed TaskSet 0.0, whose tasks have all completed, from pool
[2025-07-22T19:45:14.772+0000] {docker.py:436} INFO - 25/07/22 19:45:14 INFO DAGScheduler: ResultStage 0 (jdbc at NativeMethodAccessorImpl.java:0) finished in 2.223 s
[2025-07-22T19:45:14.775+0000] {docker.py:436} INFO - 25/07/22 19:45:14 INFO DAGScheduler: Job 0 is finished. Cancelling potential speculative or zombie tasks for this job
[2025-07-22T19:45:14.776+0000] {docker.py:436} INFO - 25/07/22 19:45:14 INFO TaskSchedulerImpl: Killing all running tasks in stage 0: Stage finished
[2025-07-22T19:45:14.777+0000] {docker.py:436} INFO - 25/07/22 19:45:14 INFO DAGScheduler: Job 0 finished: jdbc at NativeMethodAccessorImpl.java:0, took 2.262629 s
[2025-07-22T19:45:15.081+0000] {docker.py:436} INFO - 25/07/22 19:45:15 INFO CodeGenerator: Code generated in 17.087573 ms
[2025-07-22T19:45:15.100+0000] {docker.py:436} INFO - 25/07/22 19:45:15 INFO DAGScheduler: Registering RDD 10 (count at NativeMethodAccessorImpl.java:0) as input to shuffle 0
[2025-07-22T19:45:15.104+0000] {docker.py:436} INFO - 25/07/22 19:45:15 INFO DAGScheduler: Got map stage job 1 (count at NativeMethodAccessorImpl.java:0) with 12 output partitions
[2025-07-22T19:45:15.104+0000] {docker.py:436} INFO - 25/07/22 19:45:15 INFO DAGScheduler: Final stage: ShuffleMapStage 1 (count at NativeMethodAccessorImpl.java:0)
[2025-07-22T19:45:15.105+0000] {docker.py:436} INFO - 25/07/22 19:45:15 INFO DAGScheduler: Parents of final stage: List()
[2025-07-22T19:45:15.105+0000] {docker.py:436} INFO - 25/07/22 19:45:15 INFO DAGScheduler: Missing parents: List()
[2025-07-22T19:45:15.107+0000] {docker.py:436} INFO - 25/07/22 19:45:15 INFO DAGScheduler: Submitting ShuffleMapStage 1 (MapPartitionsRDD[10] at count at NativeMethodAccessorImpl.java:0), which has no missing parents
[2025-07-22T19:45:15.122+0000] {docker.py:436} INFO - 25/07/22 19:45:15 INFO MemoryStore: Block broadcast_1 stored as values in memory (estimated size 17.1 KiB, free 434.3 MiB)
[2025-07-22T19:45:15.125+0000] {docker.py:436} INFO - 25/07/22 19:45:15 INFO MemoryStore: Block broadcast_1_piece0 stored as bytes in memory (estimated size 8.8 KiB, free 434.3 MiB)
[2025-07-22T19:45:15.126+0000] {docker.py:436} INFO - 25/07/22 19:45:15 INFO BlockManagerInfo: Added broadcast_1_piece0 in memory on 41c73eee851c:38435 (size: 8.8 KiB, free: 434.4 MiB)
[2025-07-22T19:45:15.128+0000] {docker.py:436} INFO - 25/07/22 19:45:15 INFO SparkContext: Created broadcast 1 from broadcast at DAGScheduler.scala:1585
[2025-07-22T19:45:15.130+0000] {docker.py:436} INFO - 25/07/22 19:45:15 INFO DAGScheduler: Submitting 12 missing tasks from ShuffleMapStage 1 (MapPartitionsRDD[10] at count at NativeMethodAccessorImpl.java:0) (first 15 tasks are for partitions Vector(0, 1, 2, 3, 4, 5, 6, 7, 8, 9, 10, 11))
[2025-07-22T19:45:15.131+0000] {docker.py:436} INFO - 25/07/22 19:45:15 INFO TaskSchedulerImpl: Adding task set 1.0 with 12 tasks resource profile 0
[2025-07-22T19:45:15.134+0000] {docker.py:436} INFO - 25/07/22 19:45:15 INFO TaskSetManager: Starting task 0.0 in stage 1.0 (TID 12) (41c73eee851c, executor driver, partition 0, PROCESS_LOCAL, 116680 bytes)
[2025-07-22T19:45:15.135+0000] {docker.py:436} INFO - 25/07/22 19:45:15 INFO TaskSetManager: Starting task 1.0 in stage 1.0 (TID 13) (41c73eee851c, executor driver, partition 1, PROCESS_LOCAL, 117418 bytes)
[2025-07-22T19:45:15.135+0000] {docker.py:436} INFO - 25/07/22 19:45:15 INFO TaskSetManager: Starting task 2.0 in stage 1.0 (TID 14) (41c73eee851c, executor driver, partition 2, PROCESS_LOCAL, 117624 bytes)
[2025-07-22T19:45:15.136+0000] {docker.py:436} INFO - 25/07/22 19:45:15 INFO TaskSetManager: Starting task 3.0 in stage 1.0 (TID 15) (41c73eee851c, executor driver, partition 3, PROCESS_LOCAL, 117181 bytes)
[2025-07-22T19:45:15.137+0000] {docker.py:436} INFO - 25/07/22 19:45:15 INFO TaskSetManager: Starting task 4.0 in stage 1.0 (TID 16) (41c73eee851c, executor driver, partition 4, PROCESS_LOCAL, 117224 bytes)
[2025-07-22T19:45:15.138+0000] {docker.py:436} INFO - 25/07/22 19:45:15 INFO TaskSetManager: Starting task 5.0 in stage 1.0 (TID 17) (41c73eee851c, executor driver, partition 5, PROCESS_LOCAL, 117130 bytes)
[2025-07-22T19:45:15.141+0000] {docker.py:436} INFO - 25/07/22 19:45:15 INFO TaskSetManager: Starting task 6.0 in stage 1.0 (TID 18) (41c73eee851c, executor driver, partition 6, PROCESS_LOCAL, 117215 bytes)
[2025-07-22T19:45:15.142+0000] {docker.py:436} INFO - 25/07/22 19:45:15 INFO TaskSetManager: Starting task 7.0 in stage 1.0 (TID 19) (41c73eee851c, executor driver, partition 7, PROCESS_LOCAL, 117352 bytes)
[2025-07-22T19:45:15.143+0000] {docker.py:436} INFO - 25/07/22 19:45:15 INFO TaskSetManager: Starting task 8.0 in stage 1.0 (TID 20) (41c73eee851c, executor driver, partition 8, PROCESS_LOCAL, 117317 bytes)
[2025-07-22T19:45:15.143+0000] {docker.py:436} INFO - 25/07/22 19:45:15 INFO TaskSetManager: Starting task 9.0 in stage 1.0 (TID 21) (41c73eee851c, executor driver, partition 9, PROCESS_LOCAL, 117149 bytes)
[2025-07-22T19:45:15.144+0000] {docker.py:436} INFO - 25/07/22 19:45:15 INFO TaskSetManager: Starting task 10.0 in stage 1.0 (TID 22) (41c73eee851c, executor driver, partition 10, PROCESS_LOCAL, 116873 bytes)
[2025-07-22T19:45:15.145+0000] {docker.py:436} INFO - 25/07/22 19:45:15 INFO TaskSetManager: Starting task 11.0 in stage 1.0 (TID 23) (41c73eee851c, executor driver, partition 11, PROCESS_LOCAL, 117773 bytes)
[2025-07-22T19:45:15.146+0000] {docker.py:436} INFO - 25/07/22 19:45:15 INFO Executor: Running task 0.0 in stage 1.0 (TID 12)
25/07/22 19:45:15 INFO Executor: Running task 1.0 in stage 1.0 (TID 13)
[2025-07-22T19:45:15.147+0000] {docker.py:436} INFO - 25/07/22 19:45:15 INFO Executor: Running task 3.0 in stage 1.0 (TID 15)
[2025-07-22T19:45:15.147+0000] {docker.py:436} INFO - 25/07/22 19:45:15 INFO Executor: Running task 5.0 in stage 1.0 (TID 17)
[2025-07-22T19:45:15.149+0000] {docker.py:436} INFO - 25/07/22 19:45:15 INFO Executor: Running task 4.0 in stage 1.0 (TID 16)
[2025-07-22T19:45:15.149+0000] {docker.py:436} INFO - 25/07/22 19:45:15 INFO Executor: Running task 2.0 in stage 1.0 (TID 14)
[2025-07-22T19:45:15.150+0000] {docker.py:436} INFO - 25/07/22 19:45:15 INFO Executor: Running task 6.0 in stage 1.0 (TID 18)
25/07/22 19:45:15 INFO Executor: Running task 8.0 in stage 1.0 (TID 20)
25/07/22 19:45:15 INFO Executor: Running task 9.0 in stage 1.0 (TID 21)
25/07/22 19:45:15 INFO Executor: Running task 10.0 in stage 1.0 (TID 22)
[2025-07-22T19:45:15.152+0000] {docker.py:436} INFO - 25/07/22 19:45:15 INFO Executor: Running task 7.0 in stage 1.0 (TID 19)
[2025-07-22T19:45:15.152+0000] {docker.py:436} INFO - 25/07/22 19:45:15 INFO Executor: Running task 11.0 in stage 1.0 (TID 23)
[2025-07-22T19:45:15.199+0000] {docker.py:436} INFO - 25/07/22 19:45:15 INFO CodeGenerator: Code generated in 12.359691 ms
[2025-07-22T19:45:15.351+0000] {docker.py:436} INFO - 25/07/22 19:45:15 INFO PythonRunner: Times: total = 169, boot = -1407, init = 1554, finish = 22
[2025-07-22T19:45:15.374+0000] {docker.py:436} INFO - 25/07/22 19:45:15 INFO PythonRunner: Times: total = 197, boot = -1466, init = 1653, finish = 10
[2025-07-22T19:45:15.376+0000] {docker.py:436} INFO - 25/07/22 19:45:15 INFO PythonRunner: Times: total = 194, boot = -1501, init = 1691, finish = 4
[2025-07-22T19:45:15.384+0000] {docker.py:436} INFO - 25/07/22 19:45:15 INFO PythonRunner: Times: total = 207, boot = -1484, init = 1682, finish = 9
[2025-07-22T19:45:15.393+0000] {docker.py:436} INFO - 25/07/22 19:45:15 INFO PythonRunner: Times: total = 175, boot = -1481, init = 1653, finish = 3
[2025-07-22T19:45:15.417+0000] {docker.py:436} INFO - 25/07/22 19:45:15 INFO PythonRunner: Times: total = 227, boot = -1391, init = 1613, finish = 5
[2025-07-22T19:45:15.418+0000] {docker.py:436} INFO - 25/07/22 19:45:15 INFO PythonRunner: Times: total = 158, boot = -1497, init = 1650, finish = 5
[2025-07-22T19:45:15.421+0000] {docker.py:436} INFO - 25/07/22 19:45:15 INFO Executor: Finished task 2.0 in stage 1.0 (TID 14). 2375 bytes result sent to driver
[2025-07-22T19:45:15.424+0000] {docker.py:436} INFO - 25/07/22 19:45:15 INFO Executor: Finished task 7.0 in stage 1.0 (TID 19). 2375 bytes result sent to driver
[2025-07-22T19:45:15.429+0000] {docker.py:436} INFO - 25/07/22 19:45:15 INFO TaskSetManager: Finished task 2.0 in stage 1.0 (TID 14) in 294 ms on 41c73eee851c (executor driver) (1/12)
[2025-07-22T19:45:15.431+0000] {docker.py:436} INFO - 25/07/22 19:45:15 INFO TaskSetManager: Finished task 7.0 in stage 1.0 (TID 19) in 289 ms on 41c73eee851c (executor driver) (2/12)
[2025-07-22T19:45:15.432+0000] {docker.py:436} INFO - 25/07/22 19:45:15 INFO Executor: Finished task 11.0 in stage 1.0 (TID 23). 2332 bytes result sent to driver
[2025-07-22T19:45:15.434+0000] {docker.py:436} INFO - 25/07/22 19:45:15 INFO TaskSetManager: Finished task 11.0 in stage 1.0 (TID 23) in 289 ms on 41c73eee851c (executor driver) (3/12)
[2025-07-22T19:45:15.450+0000] {docker.py:436} INFO - 25/07/22 19:45:15 INFO Executor: Finished task 9.0 in stage 1.0 (TID 21). 2332 bytes result sent to driver
[2025-07-22T19:45:15.453+0000] {docker.py:436} INFO - 25/07/22 19:45:15 INFO Executor: Finished task 4.0 in stage 1.0 (TID 16). 2418 bytes result sent to driver
[2025-07-22T19:45:15.453+0000] {docker.py:436} INFO - 25/07/22 19:45:15 INFO TaskSetManager: Finished task 9.0 in stage 1.0 (TID 21) in 310 ms on 41c73eee851c (executor driver) (4/12)
[2025-07-22T19:45:15.454+0000] {docker.py:436} INFO - 25/07/22 19:45:15 INFO TaskSetManager: Finished task 4.0 in stage 1.0 (TID 16) in 318 ms on 41c73eee851c (executor driver) (5/12)
[2025-07-22T19:45:15.462+0000] {docker.py:436} INFO - 25/07/22 19:45:15 INFO Executor: Finished task 6.0 in stage 1.0 (TID 18). 2418 bytes result sent to driver
[2025-07-22T19:45:15.464+0000] {docker.py:436} INFO - 25/07/22 19:45:15 INFO TaskSetManager: Finished task 6.0 in stage 1.0 (TID 18) in 325 ms on 41c73eee851c (executor driver) (6/12)
[2025-07-22T19:45:15.465+0000] {docker.py:436} INFO - 25/07/22 19:45:15 INFO PythonRunner: Times: total = 277, boot = -1473, init = 1745, finish = 5
[2025-07-22T19:45:15.468+0000] {docker.py:436} INFO - 25/07/22 19:45:15 INFO Executor: Finished task 0.0 in stage 1.0 (TID 12). 2375 bytes result sent to driver
[2025-07-22T19:45:15.476+0000] {docker.py:436} INFO - 25/07/22 19:45:15 INFO PythonRunner: Times: total = 308, boot = -1353, init = 1648, finish = 13
[2025-07-22T19:45:15.476+0000] {docker.py:436} INFO - 25/07/22 19:45:15 INFO Executor: Finished task 1.0 in stage 1.0 (TID 13). 2375 bytes result sent to driver
[2025-07-22T19:45:15.477+0000] {docker.py:436} INFO - 25/07/22 19:45:15 INFO TaskSetManager: Finished task 0.0 in stage 1.0 (TID 12) in 346 ms on 41c73eee851c (executor driver) (7/12)
[2025-07-22T19:45:15.479+0000] {docker.py:436} INFO - 25/07/22 19:45:15 INFO TaskSetManager: Finished task 1.0 in stage 1.0 (TID 13) in 345 ms on 41c73eee851c (executor driver) (8/12)
[2025-07-22T19:45:15.489+0000] {docker.py:436} INFO - 25/07/22 19:45:15 INFO Executor: Finished task 3.0 in stage 1.0 (TID 15). 2375 bytes result sent to driver
[2025-07-22T19:45:15.491+0000] {docker.py:436} INFO - 25/07/22 19:45:15 INFO TaskSetManager: Finished task 3.0 in stage 1.0 (TID 15) in 355 ms on 41c73eee851c (executor driver) (9/12)
[2025-07-22T19:45:15.528+0000] {docker.py:436} INFO - 25/07/22 19:45:15 INFO PythonRunner: Times: total = 358, boot = -1379, init = 1729, finish = 8
[2025-07-22T19:45:15.529+0000] {docker.py:436} INFO - 25/07/22 19:45:15 INFO PythonRunner: Times: total = 360, boot = -1357, init = 1712, finish = 5
[2025-07-22T19:45:15.534+0000] {docker.py:436} INFO - 25/07/22 19:45:15 INFO Executor: Finished task 10.0 in stage 1.0 (TID 22). 2375 bytes result sent to driver
[2025-07-22T19:45:15.536+0000] {docker.py:436} INFO - 25/07/22 19:45:15 INFO TaskSetManager: Finished task 10.0 in stage 1.0 (TID 22) in 392 ms on 41c73eee851c (executor driver) (10/12)
[2025-07-22T19:45:15.540+0000] {docker.py:436} INFO - 25/07/22 19:45:15 INFO Executor: Finished task 5.0 in stage 1.0 (TID 17). 2375 bytes result sent to driver
[2025-07-22T19:45:15.541+0000] {docker.py:436} INFO - 25/07/22 19:45:15 INFO TaskSetManager: Finished task 5.0 in stage 1.0 (TID 17) in 400 ms on 41c73eee851c (executor driver) (11/12)
[2025-07-22T19:45:15.582+0000] {docker.py:436} INFO - 25/07/22 19:45:15 INFO PythonRunner: Times: total = 411, boot = -1417, init = 1825, finish = 3
[2025-07-22T19:45:15.588+0000] {docker.py:436} INFO - 25/07/22 19:45:15 INFO Executor: Finished task 8.0 in stage 1.0 (TID 20). 2375 bytes result sent to driver
[2025-07-22T19:45:15.590+0000] {docker.py:436} INFO - 25/07/22 19:45:15 INFO TaskSetManager: Finished task 8.0 in stage 1.0 (TID 20) in 448 ms on 41c73eee851c (executor driver) (12/12)
[2025-07-22T19:45:15.591+0000] {docker.py:436} INFO - 25/07/22 19:45:15 INFO TaskSchedulerImpl: Removed TaskSet 1.0, whose tasks have all completed, from pool
[2025-07-22T19:45:15.593+0000] {docker.py:436} INFO - 25/07/22 19:45:15 INFO DAGScheduler: ShuffleMapStage 1 (count at NativeMethodAccessorImpl.java:0) finished in 0.481 s
[2025-07-22T19:45:15.597+0000] {docker.py:436} INFO - 25/07/22 19:45:15 INFO DAGScheduler: looking for newly runnable stages
[2025-07-22T19:45:15.600+0000] {docker.py:436} INFO - 25/07/22 19:45:15 INFO DAGScheduler: running: Set()
25/07/22 19:45:15 INFO DAGScheduler: waiting: Set()
25/07/22 19:45:15 INFO DAGScheduler: failed: Set()
[2025-07-22T19:45:15.647+0000] {docker.py:436} INFO - 25/07/22 19:45:15 INFO CodeGenerator: Code generated in 13.227836 ms
[2025-07-22T19:45:15.682+0000] {docker.py:436} INFO - 25/07/22 19:45:15 INFO SparkContext: Starting job: count at NativeMethodAccessorImpl.java:0
[2025-07-22T19:45:15.686+0000] {docker.py:436} INFO - 25/07/22 19:45:15 INFO DAGScheduler: Got job 2 (count at NativeMethodAccessorImpl.java:0) with 1 output partitions
25/07/22 19:45:15 INFO DAGScheduler: Final stage: ResultStage 3 (count at NativeMethodAccessorImpl.java:0)
[2025-07-22T19:45:15.687+0000] {docker.py:436} INFO - 25/07/22 19:45:15 INFO DAGScheduler: Parents of final stage: List(ShuffleMapStage 2)
25/07/22 19:45:15 INFO DAGScheduler: Missing parents: List()
25/07/22 19:45:15 INFO DAGScheduler: Submitting ResultStage 3 (MapPartitionsRDD[13] at count at NativeMethodAccessorImpl.java:0), which has no missing parents
[2025-07-22T19:45:15.699+0000] {docker.py:436} INFO - 25/07/22 19:45:15 INFO MemoryStore: Block broadcast_2 stored as values in memory (estimated size 12.5 KiB, free 434.3 MiB)
[2025-07-22T19:45:15.701+0000] {docker.py:436} INFO - 25/07/22 19:45:15 INFO MemoryStore: Block broadcast_2_piece0 stored as bytes in memory (estimated size 5.9 KiB, free 434.3 MiB)
[2025-07-22T19:45:15.703+0000] {docker.py:436} INFO - 25/07/22 19:45:15 INFO BlockManagerInfo: Added broadcast_2_piece0 in memory on 41c73eee851c:38435 (size: 5.9 KiB, free: 434.4 MiB)
[2025-07-22T19:45:15.704+0000] {docker.py:436} INFO - 25/07/22 19:45:15 INFO SparkContext: Created broadcast 2 from broadcast at DAGScheduler.scala:1585
[2025-07-22T19:45:15.705+0000] {docker.py:436} INFO - 25/07/22 19:45:15 INFO DAGScheduler: Submitting 1 missing tasks from ResultStage 3 (MapPartitionsRDD[13] at count at NativeMethodAccessorImpl.java:0) (first 15 tasks are for partitions Vector(0))
[2025-07-22T19:45:15.705+0000] {docker.py:436} INFO - 25/07/22 19:45:15 INFO TaskSchedulerImpl: Adding task set 3.0 with 1 tasks resource profile 0
[2025-07-22T19:45:15.712+0000] {docker.py:436} INFO - 25/07/22 19:45:15 INFO TaskSetManager: Starting task 0.0 in stage 3.0 (TID 24) (41c73eee851c, executor driver, partition 0, NODE_LOCAL, 7615 bytes)
[2025-07-22T19:45:15.713+0000] {docker.py:436} INFO - 25/07/22 19:45:15 INFO Executor: Running task 0.0 in stage 3.0 (TID 24)
[2025-07-22T19:45:15.756+0000] {docker.py:436} INFO - 25/07/22 19:45:15 INFO ShuffleBlockFetcherIterator: Getting 12 (720.0 B) non-empty blocks including 12 (720.0 B) local and 0 (0.0 B) host-local and 0 (0.0 B) push-merged-local and 0 (0.0 B) remote blocks
[2025-07-22T19:45:15.758+0000] {docker.py:436} INFO - 25/07/22 19:45:15 INFO ShuffleBlockFetcherIterator: Started 0 remote fetches in 12 ms
[2025-07-22T19:45:15.774+0000] {docker.py:436} INFO - 25/07/22 19:45:15 INFO CodeGenerator: Code generated in 11.514961 ms
[2025-07-22T19:45:15.793+0000] {docker.py:436} INFO - 25/07/22 19:45:15 INFO Executor: Finished task 0.0 in stage 3.0 (TID 24). 4038 bytes result sent to driver
[2025-07-22T19:45:15.795+0000] {docker.py:436} INFO - 25/07/22 19:45:15 INFO TaskSetManager: Finished task 0.0 in stage 3.0 (TID 24) in 85 ms on 41c73eee851c (executor driver) (1/1)
[2025-07-22T19:45:15.796+0000] {docker.py:436} INFO - 25/07/22 19:45:15 INFO TaskSchedulerImpl: Removed TaskSet 3.0, whose tasks have all completed, from pool
[2025-07-22T19:45:15.797+0000] {docker.py:436} INFO - 25/07/22 19:45:15 INFO DAGScheduler: ResultStage 3 (count at NativeMethodAccessorImpl.java:0) finished in 0.100 s
[2025-07-22T19:45:15.797+0000] {docker.py:436} INFO - 25/07/22 19:45:15 INFO DAGScheduler: Job 2 is finished. Cancelling potential speculative or zombie tasks for this job
[2025-07-22T19:45:15.799+0000] {docker.py:436} INFO - 25/07/22 19:45:15 INFO TaskSchedulerImpl: Killing all running tasks in stage 3: Stage finished
[2025-07-22T19:45:15.799+0000] {docker.py:436} INFO - 25/07/22 19:45:15 INFO DAGScheduler: Job 2 finished: count at NativeMethodAccessorImpl.java:0, took 0.116375 s
[2025-07-22T19:45:15.805+0000] {docker.py:436} INFO - 11250 registros de voos escritos com sucesso na tabela 'flight_data_live'!
[2025-07-22T19:45:15.806+0000] {docker.py:436} INFO - 25/07/22 19:45:15 INFO SparkContext: SparkContext is stopping with exitCode 0.
[2025-07-22T19:45:15.817+0000] {docker.py:436} INFO - 25/07/22 19:45:15 INFO SparkUI: Stopped Spark web UI at http://41c73eee851c:4040
[2025-07-22T19:45:15.841+0000] {docker.py:436} INFO - 25/07/22 19:45:15 INFO MapOutputTrackerMasterEndpoint: MapOutputTrackerMasterEndpoint stopped!
[2025-07-22T19:45:15.859+0000] {docker.py:436} INFO - 25/07/22 19:45:15 INFO MemoryStore: MemoryStore cleared
[2025-07-22T19:45:15.860+0000] {docker.py:436} INFO - 25/07/22 19:45:15 INFO BlockManager: BlockManager stopped
[2025-07-22T19:45:15.865+0000] {docker.py:436} INFO - 25/07/22 19:45:15 INFO BlockManagerMaster: BlockManagerMaster stopped
[2025-07-22T19:45:15.867+0000] {docker.py:436} INFO - 25/07/22 19:45:15 INFO OutputCommitCoordinator$OutputCommitCoordinatorEndpoint: OutputCommitCoordinator stopped!
[2025-07-22T19:45:15.882+0000] {docker.py:436} INFO - 25/07/22 19:45:15 INFO SparkContext: Successfully stopped SparkContext
[2025-07-22T19:45:16.635+0000] {docker.py:436} INFO - 25/07/22 19:45:16 INFO ShutdownHookManager: Shutdown hook called
[2025-07-22T19:45:16.636+0000] {docker.py:436} INFO - 25/07/22 19:45:16 INFO ShutdownHookManager: Deleting directory /tmp/spark-30231809-2bca-42e6-ba72-bc895a23b403
[2025-07-22T19:45:16.640+0000] {docker.py:436} INFO - 25/07/22 19:45:16 INFO ShutdownHookManager: Deleting directory /tmp/spark-1d3dfbcd-68f4-4474-8069-8eb9ef151c1d
[2025-07-22T19:45:16.643+0000] {docker.py:436} INFO - 25/07/22 19:45:16 INFO ShutdownHookManager: Deleting directory /tmp/spark-30231809-2bca-42e6-ba72-bc895a23b403/pyspark-6e7d38e7-b631-4ceb-9430-e7aefe16f86d
[2025-07-22T19:45:17.090+0000] {taskinstance.py:441} INFO - ::group::Post task execution logs
[2025-07-22T19:45:17.117+0000] {taskinstance.py:1206} INFO - Marking task as SUCCESS. dag_id=flight_data_pipeline, task_id=run_spark_job_container, run_id=scheduled__2025-07-22T19:30:00+00:00, execution_date=20250722T193000, start_date=20250722T194501, end_date=20250722T194517
[2025-07-22T19:45:17.181+0000] {local_task_job_runner.py:240} INFO - Task exited with return code 0
[2025-07-22T19:45:17.198+0000] {taskinstance.py:3503} INFO - 0 downstream tasks scheduled from follow-on schedule check
[2025-07-22T19:45:17.200+0000] {local_task_job_runner.py:222} INFO - ::endgroup::
