[2025-07-22T16:00:01.152+0000] {local_task_job_runner.py:120} INFO - ::group::Pre task execution logs
[2025-07-22T16:00:01.170+0000] {taskinstance.py:2076} INFO - Dependencies all met for dep_context=non-requeueable deps ti=<TaskInstance: flight_data_pipeline.run_spark_job_container scheduled__2025-07-22T15:45:00+00:00 [queued]>
[2025-07-22T16:00:01.176+0000] {taskinstance.py:2076} INFO - Dependencies all met for dep_context=requeueable deps ti=<TaskInstance: flight_data_pipeline.run_spark_job_container scheduled__2025-07-22T15:45:00+00:00 [queued]>
[2025-07-22T16:00:01.176+0000] {taskinstance.py:2306} INFO - Starting attempt 1 of 1
[2025-07-22T16:00:01.186+0000] {taskinstance.py:2330} INFO - Executing <Task(DockerOperator): run_spark_job_container> on 2025-07-22 15:45:00+00:00
[2025-07-22T16:00:01.191+0000] {warnings.py:112} WARNING - /home/***/.local/lib/python3.12/site-packages/***/task/task_runner/standard_task_runner.py:61: DeprecationWarning: This process (pid=768) is multi-threaded, use of fork() may lead to deadlocks in the child.
  pid = os.fork()

[2025-07-22T16:00:01.193+0000] {standard_task_runner.py:63} INFO - Started process 770 to run task
[2025-07-22T16:00:01.192+0000] {standard_task_runner.py:90} INFO - Running: ['***', 'tasks', 'run', 'flight_data_pipeline', 'run_spark_job_container', 'scheduled__2025-07-22T15:45:00+00:00', '--job-id', '25', '--raw', '--subdir', 'DAGS_FOLDER/flight_pipeline_dag.py', '--cfg-path', '/tmp/tmpugg5jrlu']
[2025-07-22T16:00:01.195+0000] {standard_task_runner.py:91} INFO - Job 25: Subtask run_spark_job_container
[2025-07-22T16:00:01.235+0000] {task_command.py:426} INFO - Running <TaskInstance: flight_data_pipeline.run_spark_job_container scheduled__2025-07-22T15:45:00+00:00 [running]> on host 2662e370c470
[2025-07-22T16:00:01.305+0000] {taskinstance.py:2648} INFO - Exporting env vars: AIRFLOW_CTX_DAG_OWNER='***' AIRFLOW_CTX_DAG_ID='flight_data_pipeline' AIRFLOW_CTX_TASK_ID='run_spark_job_container' AIRFLOW_CTX_EXECUTION_DATE='2025-07-22T15:45:00+00:00' AIRFLOW_CTX_TRY_NUMBER='1' AIRFLOW_CTX_DAG_RUN_ID='scheduled__2025-07-22T15:45:00+00:00'
[2025-07-22T16:00:01.307+0000] {taskinstance.py:430} INFO - ::endgroup::
[2025-07-22T16:00:01.322+0000] {docker.py:366} INFO - Starting docker container from image realtime-flight-pipeline/spark-job:0.1
[2025-07-22T16:00:01.325+0000] {docker.py:374} WARNING - Using remote engine or docker-in-docker and mounting temporary volume from host is not supported. Falling back to `mount_tmp_dir=False` mode. You can set `mount_tmp_dir` parameter to False to disable mounting and remove the warning
[2025-07-22T16:00:01.548+0000] {docker.py:436} INFO - [38;5;6mspark [38;5;5m16:00:01.54 [0m[38;5;2mINFO [0m ==>
[2025-07-22T16:00:01.549+0000] {docker.py:436} INFO - [38;5;6mspark [38;5;5m16:00:01.54 [0m[38;5;2mINFO [0m ==> [1mWelcome to the Bitnami spark container[0m
[2025-07-22T16:00:01.550+0000] {docker.py:436} INFO - [38;5;6mspark [38;5;5m16:00:01.55 [0m[38;5;2mINFO [0m ==> Subscribe to project updates by watching [1mhttps://github.com/bitnami/containers[0m
[2025-07-22T16:00:01.552+0000] {docker.py:436} INFO - [38;5;6mspark [38;5;5m16:00:01.55 [0m[38;5;2mINFO [0m ==> Submit issues and feature requests at [1mhttps://github.com/bitnami/containers/issues[0m
[2025-07-22T16:00:01.553+0000] {docker.py:436} INFO - [38;5;6mspark [38;5;5m16:00:01.55 [0m[38;5;2mINFO [0m ==> Upgrade to Tanzu Application Catalog for production environments to access custom-configured and pre-packaged software components. Gain enhanced features, including Software Bill of Materials (SBOM), CVE scan result reports, and VEX documents. To learn more, visit [1mhttps://bitnami.com/enterprise[0m
[2025-07-22T16:00:01.554+0000] {docker.py:436} INFO - [38;5;6mspark [38;5;5m16:00:01.55 [0m[38;5;2mINFO [0m ==>
[2025-07-22T16:00:01.561+0000] {docker.py:436} INFO - 
[2025-07-22T16:00:03.683+0000] {docker.py:436} INFO - 25/07/22 16:00:03 INFO SparkContext: Running Spark version 3.5.1
[2025-07-22T16:00:03.685+0000] {docker.py:436} INFO - 25/07/22 16:00:03 INFO SparkContext: OS info Linux, 5.15.167.4-microsoft-standard-WSL2, amd64
[2025-07-22T16:00:03.686+0000] {docker.py:436} INFO - 25/07/22 16:00:03 INFO SparkContext: Java version 17.0.12
[2025-07-22T16:00:03.706+0000] {docker.py:436} INFO - 25/07/22 16:00:03 INFO ResourceUtils: ==============================================================
[2025-07-22T16:00:03.706+0000] {docker.py:436} INFO - 25/07/22 16:00:03 INFO ResourceUtils: No custom resources configured for spark.driver.
[2025-07-22T16:00:03.707+0000] {docker.py:436} INFO - 25/07/22 16:00:03 INFO ResourceUtils: ==============================================================
[2025-07-22T16:00:03.707+0000] {docker.py:436} INFO - 25/07/22 16:00:03 INFO SparkContext: Submitted application: FlightDataProcessing
[2025-07-22T16:00:03.721+0000] {docker.py:436} INFO - 25/07/22 16:00:03 INFO ResourceProfile: Default ResourceProfile created, executor resources: Map(cores -> name: cores, amount: 1, script: , vendor: , memory -> name: memory, amount: 1024, script: , vendor: , offHeap -> name: offHeap, amount: 0, script: , vendor: ), task resources: Map(cpus -> name: cpus, amount: 1.0)
[2025-07-22T16:00:03.727+0000] {docker.py:436} INFO - 25/07/22 16:00:03 INFO ResourceProfile: Limiting resource is cpu
[2025-07-22T16:00:03.728+0000] {docker.py:436} INFO - 25/07/22 16:00:03 INFO ResourceProfileManager: Added ResourceProfile id: 0
[2025-07-22T16:00:03.761+0000] {docker.py:436} INFO - 25/07/22 16:00:03 INFO SecurityManager: Changing view acls to: spark
[2025-07-22T16:00:03.762+0000] {docker.py:436} INFO - 25/07/22 16:00:03 INFO SecurityManager: Changing modify acls to: spark
[2025-07-22T16:00:03.762+0000] {docker.py:436} INFO - 25/07/22 16:00:03 INFO SecurityManager: Changing view acls groups to:
[2025-07-22T16:00:03.762+0000] {docker.py:436} INFO - 25/07/22 16:00:03 INFO SecurityManager: Changing modify acls groups to:
[2025-07-22T16:00:03.763+0000] {docker.py:436} INFO - 25/07/22 16:00:03 INFO SecurityManager: SecurityManager: authentication disabled; ui acls disabled; users with view permissions: spark; groups with view permissions: EMPTY; users with modify permissions: spark; groups with modify permissions: EMPTY
[2025-07-22T16:00:03.800+0000] {docker.py:436} INFO - 25/07/22 16:00:03 WARN NativeCodeLoader: Unable to load native-hadoop library for your platform... using builtin-java classes where applicable
[2025-07-22T16:00:03.977+0000] {docker.py:436} INFO - 25/07/22 16:00:03 INFO Utils: Successfully started service 'sparkDriver' on port 37231.
[2025-07-22T16:00:03.995+0000] {docker.py:436} INFO - 25/07/22 16:00:03 INFO SparkEnv: Registering MapOutputTracker
[2025-07-22T16:00:04.017+0000] {docker.py:436} INFO - 25/07/22 16:00:04 INFO SparkEnv: Registering BlockManagerMaster
[2025-07-22T16:00:04.029+0000] {docker.py:436} INFO - 25/07/22 16:00:04 INFO BlockManagerMasterEndpoint: Using org.apache.spark.storage.DefaultTopologyMapper for getting topology information
[2025-07-22T16:00:04.030+0000] {docker.py:436} INFO - 25/07/22 16:00:04 INFO BlockManagerMasterEndpoint: BlockManagerMasterEndpoint up
[2025-07-22T16:00:04.032+0000] {docker.py:436} INFO - 25/07/22 16:00:04 INFO SparkEnv: Registering BlockManagerMasterHeartbeat
[2025-07-22T16:00:04.045+0000] {docker.py:436} INFO - 25/07/22 16:00:04 INFO DiskBlockManager: Created local directory at /tmp/blockmgr-dfea3c7a-2e37-4d8d-97d6-a13c4cee3032
[2025-07-22T16:00:04.055+0000] {docker.py:436} INFO - 25/07/22 16:00:04 INFO MemoryStore: MemoryStore started with capacity 434.4 MiB
[2025-07-22T16:00:04.068+0000] {docker.py:436} INFO - 25/07/22 16:00:04 INFO SparkEnv: Registering OutputCommitCoordinator
[2025-07-22T16:00:04.153+0000] {docker.py:436} INFO - 25/07/22 16:00:04 INFO JettyUtils: Start Jetty 0.0.0.0:4040 for SparkUI
[2025-07-22T16:00:04.196+0000] {docker.py:436} INFO - 25/07/22 16:00:04 INFO Utils: Successfully started service 'SparkUI' on port 4040.
[2025-07-22T16:00:04.275+0000] {docker.py:436} INFO - 25/07/22 16:00:04 INFO Executor: Starting executor ID driver on host 4b4385e25d57
[2025-07-22T16:00:04.276+0000] {docker.py:436} INFO - 25/07/22 16:00:04 INFO Executor: OS info Linux, 5.15.167.4-microsoft-standard-WSL2, amd64
[2025-07-22T16:00:04.276+0000] {docker.py:436} INFO - 25/07/22 16:00:04 INFO Executor: Java version 17.0.12
[2025-07-22T16:00:04.289+0000] {docker.py:436} INFO - 25/07/22 16:00:04 INFO Executor: Starting executor with user classpath (userClassPathFirst = false): ''
[2025-07-22T16:00:04.289+0000] {docker.py:436} INFO - 25/07/22 16:00:04 INFO Executor: Created or updated repl class loader org.apache.spark.util.MutableURLClassLoader@25e00935 for default.
[2025-07-22T16:00:04.308+0000] {docker.py:436} INFO - 25/07/22 16:00:04 INFO Utils: Successfully started service 'org.apache.spark.network.netty.NettyBlockTransferService' on port 45291.
[2025-07-22T16:00:04.308+0000] {docker.py:436} INFO - 25/07/22 16:00:04 INFO NettyBlockTransferService: Server created on 4b4385e25d57:45291
[2025-07-22T16:00:04.309+0000] {docker.py:436} INFO - 25/07/22 16:00:04 INFO BlockManager: Using org.apache.spark.storage.RandomBlockReplicationPolicy for block replication policy
[2025-07-22T16:00:04.313+0000] {docker.py:436} INFO - 25/07/22 16:00:04 INFO BlockManagerMaster: Registering BlockManager BlockManagerId(driver, 4b4385e25d57, 45291, None)
[2025-07-22T16:00:04.315+0000] {docker.py:436} INFO - 25/07/22 16:00:04 INFO BlockManagerMasterEndpoint: Registering block manager 4b4385e25d57:45291 with 434.4 MiB RAM, BlockManagerId(driver, 4b4385e25d57, 45291, None)
[2025-07-22T16:00:04.317+0000] {docker.py:436} INFO - 25/07/22 16:00:04 INFO BlockManagerMaster: Registered BlockManager BlockManagerId(driver, 4b4385e25d57, 45291, None)
[2025-07-22T16:00:04.318+0000] {docker.py:436} INFO - 25/07/22 16:00:04 INFO BlockManager: Initialized BlockManager: BlockManagerId(driver, 4b4385e25d57, 45291, None)
[2025-07-22T16:00:04.563+0000] {docker.py:436} INFO - Sessão Spark criada com sucesso!
[2025-07-22T16:00:06.516+0000] {docker.py:436} INFO - 25/07/22 16:00:06 INFO SharedState: Setting hive.metastore.warehouse.dir ('null') to the value of spark.sql.warehouse.dir.
[2025-07-22T16:00:06.522+0000] {docker.py:436} INFO - 25/07/22 16:00:06 INFO SharedState: Warehouse path is 'file:/app/spark-warehouse'.
[2025-07-22T16:00:07.365+0000] {docker.py:436} INFO - Schema do DataFrame de Voos (definido por nós):
[2025-07-22T16:00:07.378+0000] {docker.py:436} INFO - root
 |-- icao24: string (nullable = true)
 |-- callsign: string (nullable = true)
 |-- origin_country: string (nullable = true)
 |-- time_position: long (nullable = true)
 |-- last_contact: long (nullable = true)
 |-- longitude: double (nullable = true)
 |-- latitude: double (nullable = true)
 |-- baro_altitude: double (nullable = true)
 |-- on_ground: boolean (nullable = true)
 |-- velocity: double (nullable = true)
 |-- true_track: double (nullable = true)
 |-- vertical_rate: double (nullable = true)
 |-- sensors: string (nullable = true)
 |-- geo_altitude: double (nullable = true)
 |-- squawk: string (nullable = true)
 |-- spi: boolean (nullable = true)
 |-- position_source: long (nullable = true)

Alguns dados de voos recebidos (após limpeza):
[2025-07-22T16:00:07.963+0000] {docker.py:436} INFO - 25/07/22 16:00:07 INFO CodeGenerator: Code generated in 150.545735 ms
[2025-07-22T16:00:08.000+0000] {docker.py:436} INFO - 25/07/22 16:00:07 INFO SparkContext: Starting job: showString at NativeMethodAccessorImpl.java:0
[2025-07-22T16:00:08.010+0000] {docker.py:436} INFO - 25/07/22 16:00:08 INFO DAGScheduler: Got job 0 (showString at NativeMethodAccessorImpl.java:0) with 1 output partitions
[2025-07-22T16:00:08.011+0000] {docker.py:436} INFO - 25/07/22 16:00:08 INFO DAGScheduler: Final stage: ResultStage 0 (showString at NativeMethodAccessorImpl.java:0)
[2025-07-22T16:00:08.011+0000] {docker.py:436} INFO - 25/07/22 16:00:08 INFO DAGScheduler: Parents of final stage: List()
[2025-07-22T16:00:08.012+0000] {docker.py:436} INFO - 25/07/22 16:00:08 INFO DAGScheduler: Missing parents: List()
[2025-07-22T16:00:08.014+0000] {docker.py:436} INFO - 25/07/22 16:00:08 INFO DAGScheduler: Submitting ResultStage 0 (MapPartitionsRDD[6] at showString at NativeMethodAccessorImpl.java:0), which has no missing parents
[2025-07-22T16:00:08.076+0000] {docker.py:436} INFO - 25/07/22 16:00:08 INFO MemoryStore: Block broadcast_0 stored as values in memory (estimated size 18.5 KiB, free 434.4 MiB)
[2025-07-22T16:00:08.101+0000] {docker.py:436} INFO - 25/07/22 16:00:08 INFO MemoryStore: Block broadcast_0_piece0 stored as bytes in memory (estimated size 8.0 KiB, free 434.4 MiB)
[2025-07-22T16:00:08.104+0000] {docker.py:436} INFO - 25/07/22 16:00:08 INFO BlockManagerInfo: Added broadcast_0_piece0 in memory on 4b4385e25d57:45291 (size: 8.0 KiB, free: 434.4 MiB)
[2025-07-22T16:00:08.106+0000] {docker.py:436} INFO - 25/07/22 16:00:08 INFO SparkContext: Created broadcast 0 from broadcast at DAGScheduler.scala:1585
[2025-07-22T16:00:08.116+0000] {docker.py:436} INFO - 25/07/22 16:00:08 INFO DAGScheduler: Submitting 1 missing tasks from ResultStage 0 (MapPartitionsRDD[6] at showString at NativeMethodAccessorImpl.java:0) (first 15 tasks are for partitions Vector(0))
[2025-07-22T16:00:08.117+0000] {docker.py:436} INFO - 25/07/22 16:00:08 INFO TaskSchedulerImpl: Adding task set 0.0 with 1 tasks resource profile 0
[2025-07-22T16:00:08.152+0000] {docker.py:436} INFO - 25/07/22 16:00:08 INFO TaskSetManager: Starting task 0.0 in stage 0.0 (TID 0) (4b4385e25d57, executor driver, partition 0, PROCESS_LOCAL, 123578 bytes)
[2025-07-22T16:00:08.165+0000] {docker.py:436} INFO - 25/07/22 16:00:08 INFO Executor: Running task 0.0 in stage 0.0 (TID 0)
[2025-07-22T16:00:08.732+0000] {docker.py:436} INFO - 25/07/22 16:00:08 INFO CodeGenerator: Code generated in 25.147302 ms
[2025-07-22T16:00:08.807+0000] {docker.py:436} INFO - 25/07/22 16:00:08 INFO Executor: Finished task 0.0 in stage 0.0 (TID 0). 2793 bytes result sent to driver
[2025-07-22T16:00:08.814+0000] {docker.py:436} INFO - 25/07/22 16:00:08 INFO TaskSetManager: Finished task 0.0 in stage 0.0 (TID 0) in 672 ms on 4b4385e25d57 (executor driver) (1/1)
[2025-07-22T16:00:08.815+0000] {docker.py:436} INFO - 25/07/22 16:00:08 INFO TaskSchedulerImpl: Removed TaskSet 0.0, whose tasks have all completed, from pool
[2025-07-22T16:00:08.817+0000] {docker.py:436} INFO - 25/07/22 16:00:08 INFO PythonAccumulatorV2: Connected to AccumulatorServer at host: 127.0.0.1 port: 42431
[2025-07-22T16:00:08.819+0000] {docker.py:436} INFO - 25/07/22 16:00:08 INFO DAGScheduler: ResultStage 0 (showString at NativeMethodAccessorImpl.java:0) finished in 0.797 s
[2025-07-22T16:00:08.822+0000] {docker.py:436} INFO - 25/07/22 16:00:08 INFO DAGScheduler: Job 0 is finished. Cancelling potential speculative or zombie tasks for this job
[2025-07-22T16:00:08.823+0000] {docker.py:436} INFO - 25/07/22 16:00:08 INFO TaskSchedulerImpl: Killing all running tasks in stage 0: Stage finished
[2025-07-22T16:00:08.824+0000] {docker.py:436} INFO - 25/07/22 16:00:08 INFO DAGScheduler: Job 0 finished: showString at NativeMethodAccessorImpl.java:0, took 0.824091 s
[2025-07-22T16:00:09.493+0000] {docker.py:436} INFO - 25/07/22 16:00:09 INFO BlockManagerInfo: Removed broadcast_0_piece0 on 4b4385e25d57:45291 in memory (size: 8.0 KiB, free: 434.4 MiB)
[2025-07-22T16:00:09.496+0000] {docker.py:436} INFO - 25/07/22 16:00:09 INFO CodeGenerator: Code generated in 46.311474 ms
[2025-07-22T16:00:09.506+0000] {docker.py:436} INFO - +------+--------+--------------+-------------+------------+---------+--------+-------------+---------+--------+----------+-------------+-------+------------+------+-----+---------------+
|icao24|callsign|origin_country|time_position|last_contact|longitude|latitude|baro_altitude|on_ground|velocity|true_track|vertical_rate|sensors|geo_altitude|squawk|spi  |position_source|
+------+--------+--------------+-------------+------------+---------+--------+-------------+---------+--------+----------+-------------+-------+------------+------+-----+---------------+
|39de4f|TVF8965 |France        |1753199993   |1753199993  |9.3823   |39.5712 |11574.78     |false    |227.71  |346.28    |0.0          |NULL   |12275.82    |NULL  |false|0              |
|c07d0b|CGVJE   |Canada        |1753199993   |1753199993  |-74.3441 |45.631  |289.56       |false    |36.83   |12.09     |1.63         |NULL   |335.28      |NULL  |false|0              |
|a5f852|RTY484  |United States |1753199992   |1753199993  |-104.5447|40.4766 |1935.48      |false    |47.13   |53.88     |0.33         |NULL   |1965.96     |NULL  |false|0              |
|801638|AXB2456 |India         |1753199993   |1753199993  |76.4077  |11.5408 |6941.82      |false    |192.39  |54.91     |10.73        |NULL   |7261.86     |NULL  |false|0              |
|a61867|N492K   |United States |1753199962   |1753199962  |-155.8073|58.6023 |30.48        |false    |68.45   |91.72     |-1.3         |NULL   |182.88      |NULL  |false|0              |
+------+--------+--------------+-------------+------------+---------+--------+-------------+---------+--------+----------+-------------+-------+------------+------+-----+---------------+
only showing top 5 rows
[2025-07-22T16:00:09.552+0000] {docker.py:436} INFO - DataFrame com a coluna de tempo transformada:
[2025-07-22T16:00:09.662+0000] {docker.py:436} INFO - 25/07/22 16:00:09 INFO CodeGenerator: Code generated in 13.105506 ms
[2025-07-22T16:00:09.675+0000] {docker.py:436} INFO - 25/07/22 16:00:09 INFO SparkContext: Starting job: showString at NativeMethodAccessorImpl.java:0
[2025-07-22T16:00:09.677+0000] {docker.py:436} INFO - 25/07/22 16:00:09 INFO DAGScheduler: Got job 1 (showString at NativeMethodAccessorImpl.java:0) with 1 output partitions
25/07/22 16:00:09 INFO DAGScheduler: Final stage: ResultStage 1 (showString at NativeMethodAccessorImpl.java:0)
[2025-07-22T16:00:09.677+0000] {docker.py:436} INFO - 25/07/22 16:00:09 INFO DAGScheduler: Parents of final stage: List()
[2025-07-22T16:00:09.678+0000] {docker.py:436} INFO - 25/07/22 16:00:09 INFO DAGScheduler: Missing parents: List()
[2025-07-22T16:00:09.678+0000] {docker.py:436} INFO - 25/07/22 16:00:09 INFO DAGScheduler: Submitting ResultStage 1 (MapPartitionsRDD[8] at showString at NativeMethodAccessorImpl.java:0), which has no missing parents
[2025-07-22T16:00:09.682+0000] {docker.py:436} INFO - 25/07/22 16:00:09 INFO MemoryStore: Block broadcast_1 stored as values in memory (estimated size 15.4 KiB, free 434.4 MiB)
[2025-07-22T16:00:09.684+0000] {docker.py:436} INFO - 25/07/22 16:00:09 INFO MemoryStore: Block broadcast_1_piece0 stored as bytes in memory (estimated size 7.8 KiB, free 434.4 MiB)
[2025-07-22T16:00:09.685+0000] {docker.py:436} INFO - 25/07/22 16:00:09 INFO BlockManagerInfo: Added broadcast_1_piece0 in memory on 4b4385e25d57:45291 (size: 7.8 KiB, free: 434.4 MiB)
[2025-07-22T16:00:09.686+0000] {docker.py:436} INFO - 25/07/22 16:00:09 INFO SparkContext: Created broadcast 1 from broadcast at DAGScheduler.scala:1585
[2025-07-22T16:00:09.687+0000] {docker.py:436} INFO - 25/07/22 16:00:09 INFO DAGScheduler: Submitting 1 missing tasks from ResultStage 1 (MapPartitionsRDD[8] at showString at NativeMethodAccessorImpl.java:0) (first 15 tasks are for partitions Vector(0))
[2025-07-22T16:00:09.688+0000] {docker.py:436} INFO - 25/07/22 16:00:09 INFO TaskSchedulerImpl: Adding task set 1.0 with 1 tasks resource profile 0
[2025-07-22T16:00:09.690+0000] {docker.py:436} INFO - 25/07/22 16:00:09 INFO TaskSetManager: Starting task 0.0 in stage 1.0 (TID 1) (4b4385e25d57, executor driver, partition 0, PROCESS_LOCAL, 123578 bytes)
[2025-07-22T16:00:09.691+0000] {docker.py:436} INFO - 25/07/22 16:00:09 INFO Executor: Running task 0.0 in stage 1.0 (TID 1)
[2025-07-22T16:00:09.723+0000] {docker.py:436} INFO - 25/07/22 16:00:09 INFO CodeGenerator: Code generated in 15.458328 ms
[2025-07-22T16:00:09.814+0000] {docker.py:436} INFO - 25/07/22 16:00:09 INFO Executor: Finished task 0.0 in stage 1.0 (TID 1). 2131 bytes result sent to driver
[2025-07-22T16:00:09.817+0000] {docker.py:436} INFO - 25/07/22 16:00:09 INFO TaskSetManager: Finished task 0.0 in stage 1.0 (TID 1) in 128 ms on 4b4385e25d57 (executor driver) (1/1)
[2025-07-22T16:00:09.818+0000] {docker.py:436} INFO - 25/07/22 16:00:09 INFO TaskSchedulerImpl: Removed TaskSet 1.0, whose tasks have all completed, from pool
[2025-07-22T16:00:09.819+0000] {docker.py:436} INFO - 25/07/22 16:00:09 INFO DAGScheduler: ResultStage 1 (showString at NativeMethodAccessorImpl.java:0) finished in 0.139 s
[2025-07-22T16:00:09.819+0000] {docker.py:436} INFO - 25/07/22 16:00:09 INFO DAGScheduler: Job 1 is finished. Cancelling potential speculative or zombie tasks for this job
25/07/22 16:00:09 INFO TaskSchedulerImpl: Killing all running tasks in stage 1: Stage finished
[2025-07-22T16:00:09.820+0000] {docker.py:436} INFO - 25/07/22 16:00:09 INFO DAGScheduler: Job 1 finished: showString at NativeMethodAccessorImpl.java:0, took 0.144138 s
[2025-07-22T16:00:09.835+0000] {docker.py:436} INFO - 25/07/22 16:00:09 INFO CodeGenerator: Code generated in 10.490086 ms
[2025-07-22T16:00:09.838+0000] {docker.py:436} INFO - +--------+--------------+---------+--------+----------------------+
|callsign|origin_country|longitude|latitude|time_position_readable|
+--------+--------------+---------+--------+----------------------+
|TVF8965 |France        |9.3823   |39.5712 |2025-07-22 15:59:53   |
|CGVJE   |Canada        |-74.3441 |45.631  |2025-07-22 15:59:53   |
|RTY484  |United States |-104.5447|40.4766 |2025-07-22 15:59:52   |
|AXB2456 |India         |76.4077  |11.5408 |2025-07-22 15:59:53   |
|N492K   |United States |-155.8073|58.6023 |2025-07-22 15:59:22   |
+--------+--------------+---------+--------+----------------------+
only showing top 5 rows
[2025-07-22T16:00:09.839+0000] {docker.py:436} INFO - 25/07/22 16:00:09 INFO SparkContext: SparkContext is stopping with exitCode 0.
[2025-07-22T16:00:09.850+0000] {docker.py:436} INFO - 25/07/22 16:00:09 INFO SparkUI: Stopped Spark web UI at http://4b4385e25d57:4040
[2025-07-22T16:00:09.860+0000] {docker.py:436} INFO - 25/07/22 16:00:09 INFO MapOutputTrackerMasterEndpoint: MapOutputTrackerMasterEndpoint stopped!
[2025-07-22T16:00:09.873+0000] {docker.py:436} INFO - 25/07/22 16:00:09 INFO MemoryStore: MemoryStore cleared
[2025-07-22T16:00:09.874+0000] {docker.py:436} INFO - 25/07/22 16:00:09 INFO BlockManager: BlockManager stopped
[2025-07-22T16:00:09.876+0000] {docker.py:436} INFO - 25/07/22 16:00:09 INFO BlockManagerMaster: BlockManagerMaster stopped
[2025-07-22T16:00:09.879+0000] {docker.py:436} INFO - 25/07/22 16:00:09 INFO OutputCommitCoordinator$OutputCommitCoordinatorEndpoint: OutputCommitCoordinator stopped!
[2025-07-22T16:00:09.887+0000] {docker.py:436} INFO - 25/07/22 16:00:09 INFO SparkContext: Successfully stopped SparkContext
[2025-07-22T16:00:10.865+0000] {docker.py:436} INFO - 25/07/22 16:00:10 INFO ShutdownHookManager: Shutdown hook called
[2025-07-22T16:00:10.866+0000] {docker.py:436} INFO - 25/07/22 16:00:10 INFO ShutdownHookManager: Deleting directory /tmp/spark-39c48709-56f2-48c6-8a1c-3604e43c1799
[2025-07-22T16:00:10.869+0000] {docker.py:436} INFO - 25/07/22 16:00:10 INFO ShutdownHookManager: Deleting directory /tmp/spark-75a8dcfd-863b-470b-ab56-a68566ca35b9
[2025-07-22T16:00:10.872+0000] {docker.py:436} INFO - 25/07/22 16:00:10 INFO ShutdownHookManager: Deleting directory /tmp/spark-75a8dcfd-863b-470b-ab56-a68566ca35b9/pyspark-5c4e72f6-05cd-44c7-8aea-0a740fffcdd2
[2025-07-22T16:00:11.315+0000] {taskinstance.py:441} INFO - ::group::Post task execution logs
[2025-07-22T16:00:11.335+0000] {taskinstance.py:1206} INFO - Marking task as SUCCESS. dag_id=flight_data_pipeline, task_id=run_spark_job_container, run_id=scheduled__2025-07-22T15:45:00+00:00, execution_date=20250722T154500, start_date=20250722T160001, end_date=20250722T160011
[2025-07-22T16:00:11.375+0000] {local_task_job_runner.py:240} INFO - Task exited with return code 0
[2025-07-22T16:00:11.387+0000] {taskinstance.py:3503} INFO - 0 downstream tasks scheduled from follow-on schedule check
[2025-07-22T16:00:11.389+0000] {local_task_job_runner.py:222} INFO - ::endgroup::
