[2025-07-22T19:15:02.080+0000] {local_task_job_runner.py:120} INFO - ::group::Pre task execution logs
[2025-07-22T19:15:02.101+0000] {taskinstance.py:2076} INFO - Dependencies all met for dep_context=non-requeueable deps ti=<TaskInstance: flight_data_pipeline.run_spark_job_container scheduled__2025-07-22T19:00:00+00:00 [queued]>
[2025-07-22T19:15:02.110+0000] {taskinstance.py:2076} INFO - Dependencies all met for dep_context=requeueable deps ti=<TaskInstance: flight_data_pipeline.run_spark_job_container scheduled__2025-07-22T19:00:00+00:00 [queued]>
[2025-07-22T19:15:02.110+0000] {taskinstance.py:2306} INFO - Starting attempt 1 of 1
[2025-07-22T19:15:02.125+0000] {taskinstance.py:2330} INFO - Executing <Task(DockerOperator): run_spark_job_container> on 2025-07-22 19:00:00+00:00
[2025-07-22T19:15:02.133+0000] {warnings.py:112} WARNING - /home/***/.local/lib/python3.12/site-packages/***/task/task_runner/standard_task_runner.py:61: DeprecationWarning: This process (pid=2286) is multi-threaded, use of fork() may lead to deadlocks in the child.
  pid = os.fork()

[2025-07-22T19:15:02.135+0000] {standard_task_runner.py:63} INFO - Started process 2288 to run task
[2025-07-22T19:15:02.135+0000] {standard_task_runner.py:90} INFO - Running: ['***', 'tasks', 'run', 'flight_data_pipeline', 'run_spark_job_container', 'scheduled__2025-07-22T19:00:00+00:00', '--job-id', '47', '--raw', '--subdir', 'DAGS_FOLDER/flight_pipeline_dag.py', '--cfg-path', '/tmp/tmpb_e2m30y']
[2025-07-22T19:15:02.138+0000] {standard_task_runner.py:91} INFO - Job 47: Subtask run_spark_job_container
[2025-07-22T19:15:02.190+0000] {task_command.py:426} INFO - Running <TaskInstance: flight_data_pipeline.run_spark_job_container scheduled__2025-07-22T19:00:00+00:00 [running]> on host d77a53274a34
[2025-07-22T19:15:02.276+0000] {taskinstance.py:2648} INFO - Exporting env vars: AIRFLOW_CTX_DAG_OWNER='***' AIRFLOW_CTX_DAG_ID='flight_data_pipeline' AIRFLOW_CTX_TASK_ID='run_spark_job_container' AIRFLOW_CTX_EXECUTION_DATE='2025-07-22T19:00:00+00:00' AIRFLOW_CTX_TRY_NUMBER='1' AIRFLOW_CTX_DAG_RUN_ID='scheduled__2025-07-22T19:00:00+00:00'
[2025-07-22T19:15:02.278+0000] {taskinstance.py:430} INFO - ::endgroup::
[2025-07-22T19:15:02.299+0000] {docker.py:366} INFO - Starting docker container from image realtime-flight-pipeline/spark-job:0.6
[2025-07-22T19:15:02.302+0000] {docker.py:374} WARNING - Using remote engine or docker-in-docker and mounting temporary volume from host is not supported. Falling back to `mount_tmp_dir=False` mode. You can set `mount_tmp_dir` parameter to False to disable mounting and remove the warning
[2025-07-22T19:15:02.565+0000] {docker.py:436} INFO - [38;5;6mspark [38;5;5m19:15:02.56 [0m[38;5;2mINFO [0m ==>
[2025-07-22T19:15:02.566+0000] {docker.py:436} INFO - [38;5;6mspark [38;5;5m19:15:02.56 [0m[38;5;2mINFO [0m ==> [1mWelcome to the Bitnami spark container[0m
[2025-07-22T19:15:02.567+0000] {docker.py:436} INFO - [38;5;6mspark [38;5;5m19:15:02.56 [0m[38;5;2mINFO [0m ==> Subscribe to project updates by watching [1mhttps://github.com/bitnami/containers[0m
[2025-07-22T19:15:02.569+0000] {docker.py:436} INFO - [38;5;6mspark [38;5;5m19:15:02.56 [0m[38;5;2mINFO [0m ==> Submit issues and feature requests at [1mhttps://github.com/bitnami/containers/issues[0m
[2025-07-22T19:15:02.570+0000] {docker.py:436} INFO - [38;5;6mspark [38;5;5m19:15:02.57 [0m[38;5;2mINFO [0m ==> Upgrade to Tanzu Application Catalog for production environments to access custom-configured and pre-packaged software components. Gain enhanced features, including Software Bill of Materials (SBOM), CVE scan result reports, and VEX documents. To learn more, visit [1mhttps://bitnami.com/enterprise[0m
[2025-07-22T19:15:02.571+0000] {docker.py:436} INFO - [38;5;6mspark [38;5;5m19:15:02.57 [0m[38;5;2mINFO [0m ==>
[2025-07-22T19:15:02.574+0000] {docker.py:436} INFO - 
[2025-07-22T19:15:04.861+0000] {docker.py:436} INFO - 25/07/22 19:15:04 INFO SparkContext: Running Spark version 3.5.1
[2025-07-22T19:15:04.863+0000] {docker.py:436} INFO - 25/07/22 19:15:04 INFO SparkContext: OS info Linux, 5.15.167.4-microsoft-standard-WSL2, amd64
[2025-07-22T19:15:04.863+0000] {docker.py:436} INFO - 25/07/22 19:15:04 INFO SparkContext: Java version 17.0.12
[2025-07-22T19:15:04.884+0000] {docker.py:436} INFO - 25/07/22 19:15:04 INFO ResourceUtils: ==============================================================
[2025-07-22T19:15:04.885+0000] {docker.py:436} INFO - 25/07/22 19:15:04 INFO ResourceUtils: No custom resources configured for spark.driver.
[2025-07-22T19:15:04.885+0000] {docker.py:436} INFO - 25/07/22 19:15:04 INFO ResourceUtils: ==============================================================
[2025-07-22T19:15:04.886+0000] {docker.py:436} INFO - 25/07/22 19:15:04 INFO SparkContext: Submitted application: FlightDataProcessing
[2025-07-22T19:15:04.900+0000] {docker.py:436} INFO - 25/07/22 19:15:04 INFO ResourceProfile: Default ResourceProfile created, executor resources: Map(cores -> name: cores, amount: 1, script: , vendor: , memory -> name: memory, amount: 1024, script: , vendor: , offHeap -> name: offHeap, amount: 0, script: , vendor: ), task resources: Map(cpus -> name: cpus, amount: 1.0)
[2025-07-22T19:15:04.905+0000] {docker.py:436} INFO - 25/07/22 19:15:04 INFO ResourceProfile: Limiting resource is cpu
[2025-07-22T19:15:04.906+0000] {docker.py:436} INFO - 25/07/22 19:15:04 INFO ResourceProfileManager: Added ResourceProfile id: 0
[2025-07-22T19:15:04.939+0000] {docker.py:436} INFO - 25/07/22 19:15:04 INFO SecurityManager: Changing view acls to: root,spark
[2025-07-22T19:15:04.939+0000] {docker.py:436} INFO - 25/07/22 19:15:04 INFO SecurityManager: Changing modify acls to: root,spark
[2025-07-22T19:15:04.940+0000] {docker.py:436} INFO - 25/07/22 19:15:04 INFO SecurityManager: Changing view acls groups to:
[2025-07-22T19:15:04.940+0000] {docker.py:436} INFO - 25/07/22 19:15:04 INFO SecurityManager: Changing modify acls groups to:
[2025-07-22T19:15:04.940+0000] {docker.py:436} INFO - 25/07/22 19:15:04 INFO SecurityManager: SecurityManager: authentication disabled; ui acls disabled; users with view permissions: root, spark; groups with view permissions: EMPTY; users with modify permissions: root, spark; groups with modify permissions: EMPTY
[2025-07-22T19:15:04.978+0000] {docker.py:436} INFO - 25/07/22 19:15:04 WARN NativeCodeLoader: Unable to load native-hadoop library for your platform... using builtin-java classes where applicable
[2025-07-22T19:15:05.188+0000] {docker.py:436} INFO - 25/07/22 19:15:05 INFO Utils: Successfully started service 'sparkDriver' on port 38979.
[2025-07-22T19:15:05.213+0000] {docker.py:436} INFO - 25/07/22 19:15:05 INFO SparkEnv: Registering MapOutputTracker
[2025-07-22T19:15:05.244+0000] {docker.py:436} INFO - 25/07/22 19:15:05 INFO SparkEnv: Registering BlockManagerMaster
[2025-07-22T19:15:05.257+0000] {docker.py:436} INFO - 25/07/22 19:15:05 INFO BlockManagerMasterEndpoint: Using org.apache.spark.storage.DefaultTopologyMapper for getting topology information
[2025-07-22T19:15:05.258+0000] {docker.py:436} INFO - 25/07/22 19:15:05 INFO BlockManagerMasterEndpoint: BlockManagerMasterEndpoint up
[2025-07-22T19:15:05.262+0000] {docker.py:436} INFO - 25/07/22 19:15:05 INFO SparkEnv: Registering BlockManagerMasterHeartbeat
[2025-07-22T19:15:05.278+0000] {docker.py:436} INFO - 25/07/22 19:15:05 INFO DiskBlockManager: Created local directory at /tmp/blockmgr-98a12d4e-4205-463e-917b-1a05e6b323bd
[2025-07-22T19:15:05.291+0000] {docker.py:436} INFO - 25/07/22 19:15:05 INFO MemoryStore: MemoryStore started with capacity 434.4 MiB
[2025-07-22T19:15:05.306+0000] {docker.py:436} INFO - 25/07/22 19:15:05 INFO SparkEnv: Registering OutputCommitCoordinator
[2025-07-22T19:15:05.414+0000] {docker.py:436} INFO - 25/07/22 19:15:05 INFO JettyUtils: Start Jetty 0.0.0.0:4040 for SparkUI
[2025-07-22T19:15:05.471+0000] {docker.py:436} INFO - 25/07/22 19:15:05 INFO Utils: Successfully started service 'SparkUI' on port 4040.
[2025-07-22T19:15:05.583+0000] {docker.py:436} INFO - 25/07/22 19:15:05 INFO Executor: Starting executor ID driver on host 8124005df6ae
[2025-07-22T19:15:05.584+0000] {docker.py:436} INFO - 25/07/22 19:15:05 INFO Executor: OS info Linux, 5.15.167.4-microsoft-standard-WSL2, amd64
[2025-07-22T19:15:05.585+0000] {docker.py:436} INFO - 25/07/22 19:15:05 INFO Executor: Java version 17.0.12
[2025-07-22T19:15:05.594+0000] {docker.py:436} INFO - 25/07/22 19:15:05 INFO Executor: Starting executor with user classpath (userClassPathFirst = false): ''
[2025-07-22T19:15:05.595+0000] {docker.py:436} INFO - 25/07/22 19:15:05 INFO Executor: Created or updated repl class loader org.apache.spark.util.MutableURLClassLoader@25e00935 for default.
[2025-07-22T19:15:05.615+0000] {docker.py:436} INFO - 25/07/22 19:15:05 INFO Utils: Successfully started service 'org.apache.spark.network.netty.NettyBlockTransferService' on port 35563.
[2025-07-22T19:15:05.615+0000] {docker.py:436} INFO - 25/07/22 19:15:05 INFO NettyBlockTransferService: Server created on 8124005df6ae:35563
[2025-07-22T19:15:05.617+0000] {docker.py:436} INFO - 25/07/22 19:15:05 INFO BlockManager: Using org.apache.spark.storage.RandomBlockReplicationPolicy for block replication policy
[2025-07-22T19:15:05.622+0000] {docker.py:436} INFO - 25/07/22 19:15:05 INFO BlockManagerMaster: Registering BlockManager BlockManagerId(driver, 8124005df6ae, 35563, None)
[2025-07-22T19:15:05.625+0000] {docker.py:436} INFO - 25/07/22 19:15:05 INFO BlockManagerMasterEndpoint: Registering block manager 8124005df6ae:35563 with 434.4 MiB RAM, BlockManagerId(driver, 8124005df6ae, 35563, None)
[2025-07-22T19:15:05.627+0000] {docker.py:436} INFO - 25/07/22 19:15:05 INFO BlockManagerMaster: Registered BlockManager BlockManagerId(driver, 8124005df6ae, 35563, None)
[2025-07-22T19:15:05.628+0000] {docker.py:436} INFO - 25/07/22 19:15:05 INFO BlockManager: Initialized BlockManager: BlockManagerId(driver, 8124005df6ae, 35563, None)
[2025-07-22T19:15:05.891+0000] {docker.py:436} INFO - Sessão Spark criada com sucesso!
[2025-07-22T19:15:07.877+0000] {docker.py:436} INFO - 25/07/22 19:15:07 INFO SharedState: Setting hive.metastore.warehouse.dir ('null') to the value of spark.sql.warehouse.dir.
[2025-07-22T19:15:07.882+0000] {docker.py:436} INFO - 25/07/22 19:15:07 INFO SharedState: Warehouse path is 'file:/app/spark-warehouse'.
[2025-07-22T19:15:09.004+0000] {docker.py:436} INFO - Iniciando escrita dos dados no PostgreSQL...
[2025-07-22T19:15:09.682+0000] {docker.py:436} INFO - 25/07/22 19:15:09 WARN SparkStringUtils: Truncated the string representation of a plan since it was too large. This behavior can be adjusted by setting 'spark.sql.debug.maxToStringFields'.
[2025-07-22T19:15:09.971+0000] {docker.py:436} INFO - 25/07/22 19:15:09 INFO CodeGenerator: Code generated in 187.227137 ms
[2025-07-22T19:15:10.109+0000] {docker.py:436} INFO - 25/07/22 19:15:10 INFO SparkContext: Starting job: jdbc at NativeMethodAccessorImpl.java:0
[2025-07-22T19:15:10.123+0000] {docker.py:436} INFO - 25/07/22 19:15:10 INFO DAGScheduler: Got job 0 (jdbc at NativeMethodAccessorImpl.java:0) with 12 output partitions
[2025-07-22T19:15:10.124+0000] {docker.py:436} INFO - 25/07/22 19:15:10 INFO DAGScheduler: Final stage: ResultStage 0 (jdbc at NativeMethodAccessorImpl.java:0)
[2025-07-22T19:15:10.125+0000] {docker.py:436} INFO - 25/07/22 19:15:10 INFO DAGScheduler: Parents of final stage: List()
[2025-07-22T19:15:10.126+0000] {docker.py:436} INFO - 25/07/22 19:15:10 INFO DAGScheduler: Missing parents: List()
[2025-07-22T19:15:10.130+0000] {docker.py:436} INFO - 25/07/22 19:15:10 INFO DAGScheduler: Submitting ResultStage 0 (MapPartitionsRDD[8] at jdbc at NativeMethodAccessorImpl.java:0), which has no missing parents
[2025-07-22T19:15:10.277+0000] {docker.py:436} INFO - 25/07/22 19:15:10 INFO MemoryStore: Block broadcast_0 stored as values in memory (estimated size 39.3 KiB, free 434.4 MiB)
[2025-07-22T19:15:10.307+0000] {docker.py:436} INFO - 25/07/22 19:15:10 INFO MemoryStore: Block broadcast_0_piece0 stored as bytes in memory (estimated size 17.9 KiB, free 434.3 MiB)
[2025-07-22T19:15:10.311+0000] {docker.py:436} INFO - 25/07/22 19:15:10 INFO BlockManagerInfo: Added broadcast_0_piece0 in memory on 8124005df6ae:35563 (size: 17.9 KiB, free: 434.4 MiB)
[2025-07-22T19:15:10.315+0000] {docker.py:436} INFO - 25/07/22 19:15:10 INFO SparkContext: Created broadcast 0 from broadcast at DAGScheduler.scala:1585
[2025-07-22T19:15:10.328+0000] {docker.py:436} INFO - 25/07/22 19:15:10 INFO DAGScheduler: Submitting 12 missing tasks from ResultStage 0 (MapPartitionsRDD[8] at jdbc at NativeMethodAccessorImpl.java:0) (first 15 tasks are for partitions Vector(0, 1, 2, 3, 4, 5, 6, 7, 8, 9, 10, 11))
[2025-07-22T19:15:10.329+0000] {docker.py:436} INFO - 25/07/22 19:15:10 INFO TaskSchedulerImpl: Adding task set 0.0 with 12 tasks resource profile 0
[2025-07-22T19:15:10.371+0000] {docker.py:436} INFO - 25/07/22 19:15:10 INFO TaskSetManager: Starting task 0.0 in stage 0.0 (TID 0) (8124005df6ae, executor driver, partition 0, PROCESS_LOCAL, 101345 bytes)
[2025-07-22T19:15:10.374+0000] {docker.py:436} INFO - 25/07/22 19:15:10 INFO TaskSetManager: Starting task 1.0 in stage 0.0 (TID 1) (8124005df6ae, executor driver, partition 1, PROCESS_LOCAL, 101804 bytes)
[2025-07-22T19:15:10.375+0000] {docker.py:436} INFO - 25/07/22 19:15:10 INFO TaskSetManager: Starting task 2.0 in stage 0.0 (TID 2) (8124005df6ae, executor driver, partition 2, PROCESS_LOCAL, 102162 bytes)
[2025-07-22T19:15:10.376+0000] {docker.py:436} INFO - 25/07/22 19:15:10 INFO TaskSetManager: Starting task 3.0 in stage 0.0 (TID 3) (8124005df6ae, executor driver, partition 3, PROCESS_LOCAL, 101858 bytes)
[2025-07-22T19:15:10.377+0000] {docker.py:436} INFO - 25/07/22 19:15:10 INFO TaskSetManager: Starting task 4.0 in stage 0.0 (TID 4) (8124005df6ae, executor driver, partition 4, PROCESS_LOCAL, 101343 bytes)
[2025-07-22T19:15:10.378+0000] {docker.py:436} INFO - 25/07/22 19:15:10 INFO TaskSetManager: Starting task 5.0 in stage 0.0 (TID 5) (8124005df6ae, executor driver, partition 5, PROCESS_LOCAL, 101552 bytes)
[2025-07-22T19:15:10.379+0000] {docker.py:436} INFO - 25/07/22 19:15:10 INFO TaskSetManager: Starting task 6.0 in stage 0.0 (TID 6) (8124005df6ae, executor driver, partition 6, PROCESS_LOCAL, 102050 bytes)
[2025-07-22T19:15:10.380+0000] {docker.py:436} INFO - 25/07/22 19:15:10 INFO TaskSetManager: Starting task 7.0 in stage 0.0 (TID 7) (8124005df6ae, executor driver, partition 7, PROCESS_LOCAL, 101972 bytes)
[2025-07-22T19:15:10.380+0000] {docker.py:436} INFO - 25/07/22 19:15:10 INFO TaskSetManager: Starting task 8.0 in stage 0.0 (TID 8) (8124005df6ae, executor driver, partition 8, PROCESS_LOCAL, 101756 bytes)
[2025-07-22T19:15:10.381+0000] {docker.py:436} INFO - 25/07/22 19:15:10 INFO TaskSetManager: Starting task 9.0 in stage 0.0 (TID 9) (8124005df6ae, executor driver, partition 9, PROCESS_LOCAL, 102049 bytes)
[2025-07-22T19:15:10.383+0000] {docker.py:436} INFO - 25/07/22 19:15:10 INFO TaskSetManager: Starting task 10.0 in stage 0.0 (TID 10) (8124005df6ae, executor driver, partition 10, PROCESS_LOCAL, 101832 bytes)
[2025-07-22T19:15:10.384+0000] {docker.py:436} INFO - 25/07/22 19:15:10 INFO TaskSetManager: Starting task 11.0 in stage 0.0 (TID 11) (8124005df6ae, executor driver, partition 11, PROCESS_LOCAL, 103035 bytes)
[2025-07-22T19:15:10.395+0000] {docker.py:436} INFO - 25/07/22 19:15:10 INFO Executor: Running task 10.0 in stage 0.0 (TID 10)
25/07/22 19:15:10 INFO Executor: Running task 1.0 in stage 0.0 (TID 1)
25/07/22 19:15:10 INFO Executor: Running task 8.0 in stage 0.0 (TID 8)
[2025-07-22T19:15:10.396+0000] {docker.py:436} INFO - 25/07/22 19:15:10 INFO Executor: Running task 5.0 in stage 0.0 (TID 5)
25/07/22 19:15:10 INFO Executor: Running task 6.0 in stage 0.0 (TID 6)
25/07/22 19:15:10 INFO Executor: Running task 3.0 in stage 0.0 (TID 3)
25/07/22 19:15:10 INFO Executor: Running task 11.0 in stage 0.0 (TID 11)
[2025-07-22T19:15:10.396+0000] {docker.py:436} INFO - 25/07/22 19:15:10 INFO Executor: Running task 2.0 in stage 0.0 (TID 2)
[2025-07-22T19:15:10.397+0000] {docker.py:436} INFO - 25/07/22 19:15:10 INFO Executor: Running task 9.0 in stage 0.0 (TID 9)
25/07/22 19:15:10 INFO Executor: Running task 4.0 in stage 0.0 (TID 4)
[2025-07-22T19:15:10.397+0000] {docker.py:436} INFO - 25/07/22 19:15:10 INFO Executor: Running task 7.0 in stage 0.0 (TID 7)
25/07/22 19:15:10 INFO Executor: Running task 0.0 in stage 0.0 (TID 0)
[2025-07-22T19:15:11.179+0000] {docker.py:436} INFO - 25/07/22 19:15:11 INFO CodeGenerator: Code generated in 41.446055 ms
[2025-07-22T19:15:12.259+0000] {docker.py:436} INFO - 25/07/22 19:15:12 INFO CodeGenerator: Code generated in 30.05002 ms
[2025-07-22T19:15:12.450+0000] {docker.py:436} INFO - 25/07/22 19:15:12 INFO PythonRunner: Times: total = 924, boot = 599, init = 322, finish = 3
[2025-07-22T19:15:12.452+0000] {docker.py:436} INFO - 25/07/22 19:15:12 INFO PythonRunner: Times: total = 864, boot = 617, init = 238, finish = 9
[2025-07-22T19:15:12.455+0000] {docker.py:436} INFO - 25/07/22 19:15:12 INFO PythonRunner: Times: total = 757, boot = 560, init = 194, finish = 3
[2025-07-22T19:15:12.458+0000] {docker.py:436} INFO - 25/07/22 19:15:12 INFO PythonRunner: Times: total = 1042, boot = 662, init = 378, finish = 2
[2025-07-22T19:15:12.460+0000] {docker.py:436} INFO - 25/07/22 19:15:12 INFO PythonRunner: Times: total = 773, boot = 556, init = 214, finish = 3
[2025-07-22T19:15:12.464+0000] {docker.py:436} INFO - 25/07/22 19:15:12 INFO PythonRunner: Times: total = 861, boot = 602, init = 252, finish = 7
[2025-07-22T19:15:12.465+0000] {docker.py:436} INFO - 25/07/22 19:15:12 INFO PythonRunner: Times: total = 787, boot = 564, init = 221, finish = 2
25/07/22 19:15:12 INFO PythonRunner: Times: total = 998, boot = 637, init = 358, finish = 3
[2025-07-22T19:15:12.483+0000] {docker.py:436} INFO - 25/07/22 19:15:12 INFO PythonRunner: Times: total = 844, boot = 577, init = 264, finish = 3
[2025-07-22T19:15:12.487+0000] {docker.py:436} INFO - 25/07/22 19:15:12 INFO PythonRunner: Times: total = 949, boot = 573, init = 372, finish = 4
[2025-07-22T19:15:12.490+0000] {docker.py:436} INFO - 25/07/22 19:15:12 INFO PythonRunner: Times: total = 1032, boot = 667, init = 363, finish = 2
[2025-07-22T19:15:12.506+0000] {docker.py:436} INFO - 25/07/22 19:15:12 INFO PythonRunner: Times: total = 824, boot = 568, init = 253, finish = 3
[2025-07-22T19:15:12.577+0000] {docker.py:436} INFO - 25/07/22 19:15:12 INFO Executor: Finished task 11.0 in stage 0.0 (TID 11). 1806 bytes result sent to driver
25/07/22 19:15:12 INFO Executor: Finished task 7.0 in stage 0.0 (TID 7). 1806 bytes result sent to driver
[2025-07-22T19:15:12.579+0000] {docker.py:436} INFO - 25/07/22 19:15:12 INFO Executor: Finished task 8.0 in stage 0.0 (TID 8). 1806 bytes result sent to driver
25/07/22 19:15:12 INFO Executor: Finished task 5.0 in stage 0.0 (TID 5). 1806 bytes result sent to driver
25/07/22 19:15:12 INFO Executor: Finished task 2.0 in stage 0.0 (TID 2). 1806 bytes result sent to driver
25/07/22 19:15:12 INFO Executor: Finished task 0.0 in stage 0.0 (TID 0). 1806 bytes result sent to driver
25/07/22 19:15:12 INFO Executor: Finished task 6.0 in stage 0.0 (TID 6). 1806 bytes result sent to driver
25/07/22 19:15:12 INFO Executor: Finished task 9.0 in stage 0.0 (TID 9). 1806 bytes result sent to driver
[2025-07-22T19:15:12.580+0000] {docker.py:436} INFO - 25/07/22 19:15:12 INFO Executor: Finished task 10.0 in stage 0.0 (TID 10). 1806 bytes result sent to driver
[2025-07-22T19:15:12.581+0000] {docker.py:436} INFO - 25/07/22 19:15:12 INFO Executor: Finished task 1.0 in stage 0.0 (TID 1). 1806 bytes result sent to driver
25/07/22 19:15:12 INFO Executor: Finished task 4.0 in stage 0.0 (TID 4). 1806 bytes result sent to driver
[2025-07-22T19:15:12.583+0000] {docker.py:436} INFO - 25/07/22 19:15:12 INFO Executor: Finished task 3.0 in stage 0.0 (TID 3). 1806 bytes result sent to driver
[2025-07-22T19:15:12.589+0000] {docker.py:436} INFO - 25/07/22 19:15:12 INFO TaskSetManager: Finished task 4.0 in stage 0.0 (TID 4) in 2211 ms on 8124005df6ae (executor driver) (1/12)
[2025-07-22T19:15:12.591+0000] {docker.py:436} INFO - 25/07/22 19:15:12 INFO TaskSetManager: Finished task 6.0 in stage 0.0 (TID 6) in 2211 ms on 8124005df6ae (executor driver) (2/12)
[2025-07-22T19:15:12.592+0000] {docker.py:436} INFO - 25/07/22 19:15:12 INFO TaskSetManager: Finished task 1.0 in stage 0.0 (TID 1) in 2217 ms on 8124005df6ae (executor driver) (3/12)
[2025-07-22T19:15:12.593+0000] {docker.py:436} INFO - 25/07/22 19:15:12 INFO TaskSetManager: Finished task 10.0 in stage 0.0 (TID 10) in 2209 ms on 8124005df6ae (executor driver) (4/12)
[2025-07-22T19:15:12.594+0000] {docker.py:436} INFO - 25/07/22 19:15:12 INFO TaskSetManager: Finished task 5.0 in stage 0.0 (TID 5) in 2215 ms on 8124005df6ae (executor driver) (5/12)
[2025-07-22T19:15:12.595+0000] {docker.py:436} INFO - 25/07/22 19:15:12 INFO TaskSetManager: Finished task 2.0 in stage 0.0 (TID 2) in 2218 ms on 8124005df6ae (executor driver) (6/12)
[2025-07-22T19:15:12.596+0000] {docker.py:436} INFO - 25/07/22 19:15:12 INFO TaskSetManager: Finished task 0.0 in stage 0.0 (TID 0) in 2237 ms on 8124005df6ae (executor driver) (7/12)
25/07/22 19:15:12 INFO PythonAccumulatorV2: Connected to AccumulatorServer at host: 127.0.0.1 port: 46763
[2025-07-22T19:15:12.597+0000] {docker.py:436} INFO - 25/07/22 19:15:12 INFO TaskSetManager: Finished task 9.0 in stage 0.0 (TID 9) in 2214 ms on 8124005df6ae (executor driver) (8/12)
[2025-07-22T19:15:12.598+0000] {docker.py:436} INFO - 25/07/22 19:15:12 INFO TaskSetManager: Finished task 8.0 in stage 0.0 (TID 8) in 2215 ms on 8124005df6ae (executor driver) (9/12)
[2025-07-22T19:15:12.598+0000] {docker.py:436} INFO - 25/07/22 19:15:12 INFO TaskSetManager: Finished task 11.0 in stage 0.0 (TID 11) in 2212 ms on 8124005df6ae (executor driver) (10/12)
[2025-07-22T19:15:12.599+0000] {docker.py:436} INFO - 25/07/22 19:15:12 INFO TaskSetManager: Finished task 7.0 in stage 0.0 (TID 7) in 2218 ms on 8124005df6ae (executor driver) (11/12)
[2025-07-22T19:15:12.599+0000] {docker.py:436} INFO - 25/07/22 19:15:12 INFO TaskSetManager: Finished task 3.0 in stage 0.0 (TID 3) in 2222 ms on 8124005df6ae (executor driver) (12/12)
[2025-07-22T19:15:12.600+0000] {docker.py:436} INFO - 25/07/22 19:15:12 INFO TaskSchedulerImpl: Removed TaskSet 0.0, whose tasks have all completed, from pool
[2025-07-22T19:15:12.610+0000] {docker.py:436} INFO - 25/07/22 19:15:12 INFO DAGScheduler: ResultStage 0 (jdbc at NativeMethodAccessorImpl.java:0) finished in 2.468 s
[2025-07-22T19:15:12.613+0000] {docker.py:436} INFO - 25/07/22 19:15:12 INFO DAGScheduler: Job 0 is finished. Cancelling potential speculative or zombie tasks for this job
[2025-07-22T19:15:12.614+0000] {docker.py:436} INFO - 25/07/22 19:15:12 INFO TaskSchedulerImpl: Killing all running tasks in stage 0: Stage finished
[2025-07-22T19:15:12.616+0000] {docker.py:436} INFO - 25/07/22 19:15:12 INFO DAGScheduler: Job 0 finished: jdbc at NativeMethodAccessorImpl.java:0, took 2.506689 s
[2025-07-22T19:15:12.848+0000] {docker.py:436} INFO - 25/07/22 19:15:12 INFO CodeGenerator: Code generated in 11.925685 ms
[2025-07-22T19:15:12.867+0000] {docker.py:436} INFO - 25/07/22 19:15:12 INFO DAGScheduler: Registering RDD 10 (count at NativeMethodAccessorImpl.java:0) as input to shuffle 0
[2025-07-22T19:15:12.870+0000] {docker.py:436} INFO - 25/07/22 19:15:12 INFO DAGScheduler: Got map stage job 1 (count at NativeMethodAccessorImpl.java:0) with 12 output partitions
[2025-07-22T19:15:12.870+0000] {docker.py:436} INFO - 25/07/22 19:15:12 INFO DAGScheduler: Final stage: ShuffleMapStage 1 (count at NativeMethodAccessorImpl.java:0)
[2025-07-22T19:15:12.871+0000] {docker.py:436} INFO - 25/07/22 19:15:12 INFO DAGScheduler: Parents of final stage: List()
[2025-07-22T19:15:12.872+0000] {docker.py:436} INFO - 25/07/22 19:15:12 INFO DAGScheduler: Missing parents: List()
[2025-07-22T19:15:12.873+0000] {docker.py:436} INFO - 25/07/22 19:15:12 INFO DAGScheduler: Submitting ShuffleMapStage 1 (MapPartitionsRDD[10] at count at NativeMethodAccessorImpl.java:0), which has no missing parents
[2025-07-22T19:15:12.886+0000] {docker.py:436} INFO - 25/07/22 19:15:12 INFO MemoryStore: Block broadcast_1 stored as values in memory (estimated size 17.1 KiB, free 434.3 MiB)
[2025-07-22T19:15:12.887+0000] {docker.py:436} INFO - 25/07/22 19:15:12 INFO MemoryStore: Block broadcast_1_piece0 stored as bytes in memory (estimated size 8.8 KiB, free 434.3 MiB)
[2025-07-22T19:15:12.888+0000] {docker.py:436} INFO - 25/07/22 19:15:12 INFO BlockManagerInfo: Added broadcast_1_piece0 in memory on 8124005df6ae:35563 (size: 8.8 KiB, free: 434.4 MiB)
[2025-07-22T19:15:12.888+0000] {docker.py:436} INFO - 25/07/22 19:15:12 INFO SparkContext: Created broadcast 1 from broadcast at DAGScheduler.scala:1585
[2025-07-22T19:15:12.890+0000] {docker.py:436} INFO - 25/07/22 19:15:12 INFO DAGScheduler: Submitting 12 missing tasks from ShuffleMapStage 1 (MapPartitionsRDD[10] at count at NativeMethodAccessorImpl.java:0) (first 15 tasks are for partitions Vector(0, 1, 2, 3, 4, 5, 6, 7, 8, 9, 10, 11))
[2025-07-22T19:15:12.890+0000] {docker.py:436} INFO - 25/07/22 19:15:12 INFO TaskSchedulerImpl: Adding task set 1.0 with 12 tasks resource profile 0
[2025-07-22T19:15:12.892+0000] {docker.py:436} INFO - 25/07/22 19:15:12 INFO TaskSetManager: Starting task 0.0 in stage 1.0 (TID 12) (8124005df6ae, executor driver, partition 0, PROCESS_LOCAL, 101334 bytes)
[2025-07-22T19:15:12.893+0000] {docker.py:436} INFO - 25/07/22 19:15:12 INFO TaskSetManager: Starting task 1.0 in stage 1.0 (TID 13) (8124005df6ae, executor driver, partition 1, PROCESS_LOCAL, 101793 bytes)
[2025-07-22T19:15:12.893+0000] {docker.py:436} INFO - 25/07/22 19:15:12 INFO TaskSetManager: Starting task 2.0 in stage 1.0 (TID 14) (8124005df6ae, executor driver, partition 2, PROCESS_LOCAL, 102151 bytes)
[2025-07-22T19:15:12.894+0000] {docker.py:436} INFO - 25/07/22 19:15:12 INFO TaskSetManager: Starting task 3.0 in stage 1.0 (TID 15) (8124005df6ae, executor driver, partition 3, PROCESS_LOCAL, 101847 bytes)
[2025-07-22T19:15:12.896+0000] {docker.py:436} INFO - 25/07/22 19:15:12 INFO TaskSetManager: Starting task 4.0 in stage 1.0 (TID 16) (8124005df6ae, executor driver, partition 4, PROCESS_LOCAL, 101332 bytes)
[2025-07-22T19:15:12.897+0000] {docker.py:436} INFO - 25/07/22 19:15:12 INFO TaskSetManager: Starting task 5.0 in stage 1.0 (TID 17) (8124005df6ae, executor driver, partition 5, PROCESS_LOCAL, 101541 bytes)
[2025-07-22T19:15:12.897+0000] {docker.py:436} INFO - 25/07/22 19:15:12 INFO TaskSetManager: Starting task 6.0 in stage 1.0 (TID 18) (8124005df6ae, executor driver, partition 6, PROCESS_LOCAL, 102039 bytes)
[2025-07-22T19:15:12.898+0000] {docker.py:436} INFO - 25/07/22 19:15:12 INFO TaskSetManager: Starting task 7.0 in stage 1.0 (TID 19) (8124005df6ae, executor driver, partition 7, PROCESS_LOCAL, 101961 bytes)
[2025-07-22T19:15:12.898+0000] {docker.py:436} INFO - 25/07/22 19:15:12 INFO TaskSetManager: Starting task 8.0 in stage 1.0 (TID 20) (8124005df6ae, executor driver, partition 8, PROCESS_LOCAL, 101745 bytes)
[2025-07-22T19:15:12.899+0000] {docker.py:436} INFO - 25/07/22 19:15:12 INFO TaskSetManager: Starting task 9.0 in stage 1.0 (TID 21) (8124005df6ae, executor driver, partition 9, PROCESS_LOCAL, 102038 bytes)
[2025-07-22T19:15:12.899+0000] {docker.py:436} INFO - 25/07/22 19:15:12 INFO TaskSetManager: Starting task 10.0 in stage 1.0 (TID 22) (8124005df6ae, executor driver, partition 10, PROCESS_LOCAL, 101821 bytes)
[2025-07-22T19:15:12.901+0000] {docker.py:436} INFO - 25/07/22 19:15:12 INFO TaskSetManager: Starting task 11.0 in stage 1.0 (TID 23) (8124005df6ae, executor driver, partition 11, PROCESS_LOCAL, 103024 bytes)
[2025-07-22T19:15:12.902+0000] {docker.py:436} INFO - 25/07/22 19:15:12 INFO Executor: Running task 0.0 in stage 1.0 (TID 12)
25/07/22 19:15:12 INFO Executor: Running task 1.0 in stage 1.0 (TID 13)
[2025-07-22T19:15:12.902+0000] {docker.py:436} INFO - 25/07/22 19:15:12 INFO Executor: Running task 2.0 in stage 1.0 (TID 14)
25/07/22 19:15:12 INFO Executor: Running task 3.0 in stage 1.0 (TID 15)
[2025-07-22T19:15:12.903+0000] {docker.py:436} INFO - 25/07/22 19:15:12 INFO Executor: Running task 5.0 in stage 1.0 (TID 17)
25/07/22 19:15:12 INFO Executor: Running task 4.0 in stage 1.0 (TID 16)
25/07/22 19:15:12 INFO Executor: Running task 6.0 in stage 1.0 (TID 18)
[2025-07-22T19:15:12.903+0000] {docker.py:436} INFO - 25/07/22 19:15:12 INFO Executor: Running task 8.0 in stage 1.0 (TID 20)
[2025-07-22T19:15:12.904+0000] {docker.py:436} INFO - 25/07/22 19:15:12 INFO Executor: Running task 7.0 in stage 1.0 (TID 19)
[2025-07-22T19:15:12.904+0000] {docker.py:436} INFO - 25/07/22 19:15:12 INFO Executor: Running task 9.0 in stage 1.0 (TID 21)
[2025-07-22T19:15:12.905+0000] {docker.py:436} INFO - 25/07/22 19:15:12 INFO Executor: Running task 11.0 in stage 1.0 (TID 23)
[2025-07-22T19:15:12.906+0000] {docker.py:436} INFO - 25/07/22 19:15:12 INFO Executor: Running task 10.0 in stage 1.0 (TID 22)
[2025-07-22T19:15:13.008+0000] {docker.py:436} INFO - 25/07/22 19:15:13 INFO CodeGenerator: Code generated in 21.640279 ms
[2025-07-22T19:15:13.070+0000] {docker.py:436} INFO - 25/07/22 19:15:13 INFO PythonRunner: Times: total = 138, boot = -1373, init = 1507, finish = 4
[2025-07-22T19:15:13.092+0000] {docker.py:436} INFO - 25/07/22 19:15:13 INFO PythonRunner: Times: total = 137, boot = -1443, init = 1575, finish = 5
[2025-07-22T19:15:13.100+0000] {docker.py:436} INFO - 25/07/22 19:15:13 INFO PythonRunner: Times: total = 169, boot = -1326, init = 1490, finish = 5
[2025-07-22T19:15:13.102+0000] {docker.py:436} INFO - 25/07/22 19:15:13 INFO PythonRunner: Times: total = 175, boot = -1305, init = 1473, finish = 7
[2025-07-22T19:15:13.111+0000] {docker.py:436} INFO - 25/07/22 19:15:13 INFO PythonRunner: Times: total = 137, boot = -1399, init = 1531, finish = 5
[2025-07-22T19:15:13.116+0000] {docker.py:436} INFO - 25/07/22 19:15:13 INFO PythonRunner: Times: total = 147, boot = -1298, init = 1440, finish = 5
[2025-07-22T19:15:13.121+0000] {docker.py:436} INFO - 25/07/22 19:15:13 INFO PythonRunner: Times: total = 163, boot = -1534, init = 1693, finish = 4
[2025-07-22T19:15:13.124+0000] {docker.py:436} INFO - 25/07/22 19:15:13 INFO PythonRunner: Times: total = 145, boot = -1470, init = 1610, finish = 5
[2025-07-22T19:15:13.126+0000] {docker.py:436} INFO - 25/07/22 19:15:13 INFO PythonRunner: Times: total = 171, boot = -1448, init = 1613, finish = 6
[2025-07-22T19:15:13.133+0000] {docker.py:436} INFO - 25/07/22 19:15:13 INFO PythonRunner: Times: total = 209, boot = -1571, init = 1776, finish = 4
[2025-07-22T19:15:13.148+0000] {docker.py:436} INFO - 25/07/22 19:15:13 INFO Executor: Finished task 9.0 in stage 1.0 (TID 21). 2375 bytes result sent to driver
[2025-07-22T19:15:13.152+0000] {docker.py:436} INFO - 25/07/22 19:15:13 INFO TaskSetManager: Finished task 9.0 in stage 1.0 (TID 21) in 253 ms on 8124005df6ae (executor driver) (1/12)
[2025-07-22T19:15:13.153+0000] {docker.py:436} INFO - 25/07/22 19:15:13 INFO Executor: Finished task 10.0 in stage 1.0 (TID 22). 2332 bytes result sent to driver
[2025-07-22T19:15:13.154+0000] {docker.py:436} INFO - 25/07/22 19:15:13 INFO Executor: Finished task 7.0 in stage 1.0 (TID 19). 2332 bytes result sent to driver
[2025-07-22T19:15:13.157+0000] {docker.py:436} INFO - 25/07/22 19:15:13 INFO Executor: Finished task 2.0 in stage 1.0 (TID 14). 2332 bytes result sent to driver
25/07/22 19:15:13 INFO PythonRunner: Times: total = 231, boot = -1505, init = 1731, finish = 5
[2025-07-22T19:15:13.158+0000] {docker.py:436} INFO - 25/07/22 19:15:13 INFO Executor: Finished task 3.0 in stage 1.0 (TID 15). 2332 bytes result sent to driver
[2025-07-22T19:15:13.159+0000] {docker.py:436} INFO - 25/07/22 19:15:13 INFO Executor: Finished task 8.0 in stage 1.0 (TID 20). 2332 bytes result sent to driver
[2025-07-22T19:15:13.160+0000] {docker.py:436} INFO - 25/07/22 19:15:13 INFO Executor: Finished task 4.0 in stage 1.0 (TID 16). 2332 bytes result sent to driver
[2025-07-22T19:15:13.160+0000] {docker.py:436} INFO - 25/07/22 19:15:13 INFO TaskSetManager: Finished task 7.0 in stage 1.0 (TID 19) in 262 ms on 8124005df6ae (executor driver) (2/12)
[2025-07-22T19:15:13.161+0000] {docker.py:436} INFO - 25/07/22 19:15:13 INFO TaskSetManager: Finished task 10.0 in stage 1.0 (TID 22) in 262 ms on 8124005df6ae (executor driver) (3/12)
[2025-07-22T19:15:13.161+0000] {docker.py:436} INFO - 25/07/22 19:15:13 INFO TaskSetManager: Finished task 2.0 in stage 1.0 (TID 14) in 268 ms on 8124005df6ae (executor driver) (4/12)
[2025-07-22T19:15:13.161+0000] {docker.py:436} INFO - 25/07/22 19:15:13 INFO TaskSetManager: Finished task 3.0 in stage 1.0 (TID 15) in 268 ms on 8124005df6ae (executor driver) (5/12)
[2025-07-22T19:15:13.163+0000] {docker.py:436} INFO - 25/07/22 19:15:13 INFO TaskSetManager: Finished task 8.0 in stage 1.0 (TID 20) in 264 ms on 8124005df6ae (executor driver) (6/12)
[2025-07-22T19:15:13.164+0000] {docker.py:436} INFO - 25/07/22 19:15:13 INFO TaskSetManager: Finished task 4.0 in stage 1.0 (TID 16) in 269 ms on 8124005df6ae (executor driver) (7/12)
[2025-07-22T19:15:13.172+0000] {docker.py:436} INFO - 25/07/22 19:15:13 INFO Executor: Finished task 11.0 in stage 1.0 (TID 23). 2332 bytes result sent to driver
[2025-07-22T19:15:13.173+0000] {docker.py:436} INFO - 25/07/22 19:15:13 INFO TaskSetManager: Finished task 11.0 in stage 1.0 (TID 23) in 273 ms on 8124005df6ae (executor driver) (8/12)
[2025-07-22T19:15:13.174+0000] {docker.py:436} INFO - 25/07/22 19:15:13 INFO Executor: Finished task 0.0 in stage 1.0 (TID 12). 2332 bytes result sent to driver
[2025-07-22T19:15:13.177+0000] {docker.py:436} INFO - 25/07/22 19:15:13 INFO TaskSetManager: Finished task 0.0 in stage 1.0 (TID 12) in 284 ms on 8124005df6ae (executor driver) (9/12)
[2025-07-22T19:15:13.179+0000] {docker.py:436} INFO - 25/07/22 19:15:13 INFO Executor: Finished task 6.0 in stage 1.0 (TID 18). 2332 bytes result sent to driver
[2025-07-22T19:15:13.180+0000] {docker.py:436} INFO - 25/07/22 19:15:13 INFO Executor: Finished task 1.0 in stage 1.0 (TID 13). 2332 bytes result sent to driver
[2025-07-22T19:15:13.182+0000] {docker.py:436} INFO - 25/07/22 19:15:13 INFO TaskSetManager: Finished task 1.0 in stage 1.0 (TID 13) in 289 ms on 8124005df6ae (executor driver) (10/12)
[2025-07-22T19:15:13.183+0000] {docker.py:436} INFO - 25/07/22 19:15:13 INFO TaskSetManager: Finished task 6.0 in stage 1.0 (TID 18) in 284 ms on 8124005df6ae (executor driver) (11/12)
[2025-07-22T19:15:13.189+0000] {docker.py:436} INFO - 25/07/22 19:15:13 INFO PythonRunner: Times: total = 262, boot = -1553, init = 1809, finish = 6
[2025-07-22T19:15:13.209+0000] {docker.py:436} INFO - 25/07/22 19:15:13 INFO Executor: Finished task 5.0 in stage 1.0 (TID 17). 2418 bytes result sent to driver
[2025-07-22T19:15:13.211+0000] {docker.py:436} INFO - 25/07/22 19:15:13 INFO TaskSetManager: Finished task 5.0 in stage 1.0 (TID 17) in 314 ms on 8124005df6ae (executor driver) (12/12)
[2025-07-22T19:15:13.212+0000] {docker.py:436} INFO - 25/07/22 19:15:13 INFO TaskSchedulerImpl: Removed TaskSet 1.0, whose tasks have all completed, from pool
[2025-07-22T19:15:13.214+0000] {docker.py:436} INFO - 25/07/22 19:15:13 INFO DAGScheduler: ShuffleMapStage 1 (count at NativeMethodAccessorImpl.java:0) finished in 0.337 s
[2025-07-22T19:15:13.215+0000] {docker.py:436} INFO - 25/07/22 19:15:13 INFO DAGScheduler: looking for newly runnable stages
[2025-07-22T19:15:13.216+0000] {docker.py:436} INFO - 25/07/22 19:15:13 INFO DAGScheduler: running: Set()
[2025-07-22T19:15:13.216+0000] {docker.py:436} INFO - 25/07/22 19:15:13 INFO DAGScheduler: waiting: Set()
[2025-07-22T19:15:13.217+0000] {docker.py:436} INFO - 25/07/22 19:15:13 INFO DAGScheduler: failed: Set()
[2025-07-22T19:15:13.260+0000] {docker.py:436} INFO - 25/07/22 19:15:13 INFO CodeGenerator: Code generated in 10.881153 ms
[2025-07-22T19:15:13.285+0000] {docker.py:436} INFO - 25/07/22 19:15:13 INFO SparkContext: Starting job: count at NativeMethodAccessorImpl.java:0
[2025-07-22T19:15:13.287+0000] {docker.py:436} INFO - 25/07/22 19:15:13 INFO DAGScheduler: Got job 2 (count at NativeMethodAccessorImpl.java:0) with 1 output partitions
25/07/22 19:15:13 INFO DAGScheduler: Final stage: ResultStage 3 (count at NativeMethodAccessorImpl.java:0)
25/07/22 19:15:13 INFO DAGScheduler: Parents of final stage: List(ShuffleMapStage 2)
[2025-07-22T19:15:13.288+0000] {docker.py:436} INFO - 25/07/22 19:15:13 INFO DAGScheduler: Missing parents: List()
[2025-07-22T19:15:13.290+0000] {docker.py:436} INFO - 25/07/22 19:15:13 INFO DAGScheduler: Submitting ResultStage 3 (MapPartitionsRDD[13] at count at NativeMethodAccessorImpl.java:0), which has no missing parents
[2025-07-22T19:15:13.302+0000] {docker.py:436} INFO - 25/07/22 19:15:13 INFO MemoryStore: Block broadcast_2 stored as values in memory (estimated size 12.5 KiB, free 434.3 MiB)
[2025-07-22T19:15:13.304+0000] {docker.py:436} INFO - 25/07/22 19:15:13 INFO MemoryStore: Block broadcast_2_piece0 stored as bytes in memory (estimated size 5.9 KiB, free 434.3 MiB)
[2025-07-22T19:15:13.304+0000] {docker.py:436} INFO - 25/07/22 19:15:13 INFO BlockManagerInfo: Added broadcast_2_piece0 in memory on 8124005df6ae:35563 (size: 5.9 KiB, free: 434.4 MiB)
[2025-07-22T19:15:13.305+0000] {docker.py:436} INFO - 25/07/22 19:15:13 INFO SparkContext: Created broadcast 2 from broadcast at DAGScheduler.scala:1585
[2025-07-22T19:15:13.306+0000] {docker.py:436} INFO - 25/07/22 19:15:13 INFO DAGScheduler: Submitting 1 missing tasks from ResultStage 3 (MapPartitionsRDD[13] at count at NativeMethodAccessorImpl.java:0) (first 15 tasks are for partitions Vector(0))
[2025-07-22T19:15:13.307+0000] {docker.py:436} INFO - 25/07/22 19:15:13 INFO TaskSchedulerImpl: Adding task set 3.0 with 1 tasks resource profile 0
[2025-07-22T19:15:13.314+0000] {docker.py:436} INFO - 25/07/22 19:15:13 INFO TaskSetManager: Starting task 0.0 in stage 3.0 (TID 24) (8124005df6ae, executor driver, partition 0, NODE_LOCAL, 7615 bytes)
[2025-07-22T19:15:13.315+0000] {docker.py:436} INFO - 25/07/22 19:15:13 INFO Executor: Running task 0.0 in stage 3.0 (TID 24)
[2025-07-22T19:15:13.357+0000] {docker.py:436} INFO - 25/07/22 19:15:13 INFO ShuffleBlockFetcherIterator: Getting 12 (720.0 B) non-empty blocks including 12 (720.0 B) local and 0 (0.0 B) host-local and 0 (0.0 B) push-merged-local and 0 (0.0 B) remote blocks
[2025-07-22T19:15:13.360+0000] {docker.py:436} INFO - 25/07/22 19:15:13 INFO ShuffleBlockFetcherIterator: Started 0 remote fetches in 12 ms
[2025-07-22T19:15:13.378+0000] {docker.py:436} INFO - 25/07/22 19:15:13 INFO CodeGenerator: Code generated in 11.766335 ms
[2025-07-22T19:15:13.394+0000] {docker.py:436} INFO - 25/07/22 19:15:13 INFO Executor: Finished task 0.0 in stage 3.0 (TID 24). 4038 bytes result sent to driver
[2025-07-22T19:15:13.396+0000] {docker.py:436} INFO - 25/07/22 19:15:13 INFO TaskSetManager: Finished task 0.0 in stage 3.0 (TID 24) in 85 ms on 8124005df6ae (executor driver) (1/1)
[2025-07-22T19:15:13.396+0000] {docker.py:436} INFO - 25/07/22 19:15:13 INFO TaskSchedulerImpl: Removed TaskSet 3.0, whose tasks have all completed, from pool
[2025-07-22T19:15:13.397+0000] {docker.py:436} INFO - 25/07/22 19:15:13 INFO DAGScheduler: ResultStage 3 (count at NativeMethodAccessorImpl.java:0) finished in 0.098 s
[2025-07-22T19:15:13.398+0000] {docker.py:436} INFO - 25/07/22 19:15:13 INFO DAGScheduler: Job 2 is finished. Cancelling potential speculative or zombie tasks for this job
[2025-07-22T19:15:13.398+0000] {docker.py:436} INFO - 25/07/22 19:15:13 INFO TaskSchedulerImpl: Killing all running tasks in stage 3: Stage finished
[2025-07-22T19:15:13.399+0000] {docker.py:436} INFO - 25/07/22 19:15:13 INFO DAGScheduler: Job 2 finished: count at NativeMethodAccessorImpl.java:0, took 0.112994 s
[2025-07-22T19:15:13.403+0000] {docker.py:436} INFO - 9681 registros de voos escritos com sucesso na tabela 'flight_data_live'!
[2025-07-22T19:15:13.404+0000] {docker.py:436} INFO - 25/07/22 19:15:13 INFO SparkContext: SparkContext is stopping with exitCode 0.
[2025-07-22T19:15:13.417+0000] {docker.py:436} INFO - 25/07/22 19:15:13 INFO SparkUI: Stopped Spark web UI at http://8124005df6ae:4040
[2025-07-22T19:15:13.437+0000] {docker.py:436} INFO - 25/07/22 19:15:13 INFO MapOutputTrackerMasterEndpoint: MapOutputTrackerMasterEndpoint stopped!
[2025-07-22T19:15:13.462+0000] {docker.py:436} INFO - 25/07/22 19:15:13 INFO MemoryStore: MemoryStore cleared
[2025-07-22T19:15:13.463+0000] {docker.py:436} INFO - 25/07/22 19:15:13 INFO BlockManager: BlockManager stopped
[2025-07-22T19:15:13.469+0000] {docker.py:436} INFO - 25/07/22 19:15:13 INFO BlockManagerMaster: BlockManagerMaster stopped
[2025-07-22T19:15:13.471+0000] {docker.py:436} INFO - 25/07/22 19:15:13 INFO OutputCommitCoordinator$OutputCommitCoordinatorEndpoint: OutputCommitCoordinator stopped!
[2025-07-22T19:15:13.484+0000] {docker.py:436} INFO - 25/07/22 19:15:13 INFO SparkContext: Successfully stopped SparkContext
[2025-07-22T19:15:14.256+0000] {docker.py:436} INFO - 25/07/22 19:15:14 INFO ShutdownHookManager: Shutdown hook called
[2025-07-22T19:15:14.257+0000] {docker.py:436} INFO - 25/07/22 19:15:14 INFO ShutdownHookManager: Deleting directory /tmp/spark-734a3253-d1f0-4685-99c6-11376ecb676f/pyspark-6e1d5de7-d2d6-4035-87df-4d4c0edb482a
[2025-07-22T19:15:14.261+0000] {docker.py:436} INFO - 25/07/22 19:15:14 INFO ShutdownHookManager: Deleting directory /tmp/spark-068d8b00-1bca-4cd3-8327-ef23c8573d43
[2025-07-22T19:15:14.264+0000] {docker.py:436} INFO - 25/07/22 19:15:14 INFO ShutdownHookManager: Deleting directory /tmp/spark-734a3253-d1f0-4685-99c6-11376ecb676f
[2025-07-22T19:15:14.691+0000] {taskinstance.py:441} INFO - ::group::Post task execution logs
[2025-07-22T19:15:14.708+0000] {taskinstance.py:1206} INFO - Marking task as SUCCESS. dag_id=flight_data_pipeline, task_id=run_spark_job_container, run_id=scheduled__2025-07-22T19:00:00+00:00, execution_date=20250722T190000, start_date=20250722T191502, end_date=20250722T191514
[2025-07-22T19:15:14.743+0000] {local_task_job_runner.py:240} INFO - Task exited with return code 0
[2025-07-22T19:15:14.754+0000] {taskinstance.py:3503} INFO - 0 downstream tasks scheduled from follow-on schedule check
[2025-07-22T19:15:14.757+0000] {local_task_job_runner.py:222} INFO - ::endgroup::
