[2025-07-22T18:45:01.420+0000] {local_task_job_runner.py:120} INFO - ::group::Pre task execution logs
[2025-07-22T18:45:01.439+0000] {taskinstance.py:2076} INFO - Dependencies all met for dep_context=non-requeueable deps ti=<TaskInstance: flight_data_pipeline.run_spark_job_container scheduled__2025-07-22T18:30:00+00:00 [queued]>
[2025-07-22T18:45:01.444+0000] {taskinstance.py:2076} INFO - Dependencies all met for dep_context=requeueable deps ti=<TaskInstance: flight_data_pipeline.run_spark_job_container scheduled__2025-07-22T18:30:00+00:00 [queued]>
[2025-07-22T18:45:01.445+0000] {taskinstance.py:2306} INFO - Starting attempt 1 of 1
[2025-07-22T18:45:01.455+0000] {taskinstance.py:2330} INFO - Executing <Task(DockerOperator): run_spark_job_container> on 2025-07-22 18:30:00+00:00
[2025-07-22T18:45:01.460+0000] {warnings.py:112} WARNING - /home/***/.local/lib/python3.12/site-packages/***/task/task_runner/standard_task_runner.py:61: DeprecationWarning: This process (pid=1879) is multi-threaded, use of fork() may lead to deadlocks in the child.
  pid = os.fork()

[2025-07-22T18:45:01.462+0000] {standard_task_runner.py:63} INFO - Started process 1881 to run task
[2025-07-22T18:45:01.461+0000] {standard_task_runner.py:90} INFO - Running: ['***', 'tasks', 'run', 'flight_data_pipeline', 'run_spark_job_container', 'scheduled__2025-07-22T18:30:00+00:00', '--job-id', '45', '--raw', '--subdir', 'DAGS_FOLDER/flight_pipeline_dag.py', '--cfg-path', '/tmp/tmpmiqlj7lk']
[2025-07-22T18:45:01.463+0000] {standard_task_runner.py:91} INFO - Job 45: Subtask run_spark_job_container
[2025-07-22T18:45:01.506+0000] {task_command.py:426} INFO - Running <TaskInstance: flight_data_pipeline.run_spark_job_container scheduled__2025-07-22T18:30:00+00:00 [running]> on host d77a53274a34
[2025-07-22T18:45:01.580+0000] {taskinstance.py:2648} INFO - Exporting env vars: AIRFLOW_CTX_DAG_OWNER='***' AIRFLOW_CTX_DAG_ID='flight_data_pipeline' AIRFLOW_CTX_TASK_ID='run_spark_job_container' AIRFLOW_CTX_EXECUTION_DATE='2025-07-22T18:30:00+00:00' AIRFLOW_CTX_TRY_NUMBER='1' AIRFLOW_CTX_DAG_RUN_ID='scheduled__2025-07-22T18:30:00+00:00'
[2025-07-22T18:45:01.583+0000] {taskinstance.py:430} INFO - ::endgroup::
[2025-07-22T18:45:01.600+0000] {docker.py:366} INFO - Starting docker container from image realtime-flight-pipeline/spark-job:0.6
[2025-07-22T18:45:01.603+0000] {docker.py:374} WARNING - Using remote engine or docker-in-docker and mounting temporary volume from host is not supported. Falling back to `mount_tmp_dir=False` mode. You can set `mount_tmp_dir` parameter to False to disable mounting and remove the warning
[2025-07-22T18:45:01.876+0000] {docker.py:436} INFO - [38;5;6mspark [38;5;5m18:45:01.87 [0m[38;5;2mINFO [0m ==>
[2025-07-22T18:45:01.877+0000] {docker.py:436} INFO - [38;5;6mspark [38;5;5m18:45:01.87 [0m[38;5;2mINFO [0m ==> [1mWelcome to the Bitnami spark container[0m
[2025-07-22T18:45:01.878+0000] {docker.py:436} INFO - [38;5;6mspark [38;5;5m18:45:01.87 [0m[38;5;2mINFO [0m ==> Subscribe to project updates by watching [1mhttps://github.com/bitnami/containers[0m
[2025-07-22T18:45:01.879+0000] {docker.py:436} INFO - [38;5;6mspark [38;5;5m18:45:01.87 [0m[38;5;2mINFO [0m ==> Submit issues and feature requests at [1mhttps://github.com/bitnami/containers/issues[0m
[2025-07-22T18:45:01.880+0000] {docker.py:436} INFO - [38;5;6mspark [38;5;5m18:45:01.88 [0m[38;5;2mINFO [0m ==> Upgrade to Tanzu Application Catalog for production environments to access custom-configured and pre-packaged software components. Gain enhanced features, including Software Bill of Materials (SBOM), CVE scan result reports, and VEX documents. To learn more, visit [1mhttps://bitnami.com/enterprise[0m
[2025-07-22T18:45:01.881+0000] {docker.py:436} INFO - [38;5;6mspark [38;5;5m18:45:01.88 [0m[38;5;2mINFO [0m ==>
[2025-07-22T18:45:01.883+0000] {docker.py:436} INFO - 
[2025-07-22T18:45:04.177+0000] {docker.py:436} INFO - 25/07/22 18:45:04 INFO SparkContext: Running Spark version 3.5.1
[2025-07-22T18:45:04.178+0000] {docker.py:436} INFO - 25/07/22 18:45:04 INFO SparkContext: OS info Linux, 5.15.167.4-microsoft-standard-WSL2, amd64
[2025-07-22T18:45:04.179+0000] {docker.py:436} INFO - 25/07/22 18:45:04 INFO SparkContext: Java version 17.0.12
[2025-07-22T18:45:04.202+0000] {docker.py:436} INFO - 25/07/22 18:45:04 INFO ResourceUtils: ==============================================================
[2025-07-22T18:45:04.203+0000] {docker.py:436} INFO - 25/07/22 18:45:04 INFO ResourceUtils: No custom resources configured for spark.driver.
[2025-07-22T18:45:04.203+0000] {docker.py:436} INFO - 25/07/22 18:45:04 INFO ResourceUtils: ==============================================================
[2025-07-22T18:45:04.204+0000] {docker.py:436} INFO - 25/07/22 18:45:04 INFO SparkContext: Submitted application: FlightDataProcessing
[2025-07-22T18:45:04.218+0000] {docker.py:436} INFO - 25/07/22 18:45:04 INFO ResourceProfile: Default ResourceProfile created, executor resources: Map(cores -> name: cores, amount: 1, script: , vendor: , memory -> name: memory, amount: 1024, script: , vendor: , offHeap -> name: offHeap, amount: 0, script: , vendor: ), task resources: Map(cpus -> name: cpus, amount: 1.0)
[2025-07-22T18:45:04.224+0000] {docker.py:436} INFO - 25/07/22 18:45:04 INFO ResourceProfile: Limiting resource is cpu
[2025-07-22T18:45:04.224+0000] {docker.py:436} INFO - 25/07/22 18:45:04 INFO ResourceProfileManager: Added ResourceProfile id: 0
[2025-07-22T18:45:04.258+0000] {docker.py:436} INFO - 25/07/22 18:45:04 INFO SecurityManager: Changing view acls to: root,spark
[2025-07-22T18:45:04.259+0000] {docker.py:436} INFO - 25/07/22 18:45:04 INFO SecurityManager: Changing modify acls to: root,spark
[2025-07-22T18:45:04.259+0000] {docker.py:436} INFO - 25/07/22 18:45:04 INFO SecurityManager: Changing view acls groups to:
[2025-07-22T18:45:04.259+0000] {docker.py:436} INFO - 25/07/22 18:45:04 INFO SecurityManager: Changing modify acls groups to:
[2025-07-22T18:45:04.260+0000] {docker.py:436} INFO - 25/07/22 18:45:04 INFO SecurityManager: SecurityManager: authentication disabled; ui acls disabled; users with view permissions: root, spark; groups with view permissions: EMPTY; users with modify permissions: root, spark; groups with modify permissions: EMPTY
[2025-07-22T18:45:04.299+0000] {docker.py:436} INFO - 25/07/22 18:45:04 WARN NativeCodeLoader: Unable to load native-hadoop library for your platform... using builtin-java classes where applicable
[2025-07-22T18:45:04.492+0000] {docker.py:436} INFO - 25/07/22 18:45:04 INFO Utils: Successfully started service 'sparkDriver' on port 46493.
[2025-07-22T18:45:04.515+0000] {docker.py:436} INFO - 25/07/22 18:45:04 INFO SparkEnv: Registering MapOutputTracker
[2025-07-22T18:45:04.540+0000] {docker.py:436} INFO - 25/07/22 18:45:04 INFO SparkEnv: Registering BlockManagerMaster
[2025-07-22T18:45:04.554+0000] {docker.py:436} INFO - 25/07/22 18:45:04 INFO BlockManagerMasterEndpoint: Using org.apache.spark.storage.DefaultTopologyMapper for getting topology information
[2025-07-22T18:45:04.555+0000] {docker.py:436} INFO - 25/07/22 18:45:04 INFO BlockManagerMasterEndpoint: BlockManagerMasterEndpoint up
[2025-07-22T18:45:04.558+0000] {docker.py:436} INFO - 25/07/22 18:45:04 INFO SparkEnv: Registering BlockManagerMasterHeartbeat
[2025-07-22T18:45:04.572+0000] {docker.py:436} INFO - 25/07/22 18:45:04 INFO DiskBlockManager: Created local directory at /tmp/blockmgr-a47d073f-4cda-4733-932c-ba11c490b3aa
[2025-07-22T18:45:04.582+0000] {docker.py:436} INFO - 25/07/22 18:45:04 INFO MemoryStore: MemoryStore started with capacity 434.4 MiB
[2025-07-22T18:45:04.595+0000] {docker.py:436} INFO - 25/07/22 18:45:04 INFO SparkEnv: Registering OutputCommitCoordinator
[2025-07-22T18:45:04.687+0000] {docker.py:436} INFO - 25/07/22 18:45:04 INFO JettyUtils: Start Jetty 0.0.0.0:4040 for SparkUI
[2025-07-22T18:45:04.732+0000] {docker.py:436} INFO - 25/07/22 18:45:04 INFO Utils: Successfully started service 'SparkUI' on port 4040.
[2025-07-22T18:45:04.822+0000] {docker.py:436} INFO - 25/07/22 18:45:04 INFO Executor: Starting executor ID driver on host dc1ab1fa8871
[2025-07-22T18:45:04.822+0000] {docker.py:436} INFO - 25/07/22 18:45:04 INFO Executor: OS info Linux, 5.15.167.4-microsoft-standard-WSL2, amd64
[2025-07-22T18:45:04.823+0000] {docker.py:436} INFO - 25/07/22 18:45:04 INFO Executor: Java version 17.0.12
[2025-07-22T18:45:04.828+0000] {docker.py:436} INFO - 25/07/22 18:45:04 INFO Executor: Starting executor with user classpath (userClassPathFirst = false): ''
[2025-07-22T18:45:04.828+0000] {docker.py:436} INFO - 25/07/22 18:45:04 INFO Executor: Created or updated repl class loader org.apache.spark.util.MutableURLClassLoader@1c5f1993 for default.
[2025-07-22T18:45:04.844+0000] {docker.py:436} INFO - 25/07/22 18:45:04 INFO Utils: Successfully started service 'org.apache.spark.network.netty.NettyBlockTransferService' on port 42261.
[2025-07-22T18:45:04.844+0000] {docker.py:436} INFO - 25/07/22 18:45:04 INFO NettyBlockTransferService: Server created on dc1ab1fa8871:42261
[2025-07-22T18:45:04.845+0000] {docker.py:436} INFO - 25/07/22 18:45:04 INFO BlockManager: Using org.apache.spark.storage.RandomBlockReplicationPolicy for block replication policy
[2025-07-22T18:45:04.849+0000] {docker.py:436} INFO - 25/07/22 18:45:04 INFO BlockManagerMaster: Registering BlockManager BlockManagerId(driver, dc1ab1fa8871, 42261, None)
[2025-07-22T18:45:04.852+0000] {docker.py:436} INFO - 25/07/22 18:45:04 INFO BlockManagerMasterEndpoint: Registering block manager dc1ab1fa8871:42261 with 434.4 MiB RAM, BlockManagerId(driver, dc1ab1fa8871, 42261, None)
[2025-07-22T18:45:04.854+0000] {docker.py:436} INFO - 25/07/22 18:45:04 INFO BlockManagerMaster: Registered BlockManager BlockManagerId(driver, dc1ab1fa8871, 42261, None)
[2025-07-22T18:45:04.855+0000] {docker.py:436} INFO - 25/07/22 18:45:04 INFO BlockManager: Initialized BlockManager: BlockManagerId(driver, dc1ab1fa8871, 42261, None)
[2025-07-22T18:45:05.118+0000] {docker.py:436} INFO - Sessão Spark criada com sucesso!
[2025-07-22T18:45:06.922+0000] {docker.py:436} INFO - 25/07/22 18:45:06 INFO SharedState: Setting hive.metastore.warehouse.dir ('null') to the value of spark.sql.warehouse.dir.
[2025-07-22T18:45:06.928+0000] {docker.py:436} INFO - 25/07/22 18:45:06 INFO SharedState: Warehouse path is 'file:/app/spark-warehouse'.
[2025-07-22T18:45:07.936+0000] {docker.py:436} INFO - Iniciando escrita dos dados no PostgreSQL...
[2025-07-22T18:45:08.503+0000] {docker.py:436} INFO - 25/07/22 18:45:08 WARN SparkStringUtils: Truncated the string representation of a plan since it was too large. This behavior can be adjusted by setting 'spark.sql.debug.maxToStringFields'.
[2025-07-22T18:45:08.714+0000] {docker.py:436} INFO - 25/07/22 18:45:08 INFO CodeGenerator: Code generated in 132.037825 ms
[2025-07-22T18:45:08.799+0000] {docker.py:436} INFO - 25/07/22 18:45:08 INFO SparkContext: Starting job: jdbc at NativeMethodAccessorImpl.java:0
[2025-07-22T18:45:08.809+0000] {docker.py:436} INFO - 25/07/22 18:45:08 INFO DAGScheduler: Got job 0 (jdbc at NativeMethodAccessorImpl.java:0) with 12 output partitions
[2025-07-22T18:45:08.810+0000] {docker.py:436} INFO - 25/07/22 18:45:08 INFO DAGScheduler: Final stage: ResultStage 0 (jdbc at NativeMethodAccessorImpl.java:0)
[2025-07-22T18:45:08.810+0000] {docker.py:436} INFO - 25/07/22 18:45:08 INFO DAGScheduler: Parents of final stage: List()
[2025-07-22T18:45:08.811+0000] {docker.py:436} INFO - 25/07/22 18:45:08 INFO DAGScheduler: Missing parents: List()
[2025-07-22T18:45:08.813+0000] {docker.py:436} INFO - 25/07/22 18:45:08 INFO DAGScheduler: Submitting ResultStage 0 (MapPartitionsRDD[8] at jdbc at NativeMethodAccessorImpl.java:0), which has no missing parents
[2025-07-22T18:45:08.902+0000] {docker.py:436} INFO - 25/07/22 18:45:08 INFO MemoryStore: Block broadcast_0 stored as values in memory (estimated size 39.3 KiB, free 434.4 MiB)
[2025-07-22T18:45:08.923+0000] {docker.py:436} INFO - 25/07/22 18:45:08 INFO MemoryStore: Block broadcast_0_piece0 stored as bytes in memory (estimated size 17.8 KiB, free 434.3 MiB)
[2025-07-22T18:45:08.926+0000] {docker.py:436} INFO - 25/07/22 18:45:08 INFO BlockManagerInfo: Added broadcast_0_piece0 in memory on dc1ab1fa8871:42261 (size: 17.8 KiB, free: 434.4 MiB)
[2025-07-22T18:45:08.928+0000] {docker.py:436} INFO - 25/07/22 18:45:08 INFO SparkContext: Created broadcast 0 from broadcast at DAGScheduler.scala:1585
[2025-07-22T18:45:08.939+0000] {docker.py:436} INFO - 25/07/22 18:45:08 INFO DAGScheduler: Submitting 12 missing tasks from ResultStage 0 (MapPartitionsRDD[8] at jdbc at NativeMethodAccessorImpl.java:0) (first 15 tasks are for partitions Vector(0, 1, 2, 3, 4, 5, 6, 7, 8, 9, 10, 11))
[2025-07-22T18:45:08.940+0000] {docker.py:436} INFO - 25/07/22 18:45:08 INFO TaskSchedulerImpl: Adding task set 0.0 with 12 tasks resource profile 0
[2025-07-22T18:45:08.971+0000] {docker.py:436} INFO - 25/07/22 18:45:08 INFO TaskSetManager: Starting task 0.0 in stage 0.0 (TID 0) (dc1ab1fa8871, executor driver, partition 0, PROCESS_LOCAL, 116683 bytes)
[2025-07-22T18:45:08.975+0000] {docker.py:436} INFO - 25/07/22 18:45:08 INFO TaskSetManager: Starting task 1.0 in stage 0.0 (TID 1) (dc1ab1fa8871, executor driver, partition 1, PROCESS_LOCAL, 118320 bytes)
[2025-07-22T18:45:08.976+0000] {docker.py:436} INFO - 25/07/22 18:45:08 INFO TaskSetManager: Starting task 2.0 in stage 0.0 (TID 2) (dc1ab1fa8871, executor driver, partition 2, PROCESS_LOCAL, 118144 bytes)
[2025-07-22T18:45:08.976+0000] {docker.py:436} INFO - 25/07/22 18:45:08 INFO TaskSetManager: Starting task 3.0 in stage 0.0 (TID 3) (dc1ab1fa8871, executor driver, partition 3, PROCESS_LOCAL, 117786 bytes)
[2025-07-22T18:45:08.977+0000] {docker.py:436} INFO - 25/07/22 18:45:08 INFO TaskSetManager: Starting task 4.0 in stage 0.0 (TID 4) (dc1ab1fa8871, executor driver, partition 4, PROCESS_LOCAL, 118244 bytes)
[2025-07-22T18:45:08.978+0000] {docker.py:436} INFO - 25/07/22 18:45:08 INFO TaskSetManager: Starting task 5.0 in stage 0.0 (TID 5) (dc1ab1fa8871, executor driver, partition 5, PROCESS_LOCAL, 117741 bytes)
[2025-07-22T18:45:08.978+0000] {docker.py:436} INFO - 25/07/22 18:45:08 INFO TaskSetManager: Starting task 6.0 in stage 0.0 (TID 6) (dc1ab1fa8871, executor driver, partition 6, PROCESS_LOCAL, 118323 bytes)
[2025-07-22T18:45:08.979+0000] {docker.py:436} INFO - 25/07/22 18:45:08 INFO TaskSetManager: Starting task 7.0 in stage 0.0 (TID 7) (dc1ab1fa8871, executor driver, partition 7, PROCESS_LOCAL, 118590 bytes)
[2025-07-22T18:45:08.980+0000] {docker.py:436} INFO - 25/07/22 18:45:08 INFO TaskSetManager: Starting task 8.0 in stage 0.0 (TID 8) (dc1ab1fa8871, executor driver, partition 8, PROCESS_LOCAL, 118243 bytes)
[2025-07-22T18:45:08.981+0000] {docker.py:436} INFO - 25/07/22 18:45:08 INFO TaskSetManager: Starting task 9.0 in stage 0.0 (TID 9) (dc1ab1fa8871, executor driver, partition 9, PROCESS_LOCAL, 118159 bytes)
[2025-07-22T18:45:08.981+0000] {docker.py:436} INFO - 25/07/22 18:45:08 INFO TaskSetManager: Starting task 10.0 in stage 0.0 (TID 10) (dc1ab1fa8871, executor driver, partition 10, PROCESS_LOCAL, 118226 bytes)
[2025-07-22T18:45:08.982+0000] {docker.py:436} INFO - 25/07/22 18:45:08 INFO TaskSetManager: Starting task 11.0 in stage 0.0 (TID 11) (dc1ab1fa8871, executor driver, partition 11, PROCESS_LOCAL, 119092 bytes)
[2025-07-22T18:45:08.992+0000] {docker.py:436} INFO - 25/07/22 18:45:08 INFO Executor: Running task 0.0 in stage 0.0 (TID 0)
25/07/22 18:45:08 INFO Executor: Running task 6.0 in stage 0.0 (TID 6)
25/07/22 18:45:08 INFO Executor: Running task 2.0 in stage 0.0 (TID 2)
[2025-07-22T18:45:08.994+0000] {docker.py:436} INFO - 25/07/22 18:45:08 INFO Executor: Running task 4.0 in stage 0.0 (TID 4)
[2025-07-22T18:45:08.994+0000] {docker.py:436} INFO - 25/07/22 18:45:08 INFO Executor: Running task 7.0 in stage 0.0 (TID 7)
[2025-07-22T18:45:08.995+0000] {docker.py:436} INFO - 25/07/22 18:45:08 INFO Executor: Running task 5.0 in stage 0.0 (TID 5)
[2025-07-22T18:45:08.995+0000] {docker.py:436} INFO - 25/07/22 18:45:08 INFO Executor: Running task 10.0 in stage 0.0 (TID 10)
25/07/22 18:45:08 INFO Executor: Running task 3.0 in stage 0.0 (TID 3)
25/07/22 18:45:08 INFO Executor: Running task 11.0 in stage 0.0 (TID 11)
[2025-07-22T18:45:08.996+0000] {docker.py:436} INFO - 25/07/22 18:45:08 INFO Executor: Running task 8.0 in stage 0.0 (TID 8)
25/07/22 18:45:08 INFO Executor: Running task 1.0 in stage 0.0 (TID 1)
[2025-07-22T18:45:08.996+0000] {docker.py:436} INFO - 25/07/22 18:45:08 INFO Executor: Running task 9.0 in stage 0.0 (TID 9)
[2025-07-22T18:45:09.669+0000] {docker.py:436} INFO - 25/07/22 18:45:09 INFO CodeGenerator: Code generated in 33.634035 ms
[2025-07-22T18:45:10.522+0000] {docker.py:436} INFO - 25/07/22 18:45:10 INFO CodeGenerator: Code generated in 23.995804 ms
[2025-07-22T18:45:10.718+0000] {docker.py:436} INFO - 25/07/22 18:45:10 INFO PythonRunner: Times: total = 639, boot = 458, init = 177, finish = 4
25/07/22 18:45:10 INFO PythonRunner: Times: total = 644, boot = 463, init = 177, finish = 4
25/07/22 18:45:10 INFO PythonRunner: Times: total = 697, boot = 496, init = 198, finish = 3
[2025-07-22T18:45:10.719+0000] {docker.py:436} INFO - 25/07/22 18:45:10 INFO PythonRunner: Times: total = 763, boot = 538, init = 223, finish = 2
[2025-07-22T18:45:10.720+0000] {docker.py:436} INFO - 25/07/22 18:45:10 INFO PythonRunner: Times: total = 696, boot = 477, init = 216, finish = 3
[2025-07-22T18:45:10.720+0000] {docker.py:436} INFO - 25/07/22 18:45:10 INFO PythonRunner: Times: total = 648, boot = 467, init = 177, finish = 4
[2025-07-22T18:45:10.721+0000] {docker.py:436} INFO - 25/07/22 18:45:10 INFO PythonRunner: Times: total = 625, boot = 451, init = 170, finish = 4
[2025-07-22T18:45:10.730+0000] {docker.py:436} INFO - 25/07/22 18:45:10 INFO PythonRunner: Times: total = 712, boot = 486, init = 222, finish = 4
[2025-07-22T18:45:10.733+0000] {docker.py:436} INFO - 25/07/22 18:45:10 INFO PythonRunner: Times: total = 645, boot = 472, init = 170, finish = 3
[2025-07-22T18:45:10.736+0000] {docker.py:436} INFO - 25/07/22 18:45:10 INFO PythonRunner: Times: total = 620, boot = 448, init = 168, finish = 4
[2025-07-22T18:45:10.739+0000] {docker.py:436} INFO - 25/07/22 18:45:10 INFO PythonRunner: Times: total = 653, boot = 454, init = 195, finish = 4
[2025-07-22T18:45:10.754+0000] {docker.py:436} INFO - 25/07/22 18:45:10 INFO PythonRunner: Times: total = 719, boot = 481, init = 234, finish = 4
[2025-07-22T18:45:10.802+0000] {docker.py:436} INFO - 25/07/22 18:45:10 INFO Executor: Finished task 1.0 in stage 0.0 (TID 1). 1806 bytes result sent to driver
[2025-07-22T18:45:10.803+0000] {docker.py:436} INFO - 25/07/22 18:45:10 INFO Executor: Finished task 9.0 in stage 0.0 (TID 9). 1763 bytes result sent to driver
25/07/22 18:45:10 INFO Executor: Finished task 8.0 in stage 0.0 (TID 8). 1806 bytes result sent to driver
25/07/22 18:45:10 INFO Executor: Finished task 0.0 in stage 0.0 (TID 0). 1806 bytes result sent to driver
[2025-07-22T18:45:10.803+0000] {docker.py:436} INFO - 25/07/22 18:45:10 INFO Executor: Finished task 11.0 in stage 0.0 (TID 11). 1806 bytes result sent to driver
25/07/22 18:45:10 INFO Executor: Finished task 6.0 in stage 0.0 (TID 6). 1806 bytes result sent to driver
[2025-07-22T18:45:10.804+0000] {docker.py:436} INFO - 25/07/22 18:45:10 INFO Executor: Finished task 5.0 in stage 0.0 (TID 5). 1806 bytes result sent to driver
[2025-07-22T18:45:10.804+0000] {docker.py:436} INFO - 25/07/22 18:45:10 INFO Executor: Finished task 2.0 in stage 0.0 (TID 2). 1763 bytes result sent to driver
[2025-07-22T18:45:10.805+0000] {docker.py:436} INFO - 25/07/22 18:45:10 INFO Executor: Finished task 3.0 in stage 0.0 (TID 3). 1763 bytes result sent to driver
[2025-07-22T18:45:10.805+0000] {docker.py:436} INFO - 25/07/22 18:45:10 INFO Executor: Finished task 10.0 in stage 0.0 (TID 10). 1763 bytes result sent to driver
[2025-07-22T18:45:10.805+0000] {docker.py:436} INFO - 25/07/22 18:45:10 INFO Executor: Finished task 7.0 in stage 0.0 (TID 7). 1806 bytes result sent to driver
[2025-07-22T18:45:10.806+0000] {docker.py:436} INFO - 25/07/22 18:45:10 INFO Executor: Finished task 4.0 in stage 0.0 (TID 4). 1806 bytes result sent to driver
[2025-07-22T18:45:10.810+0000] {docker.py:436} INFO - 25/07/22 18:45:10 INFO TaskSetManager: Finished task 3.0 in stage 0.0 (TID 3) in 1834 ms on dc1ab1fa8871 (executor driver) (1/12)
[2025-07-22T18:45:10.813+0000] {docker.py:436} INFO - 25/07/22 18:45:10 INFO TaskSetManager: Finished task 1.0 in stage 0.0 (TID 1) in 1839 ms on dc1ab1fa8871 (executor driver) (2/12)
[2025-07-22T18:45:10.813+0000] {docker.py:436} INFO - 25/07/22 18:45:10 INFO TaskSetManager: Finished task 5.0 in stage 0.0 (TID 5) in 1835 ms on dc1ab1fa8871 (executor driver) (3/12)
[2025-07-22T18:45:10.814+0000] {docker.py:436} INFO - 25/07/22 18:45:10 INFO TaskSetManager: Finished task 2.0 in stage 0.0 (TID 2) in 1838 ms on dc1ab1fa8871 (executor driver) (4/12)
[2025-07-22T18:45:10.815+0000] {docker.py:436} INFO - 25/07/22 18:45:10 INFO TaskSetManager: Finished task 4.0 in stage 0.0 (TID 4) in 1837 ms on dc1ab1fa8871 (executor driver) (5/12)
[2025-07-22T18:45:10.815+0000] {docker.py:436} INFO - 25/07/22 18:45:10 INFO TaskSetManager: Finished task 8.0 in stage 0.0 (TID 8) in 1835 ms on dc1ab1fa8871 (executor driver) (6/12)
[2025-07-22T18:45:10.816+0000] {docker.py:436} INFO - 25/07/22 18:45:10 INFO TaskSetManager: Finished task 10.0 in stage 0.0 (TID 10) in 1835 ms on dc1ab1fa8871 (executor driver) (7/12)
[2025-07-22T18:45:10.816+0000] {docker.py:436} INFO - 25/07/22 18:45:10 INFO TaskSetManager: Finished task 11.0 in stage 0.0 (TID 11) in 1834 ms on dc1ab1fa8871 (executor driver) (8/12)
[2025-07-22T18:45:10.817+0000] {docker.py:436} INFO - 25/07/22 18:45:10 INFO TaskSetManager: Finished task 7.0 in stage 0.0 (TID 7) in 1838 ms on dc1ab1fa8871 (executor driver) (9/12)
[2025-07-22T18:45:10.817+0000] {docker.py:436} INFO - 25/07/22 18:45:10 INFO TaskSetManager: Finished task 9.0 in stage 0.0 (TID 9) in 1836 ms on dc1ab1fa8871 (executor driver) (10/12)
[2025-07-22T18:45:10.818+0000] {docker.py:436} INFO - 25/07/22 18:45:10 INFO TaskSetManager: Finished task 0.0 in stage 0.0 (TID 0) in 1856 ms on dc1ab1fa8871 (executor driver) (11/12)
[2025-07-22T18:45:10.818+0000] {docker.py:436} INFO - 25/07/22 18:45:10 INFO TaskSetManager: Finished task 6.0 in stage 0.0 (TID 6) in 1839 ms on dc1ab1fa8871 (executor driver) (12/12)
[2025-07-22T18:45:10.818+0000] {docker.py:436} INFO - 25/07/22 18:45:10 INFO PythonAccumulatorV2: Connected to AccumulatorServer at host: 127.0.0.1 port: 53391
[2025-07-22T18:45:10.819+0000] {docker.py:436} INFO - 25/07/22 18:45:10 INFO TaskSchedulerImpl: Removed TaskSet 0.0, whose tasks have all completed, from pool
[2025-07-22T18:45:10.839+0000] {docker.py:436} INFO - 25/07/22 18:45:10 INFO DAGScheduler: ResultStage 0 (jdbc at NativeMethodAccessorImpl.java:0) finished in 2.017 s
[2025-07-22T18:45:10.841+0000] {docker.py:436} INFO - 25/07/22 18:45:10 INFO DAGScheduler: Job 0 is finished. Cancelling potential speculative or zombie tasks for this job
[2025-07-22T18:45:10.842+0000] {docker.py:436} INFO - 25/07/22 18:45:10 INFO TaskSchedulerImpl: Killing all running tasks in stage 0: Stage finished
[2025-07-22T18:45:10.846+0000] {docker.py:436} INFO - 25/07/22 18:45:10 INFO DAGScheduler: Job 0 finished: jdbc at NativeMethodAccessorImpl.java:0, took 2.047060 s
[2025-07-22T18:45:11.012+0000] {docker.py:436} INFO - 25/07/22 18:45:11 INFO CodeGenerator: Code generated in 9.730428 ms
[2025-07-22T18:45:11.028+0000] {docker.py:436} INFO - 25/07/22 18:45:11 INFO DAGScheduler: Registering RDD 10 (count at NativeMethodAccessorImpl.java:0) as input to shuffle 0
[2025-07-22T18:45:11.031+0000] {docker.py:436} INFO - 25/07/22 18:45:11 INFO DAGScheduler: Got map stage job 1 (count at NativeMethodAccessorImpl.java:0) with 12 output partitions
25/07/22 18:45:11 INFO DAGScheduler: Final stage: ShuffleMapStage 1 (count at NativeMethodAccessorImpl.java:0)
[2025-07-22T18:45:11.031+0000] {docker.py:436} INFO - 25/07/22 18:45:11 INFO DAGScheduler: Parents of final stage: List()
[2025-07-22T18:45:11.032+0000] {docker.py:436} INFO - 25/07/22 18:45:11 INFO DAGScheduler: Missing parents: List()
[2025-07-22T18:45:11.033+0000] {docker.py:436} INFO - 25/07/22 18:45:11 INFO DAGScheduler: Submitting ShuffleMapStage 1 (MapPartitionsRDD[10] at count at NativeMethodAccessorImpl.java:0), which has no missing parents
[2025-07-22T18:45:11.043+0000] {docker.py:436} INFO - 25/07/22 18:45:11 INFO MemoryStore: Block broadcast_1 stored as values in memory (estimated size 17.1 KiB, free 434.3 MiB)
[2025-07-22T18:45:11.044+0000] {docker.py:436} INFO - 25/07/22 18:45:11 INFO MemoryStore: Block broadcast_1_piece0 stored as bytes in memory (estimated size 8.8 KiB, free 434.3 MiB)
[2025-07-22T18:45:11.045+0000] {docker.py:436} INFO - 25/07/22 18:45:11 INFO BlockManagerInfo: Added broadcast_1_piece0 in memory on dc1ab1fa8871:42261 (size: 8.8 KiB, free: 434.4 MiB)
[2025-07-22T18:45:11.045+0000] {docker.py:436} INFO - 25/07/22 18:45:11 INFO SparkContext: Created broadcast 1 from broadcast at DAGScheduler.scala:1585
[2025-07-22T18:45:11.047+0000] {docker.py:436} INFO - 25/07/22 18:45:11 INFO DAGScheduler: Submitting 12 missing tasks from ShuffleMapStage 1 (MapPartitionsRDD[10] at count at NativeMethodAccessorImpl.java:0) (first 15 tasks are for partitions Vector(0, 1, 2, 3, 4, 5, 6, 7, 8, 9, 10, 11))
[2025-07-22T18:45:11.047+0000] {docker.py:436} INFO - 25/07/22 18:45:11 INFO TaskSchedulerImpl: Adding task set 1.0 with 12 tasks resource profile 0
[2025-07-22T18:45:11.051+0000] {docker.py:436} INFO - 25/07/22 18:45:11 INFO TaskSetManager: Starting task 0.0 in stage 1.0 (TID 12) (dc1ab1fa8871, executor driver, partition 0, PROCESS_LOCAL, 116672 bytes)
[2025-07-22T18:45:11.052+0000] {docker.py:436} INFO - 25/07/22 18:45:11 INFO TaskSetManager: Starting task 1.0 in stage 1.0 (TID 13) (dc1ab1fa8871, executor driver, partition 1, PROCESS_LOCAL, 118309 bytes)
[2025-07-22T18:45:11.052+0000] {docker.py:436} INFO - 25/07/22 18:45:11 INFO TaskSetManager: Starting task 2.0 in stage 1.0 (TID 14) (dc1ab1fa8871, executor driver, partition 2, PROCESS_LOCAL, 118133 bytes)
[2025-07-22T18:45:11.053+0000] {docker.py:436} INFO - 25/07/22 18:45:11 INFO TaskSetManager: Starting task 3.0 in stage 1.0 (TID 15) (dc1ab1fa8871, executor driver, partition 3, PROCESS_LOCAL, 117775 bytes)
[2025-07-22T18:45:11.053+0000] {docker.py:436} INFO - 25/07/22 18:45:11 INFO TaskSetManager: Starting task 4.0 in stage 1.0 (TID 16) (dc1ab1fa8871, executor driver, partition 4, PROCESS_LOCAL, 118233 bytes)
[2025-07-22T18:45:11.053+0000] {docker.py:436} INFO - 25/07/22 18:45:11 INFO TaskSetManager: Starting task 5.0 in stage 1.0 (TID 17) (dc1ab1fa8871, executor driver, partition 5, PROCESS_LOCAL, 117730 bytes)
[2025-07-22T18:45:11.056+0000] {docker.py:436} INFO - 25/07/22 18:45:11 INFO TaskSetManager: Starting task 6.0 in stage 1.0 (TID 18) (dc1ab1fa8871, executor driver, partition 6, PROCESS_LOCAL, 118312 bytes)
[2025-07-22T18:45:11.057+0000] {docker.py:436} INFO - 25/07/22 18:45:11 INFO TaskSetManager: Starting task 7.0 in stage 1.0 (TID 19) (dc1ab1fa8871, executor driver, partition 7, PROCESS_LOCAL, 118579 bytes)
[2025-07-22T18:45:11.057+0000] {docker.py:436} INFO - 25/07/22 18:45:11 INFO TaskSetManager: Starting task 8.0 in stage 1.0 (TID 20) (dc1ab1fa8871, executor driver, partition 8, PROCESS_LOCAL, 118232 bytes)
[2025-07-22T18:45:11.058+0000] {docker.py:436} INFO - 25/07/22 18:45:11 INFO TaskSetManager: Starting task 9.0 in stage 1.0 (TID 21) (dc1ab1fa8871, executor driver, partition 9, PROCESS_LOCAL, 118148 bytes)
[2025-07-22T18:45:11.058+0000] {docker.py:436} INFO - 25/07/22 18:45:11 INFO TaskSetManager: Starting task 10.0 in stage 1.0 (TID 22) (dc1ab1fa8871, executor driver, partition 10, PROCESS_LOCAL, 118215 bytes)
[2025-07-22T18:45:11.058+0000] {docker.py:436} INFO - 25/07/22 18:45:11 INFO TaskSetManager: Starting task 11.0 in stage 1.0 (TID 23) (dc1ab1fa8871, executor driver, partition 11, PROCESS_LOCAL, 119081 bytes)
[2025-07-22T18:45:11.059+0000] {docker.py:436} INFO - 25/07/22 18:45:11 INFO Executor: Running task 0.0 in stage 1.0 (TID 12)
25/07/22 18:45:11 INFO Executor: Running task 2.0 in stage 1.0 (TID 14)
[2025-07-22T18:45:11.059+0000] {docker.py:436} INFO - 25/07/22 18:45:11 INFO Executor: Running task 3.0 in stage 1.0 (TID 15)
[2025-07-22T18:45:11.060+0000] {docker.py:436} INFO - 25/07/22 18:45:11 INFO Executor: Running task 4.0 in stage 1.0 (TID 16)
25/07/22 18:45:11 INFO Executor: Running task 6.0 in stage 1.0 (TID 18)
[2025-07-22T18:45:11.060+0000] {docker.py:436} INFO - 25/07/22 18:45:11 INFO Executor: Running task 5.0 in stage 1.0 (TID 17)
25/07/22 18:45:11 INFO Executor: Running task 8.0 in stage 1.0 (TID 20)
25/07/22 18:45:11 INFO Executor: Running task 7.0 in stage 1.0 (TID 19)
[2025-07-22T18:45:11.061+0000] {docker.py:436} INFO - 25/07/22 18:45:11 INFO Executor: Running task 1.0 in stage 1.0 (TID 13)
[2025-07-22T18:45:11.064+0000] {docker.py:436} INFO - 25/07/22 18:45:11 INFO Executor: Running task 9.0 in stage 1.0 (TID 21)
[2025-07-22T18:45:11.066+0000] {docker.py:436} INFO - 25/07/22 18:45:11 INFO Executor: Running task 10.0 in stage 1.0 (TID 22)
[2025-07-22T18:45:11.070+0000] {docker.py:436} INFO - 25/07/22 18:45:11 INFO Executor: Running task 11.0 in stage 1.0 (TID 23)
[2025-07-22T18:45:11.105+0000] {docker.py:436} INFO - 25/07/22 18:45:11 INFO CodeGenerator: Code generated in 19.447151 ms
[2025-07-22T18:45:11.212+0000] {docker.py:436} INFO - 25/07/22 18:45:11 INFO PythonRunner: Times: total = 130, boot = -1228, init = 1349, finish = 9
[2025-07-22T18:45:11.215+0000] {docker.py:436} INFO - 25/07/22 18:45:11 INFO PythonRunner: Times: total = 135, boot = -1179, init = 1304, finish = 10
[2025-07-22T18:45:11.227+0000] {docker.py:436} INFO - 25/07/22 18:45:11 INFO PythonRunner: Times: total = 146, boot = -1250, init = 1389, finish = 7
[2025-07-22T18:45:11.255+0000] {docker.py:436} INFO - 25/07/22 18:45:11 INFO PythonRunner: Times: total = 153, boot = -1171, init = 1316, finish = 8
[2025-07-22T18:45:11.258+0000] {docker.py:436} INFO - 25/07/22 18:45:11 INFO PythonRunner: Times: total = 126, boot = -1123, init = 1245, finish = 4
[2025-07-22T18:45:11.264+0000] {docker.py:436} INFO - 25/07/22 18:45:11 INFO Executor: Finished task 10.0 in stage 1.0 (TID 22). 2375 bytes result sent to driver
[2025-07-22T18:45:11.264+0000] {docker.py:436} INFO - 25/07/22 18:45:11 INFO Executor: Finished task 1.0 in stage 1.0 (TID 13). 2418 bytes result sent to driver
[2025-07-22T18:45:11.266+0000] {docker.py:436} INFO - 25/07/22 18:45:11 INFO Executor: Finished task 6.0 in stage 1.0 (TID 18). 2375 bytes result sent to driver
[2025-07-22T18:45:11.266+0000] {docker.py:436} INFO - 25/07/22 18:45:11 INFO Executor: Finished task 2.0 in stage 1.0 (TID 14). 2375 bytes result sent to driver
[2025-07-22T18:45:11.284+0000] {docker.py:436} INFO - 25/07/22 18:45:11 INFO TaskSetManager: Finished task 10.0 in stage 1.0 (TID 22) in 209 ms on dc1ab1fa8871 (executor driver) (1/12)
[2025-07-22T18:45:11.286+0000] {docker.py:436} INFO - 25/07/22 18:45:11 INFO TaskSetManager: Finished task 1.0 in stage 1.0 (TID 13) in 235 ms on dc1ab1fa8871 (executor driver) (2/12)
[2025-07-22T18:45:11.291+0000] {docker.py:436} INFO - 25/07/22 18:45:11 INFO TaskSetManager: Finished task 6.0 in stage 1.0 (TID 18) in 237 ms on dc1ab1fa8871 (executor driver) (3/12)
[2025-07-22T18:45:11.297+0000] {docker.py:436} INFO - 25/07/22 18:45:11 INFO PythonRunner: Times: total = 192, boot = -1224, init = 1410, finish = 6
25/07/22 18:45:11 INFO TaskSetManager: Finished task 2.0 in stage 1.0 (TID 14) in 245 ms on dc1ab1fa8871 (executor driver) (4/12)
[2025-07-22T18:45:11.309+0000] {docker.py:436} INFO - 25/07/22 18:45:11 INFO PythonRunner: Times: total = 126, boot = -1231, init = 1352, finish = 5
[2025-07-22T18:45:11.311+0000] {docker.py:436} INFO - 25/07/22 18:45:11 INFO PythonRunner: Times: total = 141, boot = -1255, init = 1390, finish = 6
[2025-07-22T18:45:11.313+0000] {docker.py:436} INFO - 25/07/22 18:45:11 INFO PythonRunner: Times: total = 195, boot = -1234, init = 1425, finish = 4
[2025-07-22T18:45:11.317+0000] {docker.py:436} INFO - 25/07/22 18:45:11 INFO Executor: Finished task 3.0 in stage 1.0 (TID 15). 2418 bytes result sent to driver
[2025-07-22T18:45:11.320+0000] {docker.py:436} INFO - 25/07/22 18:45:11 INFO TaskSetManager: Finished task 3.0 in stage 1.0 (TID 15) in 266 ms on dc1ab1fa8871 (executor driver) (5/12)
[2025-07-22T18:45:11.324+0000] {docker.py:436} INFO - 25/07/22 18:45:11 INFO PythonRunner: Times: total = 244, boot = -1166, init = 1402, finish = 8
[2025-07-22T18:45:11.328+0000] {docker.py:436} INFO - 25/07/22 18:45:11 INFO Executor: Finished task 4.0 in stage 1.0 (TID 16). 2375 bytes result sent to driver
[2025-07-22T18:45:11.333+0000] {docker.py:436} INFO - 25/07/22 18:45:11 INFO TaskSetManager: Finished task 4.0 in stage 1.0 (TID 16) in 280 ms on dc1ab1fa8871 (executor driver) (6/12)
[2025-07-22T18:45:11.351+0000] {docker.py:436} INFO - 25/07/22 18:45:11 INFO Executor: Finished task 7.0 in stage 1.0 (TID 19). 2375 bytes result sent to driver
[2025-07-22T18:45:11.352+0000] {docker.py:436} INFO - 25/07/22 18:45:11 INFO Executor: Finished task 5.0 in stage 1.0 (TID 17). 2375 bytes result sent to driver
[2025-07-22T18:45:11.352+0000] {docker.py:436} INFO - 25/07/22 18:45:11 INFO Executor: Finished task 9.0 in stage 1.0 (TID 21). 2375 bytes result sent to driver
[2025-07-22T18:45:11.353+0000] {docker.py:436} INFO - 25/07/22 18:45:11 INFO TaskSetManager: Finished task 7.0 in stage 1.0 (TID 19) in 297 ms on dc1ab1fa8871 (executor driver) (7/12)
[2025-07-22T18:45:11.354+0000] {docker.py:436} INFO - 25/07/22 18:45:11 INFO TaskSetManager: Finished task 9.0 in stage 1.0 (TID 21) in 297 ms on dc1ab1fa8871 (executor driver) (8/12)
[2025-07-22T18:45:11.355+0000] {docker.py:436} INFO - 25/07/22 18:45:11 INFO TaskSetManager: Finished task 5.0 in stage 1.0 (TID 17) in 301 ms on dc1ab1fa8871 (executor driver) (9/12)
[2025-07-22T18:45:11.358+0000] {docker.py:436} INFO - 25/07/22 18:45:11 INFO Executor: Finished task 0.0 in stage 1.0 (TID 12). 2418 bytes result sent to driver
[2025-07-22T18:45:11.359+0000] {docker.py:436} INFO - 25/07/22 18:45:11 INFO TaskSetManager: Finished task 0.0 in stage 1.0 (TID 12) in 310 ms on dc1ab1fa8871 (executor driver) (10/12)
[2025-07-22T18:45:11.380+0000] {docker.py:436} INFO - 25/07/22 18:45:11 INFO PythonRunner: Times: total = 300, boot = -1230, init = 1525, finish = 5
[2025-07-22T18:45:11.386+0000] {docker.py:436} INFO - 25/07/22 18:45:11 INFO Executor: Finished task 8.0 in stage 1.0 (TID 20). 2375 bytes result sent to driver
[2025-07-22T18:45:11.388+0000] {docker.py:436} INFO - 25/07/22 18:45:11 INFO BlockManagerInfo: Removed broadcast_0_piece0 on dc1ab1fa8871:42261 in memory (size: 17.8 KiB, free: 434.4 MiB)
[2025-07-22T18:45:11.390+0000] {docker.py:436} INFO - 25/07/22 18:45:11 INFO TaskSetManager: Finished task 8.0 in stage 1.0 (TID 20) in 333 ms on dc1ab1fa8871 (executor driver) (11/12)
[2025-07-22T18:45:11.415+0000] {docker.py:436} INFO - 25/07/22 18:45:11 INFO PythonRunner: Times: total = 336, boot = -1179, init = 1510, finish = 5
[2025-07-22T18:45:11.422+0000] {docker.py:436} INFO - 25/07/22 18:45:11 INFO Executor: Finished task 11.0 in stage 1.0 (TID 23). 2375 bytes result sent to driver
[2025-07-22T18:45:11.423+0000] {docker.py:436} INFO - 25/07/22 18:45:11 INFO TaskSetManager: Finished task 11.0 in stage 1.0 (TID 23) in 366 ms on dc1ab1fa8871 (executor driver) (12/12)
[2025-07-22T18:45:11.424+0000] {docker.py:436} INFO - 25/07/22 18:45:11 INFO TaskSchedulerImpl: Removed TaskSet 1.0, whose tasks have all completed, from pool
[2025-07-22T18:45:11.426+0000] {docker.py:436} INFO - 25/07/22 18:45:11 INFO DAGScheduler: ShuffleMapStage 1 (count at NativeMethodAccessorImpl.java:0) finished in 0.390 s
[2025-07-22T18:45:11.427+0000] {docker.py:436} INFO - 25/07/22 18:45:11 INFO DAGScheduler: looking for newly runnable stages
[2025-07-22T18:45:11.427+0000] {docker.py:436} INFO - 25/07/22 18:45:11 INFO DAGScheduler: running: Set()
[2025-07-22T18:45:11.428+0000] {docker.py:436} INFO - 25/07/22 18:45:11 INFO DAGScheduler: waiting: Set()
[2025-07-22T18:45:11.429+0000] {docker.py:436} INFO - 25/07/22 18:45:11 INFO DAGScheduler: failed: Set()
[2025-07-22T18:45:11.466+0000] {docker.py:436} INFO - 25/07/22 18:45:11 INFO CodeGenerator: Code generated in 9.748949 ms
[2025-07-22T18:45:11.491+0000] {docker.py:436} INFO - 25/07/22 18:45:11 INFO SparkContext: Starting job: count at NativeMethodAccessorImpl.java:0
[2025-07-22T18:45:11.493+0000] {docker.py:436} INFO - 25/07/22 18:45:11 INFO DAGScheduler: Got job 2 (count at NativeMethodAccessorImpl.java:0) with 1 output partitions
[2025-07-22T18:45:11.494+0000] {docker.py:436} INFO - 25/07/22 18:45:11 INFO DAGScheduler: Final stage: ResultStage 3 (count at NativeMethodAccessorImpl.java:0)
25/07/22 18:45:11 INFO DAGScheduler: Parents of final stage: List(ShuffleMapStage 2)
[2025-07-22T18:45:11.494+0000] {docker.py:436} INFO - 25/07/22 18:45:11 INFO DAGScheduler: Missing parents: List()
[2025-07-22T18:45:11.495+0000] {docker.py:436} INFO - 25/07/22 18:45:11 INFO DAGScheduler: Submitting ResultStage 3 (MapPartitionsRDD[13] at count at NativeMethodAccessorImpl.java:0), which has no missing parents
[2025-07-22T18:45:11.505+0000] {docker.py:436} INFO - 25/07/22 18:45:11 INFO MemoryStore: Block broadcast_2 stored as values in memory (estimated size 12.5 KiB, free 434.4 MiB)
[2025-07-22T18:45:11.506+0000] {docker.py:436} INFO - 25/07/22 18:45:11 INFO MemoryStore: Block broadcast_2_piece0 stored as bytes in memory (estimated size 5.9 KiB, free 434.4 MiB)
[2025-07-22T18:45:11.507+0000] {docker.py:436} INFO - 25/07/22 18:45:11 INFO BlockManagerInfo: Added broadcast_2_piece0 in memory on dc1ab1fa8871:42261 (size: 5.9 KiB, free: 434.4 MiB)
[2025-07-22T18:45:11.507+0000] {docker.py:436} INFO - 25/07/22 18:45:11 INFO SparkContext: Created broadcast 2 from broadcast at DAGScheduler.scala:1585
[2025-07-22T18:45:11.508+0000] {docker.py:436} INFO - 25/07/22 18:45:11 INFO DAGScheduler: Submitting 1 missing tasks from ResultStage 3 (MapPartitionsRDD[13] at count at NativeMethodAccessorImpl.java:0) (first 15 tasks are for partitions Vector(0))
[2025-07-22T18:45:11.508+0000] {docker.py:436} INFO - 25/07/22 18:45:11 INFO TaskSchedulerImpl: Adding task set 3.0 with 1 tasks resource profile 0
[2025-07-22T18:45:11.513+0000] {docker.py:436} INFO - 25/07/22 18:45:11 INFO TaskSetManager: Starting task 0.0 in stage 3.0 (TID 24) (dc1ab1fa8871, executor driver, partition 0, NODE_LOCAL, 7615 bytes)
[2025-07-22T18:45:11.514+0000] {docker.py:436} INFO - 25/07/22 18:45:11 INFO Executor: Running task 0.0 in stage 3.0 (TID 24)
[2025-07-22T18:45:11.545+0000] {docker.py:436} INFO - 25/07/22 18:45:11 INFO ShuffleBlockFetcherIterator: Getting 12 (720.0 B) non-empty blocks including 12 (720.0 B) local and 0 (0.0 B) host-local and 0 (0.0 B) push-merged-local and 0 (0.0 B) remote blocks
[2025-07-22T18:45:11.548+0000] {docker.py:436} INFO - 25/07/22 18:45:11 INFO ShuffleBlockFetcherIterator: Started 0 remote fetches in 10 ms
[2025-07-22T18:45:11.566+0000] {docker.py:436} INFO - 25/07/22 18:45:11 INFO CodeGenerator: Code generated in 11.171393 ms
[2025-07-22T18:45:11.582+0000] {docker.py:436} INFO - 25/07/22 18:45:11 INFO Executor: Finished task 0.0 in stage 3.0 (TID 24). 4038 bytes result sent to driver
[2025-07-22T18:45:11.584+0000] {docker.py:436} INFO - 25/07/22 18:45:11 INFO TaskSetManager: Finished task 0.0 in stage 3.0 (TID 24) in 73 ms on dc1ab1fa8871 (executor driver) (1/1)
[2025-07-22T18:45:11.585+0000] {docker.py:436} INFO - 25/07/22 18:45:11 INFO TaskSchedulerImpl: Removed TaskSet 3.0, whose tasks have all completed, from pool
[2025-07-22T18:45:11.585+0000] {docker.py:436} INFO - 25/07/22 18:45:11 INFO DAGScheduler: ResultStage 3 (count at NativeMethodAccessorImpl.java:0) finished in 0.083 s
[2025-07-22T18:45:11.586+0000] {docker.py:436} INFO - 25/07/22 18:45:11 INFO DAGScheduler: Job 2 is finished. Cancelling potential speculative or zombie tasks for this job
[2025-07-22T18:45:11.586+0000] {docker.py:436} INFO - 25/07/22 18:45:11 INFO TaskSchedulerImpl: Killing all running tasks in stage 3: Stage finished
[2025-07-22T18:45:11.587+0000] {docker.py:436} INFO - 25/07/22 18:45:11 INFO DAGScheduler: Job 2 finished: count at NativeMethodAccessorImpl.java:0, took 0.095720 s
[2025-07-22T18:45:11.593+0000] {docker.py:436} INFO - 11338 registros de voos escritos com sucesso na tabela 'flight_data_live'!
[2025-07-22T18:45:11.594+0000] {docker.py:436} INFO - 25/07/22 18:45:11 INFO SparkContext: SparkContext is stopping with exitCode 0.
[2025-07-22T18:45:11.605+0000] {docker.py:436} INFO - 25/07/22 18:45:11 INFO SparkUI: Stopped Spark web UI at http://dc1ab1fa8871:4040
[2025-07-22T18:45:11.619+0000] {docker.py:436} INFO - 25/07/22 18:45:11 INFO MapOutputTrackerMasterEndpoint: MapOutputTrackerMasterEndpoint stopped!
[2025-07-22T18:45:11.637+0000] {docker.py:436} INFO - 25/07/22 18:45:11 INFO MemoryStore: MemoryStore cleared
[2025-07-22T18:45:11.637+0000] {docker.py:436} INFO - 25/07/22 18:45:11 INFO BlockManager: BlockManager stopped
[2025-07-22T18:45:11.639+0000] {docker.py:436} INFO - 25/07/22 18:45:11 INFO BlockManagerMaster: BlockManagerMaster stopped
[2025-07-22T18:45:11.641+0000] {docker.py:436} INFO - 25/07/22 18:45:11 INFO OutputCommitCoordinator$OutputCommitCoordinatorEndpoint: OutputCommitCoordinator stopped!
[2025-07-22T18:45:11.651+0000] {docker.py:436} INFO - 25/07/22 18:45:11 INFO SparkContext: Successfully stopped SparkContext
[2025-07-22T18:45:12.474+0000] {docker.py:436} INFO - 25/07/22 18:45:12 INFO ShutdownHookManager: Shutdown hook called
[2025-07-22T18:45:12.475+0000] {docker.py:436} INFO - 25/07/22 18:45:12 INFO ShutdownHookManager: Deleting directory /tmp/spark-735113b6-0035-4431-89b5-c95be60f26ee
[2025-07-22T18:45:12.477+0000] {docker.py:436} INFO - 25/07/22 18:45:12 INFO ShutdownHookManager: Deleting directory /tmp/spark-017733c0-f05a-4629-93d5-54d2d0804f58
[2025-07-22T18:45:12.481+0000] {docker.py:436} INFO - 25/07/22 18:45:12 INFO ShutdownHookManager: Deleting directory /tmp/spark-735113b6-0035-4431-89b5-c95be60f26ee/pyspark-c5469471-cf38-483f-bf1c-3473609c1e62
[2025-07-22T18:45:12.891+0000] {taskinstance.py:441} INFO - ::group::Post task execution logs
[2025-07-22T18:45:12.907+0000] {taskinstance.py:1206} INFO - Marking task as SUCCESS. dag_id=flight_data_pipeline, task_id=run_spark_job_container, run_id=scheduled__2025-07-22T18:30:00+00:00, execution_date=20250722T183000, start_date=20250722T184501, end_date=20250722T184512
[2025-07-22T18:45:12.937+0000] {local_task_job_runner.py:240} INFO - Task exited with return code 0
[2025-07-22T18:45:12.948+0000] {taskinstance.py:3503} INFO - 0 downstream tasks scheduled from follow-on schedule check
[2025-07-22T18:45:12.950+0000] {local_task_job_runner.py:222} INFO - ::endgroup::
